754f338f0dd8099cd7e4765fa102c7e1f422f885
-----------------------------------------------------------
Generation: 1
Evaluation time: 17.72131
Reproduction time: 0.0
-----------------------------------------------------------
Generation: 2
Evaluation time: 2.77936
Reproduction time: 29.03431
-----------------------------------------------------------
Generation: 3
Evaluation time: 2.92661
Reproduction time: 6.48373
-----------------------------------------------------------
Generation: 4
Evaluation time: 3.07996
Reproduction time: 2.84482
-----------------------------------------------------------
Generation: 5
Evaluation time: 3.16669
Reproduction time: 2.84649
-----------------------------------------------------------
Generation: 6
Evaluation time: 3.31518
Reproduction time: 2.39524
-----------------------------------------------------------
Generation: 7
Evaluation time: 3.13308
Reproduction time: 2.3677
-----------------------------------------------------------
Generation: 8
Evaluation time: 3.21292
Reproduction time: 2.772
-----------------------------------------------------------
Generation: 9
Evaluation time: 3.25528
Reproduction time: 2.8693
-----------------------------------------------------------
Generation: 10
Evaluation time: 3.43082
Reproduction time: 2.57898
----
SortedMetric:
Best sorter percentage: 0.28656005859375
Best sorter size: 60
Sorted fitnesses:
  |  0.0   0.06 ±  0.06   0.36| n=520
Test case fitnesses:
  | 9.63   9.94 ±  0.05   10.0| n=2020
-----------------------------------------------------------
Generation: 11
Evaluation time: 3.94554
Reproduction time: 4.23735
-----------------------------------------------------------
Generation: 12
Evaluation time: 3.79175
Reproduction time: 3.17008
-----------------------------------------------------------
Generation: 13
Evaluation time: 3.40099
Reproduction time: 2.66416
-----------------------------------------------------------
Generation: 14
Evaluation time: 3.60285
Reproduction time: 2.73919
-----------------------------------------------------------
Generation: 15
Evaluation time: 3.33619
Reproduction time: 2.6704
-----------------------------------------------------------
Generation: 16
Evaluation time: 3.32129
Reproduction time: 2.77027
-----------------------------------------------------------
Generation: 17
Evaluation time: 3.27696
Reproduction time: 2.67776
-----------------------------------------------------------
Generation: 18
Evaluation time: 3.52295
Reproduction time: 2.81984
-----------------------------------------------------------
Generation: 19
Evaluation time: 3.37096
Reproduction time: 2.69872
-----------------------------------------------------------
Generation: 20
Evaluation time: 3.60841
Reproduction time: 2.74188
----
SortedMetric:
Best sorter percentage: 0.0932769775390625
Best sorter size: 60
Sorted fitnesses:
  | 0.01   0.08 ±  0.07   0.44| n=520
Test case fitnesses:
  | 9.47   9.92 ±  0.06   10.0| n=2020
-----------------------------------------------------------
Generation: 21
Evaluation time: 3.8967
Reproduction time: 3.88365
-----------------------------------------------------------
Generation: 22
Evaluation time: 3.69201
Reproduction time: 2.59768
-----------------------------------------------------------
Generation: 23
Evaluation time: 3.57444
Reproduction time: 2.72445
-----------------------------------------------------------
Generation: 24
Evaluation time: 3.56697
Reproduction time: 2.70911
-----------------------------------------------------------
Generation: 25
Evaluation time: 3.37748
Reproduction time: 2.68452
-----------------------------------------------------------
Generation: 26
Evaluation time: 3.65589
Reproduction time: 2.96021
-----------------------------------------------------------
Generation: 27
Evaluation time: 3.54569
Reproduction time: 2.67525
-----------------------------------------------------------
Generation: 28
Evaluation time: 3.33806
Reproduction time: 2.71921
-----------------------------------------------------------
Generation: 29
Evaluation time: 3.75538
Reproduction time: 2.99914
-----------------------------------------------------------
Generation: 30
Evaluation time: 3.64998
Reproduction time: 2.56515
----
SortedMetric:
Best sorter percentage: 0.0932769775390625
Best sorter size: 60
Sorted fitnesses:
  | 0.01   0.09 ±  0.06   0.43| n=520
Test case fitnesses:
  | 9.53   9.91 ±  0.07   10.0| n=2020
-----------------------------------------------------------
Generation: 31
Evaluation time: 3.87552
Reproduction time: 4.04379
-----------------------------------------------------------
Generation: 32
Evaluation time: 3.8266
Reproduction time: 2.55389
-----------------------------------------------------------
Generation: 33
Evaluation time: 3.81308
Reproduction time: 2.80874
-----------------------------------------------------------
Generation: 34
Evaluation time: 3.53177
Reproduction time: 2.62102
-----------------------------------------------------------
Generation: 35
Evaluation time: 3.68515
Reproduction time: 2.80928
-----------------------------------------------------------
Generation: 36
Evaluation time: 3.74757
Reproduction time: 2.66284
-----------------------------------------------------------
Generation: 37
Evaluation time: 3.51476
Reproduction time: 2.3007
-----------------------------------------------------------
Generation: 38
Evaluation time: 3.38782
Reproduction time: 2.49866
-----------------------------------------------------------
Generation: 39
Evaluation time: 3.37627
Reproduction time: 2.66077
-----------------------------------------------------------
Generation: 40
Evaluation time: 3.55477
Reproduction time: 2.84158
----
SortedMetric:
Best sorter percentage: 0.0932769775390625
Best sorter size: 60
Sorted fitnesses:
  | 0.02   0.09 ±  0.06   0.41| n=520
Test case fitnesses:
  | 9.55   9.91 ±  0.07   10.0| n=2020
-----------------------------------------------------------
Generation: 41
Evaluation time: 3.9152
Reproduction time: 3.97003
-----------------------------------------------------------
Generation: 42
Evaluation time: 3.81588
Reproduction time: 2.54441
-----------------------------------------------------------
Generation: 43
Evaluation time: 3.5614
Reproduction time: 2.67752
-----------------------------------------------------------
Generation: 44
Evaluation time: 3.77979
Reproduction time: 2.79422
-----------------------------------------------------------
Generation: 45
Evaluation time: 3.59803
Reproduction time: 2.52216
-----------------------------------------------------------
Generation: 46
Evaluation time: 3.78498
Reproduction time: 2.62938
-----------------------------------------------------------
Generation: 47
Evaluation time: 3.33233
Reproduction time: 2.53995
-----------------------------------------------------------
Generation: 48
Evaluation time: 3.3721
Reproduction time: 2.74655
-----------------------------------------------------------
Generation: 49
Evaluation time: 3.41654
Reproduction time: 2.63935
-----------------------------------------------------------
Generation: 50
Evaluation time: 3.47941
Reproduction time: 2.6529
----
SortedMetric:
Best sorter percentage: 0.0932769775390625
Best sorter size: 60
Sorted fitnesses:
  | 0.01   0.11 ±  0.07    0.4| n=520
Test case fitnesses:
  | 9.55   9.89 ±  0.07   10.0| n=2020
-----------------------------------------------------------
Generation: 51
Evaluation time: 3.9439
Reproduction time: 3.9907
-----------------------------------------------------------
Generation: 52
Evaluation time: 3.83131
Reproduction time: 2.51518
-----------------------------------------------------------
Generation: 53
Evaluation time: 3.71391
Reproduction time: 2.59534
-----------------------------------------------------------
Generation: 54
Evaluation time: 3.73469
Reproduction time: 2.62678
-----------------------------------------------------------
Generation: 55
Evaluation time: 3.49299
Reproduction time: 2.43369
-----------------------------------------------------------
Generation: 56
Evaluation time: 3.76388
Reproduction time: 2.68772
-----------------------------------------------------------
Generation: 57
Evaluation time: 3.46385
Reproduction time: 2.60675
-----------------------------------------------------------
Generation: 58
Evaluation time: 3.83195
Reproduction time: 2.79296
-----------------------------------------------------------
Generation: 59
Evaluation time: 3.65551
Reproduction time: 2.56516
-----------------------------------------------------------
Generation: 60
Evaluation time: 3.551
Reproduction time: 2.56627
----
SortedMetric:
Best sorter percentage: 0.0932769775390625
Best sorter size: 60
Sorted fitnesses:
  | 0.03   0.12 ±  0.06   0.38| n=520
Test case fitnesses:
  | 9.43   9.88 ±  0.08   10.0| n=2020
-----------------------------------------------------------
Generation: 61
Evaluation time: 3.96505
Reproduction time: 3.92326
-----------------------------------------------------------
Generation: 62
Evaluation time: 3.97421
Reproduction time: 2.39382
-----------------------------------------------------------
Generation: 63
Evaluation time: 3.70043
Reproduction time: 2.51096
-----------------------------------------------------------
Generation: 64
Evaluation time: 3.5751
Reproduction time: 2.42065
-----------------------------------------------------------
Generation: 65
Evaluation time: 3.77757
Reproduction time: 2.67745
-----------------------------------------------------------
Generation: 66
Evaluation time: 3.73769
Reproduction time: 2.34474
-----------------------------------------------------------
Generation: 67
Evaluation time: 3.50165
Reproduction time: 2.35901
-----------------------------------------------------------
Generation: 68
Evaluation time: 3.51564
Reproduction time: 2.60431
-----------------------------------------------------------
Generation: 69
Evaluation time: 3.63217
Reproduction time: 2.62912
-----------------------------------------------------------
Generation: 70
Evaluation time: 3.70039
Reproduction time: 2.68236
----
SortedMetric:
Best sorter percentage: 0.188995361328125
Best sorter size: 61
Sorted fitnesses:
  | 0.04   0.14 ±  0.07    0.4| n=520
Test case fitnesses:
  | 9.37   9.86 ±  0.09   10.0| n=2020
-----------------------------------------------------------
Generation: 71
Evaluation time: 3.94849
Reproduction time: 3.8263
-----------------------------------------------------------
Generation: 72
Evaluation time: 3.86701
Reproduction time: 2.51493
-----------------------------------------------------------
Generation: 73
Evaluation time: 3.89113
Reproduction time: 2.55967
-----------------------------------------------------------
Generation: 74
Evaluation time: 3.70281
Reproduction time: 2.52586
-----------------------------------------------------------
Generation: 75
Evaluation time: 3.76334
Reproduction time: 2.55092
-----------------------------------------------------------
Generation: 76
Evaluation time: 3.7214
Reproduction time: 2.54854
-----------------------------------------------------------
Generation: 77
Evaluation time: 3.53019
Reproduction time: 2.44729
-----------------------------------------------------------
Generation: 78
Evaluation time: 3.84522
Reproduction time: 2.51303
-----------------------------------------------------------
Generation: 79
Evaluation time: 3.69875
Reproduction time: 2.20532
-----------------------------------------------------------
Generation: 80
Evaluation time: 3.53557
Reproduction time: 2.57454
----
SortedMetric:
Best sorter percentage: 0.188995361328125
Best sorter size: 61
Sorted fitnesses:
  | 0.01   0.14 ±  0.07   0.38| n=520
Test case fitnesses:
  | 9.43   9.86 ±   0.1   10.0| n=2020
-----------------------------------------------------------
Generation: 81
Evaluation time: 4.06339
Reproduction time: 3.83204
-----------------------------------------------------------
Generation: 82
Evaluation time: 3.99519
Reproduction time: 2.44968
-----------------------------------------------------------
Generation: 83
Evaluation time: 3.84352
Reproduction time: 2.54188
-----------------------------------------------------------
Generation: 84
Evaluation time: 31.60045
Reproduction time: 17.37751
-----------------------------------------------------------
Generation: 85
Evaluation time: 19.00065
Reproduction time: 40.31306
-----------------------------------------------------------
Generation: 86
Evaluation time: 3.74204
Reproduction time: 2.56706
-----------------------------------------------------------
Generation: 87
Evaluation time: 3.94741
Reproduction time: 2.66144
-----------------------------------------------------------
Generation: 88
Evaluation time: 3.61761
Reproduction time: 2.43387
-----------------------------------------------------------
Generation: 89
Evaluation time: 3.64563
Reproduction time: 2.68233
-----------------------------------------------------------
Generation: 90
Evaluation time: 3.96452
Reproduction time: 2.71645
----
SortedMetric:
Best sorter percentage: 0.2020416259765625
Best sorter size: 61
Sorted fitnesses:
  | 0.02   0.15 ±  0.06   0.41| n=520
Test case fitnesses:
  | 9.39   9.85 ±   0.1   10.0| n=2020
-----------------------------------------------------------
Generation: 91
Evaluation time: 4.036
Reproduction time: 3.62461
-----------------------------------------------------------
Generation: 92
Evaluation time: 4.00735
Reproduction time: 2.55797
-----------------------------------------------------------
Generation: 93
Evaluation time: 3.91556
Reproduction time: 2.49508
-----------------------------------------------------------
Generation: 94
Evaluation time: 3.89601
Reproduction time: 2.50773
-----------------------------------------------------------
Generation: 95
Evaluation time: 3.58396
Reproduction time: 2.44338
-----------------------------------------------------------
Generation: 96
Evaluation time: 3.7137
Reproduction time: 2.67583
-----------------------------------------------------------
Generation: 97
Evaluation time: 3.58711
Reproduction time: 2.5854
-----------------------------------------------------------
Generation: 98
Evaluation time: 3.72963
Reproduction time: 2.62565
-----------------------------------------------------------
Generation: 99
Evaluation time: 3.48412
Reproduction time: 2.54921
-----------------------------------------------------------
Generation: 100
Evaluation time: 3.6693
Reproduction time: 2.94436
----
SortedMetric:
Best sorter percentage: 0.2020416259765625
Best sorter size: 61
Sorted fitnesses:
  | 0.05   0.15 ±  0.06   0.34| n=520
Test case fitnesses:
  | 9.38   9.85 ±   0.1   10.0| n=2020
-----------------------------------------------------------
Generation: 101
Evaluation time: 3.85714
Reproduction time: 3.94031
-----------------------------------------------------------
Generation: 102
Evaluation time: 3.93024
Reproduction time: 2.83676
-----------------------------------------------------------
Generation: 103
Evaluation time: 3.64916
Reproduction time: 2.63736
-----------------------------------------------------------
Generation: 104
Evaluation time: 3.75921
Reproduction time: 2.79647
-----------------------------------------------------------
Generation: 105
Evaluation time: 3.91844
Reproduction time: 2.67656
-----------------------------------------------------------
Generation: 106
Evaluation time: 3.51809
Reproduction time: 2.56602
-----------------------------------------------------------
Generation: 107
Evaluation time: 3.81667
Reproduction time: 2.76241
-----------------------------------------------------------
Generation: 108
Evaluation time: 3.59417
Reproduction time: 2.5859
-----------------------------------------------------------
Generation: 109
Evaluation time: 3.91988
Reproduction time: 2.65826
-----------------------------------------------------------
Generation: 110
Evaluation time: 3.8724
Reproduction time: 2.31609
----
SortedMetric:
Best sorter percentage: 0.19140625
Best sorter size: 60
Sorted fitnesses:
  | 0.05   0.15 ±  0.05   0.37| n=520
Test case fitnesses:
  |  9.4   9.85 ±   0.1   10.0| n=2020
-----------------------------------------------------------
Generation: 111
Evaluation time: 4.0206
Reproduction time: 3.98189
-----------------------------------------------------------
Generation: 112
Evaluation time: 3.97548
Reproduction time: 2.54117
-----------------------------------------------------------
Generation: 113
Evaluation time: 3.97679
Reproduction time: 2.58776
-----------------------------------------------------------
Generation: 114
Evaluation time: 3.61658
Reproduction time: 2.61502
-----------------------------------------------------------
Generation: 115
Evaluation time: 3.6187
Reproduction time: 2.69052
-----------------------------------------------------------
Generation: 116
Evaluation time: 33.9096
Reproduction time: 29.21744
-----------------------------------------------------------
Generation: 117
Evaluation time: 10.93521
Reproduction time: 44.33575
-----------------------------------------------------------
Generation: 118
Evaluation time: 4.01385
Reproduction time: 2.6761
-----------------------------------------------------------
Generation: 119
Evaluation time: 3.85944
Reproduction time: 2.38418
-----------------------------------------------------------
Generation: 120
Evaluation time: 3.78311
Reproduction time: 2.64311
----
SortedMetric:
Best sorter percentage: 0.0971221923828125
Best sorter size: 60
Sorted fitnesses:
  | 0.06   0.15 ±  0.05   0.35| n=520
Test case fitnesses:
  | 9.41   9.85 ±   0.1   10.0| n=2020
-----------------------------------------------------------
Generation: 121
Evaluation time: 4.0679
Reproduction time: 3.73557
-----------------------------------------------------------
Generation: 122
Evaluation time: 4.04788
Reproduction time: 2.62256
-----------------------------------------------------------
Generation: 123
Evaluation time: 3.90129
Reproduction time: 2.68379
-----------------------------------------------------------
Generation: 124
Evaluation time: 3.74634
Reproduction time: 2.83338
-----------------------------------------------------------
Generation: 125
Evaluation time: 3.75448
Reproduction time: 2.76955
-----------------------------------------------------------
Generation: 126
Evaluation time: 3.77127
Reproduction time: 2.60844
-----------------------------------------------------------
Generation: 127
Evaluation time: 3.70893
Reproduction time: 2.65507
-----------------------------------------------------------
Generation: 128
Evaluation time: 3.72165
Reproduction time: 2.65227
-----------------------------------------------------------
Generation: 129
Evaluation time: 3.94519
Reproduction time: 2.77327
-----------------------------------------------------------
Generation: 130
Evaluation time: 4.10469
Reproduction time: 2.52033
----
SortedMetric:
Best sorter percentage: 0.1139068603515625
Best sorter size: 62
Sorted fitnesses:
  | 0.02   0.16 ±  0.05   0.35| n=520
Test case fitnesses:
  | 9.43   9.84 ±   0.1   9.99| n=2020
-----------------------------------------------------------
Generation: 131
Evaluation time: 4.05783
Reproduction time: 3.78726
-----------------------------------------------------------
Generation: 132
Evaluation time: 3.92443
Reproduction time: 2.84989
-----------------------------------------------------------
Generation: 133
Evaluation time: 3.77284
Reproduction time: 2.90621
-----------------------------------------------------------
Generation: 134
Evaluation time: 3.80685
Reproduction time: 2.76779
-----------------------------------------------------------
Generation: 135
Evaluation time: 3.81149
Reproduction time: 3.06872
-----------------------------------------------------------
Generation: 136
Evaluation time: 3.90321
Reproduction time: 2.80593
-----------------------------------------------------------
Generation: 137
Evaluation time: 3.53084
Reproduction time: 2.70912
-----------------------------------------------------------
Generation: 138
Evaluation time: 3.84601
Reproduction time: 2.90934
-----------------------------------------------------------
Generation: 139
Evaluation time: 3.65311
Reproduction time: 2.80257
-----------------------------------------------------------
Generation: 140
Evaluation time: 3.92234
Reproduction time: 2.77489
----
SortedMetric:
Best sorter percentage: 0.119232177734375
Best sorter size: 60
Sorted fitnesses:
  | 0.06   0.16 ±  0.06   0.36| n=520
Test case fitnesses:
  | 9.36   9.84 ±   0.1   10.0| n=2020
-----------------------------------------------------------
Generation: 141
Evaluation time: 4.08387
Reproduction time: 3.64591
-----------------------------------------------------------
Generation: 142
Evaluation time: 4.0473
Reproduction time: 2.73333
-----------------------------------------------------------
Generation: 143
Evaluation time: 3.89218
Reproduction time: 2.73346
-----------------------------------------------------------
Generation: 144
Evaluation time: 35.32702
Reproduction time: 19.22622
-----------------------------------------------------------
Generation: 145
Evaluation time: 20.65925
Reproduction time: 45.826
-----------------------------------------------------------
Generation: 146
Evaluation time: 3.87959
Reproduction time: 2.6195
-----------------------------------------------------------
Generation: 147
Evaluation time: 3.71204
Reproduction time: 2.61077
-----------------------------------------------------------
Generation: 148
Evaluation time: 3.96084
Reproduction time: 2.76074
-----------------------------------------------------------
Generation: 149
Evaluation time: 3.70192
Reproduction time: 2.5749
-----------------------------------------------------------
Generation: 150
Evaluation time: 3.81458
Reproduction time: 2.67798
----
SortedMetric:
Best sorter percentage: 0.256011962890625
Best sorter size: 62
Sorted fitnesses:
  | 0.05   0.17 ±  0.06   0.36| n=520
Test case fitnesses:
  | 9.39   9.83 ±   0.1   10.0| n=2020
-----------------------------------------------------------
Generation: 151
Evaluation time: 4.18129
Reproduction time: 3.72244
-----------------------------------------------------------
Generation: 152
Evaluation time: 3.94082
Reproduction time: 2.43624
-----------------------------------------------------------
Generation: 153
Evaluation time: 3.7712
Reproduction time: 2.72348
-----------------------------------------------------------
Generation: 154
Evaluation time: 4.08543
Reproduction time: 2.65177
-----------------------------------------------------------
Generation: 155
Evaluation time: 3.95382
Reproduction time: 2.62189
-----------------------------------------------------------
Generation: 156
Evaluation time: 4.01715
Reproduction time: 2.62603
-----------------------------------------------------------
Generation: 157
Evaluation time: 3.9929
Reproduction time: 2.59559
-----------------------------------------------------------
Generation: 158
Evaluation time: 3.68393
Reproduction time: 2.52204
-----------------------------------------------------------
Generation: 159
Evaluation time: 3.64514
Reproduction time: 2.93764
-----------------------------------------------------------
Generation: 160
Evaluation time: 3.87415
Reproduction time: 2.67414
----
SortedMetric:
Best sorter percentage: 0.2276611328125
Best sorter size: 60
Sorted fitnesses:
  | 0.05   0.17 ±  0.06   0.36| n=520
Test case fitnesses:
  |  9.3   9.83 ±   0.1   9.99| n=2020
-----------------------------------------------------------
Generation: 161
Evaluation time: 4.10076
Reproduction time: 3.86487
-----------------------------------------------------------
Generation: 162
Evaluation time: 4.18535
Reproduction time: 2.57471
-----------------------------------------------------------
Generation: 163
Evaluation time: 3.78402
Reproduction time: 2.55584
-----------------------------------------------------------
Generation: 164
Evaluation time: 4.00805
Reproduction time: 2.75011
-----------------------------------------------------------
Generation: 165
Evaluation time: 3.97252
Reproduction time: 2.77625
-----------------------------------------------------------
Generation: 166
Evaluation time: 3.90878
Reproduction time: 2.46079
-----------------------------------------------------------
Generation: 167
Evaluation time: 3.89503
Reproduction time: 2.4806
-----------------------------------------------------------
Generation: 168
Evaluation time: 3.63992
Reproduction time: 2.78506
-----------------------------------------------------------
Generation: 169
Evaluation time: 3.84081
Reproduction time: 2.91727
-----------------------------------------------------------
Generation: 170
Evaluation time: 3.77365
Reproduction time: 2.66988
----
SortedMetric:
Best sorter percentage: 0.2276611328125
Best sorter size: 60
Sorted fitnesses:
  | 0.06   0.18 ±  0.06   0.35| n=520
Test case fitnesses:
  | 9.29   9.82 ±   0.1   9.99| n=2020
-----------------------------------------------------------
Generation: 171
Evaluation time: 36.18326
Reproduction time: 27.1168
-----------------------------------------------------------
Generation: 172
Evaluation time: 15.60403
Reproduction time: 47.60808
-----------------------------------------------------------
Generation: 173
Evaluation time: 4.01003
Reproduction time: 2.54549
-----------------------------------------------------------
Generation: 174
Evaluation time: 3.97291
Reproduction time: 2.72258
-----------------------------------------------------------
Generation: 175
Evaluation time: 4.00233
Reproduction time: 2.62364
-----------------------------------------------------------
Generation: 176
Evaluation time: 3.97185
Reproduction time: 2.54608
-----------------------------------------------------------
Generation: 177
Evaluation time: 3.99479
Reproduction time: 2.58978
-----------------------------------------------------------
Generation: 178
Evaluation time: 4.00315
Reproduction time: 2.58777
-----------------------------------------------------------
Generation: 179
Evaluation time: 3.79508
Reproduction time: 2.42665
-----------------------------------------------------------
Generation: 180
Evaluation time: 3.98946
Reproduction time: 2.67734
----
SortedMetric:
Best sorter percentage: 0.249267578125
Best sorter size: 60
Sorted fitnesses:
  | 0.03   0.18 ±  0.06   0.46| n=520
Test case fitnesses:
  | 9.25   9.82 ±  0.11   9.99| n=2020
-----------------------------------------------------------
Generation: 181
Evaluation time: 4.02725
Reproduction time: 3.96169
-----------------------------------------------------------
Generation: 182
Evaluation time: 4.15207
Reproduction time: 2.61416
-----------------------------------------------------------
Generation: 183
Evaluation time: 3.89003
Reproduction time: 2.51983
-----------------------------------------------------------
Generation: 184
Evaluation time: 4.1383
Reproduction time: 2.65197
-----------------------------------------------------------
Generation: 185
Evaluation time: 4.066
Reproduction time: 2.43243
-----------------------------------------------------------
Generation: 186
Evaluation time: 3.95033
Reproduction time: 2.55307
-----------------------------------------------------------
Generation: 187
Evaluation time: 3.67222
Reproduction time: 2.55738
-----------------------------------------------------------
Generation: 188
Evaluation time: 3.85949
Reproduction time: 2.71686
-----------------------------------------------------------
Generation: 189
Evaluation time: 3.63619
Reproduction time: 2.51658
-----------------------------------------------------------
Generation: 190
Evaluation time: 3.85866
Reproduction time: 2.74326
----
SortedMetric:
Best sorter percentage: 0.249267578125
Best sorter size: 60
Sorted fitnesses:
  | 0.02   0.18 ±  0.06   0.44| n=520
Test case fitnesses:
  | 9.23   9.82 ±  0.11   9.99| n=2020
-----------------------------------------------------------
Generation: 191
Evaluation time: 4.13374
Reproduction time: 3.79092
-----------------------------------------------------------
Generation: 192
Evaluation time: 4.13989
Reproduction time: 2.56248
-----------------------------------------------------------
Generation: 193
Evaluation time: 3.90383
Reproduction time: 2.55385
-----------------------------------------------------------
Generation: 194
Evaluation time: 4.23129
Reproduction time: 2.66766
-----------------------------------------------------------
Generation: 195
Evaluation time: 4.15367
Reproduction time: 2.51683
-----------------------------------------------------------
Generation: 196
Evaluation time: 3.65961
Reproduction time: 2.66775
-----------------------------------------------------------
Generation: 197
Evaluation time: 3.96965
Reproduction time: 2.66945
-----------------------------------------------------------
Generation: 198
Evaluation time: 35.48547
Reproduction time: 42.81549
-----------------------------------------------------------
Generation: 199
Evaluation time: 3.68862
Reproduction time: 48.25515
-----------------------------------------------------------
Generation: 200
Evaluation time: 4.16425
Reproduction time: 2.78836
----
SortedMetric:
Best sorter percentage: 0.4739990234375
Best sorter size: 64
Sorted fitnesses:
  | 0.05   0.18 ±  0.06   0.47| n=520
Test case fitnesses:
  | 9.26   9.82 ±  0.11   9.99| n=2020
-----------------------------------------------------------
Generation: 201
Evaluation time: 4.07919
Reproduction time: 3.72043
-----------------------------------------------------------
Generation: 202
Evaluation time: 4.08635
Reproduction time: 2.66147
-----------------------------------------------------------
Generation: 203
Evaluation time: 4.12199
Reproduction time: 2.635
-----------------------------------------------------------
Generation: 204
Evaluation time: 4.04794
Reproduction time: 2.68618
-----------------------------------------------------------
Generation: 205
Evaluation time: 3.80429
Reproduction time: 2.45406
-----------------------------------------------------------
Generation: 206
Evaluation time: 3.71779
Reproduction time: 2.76811
-----------------------------------------------------------
Generation: 207
Evaluation time: 3.84382
Reproduction time: 2.59511
-----------------------------------------------------------
Generation: 208
Evaluation time: 3.70749
Reproduction time: 2.65179
-----------------------------------------------------------
Generation: 209
Evaluation time: 4.14819
Reproduction time: 2.84524
-----------------------------------------------------------
Generation: 210
Evaluation time: 4.06638
Reproduction time: 2.42396
----
SortedMetric:
Best sorter percentage: 0.4739990234375
Best sorter size: 64
Sorted fitnesses:
  | 0.06   0.19 ±  0.06   0.45| n=520
Test case fitnesses:
  | 9.18   9.81 ±  0.12   10.0| n=2020
-----------------------------------------------------------
Generation: 211
Evaluation time: 3.92296
Reproduction time: 3.72455
-----------------------------------------------------------
Generation: 212
Evaluation time: 4.01946
Reproduction time: 2.77007
-----------------------------------------------------------
Generation: 213
Evaluation time: 3.90577
Reproduction time: 2.73926
-----------------------------------------------------------
Generation: 214
Evaluation time: 3.88612
Reproduction time: 2.83016
-----------------------------------------------------------
Generation: 215
Evaluation time: 3.84305
Reproduction time: 2.80581
-----------------------------------------------------------
Generation: 216
Evaluation time: 4.08989
Reproduction time: 2.74189
-----------------------------------------------------------
Generation: 217
Evaluation time: 3.69598
Reproduction time: 2.76535
-----------------------------------------------------------
Generation: 218
Evaluation time: 4.00294
Reproduction time: 2.86615
-----------------------------------------------------------
Generation: 219
Evaluation time: 3.87955
Reproduction time: 2.55083
-----------------------------------------------------------
Generation: 220
Evaluation time: 3.83186
Reproduction time: 2.8047
----
SortedMetric:
Best sorter percentage: 0.249267578125
Best sorter size: 60
Sorted fitnesses:
  | 0.09    0.2 ±  0.07   0.41| n=520
Test case fitnesses:
  |  9.2    9.8 ±  0.11   9.98| n=2020
-----------------------------------------------------------
Generation: 221
Evaluation time: 4.03557
Reproduction time: 4.18989
-----------------------------------------------------------
Generation: 222
Evaluation time: 38.10997
Reproduction time: 10.0878
-----------------------------------------------------------
Generation: 223
Evaluation time: 22.69746
Reproduction time: 58.06892
-----------------------------------------------------------
Generation: 224
Evaluation time: 3.84489
Reproduction time: 2.71739
-----------------------------------------------------------
Generation: 225
Evaluation time: 4.11401
Reproduction time: 2.98475
-----------------------------------------------------------
Generation: 226
Evaluation time: 3.94977
Reproduction time: 2.64189
-----------------------------------------------------------
Generation: 227
Evaluation time: 3.7637
Reproduction time: 2.738
-----------------------------------------------------------
Generation: 228
Evaluation time: 3.86229
Reproduction time: 2.89774
-----------------------------------------------------------
Generation: 229
Evaluation time: 3.82404
Reproduction time: 3.03268
-----------------------------------------------------------
Generation: 230
Evaluation time: 3.9281
Reproduction time: 3.1669
----
SortedMetric:
Best sorter percentage: 0.4739990234375
Best sorter size: 64
Sorted fitnesses:
  | 0.07    0.2 ±  0.07   0.42| n=520
Test case fitnesses:
  |  9.3    9.8 ±   0.1   9.98| n=2020
-----------------------------------------------------------
Generation: 231
Evaluation time: 4.02336
Reproduction time: 4.22518
-----------------------------------------------------------
Generation: 232
Evaluation time: 4.23106
Reproduction time: 2.85141
-----------------------------------------------------------
Generation: 233
Evaluation time: 4.08752
Reproduction time: 2.62976
-----------------------------------------------------------
Generation: 234
Evaluation time: 4.09637
Reproduction time: 2.99644
-----------------------------------------------------------
Generation: 235
Evaluation time: 3.80817
Reproduction time: 2.99901
-----------------------------------------------------------
Generation: 236
Evaluation time: 4.01146
Reproduction time: 2.93954
-----------------------------------------------------------
Generation: 237
Evaluation time: 3.80097
Reproduction time: 2.69661
-----------------------------------------------------------
Generation: 238
Evaluation time: 4.0569
Reproduction time: 3.1361
-----------------------------------------------------------
Generation: 239
Evaluation time: 3.93722
Reproduction time: 2.75615
-----------------------------------------------------------
Generation: 240
Evaluation time: 3.88488
Reproduction time: 3.09544
----
SortedMetric:
Best sorter percentage: 0.47998046875
Best sorter size: 65
Sorted fitnesses:
  | 0.03    0.2 ±  0.07   0.48| n=520
Test case fitnesses:
  |  9.4    9.8 ±   0.1   9.98| n=2020
-----------------------------------------------------------
Generation: 241
Evaluation time: 4.0941
Reproduction time: 4.35483
-----------------------------------------------------------
Generation: 242
Evaluation time: 4.34302
Reproduction time: 2.90492
-----------------------------------------------------------
Generation: 243
Evaluation time: 3.91201
Reproduction time: 2.8016
-----------------------------------------------------------
Generation: 244
Evaluation time: 4.04655
Reproduction time: 2.97465
-----------------------------------------------------------
Generation: 245
Evaluation time: 3.87908
Reproduction time: 2.89006
-----------------------------------------------------------
Generation: 246
Evaluation time: 37.29417
Reproduction time: 28.66497
-----------------------------------------------------------
Generation: 247
Evaluation time: 18.28788
Reproduction time: 47.24346
-----------------------------------------------------------
Generation: 248
Evaluation time: 3.88844
Reproduction time: 2.73085
-----------------------------------------------------------
Generation: 249
Evaluation time: 3.81515
Reproduction time: 2.80323
-----------------------------------------------------------
Generation: 250
Evaluation time: 3.7951
Reproduction time: 2.94929
----
SortedMetric:
Best sorter percentage: 0.6112823486328125
Best sorter size: 64
Sorted fitnesses:
  | 0.07    0.2 ±  0.08   0.51| n=520
Test case fitnesses:
  | 9.34    9.8 ±   0.1   9.98| n=2020
-----------------------------------------------------------
Generation: 251
Evaluation time: 4.18046
Reproduction time: 4.23813
-----------------------------------------------------------
Generation: 252
Evaluation time: 4.33894
Reproduction time: 2.64999
-----------------------------------------------------------
Generation: 253
Evaluation time: 3.97844
Reproduction time: 2.80451
-----------------------------------------------------------
Generation: 254
Evaluation time: 4.0324
Reproduction time: 2.9184
-----------------------------------------------------------
Generation: 255
Evaluation time: 3.88899
Reproduction time: 2.67992
-----------------------------------------------------------
Generation: 256
Evaluation time: 3.97415
Reproduction time: 2.85739
-----------------------------------------------------------
Generation: 257
Evaluation time: 4.0482
Reproduction time: 2.88956
-----------------------------------------------------------
Generation: 258
Evaluation time: 3.85082
Reproduction time: 2.61638
-----------------------------------------------------------
Generation: 259
Evaluation time: 4.12284
Reproduction time: 2.81373
-----------------------------------------------------------
Generation: 260
Evaluation time: 3.8446
Reproduction time: 2.795
----
SortedMetric:
Best sorter percentage: 0.609161376953125
Best sorter size: 64
Sorted fitnesses:
  | 0.07    0.2 ±  0.08   0.61| n=520
Test case fitnesses:
  | 9.36    9.8 ±   0.1   9.98| n=2020
-----------------------------------------------------------
Generation: 261
Evaluation time: 4.15485
Reproduction time: 4.17724
-----------------------------------------------------------
Generation: 262
Evaluation time: 4.33517
Reproduction time: 2.77887
-----------------------------------------------------------
Generation: 263
Evaluation time: 4.04702
Reproduction time: 2.75263
-----------------------------------------------------------
Generation: 264
Evaluation time: 3.98117
Reproduction time: 2.78094
-----------------------------------------------------------
Generation: 265
Evaluation time: 4.00202
Reproduction time: 2.84943
-----------------------------------------------------------
Generation: 266
Evaluation time: 3.95817
Reproduction time: 2.71084
-----------------------------------------------------------
Generation: 267
Evaluation time: 3.99611
Reproduction time: 2.76677
-----------------------------------------------------------
Generation: 268
Evaluation time: 4.23945
Reproduction time: 2.80977
-----------------------------------------------------------
Generation: 269
Evaluation time: 4.15107
Reproduction time: 2.68603
-----------------------------------------------------------
Generation: 270
Evaluation time: 29.10559
Reproduction time: 2.79275
----
SortedMetric:
Best sorter percentage: 0.609161376953125
Best sorter size: 63
Sorted fitnesses:
  | 0.05    0.2 ±  0.08   0.59| n=520
Test case fitnesses:
  | 9.04    9.8 ±   0.1   9.99| n=2020
-----------------------------------------------------------
Generation: 271
Evaluation time: 23.47297
Reproduction time: 76.5556
-----------------------------------------------------------
Generation: 272
Evaluation time: 4.13076
Reproduction time: 2.9563
-----------------------------------------------------------
Generation: 273
Evaluation time: 4.24063
Reproduction time: 3.0508
-----------------------------------------------------------
Generation: 274
Evaluation time: 3.98405
Reproduction time: 2.99527
-----------------------------------------------------------
Generation: 275
Evaluation time: 3.99079
Reproduction time: 3.02538
-----------------------------------------------------------
Generation: 276
Evaluation time: 3.91738
Reproduction time: 3.17431
-----------------------------------------------------------
Generation: 277
Evaluation time: 4.03911
Reproduction time: 3.22772
-----------------------------------------------------------
Generation: 278
Evaluation time: 3.79214
Reproduction time: 2.93274
-----------------------------------------------------------
Generation: 279
Evaluation time: 4.05748
Reproduction time: 2.95535
-----------------------------------------------------------
Generation: 280
Evaluation time: 3.89044
Reproduction time: 2.77147
----
SortedMetric:
Best sorter percentage: 0.609161376953125
Best sorter size: 64
Sorted fitnesses:
  | 0.07   0.22 ±  0.08   0.56| n=520
Test case fitnesses:
  | 9.23   9.78 ±   0.1   9.98| n=2020
-----------------------------------------------------------
Generation: 281
Evaluation time: 4.15422
Reproduction time: 4.21501
-----------------------------------------------------------
Generation: 282
Evaluation time: 4.19524
Reproduction time: 2.87236
-----------------------------------------------------------
Generation: 283
Evaluation time: 4.05502
Reproduction time: 3.27159
-----------------------------------------------------------
Generation: 284
Evaluation time: 4.10822
Reproduction time: 3.00788
-----------------------------------------------------------
Generation: 285
Evaluation time: 4.14714
Reproduction time: 2.97737
-----------------------------------------------------------
Generation: 286
Evaluation time: 3.82196
Reproduction time: 2.85215
-----------------------------------------------------------
Generation: 287
Evaluation time: 3.83667
Reproduction time: 3.07233
-----------------------------------------------------------
Generation: 288
Evaluation time: 3.61976
Reproduction time: 3.06375
-----------------------------------------------------------
Generation: 289
Evaluation time: 3.77127
Reproduction time: 3.02656
-----------------------------------------------------------
Generation: 290
Evaluation time: 3.73961
Reproduction time: 3.19459
----
SortedMetric:
Best sorter percentage: 0.6056671142578125
Best sorter size: 62
Sorted fitnesses:
  | 0.05   0.23 ±  0.09    0.6| n=520
Test case fitnesses:
  | 9.25   9.77 ±  0.11   9.98| n=2020
-----------------------------------------------------------
Generation: 291
Evaluation time: 4.19024
Reproduction time: 4.32666
-----------------------------------------------------------
Generation: 292
Evaluation time: 4.36764
Reproduction time: 2.72752
-----------------------------------------------------------
Generation: 293
Evaluation time: 37.94599
Reproduction time: 2.70142
-----------------------------------------------------------
Generation: 294
Evaluation time: 34.75754
Reproduction time: 53.62716
-----------------------------------------------------------
Generation: 295
Evaluation time: 3.9841
Reproduction time: 2.70987
-----------------------------------------------------------
Generation: 296
Evaluation time: 4.0197
Reproduction time: 2.85443
-----------------------------------------------------------
Generation: 297
Evaluation time: 4.17811
Reproduction time: 2.66999
-----------------------------------------------------------
Generation: 298
Evaluation time: 4.07681
Reproduction time: 2.73409
-----------------------------------------------------------
Generation: 299
Evaluation time: 4.1644
Reproduction time: 2.72761
-----------------------------------------------------------
Generation: 300
Evaluation time: 3.94
Reproduction time: 2.61828
----
SortedMetric:
Best sorter percentage: 0.6056671142578125
Best sorter size: 62
Sorted fitnesses:
  | 0.05   0.23 ±  0.09   0.56| n=520
Test case fitnesses:
  |  9.3   9.77 ±  0.11   9.97| n=2020
-----------------------------------------------------------
Generation: 301
Evaluation time: 4.18787
Reproduction time: 4.09753
-----------------------------------------------------------
Generation: 302
Evaluation time: 4.13595
Reproduction time: 2.75984
-----------------------------------------------------------
Generation: 303
Evaluation time: 4.18089
Reproduction time: 2.91843
-----------------------------------------------------------
Generation: 304
Evaluation time: 3.93342
Reproduction time: 2.89739
-----------------------------------------------------------
Generation: 305
Evaluation time: 4.21881
Reproduction time: 3.03266
-----------------------------------------------------------
Generation: 306
Evaluation time: 4.23756
Reproduction time: 2.49195
-----------------------------------------------------------
Generation: 307
Evaluation time: 4.13586
Reproduction time: 2.66103
-----------------------------------------------------------
Generation: 308
Evaluation time: 3.86597
Reproduction time: 2.68393
-----------------------------------------------------------
Generation: 309
Evaluation time: 3.97549
Reproduction time: 2.88593
-----------------------------------------------------------
Generation: 310
Evaluation time: 4.02632
Reproduction time: 2.93601
----
SortedMetric:
Best sorter percentage: 0.5970611572265625
Best sorter size: 64
Sorted fitnesses:
  | 0.06   0.24 ±  0.09   0.58| n=520
Test case fitnesses:
  | 9.34   9.76 ±   0.1   9.98| n=2020
-----------------------------------------------------------
Generation: 311
Evaluation time: 4.10759
Reproduction time: 3.91598
-----------------------------------------------------------
Generation: 312
Evaluation time: 4.36756
Reproduction time: 2.96824
-----------------------------------------------------------
Generation: 313
Evaluation time: 4.22675
Reproduction time: 2.76479
-----------------------------------------------------------
Generation: 314
Evaluation time: 4.042
Reproduction time: 2.61894
-----------------------------------------------------------
Generation: 315
Evaluation time: 4.04573
Reproduction time: 2.88377
-----------------------------------------------------------
Generation: 316
Evaluation time: 4.08563
Reproduction time: 2.83316
-----------------------------------------------------------
Generation: 317
Evaluation time: 24.00181
Reproduction time: 2.69101
-----------------------------------------------------------
Generation: 318
Evaluation time: 34.08814
Reproduction time: 50.65045
-----------------------------------------------------------
Generation: 319
Evaluation time: 4.23479
Reproduction time: 19.46582
-----------------------------------------------------------
Generation: 320
Evaluation time: 4.02667
Reproduction time: 2.87884
----
SortedMetric:
Best sorter percentage: 0.5970611572265625
Best sorter size: 64
Sorted fitnesses:
  | 0.08   0.24 ±  0.08   0.52| n=520
Test case fitnesses:
  |  9.3   9.76 ±  0.11   9.98| n=2020
-----------------------------------------------------------
Generation: 321
Evaluation time: 4.12381
Reproduction time: 4.02405
-----------------------------------------------------------
Generation: 322
Evaluation time: 4.12405
Reproduction time: 2.69637
-----------------------------------------------------------
Generation: 323
Evaluation time: 3.96762
Reproduction time: 3.04943
-----------------------------------------------------------
Generation: 324
Evaluation time: 4.04118
Reproduction time: 3.06064
-----------------------------------------------------------
Generation: 325
Evaluation time: 4.11166
Reproduction time: 3.07034
-----------------------------------------------------------
Generation: 326
Evaluation time: 4.31123
Reproduction time: 3.00641
-----------------------------------------------------------
Generation: 327
Evaluation time: 4.09809
Reproduction time: 2.9246
-----------------------------------------------------------
Generation: 328
Evaluation time: 4.22288
Reproduction time: 2.91069
-----------------------------------------------------------
Generation: 329
Evaluation time: 3.88343
Reproduction time: 2.59205
-----------------------------------------------------------
Generation: 330
Evaluation time: 3.9411
Reproduction time: 2.86897
----
SortedMetric:
Best sorter percentage: 0.5971832275390625
Best sorter size: 64
Sorted fitnesses:
  | 0.08   0.24 ±  0.09   0.55| n=520
Test case fitnesses:
  | 9.31   9.76 ±   0.1   9.98| n=2020
-----------------------------------------------------------
Generation: 331
Evaluation time: 4.12616
Reproduction time: 4.403
-----------------------------------------------------------
Generation: 332
Evaluation time: 4.1719
Reproduction time: 2.87864
-----------------------------------------------------------
Generation: 333
Evaluation time: 4.08598
Reproduction time: 2.8024
-----------------------------------------------------------
Generation: 334
Evaluation time: 4.11575
Reproduction time: 2.72099
-----------------------------------------------------------
Generation: 335
Evaluation time: 4.36333
Reproduction time: 2.88255
-----------------------------------------------------------
Generation: 336
Evaluation time: 4.12677
Reproduction time: 2.75654
-----------------------------------------------------------
Generation: 337
Evaluation time: 3.90236
Reproduction time: 2.60475
-----------------------------------------------------------
Generation: 338
Evaluation time: 3.89316
Reproduction time: 2.87893
-----------------------------------------------------------
Generation: 339
Evaluation time: 4.04772
Reproduction time: 2.7075
-----------------------------------------------------------
Generation: 340
Evaluation time: 4.1094
Reproduction time: 2.90229
----
SortedMetric:
Best sorter percentage: 0.464324951171875
Best sorter size: 65
Sorted fitnesses:
  | 0.07   0.25 ±  0.09   0.56| n=520
Test case fitnesses:
  | 9.28   9.75 ±   0.1   9.98| n=2020
-----------------------------------------------------------
Generation: 341
Evaluation time: 41.74139
Reproduction time: 46.08539
-----------------------------------------------------------
Generation: 342
Evaluation time: 4.27977
Reproduction time: 40.77164
-----------------------------------------------------------
Generation: 343
Evaluation time: 4.3026
Reproduction time: 2.87601
-----------------------------------------------------------
Generation: 344
Evaluation time: 4.23647
Reproduction time: 2.78088
-----------------------------------------------------------
Generation: 345
Evaluation time: 4.12148
Reproduction time: 2.62696
-----------------------------------------------------------
Generation: 346
Evaluation time: 4.08083
Reproduction time: 2.8358
-----------------------------------------------------------
Generation: 347
Evaluation time: 4.1199
Reproduction time: 2.86447
-----------------------------------------------------------
Generation: 348
Evaluation time: 4.24925
Reproduction time: 2.79174
-----------------------------------------------------------
Generation: 349
Evaluation time: 4.25878
Reproduction time: 2.79916
-----------------------------------------------------------
Generation: 350
Evaluation time: 3.92903
Reproduction time: 2.70188
----
SortedMetric:
Best sorter percentage: 0.38092041015625
Best sorter size: 63
Sorted fitnesses:
  | 0.08   0.26 ±  0.09   0.58| n=520
Test case fitnesses:
  | 9.19   9.74 ±   0.1   9.97| n=2020
-----------------------------------------------------------
Generation: 351
Evaluation time: 4.18884
Reproduction time: 3.99804
-----------------------------------------------------------
Generation: 352
Evaluation time: 4.29018
Reproduction time: 3.00846
-----------------------------------------------------------
Generation: 353
Evaluation time: 4.34167
Reproduction time: 2.91265
-----------------------------------------------------------
Generation: 354
Evaluation time: 3.91378
Reproduction time: 2.7473
-----------------------------------------------------------
Generation: 355
Evaluation time: 4.08916
Reproduction time: 3.04629
-----------------------------------------------------------
Generation: 356
Evaluation time: 3.94762
Reproduction time: 3.10058
-----------------------------------------------------------
Generation: 357
Evaluation time: 3.86572
Reproduction time: 2.93208
-----------------------------------------------------------
Generation: 358
Evaluation time: 4.19219
Reproduction time: 2.94157
-----------------------------------------------------------
Generation: 359
Evaluation time: 4.04565
Reproduction time: 2.58712
-----------------------------------------------------------
Generation: 360
Evaluation time: 4.06834
Reproduction time: 2.65153
----
SortedMetric:
Best sorter percentage: 0.4401702880859375
Best sorter size: 61
Sorted fitnesses:
  | 0.13   0.26 ±  0.09   0.59| n=520
Test case fitnesses:
  | 9.11   9.74 ±  0.11   9.96| n=2020
-----------------------------------------------------------
Generation: 361
Evaluation time: 4.23684
Reproduction time: 3.73454
-----------------------------------------------------------
Generation: 362
Evaluation time: 4.36703
Reproduction time: 2.59917
-----------------------------------------------------------
Generation: 363
Evaluation time: 4.08069
Reproduction time: 2.78447
-----------------------------------------------------------
Generation: 364
Evaluation time: 32.9705
Reproduction time: 2.80046
-----------------------------------------------------------
Generation: 365
Evaluation time: 38.07383
Reproduction time: 53.97934
-----------------------------------------------------------
Generation: 366
Evaluation time: 4.04203
Reproduction time: 4.06318
-----------------------------------------------------------
Generation: 367
Evaluation time: 4.21636
Reproduction time: 3.01093
-----------------------------------------------------------
Generation: 368
Evaluation time: 3.91376
Reproduction time: 2.88582
-----------------------------------------------------------
Generation: 369
Evaluation time: 3.81669
Reproduction time: 3.1457
-----------------------------------------------------------
Generation: 370
Evaluation time: 3.89664
Reproduction time: 3.08016
----
SortedMetric:
Best sorter percentage: 0.412017822265625
Best sorter size: 65
Sorted fitnesses:
  | 0.12   0.27 ±  0.09   0.62| n=520
Test case fitnesses:
  | 9.02   9.73 ±  0.11   9.95| n=2020
-----------------------------------------------------------
Generation: 371
Evaluation time: 4.21497
Reproduction time: 4.47114
-----------------------------------------------------------
Generation: 372
Evaluation time: 4.1852
Reproduction time: 2.94442
-----------------------------------------------------------
Generation: 373
Evaluation time: 4.17992
Reproduction time: 3.14684
-----------------------------------------------------------
Generation: 374
Evaluation time: 4.01118
Reproduction time: 3.04569
-----------------------------------------------------------
Generation: 375
Evaluation time: 4.2159
Reproduction time: 3.13793
-----------------------------------------------------------
Generation: 376
Evaluation time: 4.10728
Reproduction time: 2.84311
-----------------------------------------------------------
Generation: 377
Evaluation time: 4.23663
Reproduction time: 2.73942
-----------------------------------------------------------
Generation: 378
Evaluation time: 3.90483
Reproduction time: 2.74104
-----------------------------------------------------------
Generation: 379
Evaluation time: 3.88121
Reproduction time: 3.22098
-----------------------------------------------------------
Generation: 380
Evaluation time: 3.94528
Reproduction time: 3.14033
----
SortedMetric:
Best sorter percentage: 0.667083740234375
Best sorter size: 64
Sorted fitnesses:
  | 0.05   0.28 ±   0.1    0.6| n=520
Test case fitnesses:
  | 9.22   9.72 ±  0.11   9.95| n=2020
-----------------------------------------------------------
Generation: 381
Evaluation time: 4.07142
Reproduction time: 4.32238
-----------------------------------------------------------
Generation: 382
Evaluation time: 4.03915
Reproduction time: 3.09643
-----------------------------------------------------------
Generation: 383
Evaluation time: 4.34852
Reproduction time: 3.06956
-----------------------------------------------------------
Generation: 384
Evaluation time: 4.18897
Reproduction time: 2.8266
-----------------------------------------------------------
Generation: 385
Evaluation time: 4.30522
Reproduction time: 2.83568
-----------------------------------------------------------
Generation: 386
Evaluation time: 4.01361
Reproduction time: 2.62922
-----------------------------------------------------------
Generation: 387
Evaluation time: 4.19013
Reproduction time: 2.8704
-----------------------------------------------------------
Generation: 388
Evaluation time: 3.98331
Reproduction time: 2.83046
-----------------------------------------------------------
Generation: 389
Evaluation time: 38.76778
Reproduction time: 48.73208
-----------------------------------------------------------
Generation: 390
Evaluation time: 3.99464
Reproduction time: 39.58957
----
SortedMetric:
Best sorter percentage: 0.6683807373046875
Best sorter size: 65
Sorted fitnesses:
  | 0.09   0.28 ±   0.1   0.58| n=520
Test case fitnesses:
  | 9.23   9.72 ±  0.11   9.95| n=2020
-----------------------------------------------------------
Generation: 391
Evaluation time: 4.14756
Reproduction time: 4.05681
-----------------------------------------------------------
Generation: 392
Evaluation time: 4.24711
Reproduction time: 2.78587
-----------------------------------------------------------
Generation: 393
Evaluation time: 4.35305
Reproduction time: 2.76825
-----------------------------------------------------------
Generation: 394
Evaluation time: 4.21128
Reproduction time: 2.79983
-----------------------------------------------------------
Generation: 395
Evaluation time: 3.9108
Reproduction time: 2.86876
-----------------------------------------------------------
Generation: 396
Evaluation time: 4.04675
Reproduction time: 2.94705
-----------------------------------------------------------
Generation: 397
Evaluation time: 4.02657
Reproduction time: 3.09749
-----------------------------------------------------------
Generation: 398
Evaluation time: 3.85626
Reproduction time: 2.76313
-----------------------------------------------------------
Generation: 399
Evaluation time: 4.07933
Reproduction time: 3.17933
-----------------------------------------------------------
Generation: 400
Evaluation time: 3.90886
Reproduction time: 2.80297
----
SortedMetric:
Best sorter percentage: 0.3554534912109375
Best sorter size: 61
Sorted fitnesses:
  | 0.09   0.29 ±  0.11   0.64| n=520
Test case fitnesses:
  | 9.21   9.71 ±  0.11   9.96| n=2020
-----------------------------------------------------------
Generation: 401
Evaluation time: 4.16599
Reproduction time: 4.27147
-----------------------------------------------------------
Generation: 402
Evaluation time: 4.16383
Reproduction time: 2.71744
-----------------------------------------------------------
Generation: 403
Evaluation time: 4.29039
Reproduction time: 2.82283
-----------------------------------------------------------
Generation: 404
Evaluation time: 4.309
Reproduction time: 3.01534
-----------------------------------------------------------
Generation: 405
Evaluation time: 4.00927
Reproduction time: 2.90963
-----------------------------------------------------------
Generation: 406
Evaluation time: 4.34324
Reproduction time: 2.91802
-----------------------------------------------------------
Generation: 407
Evaluation time: 4.10823
Reproduction time: 2.72443
-----------------------------------------------------------
Generation: 408
Evaluation time: 3.96238
Reproduction time: 2.78134
-----------------------------------------------------------
Generation: 409
Evaluation time: 4.00008
Reproduction time: 2.90548
-----------------------------------------------------------
Generation: 410
Evaluation time: 4.00419
Reproduction time: 2.98977
----
SortedMetric:
Best sorter percentage: 0.383331298828125
Best sorter size: 61
Sorted fitnesses:
  | 0.11    0.3 ±  0.11   0.72| n=520
Test case fitnesses:
  | 9.21    9.7 ±  0.11   9.98| n=2020
-----------------------------------------------------------
Generation: 411
Evaluation time: 4.23283
Reproduction time: 4.43663
-----------------------------------------------------------
Generation: 412
Evaluation time: 24.71665
Reproduction time: 2.749
-----------------------------------------------------------
Generation: 413
Evaluation time: 41.68042
Reproduction time: 59.23477
-----------------------------------------------------------
Generation: 414
Evaluation time: 4.20398
Reproduction time: 3.558
-----------------------------------------------------------
Generation: 415
Evaluation time: 3.90184
Reproduction time: 3.11728
-----------------------------------------------------------
Generation: 416
Evaluation time: 3.95538
Reproduction time: 3.05677
-----------------------------------------------------------
Generation: 417
Evaluation time: 4.20555
Reproduction time: 3.07183
-----------------------------------------------------------
Generation: 418
Evaluation time: 4.16902
Reproduction time: 2.51772
-----------------------------------------------------------
Generation: 419
Evaluation time: 3.97851
Reproduction time: 2.78561
-----------------------------------------------------------
Generation: 420
Evaluation time: 3.80115
Reproduction time: 3.20391
----
SortedMetric:
Best sorter percentage: 0.383331298828125
Best sorter size: 61
Sorted fitnesses:
  |  0.1   0.31 ±  0.11   0.69| n=520
Test case fitnesses:
  |  9.3   9.69 ±  0.11   9.97| n=2020
-----------------------------------------------------------
Generation: 421
Evaluation time: 4.13051
Reproduction time: 4.30796
-----------------------------------------------------------
Generation: 422
Evaluation time: 4.32307
Reproduction time: 3.09271
-----------------------------------------------------------
Generation: 423
Evaluation time: 4.25287
Reproduction time: 3.04527
-----------------------------------------------------------
Generation: 424
Evaluation time: 3.87244
Reproduction time: 2.94787
-----------------------------------------------------------
Generation: 425
Evaluation time: 4.26296
Reproduction time: 3.0142
-----------------------------------------------------------
Generation: 426
Evaluation time: 3.94775
Reproduction time: 2.87674
-----------------------------------------------------------
Generation: 427
Evaluation time: 4.18334
Reproduction time: 3.0604
-----------------------------------------------------------
Generation: 428
Evaluation time: 3.90331
Reproduction time: 2.87168
-----------------------------------------------------------
Generation: 429
Evaluation time: 4.09117
Reproduction time: 3.25285
-----------------------------------------------------------
Generation: 430
Evaluation time: 4.02987
Reproduction time: 2.83253
----
SortedMetric:
Best sorter percentage: 0.383331298828125
Best sorter size: 61
Sorted fitnesses:
  | 0.13   0.31 ±  0.11   0.67| n=520
Test case fitnesses:
  | 9.26   9.69 ±  0.11   9.97| n=2020
-----------------------------------------------------------
Generation: 431
Evaluation time: 4.22908
Reproduction time: 4.30207
-----------------------------------------------------------
Generation: 432
Evaluation time: 4.27057
Reproduction time: 2.78743
-----------------------------------------------------------
Generation: 433
Evaluation time: 4.27662
Reproduction time: 2.99349
-----------------------------------------------------------
Generation: 434
Evaluation time: 4.39081
Reproduction time: 2.79352
-----------------------------------------------------------
Generation: 435
Evaluation time: 3.97384
Reproduction time: 2.92436
-----------------------------------------------------------
Generation: 436
Evaluation time: 36.55976
Reproduction time: 14.65134
-----------------------------------------------------------
Generation: 437
Evaluation time: 24.01023
Reproduction time: 52.30879
-----------------------------------------------------------
Generation: 438
Evaluation time: 4.16452
Reproduction time: 2.94139
-----------------------------------------------------------
Generation: 439
Evaluation time: 3.89988
Reproduction time: 3.04468
-----------------------------------------------------------
Generation: 440
Evaluation time: 4.06732
Reproduction time: 3.39426
----
SortedMetric:
Best sorter percentage: 0.65826416015625
Best sorter size: 66
Sorted fitnesses:
  | 0.12   0.33 ±  0.11   0.68| n=520
Test case fitnesses:
  | 9.15   9.67 ±  0.11   9.98| n=2020
-----------------------------------------------------------
Generation: 441
Evaluation time: 4.26755
Reproduction time: 4.2441
-----------------------------------------------------------
Generation: 442
Evaluation time: 4.21569
Reproduction time: 2.7025
-----------------------------------------------------------
Generation: 443
Evaluation time: 4.20818
Reproduction time: 2.99067
-----------------------------------------------------------
Generation: 444
Evaluation time: 4.19865
Reproduction time: 2.98963
-----------------------------------------------------------
Generation: 445
Evaluation time: 4.07661
Reproduction time: 2.87241
-----------------------------------------------------------
Generation: 446
Evaluation time: 4.18334
Reproduction time: 2.86355
-----------------------------------------------------------
Generation: 447
Evaluation time: 4.24111
Reproduction time: 2.93145
-----------------------------------------------------------
Generation: 448
Evaluation time: 4.30281
Reproduction time: 2.94024
-----------------------------------------------------------
Generation: 449
Evaluation time: 4.29103
Reproduction time: 3.0126
-----------------------------------------------------------
Generation: 450
Evaluation time: 4.30868
Reproduction time: 2.82346
----
SortedMetric:
Best sorter percentage: 0.65826416015625
Best sorter size: 66
Sorted fitnesses:
  | 0.14   0.34 ±   0.1   0.66| n=520
Test case fitnesses:
  | 9.21   9.66 ±  0.11   9.98| n=2020
-----------------------------------------------------------
Generation: 451
Evaluation time: 4.24399
Reproduction time: 4.08889
-----------------------------------------------------------
Generation: 452
Evaluation time: 4.24893
Reproduction time: 3.0558
-----------------------------------------------------------
Generation: 453
Evaluation time: 4.28321
Reproduction time: 3.05093
-----------------------------------------------------------
Generation: 454
Evaluation time: 4.26374
Reproduction time: 2.91359
-----------------------------------------------------------
Generation: 455
Evaluation time: 4.27111
Reproduction time: 2.85772
-----------------------------------------------------------
Generation: 456
Evaluation time: 4.03538
Reproduction time: 3.0049
-----------------------------------------------------------
Generation: 457
Evaluation time: 4.2491
Reproduction time: 3.10471
-----------------------------------------------------------
Generation: 458
Evaluation time: 3.93414
Reproduction time: 3.04249
-----------------------------------------------------------
Generation: 459
Evaluation time: 10.2722
Reproduction time: 2.95577
-----------------------------------------------------------
Generation: 460
Evaluation time: 39.21357
Reproduction time: 48.12383
----
SortedMetric:
Best sorter percentage: 0.65826416015625
Best sorter size: 66
Sorted fitnesses:
  | 0.06   0.33 ±   0.1   0.67| n=520
Test case fitnesses:
  | 9.18   9.67 ±  0.12   9.97| n=2020
-----------------------------------------------------------
Generation: 461
Evaluation time: 4.36912
Reproduction time: 31.53936
-----------------------------------------------------------
Generation: 462
Evaluation time: 4.46454
Reproduction time: 2.9914
-----------------------------------------------------------
Generation: 463
Evaluation time: 4.13786
Reproduction time: 2.90767
-----------------------------------------------------------
Generation: 464
Evaluation time: 4.1124
Reproduction time: 2.90233
-----------------------------------------------------------
Generation: 465
Evaluation time: 4.30466
Reproduction time: 3.05989
-----------------------------------------------------------
Generation: 466
Evaluation time: 4.29575
Reproduction time: 3.01247
-----------------------------------------------------------
Generation: 467
Evaluation time: 4.03281
Reproduction time: 2.83827
-----------------------------------------------------------
Generation: 468
Evaluation time: 4.08167
Reproduction time: 3.0689
-----------------------------------------------------------
Generation: 469
Evaluation time: 4.21527
Reproduction time: 3.02503
-----------------------------------------------------------
Generation: 470
Evaluation time: 4.19802
Reproduction time: 2.68691
----
SortedMetric:
Best sorter percentage: 0.65826416015625
Best sorter size: 66
Sorted fitnesses:
  | 0.16   0.34 ±   0.1   0.68| n=520
Test case fitnesses:
  | 9.21   9.66 ±  0.12   9.98| n=2020
-----------------------------------------------------------
Generation: 471
Evaluation time: 4.25434
Reproduction time: 4.39925
-----------------------------------------------------------
Generation: 472
Evaluation time: 4.23706
Reproduction time: 3.09299
-----------------------------------------------------------
Generation: 473
Evaluation time: 4.08527
Reproduction time: 3.03528
-----------------------------------------------------------
Generation: 474
Evaluation time: 4.18458
Reproduction time: 2.8035
-----------------------------------------------------------
Generation: 475
Evaluation time: 3.98428
Reproduction time: 3.02708
-----------------------------------------------------------
Generation: 476
Evaluation time: 4.37155
Reproduction time: 2.94764
-----------------------------------------------------------
Generation: 477
Evaluation time: 4.28036
Reproduction time: 2.72826
-----------------------------------------------------------
Generation: 478
Evaluation time: 4.21995
Reproduction time: 2.77664
-----------------------------------------------------------
Generation: 479
Evaluation time: 3.99849
Reproduction time: 2.9971
-----------------------------------------------------------
Generation: 480
Evaluation time: 4.02266
Reproduction time: 3.26005
----
SortedMetric:
Best sorter percentage: 0.6430511474609375
Best sorter size: 67
Sorted fitnesses:
  | 0.16   0.34 ±  0.11    0.7| n=520
Test case fitnesses:
  | 9.24   9.66 ±  0.12   9.98| n=2020
-----------------------------------------------------------
Generation: 481
Evaluation time: 4.27602
Reproduction time: 4.24734
-----------------------------------------------------------
Generation: 482
Evaluation time: 9.02287
Reproduction time: 2.7362
-----------------------------------------------------------
Generation: 483
Evaluation time: 36.24446
Reproduction time: 56.70667
-----------------------------------------------------------
Generation: 484
Evaluation time: 4.44567
Reproduction time: 29.33916
-----------------------------------------------------------
Generation: 485
Evaluation time: 4.27514
Reproduction time: 2.80566
-----------------------------------------------------------
Generation: 486
Evaluation time: 4.33819
Reproduction time: 2.7441
-----------------------------------------------------------
Generation: 487
Evaluation time: 4.00461
Reproduction time: 2.74034
-----------------------------------------------------------
Generation: 488
Evaluation time: 4.00099
Reproduction time: 3.09227
-----------------------------------------------------------
Generation: 489
Evaluation time: 3.9819
Reproduction time: 3.17266
-----------------------------------------------------------
Generation: 490
Evaluation time: 4.027
Reproduction time: 3.15734
----
SortedMetric:
Best sorter percentage: 0.6430511474609375
Best sorter size: 67
Sorted fitnesses:
  | 0.17   0.35 ±   0.1   0.71| n=520
Test case fitnesses:
  | 9.15   9.65 ±  0.12   9.97| n=2020
-----------------------------------------------------------
Generation: 491
Evaluation time: 4.34055
Reproduction time: 4.14515
-----------------------------------------------------------
Generation: 492
Evaluation time: 4.4952
Reproduction time: 2.7858
-----------------------------------------------------------
Generation: 493
Evaluation time: 4.38675
Reproduction time: 2.74428
-----------------------------------------------------------
Generation: 494
Evaluation time: 3.95795
Reproduction time: 2.8329
-----------------------------------------------------------
Generation: 495
Evaluation time: 4.20363
Reproduction time: 2.88447
-----------------------------------------------------------
Generation: 496
Evaluation time: 4.02182
Reproduction time: 3.03066
-----------------------------------------------------------
Generation: 497
Evaluation time: 4.06936
Reproduction time: 3.11784
-----------------------------------------------------------
Generation: 498
Evaluation time: 4.3417
Reproduction time: 2.96267
-----------------------------------------------------------
Generation: 499
Evaluation time: 4.25863
Reproduction time: 2.60321
-----------------------------------------------------------
Generation: 500
Evaluation time: 4.09596
Reproduction time: 2.83221
----
SortedMetric:
Best sorter percentage: 0.4624786376953125
Best sorter size: 61
Sorted fitnesses:
  | 0.12   0.34 ±   0.1   0.75| n=520
Test case fitnesses:
  | 9.16   9.66 ±  0.12   9.98| n=2020
-----------------------------------------------------------
Generation: 501
Evaluation time: 4.27762
Reproduction time: 4.21057
-----------------------------------------------------------
Generation: 502
Evaluation time: 4.26851
Reproduction time: 3.08741
-----------------------------------------------------------
Generation: 503
Evaluation time: 4.14984
Reproduction time: 3.02123
-----------------------------------------------------------
Generation: 504
Evaluation time: 4.16901
Reproduction time: 2.90566
-----------------------------------------------------------
Generation: 505
Evaluation time: 12.72758
Reproduction time: 3.03545
-----------------------------------------------------------
Generation: 506
Evaluation time: 34.05747
Reproduction time: 64.11899
-----------------------------------------------------------
Generation: 507
Evaluation time: 3.98368
Reproduction time: 18.00618
-----------------------------------------------------------
Generation: 508
Evaluation time: 4.06702
Reproduction time: 3.02102
-----------------------------------------------------------
Generation: 509
Evaluation time: 4.06901
Reproduction time: 3.07651
-----------------------------------------------------------
Generation: 510
Evaluation time: 4.07946
Reproduction time: 3.10547
----
SortedMetric:
Best sorter percentage: 0.4624786376953125
Best sorter size: 61
Sorted fitnesses:
  | 0.16   0.36 ±   0.1   0.75| n=520
Test case fitnesses:
  | 9.17   9.64 ±  0.12   9.98| n=2020
-----------------------------------------------------------
Generation: 511
Evaluation time: 4.41394
Reproduction time: 3.89456
-----------------------------------------------------------
Generation: 512
Evaluation time: 4.31876
Reproduction time: 3.0146
-----------------------------------------------------------
Generation: 513
Evaluation time: 4.27167
Reproduction time: 2.90227
-----------------------------------------------------------
Generation: 514
Evaluation time: 4.37361
Reproduction time: 3.02134
-----------------------------------------------------------
Generation: 515
Evaluation time: 3.97543
Reproduction time: 2.90918
-----------------------------------------------------------
Generation: 516
Evaluation time: 4.3396
Reproduction time: 2.74096
-----------------------------------------------------------
Generation: 517
Evaluation time: 3.94771
Reproduction time: 2.94487
-----------------------------------------------------------
Generation: 518
Evaluation time: 4.01343
Reproduction time: 3.35854
-----------------------------------------------------------
Generation: 519
Evaluation time: 3.94833
Reproduction time: 3.14555
-----------------------------------------------------------
Generation: 520
Evaluation time: 4.11512
Reproduction time: 3.26595
----
SortedMetric:
Best sorter percentage: 0.6193084716796875
Best sorter size: 68
Sorted fitnesses:
  | 0.16   0.37 ±   0.1   0.73| n=520
Test case fitnesses:
  | 9.13   9.63 ±  0.12   9.98| n=2020
-----------------------------------------------------------
Generation: 521
Evaluation time: 4.34129
Reproduction time: 4.45008
-----------------------------------------------------------
Generation: 522
Evaluation time: 4.47127
Reproduction time: 2.94714
-----------------------------------------------------------
Generation: 523
Evaluation time: 4.38628
Reproduction time: 2.9245
-----------------------------------------------------------
Generation: 524
Evaluation time: 4.25302
Reproduction time: 2.82646
-----------------------------------------------------------
Generation: 525
Evaluation time: 4.24075
Reproduction time: 3.1246
-----------------------------------------------------------
Generation: 526
Evaluation time: 4.02191
Reproduction time: 2.80204
-----------------------------------------------------------
Generation: 527
Evaluation time: 4.18994
Reproduction time: 2.99801
-----------------------------------------------------------
Generation: 528
Evaluation time: 3.98823
Reproduction time: 3.00877
-----------------------------------------------------------
Generation: 529
Evaluation time: 25.83008
Reproduction time: 3.49299
-----------------------------------------------------------
Generation: 530
Evaluation time: 36.10164
Reproduction time: 57.97154
----
SortedMetric:
Best sorter percentage: 0.4297332763671875
Best sorter size: 62
Sorted fitnesses:
  | 0.17   0.38 ±  0.11   0.74| n=520
Test case fitnesses:
  | 9.13   9.62 ±  0.13   9.97| n=2020
-----------------------------------------------------------
Generation: 531
Evaluation time: 4.36668
Reproduction time: 9.30004
-----------------------------------------------------------
Generation: 532
Evaluation time: 4.4829
Reproduction time: 3.121
-----------------------------------------------------------
Generation: 533
Evaluation time: 4.0853
Reproduction time: 3.13631
-----------------------------------------------------------
Generation: 534
Evaluation time: 4.34181
Reproduction time: 3.30656
-----------------------------------------------------------
Generation: 535
Evaluation time: 3.91855
Reproduction time: 3.14432
-----------------------------------------------------------
Generation: 536
Evaluation time: 4.29884
Reproduction time: 3.16692
-----------------------------------------------------------
Generation: 537
Evaluation time: 3.97863
Reproduction time: 2.81177
-----------------------------------------------------------
Generation: 538
Evaluation time: 4.22007
Reproduction time: 3.40092
-----------------------------------------------------------
Generation: 539
Evaluation time: 4.32778
Reproduction time: 2.96856
-----------------------------------------------------------
Generation: 540
Evaluation time: 4.36171
Reproduction time: 2.95997
----
SortedMetric:
Best sorter percentage: 0.66497802734375
Best sorter size: 67
Sorted fitnesses:
  | 0.09   0.37 ±  0.11   0.74| n=520
Test case fitnesses:
  | 9.15   9.63 ±  0.12   9.96| n=2020
-----------------------------------------------------------
Generation: 541
Evaluation time: 4.42054
Reproduction time: 4.09155
-----------------------------------------------------------
Generation: 542
Evaluation time: 4.30427
Reproduction time: 2.92993
-----------------------------------------------------------
Generation: 543
Evaluation time: 4.22876
Reproduction time: 3.04023
-----------------------------------------------------------
Generation: 544
Evaluation time: 4.32382
Reproduction time: 3.05069
-----------------------------------------------------------
Generation: 545
Evaluation time: 4.21249
Reproduction time: 3.04776
-----------------------------------------------------------
Generation: 546
Evaluation time: 3.97495
Reproduction time: 3.31595
-----------------------------------------------------------
Generation: 547
Evaluation time: 4.35937
Reproduction time: 3.09009
-----------------------------------------------------------
Generation: 548
Evaluation time: 4.25352
Reproduction time: 2.4829
-----------------------------------------------------------
Generation: 549
Evaluation time: 4.0643
Reproduction time: 2.76061
-----------------------------------------------------------
Generation: 550
Evaluation time: 4.21208
Reproduction time: 3.0197
----
SortedMetric:
Best sorter percentage: 0.66497802734375
Best sorter size: 67
Sorted fitnesses:
  | 0.09   0.37 ±  0.12   0.75| n=520
Test case fitnesses:
  | 9.14   9.63 ±  0.12   9.96| n=2020
-----------------------------------------------------------
Generation: 551
Evaluation time: 4.40428
Reproduction time: 4.17075
-----------------------------------------------------------
Generation: 552
Evaluation time: 4.36123
Reproduction time: 2.82766
-----------------------------------------------------------
Generation: 553
Evaluation time: 40.79041
Reproduction time: 10.9996
-----------------------------------------------------------
Generation: 554
Evaluation time: 18.97925
Reproduction time: 58.19288
-----------------------------------------------------------
Generation: 555
Evaluation time: 4.20553
Reproduction time: 2.95002
-----------------------------------------------------------
Generation: 556
Evaluation time: 4.18815
Reproduction time: 2.97474
-----------------------------------------------------------
Generation: 557
Evaluation time: 3.96396
Reproduction time: 2.78006
-----------------------------------------------------------
Generation: 558
Evaluation time: 4.1123
Reproduction time: 3.26989
-----------------------------------------------------------
Generation: 559
Evaluation time: 4.39455
Reproduction time: 3.12121
-----------------------------------------------------------
Generation: 560
Evaluation time: 4.14111
Reproduction time: 2.95098
----
SortedMetric:
Best sorter percentage: 0.6786041259765625
Best sorter size: 67
Sorted fitnesses:
  | 0.13   0.38 ±  0.11   0.73| n=520
Test case fitnesses:
  | 9.18   9.62 ±  0.13   9.95| n=2020
-----------------------------------------------------------
Generation: 561
Evaluation time: 4.29889
Reproduction time: 4.39222
-----------------------------------------------------------
Generation: 562
Evaluation time: 4.53094
Reproduction time: 3.0364
-----------------------------------------------------------
Generation: 563
Evaluation time: 4.33423
Reproduction time: 2.85221
-----------------------------------------------------------
Generation: 564
Evaluation time: 4.44993
Reproduction time: 2.86553
-----------------------------------------------------------
Generation: 565
Evaluation time: 4.45571
Reproduction time: 2.90939
-----------------------------------------------------------
Generation: 566
Evaluation time: 4.28342
Reproduction time: 2.9753
-----------------------------------------------------------
Generation: 567
Evaluation time: 4.00608
Reproduction time: 3.03752
-----------------------------------------------------------
Generation: 568
Evaluation time: 3.88088
Reproduction time: 3.22515
-----------------------------------------------------------
Generation: 569
Evaluation time: 3.91357
Reproduction time: 3.02001
-----------------------------------------------------------
Generation: 570
Evaluation time: 4.45381
Reproduction time: 3.00716
----
SortedMetric:
Best sorter percentage: 0.463348388671875
Best sorter size: 67
Sorted fitnesses:
  | 0.16   0.39 ±  0.12   0.75| n=520
Test case fitnesses:
  | 9.13   9.61 ±  0.13   9.94| n=2020
-----------------------------------------------------------
Generation: 571
Evaluation time: 4.38738
Reproduction time: 3.65607
-----------------------------------------------------------
Generation: 572
Evaluation time: 4.40804
Reproduction time: 2.97828
-----------------------------------------------------------
Generation: 573
Evaluation time: 4.28833
Reproduction time: 2.95187
-----------------------------------------------------------
Generation: 574
Evaluation time: 4.13222
Reproduction time: 2.93637
-----------------------------------------------------------
Generation: 575
Evaluation time: 4.52896
Reproduction time: 3.08987
-----------------------------------------------------------
Generation: 576
Evaluation time: 7.3543
Reproduction time: 2.74058
-----------------------------------------------------------
Generation: 577
Evaluation time: 37.11775
Reproduction time: 53.3903
-----------------------------------------------------------
Generation: 578
Evaluation time: 4.44095
Reproduction time: 27.12734
-----------------------------------------------------------
Generation: 579
Evaluation time: 4.25461
Reproduction time: 2.79497
-----------------------------------------------------------
Generation: 580
Evaluation time: 4.09918
Reproduction time: 2.94539
----
SortedMetric:
Best sorter percentage: 0.46038818359375
Best sorter size: 67
Sorted fitnesses:
  | 0.15    0.4 ±  0.12   0.76| n=520
Test case fitnesses:
  | 9.06    9.6 ±  0.13   9.95| n=2020
-----------------------------------------------------------
Generation: 581
Evaluation time: 4.36667
Reproduction time: 4.48729
-----------------------------------------------------------
Generation: 582
Evaluation time: 4.30394
Reproduction time: 3.1867
-----------------------------------------------------------
Generation: 583
Evaluation time: 4.32124
Reproduction time: 3.11147
-----------------------------------------------------------
Generation: 584
Evaluation time: 4.27413
Reproduction time: 3.01062
-----------------------------------------------------------
Generation: 585
Evaluation time: 4.28803
Reproduction time: 3.06178
-----------------------------------------------------------
Generation: 586
Evaluation time: 4.03926
Reproduction time: 3.04128
-----------------------------------------------------------
Generation: 587
Evaluation time: 4.31271
Reproduction time: 3.28608
-----------------------------------------------------------
Generation: 588
Evaluation time: 4.0614
Reproduction time: 3.25085
-----------------------------------------------------------
Generation: 589
Evaluation time: 4.32369
Reproduction time: 3.32878
-----------------------------------------------------------
Generation: 590
Evaluation time: 4.10828
Reproduction time: 3.15148
----
SortedMetric:
Best sorter percentage: 0.341278076171875
Best sorter size: 68
Sorted fitnesses:
  | 0.15   0.42 ±  0.11   0.88| n=520
Test case fitnesses:
  | 8.95   9.58 ±  0.14   9.94| n=2020
-----------------------------------------------------------
Generation: 591
Evaluation time: 4.35089
Reproduction time: 4.34907
-----------------------------------------------------------
Generation: 592
Evaluation time: 4.4859
Reproduction time: 2.9659
-----------------------------------------------------------
Generation: 593
Evaluation time: 4.42317
Reproduction time: 3.13706
-----------------------------------------------------------
Generation: 594
Evaluation time: 4.40866
Reproduction time: 3.24861
-----------------------------------------------------------
Generation: 595
Evaluation time: 4.05217
Reproduction time: 3.17155
-----------------------------------------------------------
Generation: 596
Evaluation time: 4.33821
Reproduction time: 3.21436
-----------------------------------------------------------
Generation: 597
Evaluation time: 4.22405
Reproduction time: 2.86882
-----------------------------------------------------------
Generation: 598
Evaluation time: 4.0342
Reproduction time: 3.12127
-----------------------------------------------------------
Generation: 599
Evaluation time: 4.00975
Reproduction time: 3.29879
-----------------------------------------------------------
Generation: 600
Evaluation time: 32.33615
Reproduction time: 34.87181
----
SortedMetric:
Best sorter percentage: 0.341278076171875
Best sorter size: 67
Sorted fitnesses:
  | 0.22   0.43 ±  0.11   0.91| n=520
Test case fitnesses:
  | 8.87   9.57 ±  0.14   9.93| n=2020
-----------------------------------------------------------
Generation: 601
Evaluation time: 4.42207
Reproduction time: 57.75943
-----------------------------------------------------------
Generation: 602
Evaluation time: 4.4413
Reproduction time: 3.33137
-----------------------------------------------------------
Generation: 603
Evaluation time: 4.22603
Reproduction time: 3.00256
-----------------------------------------------------------
Generation: 604
Evaluation time: 4.33785
Reproduction time: 3.25784
-----------------------------------------------------------
Generation: 605
Evaluation time: 4.30718
Reproduction time: 3.00578
-----------------------------------------------------------
Generation: 606
Evaluation time: 4.03341
Reproduction time: 2.8329
-----------------------------------------------------------
Generation: 607
Evaluation time: 4.17221
Reproduction time: 3.21955
-----------------------------------------------------------
Generation: 608
Evaluation time: 3.99973
Reproduction time: 2.84534
-----------------------------------------------------------
Generation: 609
Evaluation time: 4.33932
Reproduction time: 3.05162
-----------------------------------------------------------
Generation: 610
Evaluation time: 4.18429
Reproduction time: 2.97437
----
SortedMetric:
Best sorter percentage: 0.496337890625
Best sorter size: 68
Sorted fitnesses:
  | 0.12   0.44 ±  0.12   0.96| n=520
Test case fitnesses:
  | 8.96   9.56 ±  0.15   9.93| n=2020
-----------------------------------------------------------
Generation: 611
Evaluation time: 4.42566
Reproduction time: 4.25533
-----------------------------------------------------------
Generation: 612
Evaluation time: 4.45972
Reproduction time: 2.92635
-----------------------------------------------------------
Generation: 613
Evaluation time: 4.3147
Reproduction time: 3.00169
-----------------------------------------------------------
Generation: 614
Evaluation time: 4.35605
Reproduction time: 2.89362
-----------------------------------------------------------
Generation: 615
Evaluation time: 4.51178
Reproduction time: 3.11859
-----------------------------------------------------------
Generation: 616
Evaluation time: 4.39774
Reproduction time: 2.67447
-----------------------------------------------------------
Generation: 617
Evaluation time: 4.15766
Reproduction time: 2.99866
-----------------------------------------------------------
Generation: 618
Evaluation time: 4.48411
Reproduction time: 3.12716
-----------------------------------------------------------
Generation: 619
Evaluation time: 4.36367
Reproduction time: 2.70461
-----------------------------------------------------------
Generation: 620
Evaluation time: 4.16736
Reproduction time: 3.17733
----
SortedMetric:
Best sorter percentage: 0.3477630615234375
Best sorter size: 68
Sorted fitnesses:
  | 0.23   0.44 ±  0.12   1.13| n=520
Test case fitnesses:
  | 8.95   9.56 ±  0.14   9.93| n=2020
-----------------------------------------------------------
Generation: 621
Evaluation time: 4.3787
Reproduction time: 4.40478
-----------------------------------------------------------
Generation: 622
Evaluation time: 4.50618
Reproduction time: 3.03539
-----------------------------------------------------------
Generation: 623
Evaluation time: 4.3164
Reproduction time: 3.06259
-----------------------------------------------------------
Generation: 624
Evaluation time: 35.58713
Reproduction time: 13.73737
-----------------------------------------------------------
Generation: 625
Evaluation time: 17.18008
Reproduction time: 60.65283
-----------------------------------------------------------
Generation: 626
Evaluation time: 4.12291
Reproduction time: 3.15016
-----------------------------------------------------------
Generation: 627
Evaluation time: 4.02687
Reproduction time: 2.99064
-----------------------------------------------------------
Generation: 628
Evaluation time: 4.17034
Reproduction time: 3.28525
-----------------------------------------------------------
Generation: 629
Evaluation time: 3.96522
Reproduction time: 3.32558
-----------------------------------------------------------
Generation: 630
Evaluation time: 3.96842
Reproduction time: 3.15142
----
SortedMetric:
Best sorter percentage: 0.3477630615234375
Best sorter size: 68
Sorted fitnesses:
  | 0.11   0.44 ±  0.13   1.13| n=520
Test case fitnesses:
  | 8.95   9.56 ±  0.14   9.92| n=2020
-----------------------------------------------------------
Generation: 631
Evaluation time: 4.41683
Reproduction time: 4.59611
-----------------------------------------------------------
Generation: 632
Evaluation time: 4.42358
Reproduction time: 2.95513
-----------------------------------------------------------
Generation: 633
Evaluation time: 4.5122
Reproduction time: 3.1424
-----------------------------------------------------------
Generation: 634
Evaluation time: 4.05826
Reproduction time: 3.07847
-----------------------------------------------------------
Generation: 635
Evaluation time: 4.41273
Reproduction time: 3.15917
-----------------------------------------------------------
Generation: 636
Evaluation time: 4.13302
Reproduction time: 2.92305
-----------------------------------------------------------
Generation: 637
Evaluation time: 4.04887
Reproduction time: 2.91348
-----------------------------------------------------------
Generation: 638
Evaluation time: 4.2673
Reproduction time: 3.43427
-----------------------------------------------------------
Generation: 639
Evaluation time: 4.1367
Reproduction time: 3.08804
-----------------------------------------------------------
Generation: 640
Evaluation time: 4.01889
Reproduction time: 3.27663
----
SortedMetric:
Best sorter percentage: 0.3477630615234375
Best sorter size: 68
Sorted fitnesses:
  | 0.22   0.46 ±  0.14   1.14| n=520
Test case fitnesses:
  | 8.91   9.54 ±  0.14   9.94| n=2020
-----------------------------------------------------------
Generation: 641
Evaluation time: 4.42178
Reproduction time: 4.48594
-----------------------------------------------------------
Generation: 642
Evaluation time: 4.5415
Reproduction time: 3.03606
-----------------------------------------------------------
Generation: 643
Evaluation time: 4.28875
Reproduction time: 3.07952
-----------------------------------------------------------
Generation: 644
Evaluation time: 4.40556
Reproduction time: 3.25806
-----------------------------------------------------------
Generation: 645
Evaluation time: 4.32821
Reproduction time: 3.08028
-----------------------------------------------------------
Generation: 646
Evaluation time: 4.06509
Reproduction time: 3.21266
-----------------------------------------------------------
Generation: 647
Evaluation time: 4.07442
Reproduction time: 3.14835
-----------------------------------------------------------
Generation: 648
Evaluation time: 33.58612
Reproduction time: 5.2521
-----------------------------------------------------------
Generation: 649
Evaluation time: 23.32058
Reproduction time: 61.08738
-----------------------------------------------------------
Generation: 650
Evaluation time: 4.44718
Reproduction time: 3.17272
----
SortedMetric:
Best sorter percentage: 0.357025146484375
Best sorter size: 70
Sorted fitnesses:
  |  0.2   0.46 ±  0.14   1.19| n=520
Test case fitnesses:
  | 8.85   9.54 ±  0.15   9.94| n=2020
-----------------------------------------------------------
Generation: 651
Evaluation time: 4.47556
Reproduction time: 4.04712
-----------------------------------------------------------
Generation: 652
Evaluation time: 4.44952
Reproduction time: 3.06772
-----------------------------------------------------------
Generation: 653
Evaluation time: 4.59346
Reproduction time: 3.13249
-----------------------------------------------------------
Generation: 654
Evaluation time: 4.45977
Reproduction time: 2.93426
-----------------------------------------------------------
Generation: 655
Evaluation time: 4.35635
Reproduction time: 3.09305
-----------------------------------------------------------
Generation: 656
Evaluation time: 4.21944
Reproduction time: 2.77948
-----------------------------------------------------------
Generation: 657
Evaluation time: 4.28374
Reproduction time: 2.97152
-----------------------------------------------------------
Generation: 658
Evaluation time: 4.39915
Reproduction time: 3.06135
-----------------------------------------------------------
Generation: 659
Evaluation time: 4.52114
Reproduction time: 3.05252
-----------------------------------------------------------
Generation: 660
Evaluation time: 4.48537
Reproduction time: 3.07232
----
SortedMetric:
Best sorter percentage: 0.5850372314453125
Best sorter size: 72
Sorted fitnesses:
  | 0.18   0.47 ±  0.14   1.25| n=520
Test case fitnesses:
  | 8.92   9.53 ±  0.16   9.93| n=2020
-----------------------------------------------------------
Generation: 661
Evaluation time: 4.48614
Reproduction time: 4.1807
-----------------------------------------------------------
Generation: 662
Evaluation time: 4.40507
Reproduction time: 3.16541
-----------------------------------------------------------
Generation: 663
Evaluation time: 4.42056
Reproduction time: 3.00359
-----------------------------------------------------------
Generation: 664
Evaluation time: 4.51439
Reproduction time: 3.04697
-----------------------------------------------------------
Generation: 665
Evaluation time: 4.17435
Reproduction time: 2.90211
-----------------------------------------------------------
Generation: 666
Evaluation time: 4.20725
Reproduction time: 3.40393
