dc43e6b329e33066069be8493e19c2dbaea01d1d
-----------------------------------------------------------
Generation: 1
Evaluation time: 1.5422
Reproduction time: 0.0
-----------------------------------------------------------
Generation: 2
Evaluation time: 0.05138
Reproduction time: 2.09796
-----------------------------------------------------------
Generation: 3
Evaluation time: 0.04636
Reproduction time: 0.17026
-----------------------------------------------------------
Generation: 4
Evaluation time: 0.04341
Reproduction time: 0.17831
-----------------------------------------------------------
Generation: 5
Evaluation time: 0.07779
Reproduction time: 0.18455
-----------------------------------------------------------
Generation: 6
Evaluation time: 0.07898
Reproduction time: 0.12411
-----------------------------------------------------------
Generation: 7
Evaluation time: 0.06876
Reproduction time: 0.14155
-----------------------------------------------------------
Generation: 8
Evaluation time: 0.06527
Reproduction time: 0.14265
-----------------------------------------------------------
Generation: 9
Evaluation time: 0.06399
Reproduction time: 0.13265
-----------------------------------------------------------
Generation: 10
Evaluation time: 0.05106
Reproduction time: 0.16896
-----------------------------------------------------------
Generation: 11
Evaluation time: 0.04085
Reproduction time: 0.46556
-----------------------------------------------------------
Generation: 12
Evaluation time: 0.04327
Reproduction time: 0.24154
-----------------------------------------------------------
Generation: 13
Evaluation time: 0.04388
Reproduction time: 0.22856
-----------------------------------------------------------
Generation: 14
Evaluation time: 0.05628
Reproduction time: 0.22123
-----------------------------------------------------------
Generation: 15
Evaluation time: 0.06955
Reproduction time: 0.17219
-----------------------------------------------------------
Generation: 16
Evaluation time: 0.04472
Reproduction time: 0.17173
-----------------------------------------------------------
Generation: 17
Evaluation time: 0.04303
Reproduction time: 0.20541
-----------------------------------------------------------
Generation: 18
Evaluation time: 0.06063
Reproduction time: 0.17906
-----------------------------------------------------------
Generation: 19
Evaluation time: 0.0798
Reproduction time: 0.18008
-----------------------------------------------------------
Generation: 20
Evaluation time: 0.04457
Reproduction time: 0.1724
-----------------------------------------------------------
Generation: 21
Evaluation time: 0.06407
Reproduction time: 0.37672
-----------------------------------------------------------
Generation: 22
Evaluation time: 0.06615
Reproduction time: 0.19526
-----------------------------------------------------------
Generation: 23
Evaluation time: 0.04448
Reproduction time: 0.19999
-----------------------------------------------------------
Generation: 24
Evaluation time: 0.04325
Reproduction time: 0.21144
-----------------------------------------------------------
Generation: 25
Evaluation time: 0.06044
Reproduction time: 0.20088
-----------------------------------------------------------
Generation: 26
Evaluation time: 0.04458
Reproduction time: 0.22537
-----------------------------------------------------------
Generation: 27
Evaluation time: 0.06909
Reproduction time: 0.19061
-----------------------------------------------------------
Generation: 28
Evaluation time: 0.0737
Reproduction time: 0.18833
-----------------------------------------------------------
Generation: 29
Evaluation time: 0.04762
Reproduction time: 0.18535
-----------------------------------------------------------
Generation: 30
Evaluation time: 0.06243
Reproduction time: 0.1837
-----------------------------------------------------------
Generation: 31
Evaluation time: 0.06446
Reproduction time: 0.36946
-----------------------------------------------------------
Generation: 32
Evaluation time: 0.04131
Reproduction time: 0.20153
-----------------------------------------------------------
Generation: 33
Evaluation time: 0.07128
Reproduction time: 0.19737
-----------------------------------------------------------
Generation: 34
Evaluation time: 0.06505
Reproduction time: 0.18272
-----------------------------------------------------------
Generation: 35
Evaluation time: 0.05454
Reproduction time: 0.19447
-----------------------------------------------------------
Generation: 36
Evaluation time: 0.04368
Reproduction time: 0.23054
-----------------------------------------------------------
Generation: 37
Evaluation time: 0.04171
Reproduction time: 0.22318
-----------------------------------------------------------
Generation: 38
Evaluation time: 0.04215
Reproduction time: 0.2168
-----------------------------------------------------------
Generation: 39
Evaluation time: 0.04203
Reproduction time: 0.21033
-----------------------------------------------------------
Generation: 40
Evaluation time: 0.04177
Reproduction time: 0.21376
-----------------------------------------------------------
Generation: 41
Evaluation time: 0.03902
Reproduction time: 0.36477
-----------------------------------------------------------
Generation: 42
Evaluation time: 0.05871
Reproduction time: 0.20571
-----------------------------------------------------------
Generation: 43
Evaluation time: 0.06052
Reproduction time: 0.1774
-----------------------------------------------------------
Generation: 44
Evaluation time: 0.05911
Reproduction time: 0.17295
-----------------------------------------------------------
Generation: 45
Evaluation time: 0.04535
Reproduction time: 0.19764
-----------------------------------------------------------
Generation: 46
Evaluation time: 0.04496
Reproduction time: 0.22196
-----------------------------------------------------------
Generation: 47
Evaluation time: 0.04516
Reproduction time: 0.20917
-----------------------------------------------------------
Generation: 48
Evaluation time: 0.04696
Reproduction time: 0.19842
-----------------------------------------------------------
Generation: 49
Evaluation time: 0.04604
Reproduction time: 0.19906
-----------------------------------------------------------
Generation: 50
Evaluation time: 0.04687
Reproduction time: 0.18876
-----------------------------------------------------------
Generation: 51
Evaluation time: 0.06336
Reproduction time: 0.33944
-----------------------------------------------------------
Generation: 52
Evaluation time: 0.06417
Reproduction time: 0.21032
-----------------------------------------------------------
Generation: 53
Evaluation time: 0.0466
Reproduction time: 0.20584
-----------------------------------------------------------
Generation: 54
Evaluation time: 0.07229
Reproduction time: 0.19469
-----------------------------------------------------------
Generation: 55
Evaluation time: 0.06601
Reproduction time: 0.16784
-----------------------------------------------------------
Generation: 56
Evaluation time: 0.0644
Reproduction time: 0.18314
-----------------------------------------------------------
Generation: 57
Evaluation time: 0.06121
Reproduction time: 0.19796
-----------------------------------------------------------
Generation: 58
Evaluation time: 0.04748
Reproduction time: 0.22106
-----------------------------------------------------------
Generation: 59
Evaluation time: 0.07344
Reproduction time: 0.19585
-----------------------------------------------------------
Generation: 60
Evaluation time: 0.04852
Reproduction time: 0.18045
-----------------------------------------------------------
Generation: 61
Evaluation time: 0.0432
Reproduction time: 0.36073
-----------------------------------------------------------
Generation: 62
Evaluation time: 0.04504
Reproduction time: 0.22662
-----------------------------------------------------------
Generation: 63
Evaluation time: 0.06616
Reproduction time: 0.20012
-----------------------------------------------------------
Generation: 64
Evaluation time: 0.06111
Reproduction time: 0.17185
-----------------------------------------------------------
Generation: 65
Evaluation time: 0.04513
Reproduction time: 0.20136
-----------------------------------------------------------
Generation: 66
Evaluation time: 0.06228
Reproduction time: 0.19775
-----------------------------------------------------------
Generation: 67
Evaluation time: 0.05731
Reproduction time: 0.17647
-----------------------------------------------------------
Generation: 68
Evaluation time: 0.04562
Reproduction time: 0.20778
-----------------------------------------------------------
Generation: 69
Evaluation time: 0.04513
Reproduction time: 0.19924
-----------------------------------------------------------
Generation: 70
Evaluation time: 0.04571
Reproduction time: 0.21007
-----------------------------------------------------------
Generation: 71
Evaluation time: 0.03829
Reproduction time: 0.39046
-----------------------------------------------------------
Generation: 72
Evaluation time: 0.04901
Reproduction time: 0.21429
-----------------------------------------------------------
Generation: 73
Evaluation time: 0.05578
Reproduction time: 0.19298
-----------------------------------------------------------
Generation: 74
Evaluation time: 0.04518
Reproduction time: 0.19356
-----------------------------------------------------------
Generation: 75
Evaluation time: 0.06261
Reproduction time: 0.17312
-----------------------------------------------------------
Generation: 76
Evaluation time: 0.06968
Reproduction time: 0.17068
-----------------------------------------------------------
Generation: 77
Evaluation time: 0.04533
Reproduction time: 0.17874
-----------------------------------------------------------
Generation: 78
Evaluation time: 0.04691
Reproduction time: 0.20951
-----------------------------------------------------------
Generation: 79
Evaluation time: 0.0658
Reproduction time: 0.17812
-----------------------------------------------------------
Generation: 80
Evaluation time: 0.04696
Reproduction time: 0.17547
-----------------------------------------------------------
Generation: 81
Evaluation time: 0.06068
Reproduction time: 0.36352
-----------------------------------------------------------
Generation: 82
Evaluation time: 0.06751
Reproduction time: 0.2067
-----------------------------------------------------------
Generation: 83
Evaluation time: 0.04729
Reproduction time: 0.20337
-----------------------------------------------------------
Generation: 84
Evaluation time: 0.06701
Reproduction time: 0.19552
-----------------------------------------------------------
Generation: 85
Evaluation time: 0.05928
Reproduction time: 0.17969
-----------------------------------------------------------
Generation: 86
Evaluation time: 0.04791
Reproduction time: 0.20097
-----------------------------------------------------------
Generation: 87
Evaluation time: 0.06884
Reproduction time: 0.1747
-----------------------------------------------------------
Generation: 88
Evaluation time: 0.08026
Reproduction time: 0.17473
-----------------------------------------------------------
Generation: 89
Evaluation time: 0.07741
Reproduction time: 0.17684
-----------------------------------------------------------
Generation: 90
Evaluation time: 0.04919
Reproduction time: 0.17387
-----------------------------------------------------------
Generation: 91
Evaluation time: 0.03845
Reproduction time: 0.37942
-----------------------------------------------------------
Generation: 92
Evaluation time: 0.04533
Reproduction time: 0.23319
-----------------------------------------------------------
Generation: 93
Evaluation time: 0.04646
Reproduction time: 0.21784
-----------------------------------------------------------
Generation: 94
Evaluation time: 0.07383
Reproduction time: 0.18776
-----------------------------------------------------------
Generation: 95
Evaluation time: 0.04698
Reproduction time: 0.18947
-----------------------------------------------------------
Generation: 96
Evaluation time: 0.06452
Reproduction time: 0.19443
-----------------------------------------------------------
Generation: 97
Evaluation time: 0.08175
Reproduction time: 0.17955
-----------------------------------------------------------
Generation: 98
Evaluation time: 0.04813
Reproduction time: 0.17104
-----------------------------------------------------------
Generation: 99
Evaluation time: 0.06839
Reproduction time: 0.1915
-----------------------------------------------------------
Generation: 100
Evaluation time: 0.08087
Reproduction time: 0.1853
-----------------------------------------------------------
Generation: 101
Evaluation time: 0.03911
Reproduction time: 0.33877
-----------------------------------------------------------
Generation: 102
Evaluation time: 0.04964
Reproduction time: 0.20544
-----------------------------------------------------------
Generation: 103
Evaluation time: 0.05444
Reproduction time: 0.19646
-----------------------------------------------------------
Generation: 104
Evaluation time: 0.05395
Reproduction time: 0.20859
-----------------------------------------------------------
Generation: 105
Evaluation time: 0.06959
Reproduction time: 0.21334
-----------------------------------------------------------
Generation: 106
Evaluation time: 0.07606
Reproduction time: 0.18577
-----------------------------------------------------------
Generation: 107
Evaluation time: 0.04811
Reproduction time: 0.184
-----------------------------------------------------------
Generation: 108
Evaluation time: 0.07356
Reproduction time: 0.19271
-----------------------------------------------------------
Generation: 109
Evaluation time: 0.04735
Reproduction time: 0.18325
-----------------------------------------------------------
Generation: 110
Evaluation time: 0.07051
Reproduction time: 0.20097
-----------------------------------------------------------
Generation: 111
Evaluation time: 0.04467
Reproduction time: 0.32375
-----------------------------------------------------------
Generation: 112
Evaluation time: 0.06673
Reproduction time: 0.2198
-----------------------------------------------------------
Generation: 113
Evaluation time: 0.04852
Reproduction time: 0.19812
-----------------------------------------------------------
Generation: 114
Evaluation time: 0.04875
Reproduction time: 0.20722
-----------------------------------------------------------
Generation: 115
Evaluation time: 0.07154
Reproduction time: 0.20419
-----------------------------------------------------------
Generation: 116
Evaluation time: 0.07005
Reproduction time: 0.16848
-----------------------------------------------------------
Generation: 117
Evaluation time: 0.07954
Reproduction time: 0.17702
-----------------------------------------------------------
Generation: 118
Evaluation time: 0.07615
Reproduction time: 0.17646
-----------------------------------------------------------
Generation: 119
Evaluation time: 0.04766
Reproduction time: 0.18814
-----------------------------------------------------------
Generation: 120
Evaluation time: 0.04617
Reproduction time: 0.20208
-----------------------------------------------------------
Generation: 121
Evaluation time: 0.06444
Reproduction time: 0.35342
-----------------------------------------------------------
Generation: 122
Evaluation time: 0.04541
Reproduction time: 0.19661
-----------------------------------------------------------
Generation: 123
Evaluation time: 0.07281
Reproduction time: 0.19712
-----------------------------------------------------------
Generation: 124
Evaluation time: 0.06914
Reproduction time: 0.16617
-----------------------------------------------------------
Generation: 125
Evaluation time: 0.06284
Reproduction time: 0.16136
-----------------------------------------------------------
Generation: 126
Evaluation time: 0.05867
Reproduction time: 0.177
-----------------------------------------------------------
Generation: 127
Evaluation time: 0.04668
Reproduction time: 0.20466
-----------------------------------------------------------
Generation: 128
Evaluation time: 0.04651
Reproduction time: 0.19714
-----------------------------------------------------------
Generation: 129
Evaluation time: 0.04714
Reproduction time: 0.20799
-----------------------------------------------------------
Generation: 130
Evaluation time: 0.04632
Reproduction time: 0.21986
-----------------------------------------------------------
Generation: 131
Evaluation time: 0.03811
Reproduction time: 0.40067
-----------------------------------------------------------
Generation: 132
Evaluation time: 0.04836
Reproduction time: 0.21242
-----------------------------------------------------------
Generation: 133
Evaluation time: 0.05333
Reproduction time: 0.20872
-----------------------------------------------------------
Generation: 134
Evaluation time: 0.0707
Reproduction time: 0.18578
-----------------------------------------------------------
Generation: 135
Evaluation time: 0.07447
Reproduction time: 0.17549
-----------------------------------------------------------
Generation: 136
Evaluation time: 0.04857
Reproduction time: 0.16552
-----------------------------------------------------------
Generation: 137
Evaluation time: 0.0717
Reproduction time: 0.18416
-----------------------------------------------------------
Generation: 138
Evaluation time: 0.04729
Reproduction time: 0.17383
-----------------------------------------------------------
Generation: 139
Evaluation time: 0.06913
Reproduction time: 0.18624
-----------------------------------------------------------
Generation: 140
Evaluation time: 0.04804
Reproduction time: 0.16948
-----------------------------------------------------------
Generation: 141
Evaluation time: 0.06224
Reproduction time: 0.37001
-----------------------------------------------------------
Generation: 142
Evaluation time: 0.04605
Reproduction time: 0.21105
-----------------------------------------------------------
Generation: 143
Evaluation time: 0.04715
Reproduction time: 0.21141
-----------------------------------------------------------
Generation: 144
Evaluation time: 0.07313
Reproduction time: 0.18645
-----------------------------------------------------------
Generation: 145
Evaluation time: 0.04774
Reproduction time: 0.17579
-----------------------------------------------------------
Generation: 146
Evaluation time: 0.07226
Reproduction time: 0.16849
-----------------------------------------------------------
Generation: 147
Evaluation time: 0.07387
Reproduction time: 0.16358
-----------------------------------------------------------
Generation: 148
Evaluation time: 0.0476
Reproduction time: 0.17251
-----------------------------------------------------------
Generation: 149
Evaluation time: 0.04701
Reproduction time: 0.21871
-----------------------------------------------------------
Generation: 150
Evaluation time: 0.06486
Reproduction time: 0.194
-----------------------------------------------------------
Generation: 151
Evaluation time: 0.04118
Reproduction time: 0.3659
-----------------------------------------------------------
Generation: 152
Evaluation time: 0.04593
Reproduction time: 0.236
-----------------------------------------------------------
Generation: 153
Evaluation time: 0.04746
Reproduction time: 0.20085
-----------------------------------------------------------
Generation: 154
Evaluation time: 0.07181
Reproduction time: 0.17774
-----------------------------------------------------------
Generation: 155
Evaluation time: 0.04741
Reproduction time: 0.17643
-----------------------------------------------------------
Generation: 156
Evaluation time: 0.04741
Reproduction time: 0.19486
-----------------------------------------------------------
Generation: 157
Evaluation time: 0.06806
Reproduction time: 0.18629
-----------------------------------------------------------
Generation: 158
Evaluation time: 0.08163
Reproduction time: 0.17097
-----------------------------------------------------------
Generation: 159
Evaluation time: 0.0493
Reproduction time: 0.16231
-----------------------------------------------------------
Generation: 160
Evaluation time: 0.06607
Reproduction time: 0.15886
-----------------------------------------------------------
Generation: 161
Evaluation time: 0.06139
Reproduction time: 0.36428
-----------------------------------------------------------
Generation: 162
Evaluation time: 0.06991
Reproduction time: 0.21719
-----------------------------------------------------------
Generation: 163
Evaluation time: 0.05823
Reproduction time: 0.18432
-----------------------------------------------------------
Generation: 164
Evaluation time: 0.04631
Reproduction time: 0.21649
-----------------------------------------------------------
Generation: 165
Evaluation time: 0.04643
Reproduction time: 0.21618
-----------------------------------------------------------
Generation: 166
Evaluation time: 0.04705
Reproduction time: 0.21322
-----------------------------------------------------------
Generation: 167
Evaluation time: 0.04745
Reproduction time: 0.21298
-----------------------------------------------------------
Generation: 168
Evaluation time: 0.04791
Reproduction time: 0.20913
-----------------------------------------------------------
Generation: 169
Evaluation time: 0.04681
Reproduction time: 0.2018
-----------------------------------------------------------
Generation: 170
Evaluation time: 0.0465
Reproduction time: 0.19848
-----------------------------------------------------------
Generation: 171
Evaluation time: 0.06469
Reproduction time: 0.35271
-----------------------------------------------------------
Generation: 172
Evaluation time: 0.05023
Reproduction time: 0.19804
-----------------------------------------------------------
Generation: 173
Evaluation time: 0.0459
Reproduction time: 0.22535
-----------------------------------------------------------
Generation: 174
Evaluation time: 0.05656
Reproduction time: 0.20475
-----------------------------------------------------------
Generation: 175
Evaluation time: 0.04725
Reproduction time: 0.21162
-----------------------------------------------------------
Generation: 176
Evaluation time: 0.04652
Reproduction time: 0.20948
-----------------------------------------------------------
Generation: 177
Evaluation time: 0.04716
Reproduction time: 0.21738
-----------------------------------------------------------
Generation: 178
Evaluation time: 0.04727
Reproduction time: 0.22228
-----------------------------------------------------------
Generation: 179
Evaluation time: 0.04724
Reproduction time: 0.22198
-----------------------------------------------------------
Generation: 180
Evaluation time: 0.04775
Reproduction time: 0.19248
-----------------------------------------------------------
Generation: 181
Evaluation time: 0.03802
Reproduction time: 0.37426
-----------------------------------------------------------
Generation: 182
Evaluation time: 0.04848
Reproduction time: 0.21067
-----------------------------------------------------------
Generation: 183
Evaluation time: 0.05185
Reproduction time: 0.191
-----------------------------------------------------------
Generation: 184
Evaluation time: 0.05186
Reproduction time: 0.1939
-----------------------------------------------------------
Generation: 185
Evaluation time: 0.0526
Reproduction time: 0.20457
-----------------------------------------------------------
Generation: 186
Evaluation time: 0.07403
Reproduction time: 0.17414
-----------------------------------------------------------
Generation: 187
Evaluation time: 0.0467
Reproduction time: 0.16458
-----------------------------------------------------------
Generation: 188
Evaluation time: 0.06646
Reproduction time: 0.17278
-----------------------------------------------------------
Generation: 189
Evaluation time: 0.04567
Reproduction time: 0.15547
-----------------------------------------------------------
Generation: 190
Evaluation time: 0.0378
Reproduction time: 0.16951
-----------------------------------------------------------
Generation: 191
Evaluation time: 0.06189
Reproduction time: 0.36292
-----------------------------------------------------------
Generation: 192
Evaluation time: 0.07018
Reproduction time: 0.18792
-----------------------------------------------------------
Generation: 193
Evaluation time: 0.04794
Reproduction time: 0.19218
-----------------------------------------------------------
Generation: 194
Evaluation time: 0.0712
Reproduction time: 0.1974
-----------------------------------------------------------
Generation: 195
Evaluation time: 0.04798
Reproduction time: 0.21874
-----------------------------------------------------------
Generation: 196
Evaluation time: 0.04924
Reproduction time: 0.21206
-----------------------------------------------------------
Generation: 197
Evaluation time: 0.07104
Reproduction time: 0.18228
-----------------------------------------------------------
Generation: 198
Evaluation time: 0.04781
Reproduction time: 0.16449
-----------------------------------------------------------
Generation: 199
Evaluation time: 0.07494
Reproduction time: 0.17614
-----------------------------------------------------------
Generation: 200
Evaluation time: 0.048
Reproduction time: 0.16689
-----------------------------------------------------------
Generation: 201
Evaluation time: 0.06593
Reproduction time: 0.35226
-----------------------------------------------------------
Generation: 202
Evaluation time: 0.07412
Reproduction time: 0.18379
-----------------------------------------------------------
Generation: 203
Evaluation time: 0.04821
Reproduction time: 0.20129
-----------------------------------------------------------
Generation: 204
Evaluation time: 0.05725
Reproduction time: 0.20683
-----------------------------------------------------------
Generation: 205
Evaluation time: 0.0473
Reproduction time: 0.2173
-----------------------------------------------------------
Generation: 206
Evaluation time: 0.0467
Reproduction time: 0.22507
-----------------------------------------------------------
Generation: 207
Evaluation time: 0.0477
Reproduction time: 0.19524
-----------------------------------------------------------
Generation: 208
Evaluation time: 0.04724
Reproduction time: 0.19657
-----------------------------------------------------------
Generation: 209
Evaluation time: 0.04661
Reproduction time: 0.20306
-----------------------------------------------------------
Generation: 210
Evaluation time: 0.04709
Reproduction time: 0.19103
-----------------------------------------------------------
Generation: 211
Evaluation time: 0.03905
Reproduction time: 0.36667
-----------------------------------------------------------
Generation: 212
Evaluation time: 0.04959
Reproduction time: 0.20429
-----------------------------------------------------------
Generation: 213
Evaluation time: 0.05598
Reproduction time: 0.1955
-----------------------------------------------------------
Generation: 214
Evaluation time: 0.07552
Reproduction time: 0.18497
-----------------------------------------------------------
Generation: 215
Evaluation time: 0.07498
Reproduction time: 0.17211
-----------------------------------------------------------
Generation: 216
Evaluation time: 0.04688
Reproduction time: 0.14805
-----------------------------------------------------------
Generation: 217
Evaluation time: 0.06383
Reproduction time: 0.17785
-----------------------------------------------------------
Generation: 218
Evaluation time: 0.04587
Reproduction time: 0.16885
-----------------------------------------------------------
Generation: 219
Evaluation time: 0.06158
Reproduction time: 0.17087
-----------------------------------------------------------
Generation: 220
Evaluation time: 0.07505
Reproduction time: 0.17402
-----------------------------------------------------------
Generation: 221
Evaluation time: 0.03871
Reproduction time: 0.33348
-----------------------------------------------------------
Generation: 222
Evaluation time: 0.05517
Reproduction time: 0.20666
-----------------------------------------------------------
Generation: 223
Evaluation time: 0.04624
Reproduction time: 0.21748
-----------------------------------------------------------
Generation: 224
Evaluation time: 0.04638
Reproduction time: 0.20916
-----------------------------------------------------------
Generation: 225
Evaluation time: 0.04501
Reproduction time: 0.19537
-----------------------------------------------------------
Generation: 226
Evaluation time: 0.046
Reproduction time: 0.19262
-----------------------------------------------------------
Generation: 227
Evaluation time: 0.04551
Reproduction time: 0.18931
-----------------------------------------------------------
Generation: 228
Evaluation time: 0.04567
Reproduction time: 0.19804
-----------------------------------------------------------
Generation: 229
Evaluation time: 0.04526
Reproduction time: 0.19365
-----------------------------------------------------------
Generation: 230
Evaluation time: 0.0455
Reproduction time: 0.19612
-----------------------------------------------------------
Generation: 231
Evaluation time: 0.06144
Reproduction time: 0.3369
-----------------------------------------------------------
Generation: 232
Evaluation time: 0.06548
Reproduction time: 0.20112
-----------------------------------------------------------
Generation: 233
Evaluation time: 0.0728
Reproduction time: 0.19568
-----------------------------------------------------------
Generation: 234
Evaluation time: 0.07868
Reproduction time: 0.17772
-----------------------------------------------------------
Generation: 235
Evaluation time: 0.07885
Reproduction time: 0.15746
-----------------------------------------------------------
Generation: 236
Evaluation time: 0.04756
Reproduction time: 0.18659
-----------------------------------------------------------
Generation: 237
Evaluation time: 0.04707
Reproduction time: 0.22343
-----------------------------------------------------------
Generation: 238
Evaluation time: 0.07156
Reproduction time: 0.18359
-----------------------------------------------------------
Generation: 239
Evaluation time: 0.04853
Reproduction time: 0.16108
-----------------------------------------------------------
Generation: 240
Evaluation time: 0.04759
Reproduction time: 0.19308
-----------------------------------------------------------
Generation: 241
Evaluation time: 0.06051
Reproduction time: 0.35587
-----------------------------------------------------------
Generation: 242
Evaluation time: 0.06288
Reproduction time: 0.19366
-----------------------------------------------------------
Generation: 243
Evaluation time: 0.07289
Reproduction time: 0.20325
-----------------------------------------------------------
Generation: 244
Evaluation time: 0.07445
Reproduction time: 0.18587
-----------------------------------------------------------
Generation: 245
Evaluation time: 0.07559
Reproduction time: 0.17262
-----------------------------------------------------------
Generation: 246
Evaluation time: 0.05014
Reproduction time: 0.16404
-----------------------------------------------------------
Generation: 247
Evaluation time: 0.04657
Reproduction time: 0.20142
-----------------------------------------------------------
Generation: 248
Evaluation time: 0.06628
Reproduction time: 0.17074
-----------------------------------------------------------
Generation: 249
Evaluation time: 0.06867
Reproduction time: 0.16569
-----------------------------------------------------------
Generation: 250
Evaluation time: 0.06887
Reproduction time: 0.17406
-----------------------------------------------------------
Generation: 251
Evaluation time: 0.06501
Reproduction time: 0.35098
-----------------------------------------------------------
Generation: 252
Evaluation time: 0.07219
Reproduction time: 0.19492
-----------------------------------------------------------
Generation: 253
Evaluation time: 0.06007
Reproduction time: 0.17827
-----------------------------------------------------------
Generation: 254
Evaluation time: 0.06177
Reproduction time: 0.16743
-----------------------------------------------------------
Generation: 255
Evaluation time: 0.04641
Reproduction time: 0.19981
-----------------------------------------------------------
Generation: 256
Evaluation time: 0.04724
Reproduction time: 0.20098
-----------------------------------------------------------
Generation: 257
Evaluation time: 0.04638
Reproduction time: 0.19837
-----------------------------------------------------------
Generation: 258
Evaluation time: 0.04585
Reproduction time: 0.19742
-----------------------------------------------------------
Generation: 259
Evaluation time: 0.0458
Reproduction time: 0.20343
-----------------------------------------------------------
Generation: 260
Evaluation time: 0.0688
Reproduction time: 0.19932
-----------------------------------------------------------
Generation: 261
Evaluation time: 0.06308
Reproduction time: 0.35374
-----------------------------------------------------------
Generation: 262
Evaluation time: 0.07299
Reproduction time: 0.19306
-----------------------------------------------------------
Generation: 263
Evaluation time: 0.06922
Reproduction time: 0.16672
-----------------------------------------------------------
Generation: 264
Evaluation time: 0.06318
Reproduction time: 0.17009
-----------------------------------------------------------
Generation: 265
Evaluation time: 0.04737
Reproduction time: 0.20539
-----------------------------------------------------------
Generation: 266
Evaluation time: 0.06564
Reproduction time: 0.17833
-----------------------------------------------------------
Generation: 267
Evaluation time: 0.06144
Reproduction time: 0.18565
-----------------------------------------------------------
Generation: 268
Evaluation time: 0.04775
Reproduction time: 0.20445
-----------------------------------------------------------
Generation: 269
Evaluation time: 0.06703
Reproduction time: 0.15137
-----------------------------------------------------------
Generation: 270
Evaluation time: 0.07133
Reproduction time: 0.17643
-----------------------------------------------------------
Generation: 271
Evaluation time: 0.06431
Reproduction time: 0.35782
-----------------------------------------------------------
Generation: 272
Evaluation time: 0.04554
Reproduction time: 0.19054
-----------------------------------------------------------
Generation: 273
Evaluation time: 0.07125
Reproduction time: 0.19879
-----------------------------------------------------------
Generation: 274
Evaluation time: 0.0677
Reproduction time: 0.17433
-----------------------------------------------------------
Generation: 275
Evaluation time: 0.05892
Reproduction time: 0.18059
-----------------------------------------------------------
Generation: 276
Evaluation time: 0.04623
Reproduction time: 0.21651
-----------------------------------------------------------
Generation: 277
Evaluation time: 0.06161
Reproduction time: 0.1898
-----------------------------------------------------------
Generation: 278
Evaluation time: 0.07446
Reproduction time: 0.17637
-----------------------------------------------------------
Generation: 279
Evaluation time: 0.07634
Reproduction time: 0.18407
-----------------------------------------------------------
Generation: 280
Evaluation time: 0.04676
Reproduction time: 0.15999
-----------------------------------------------------------
Generation: 281
Evaluation time: 0.0426
Reproduction time: 0.35177
-----------------------------------------------------------
Generation: 282
Evaluation time: 0.04555
Reproduction time: 0.20449
-----------------------------------------------------------
Generation: 283
Evaluation time: 0.06532
Reproduction time: 0.19464
-----------------------------------------------------------
Generation: 284
Evaluation time: 0.06054
Reproduction time: 0.174
-----------------------------------------------------------
Generation: 285
Evaluation time: 0.04626
Reproduction time: 0.19763
-----------------------------------------------------------
Generation: 286
Evaluation time: 0.05822
Reproduction time: 0.20717
-----------------------------------------------------------
Generation: 287
Evaluation time: 0.04597
Reproduction time: 0.21373
-----------------------------------------------------------
Generation: 288
Evaluation time: 0.06222
Reproduction time: 0.19241
-----------------------------------------------------------
Generation: 289
Evaluation time: 0.07449
Reproduction time: 0.18699
-----------------------------------------------------------
Generation: 290
Evaluation time: 0.07426
Reproduction time: 0.1835
-----------------------------------------------------------
Generation: 291
Evaluation time: 0.03836
Reproduction time: 0.34137
-----------------------------------------------------------
Generation: 292
Evaluation time: 0.05183
Reproduction time: 0.19381
-----------------------------------------------------------
Generation: 293
Evaluation time: 0.04662
Reproduction time: 0.20098
-----------------------------------------------------------
Generation: 294
Evaluation time: 0.04595
Reproduction time: 0.20595
-----------------------------------------------------------
Generation: 295
Evaluation time: 0.04642
Reproduction time: 0.19673
-----------------------------------------------------------
Generation: 296
Evaluation time: 0.0469
Reproduction time: 0.19662
-----------------------------------------------------------
Generation: 297
Evaluation time: 0.04634
Reproduction time: 0.19633
-----------------------------------------------------------
Generation: 298
Evaluation time: 0.04785
Reproduction time: 0.19018
-----------------------------------------------------------
Generation: 299
Evaluation time: 0.04654
Reproduction time: 0.19038
-----------------------------------------------------------
Generation: 300
Evaluation time: 0.04665
Reproduction time: 0.18948
-----------------------------------------------------------
Generation: 301
Evaluation time: 0.06123
Reproduction time: 0.3362
-----------------------------------------------------------
Generation: 302
Evaluation time: 0.06827
Reproduction time: 0.17445
-----------------------------------------------------------
Generation: 303
Evaluation time: 0.04704
Reproduction time: 0.20527
-----------------------------------------------------------
Generation: 304
Evaluation time: 0.05762
Reproduction time: 0.19541
-----------------------------------------------------------
Generation: 305
Evaluation time: 0.04736
Reproduction time: 0.20905
-----------------------------------------------------------
Generation: 306
Evaluation time: 0.06396
Reproduction time: 0.16844
-----------------------------------------------------------
Generation: 307
Evaluation time: 0.07725
Reproduction time: 0.17246
-----------------------------------------------------------
Generation: 308
Evaluation time: 0.04979
Reproduction time: 0.17288
-----------------------------------------------------------
Generation: 309
Evaluation time: 0.04711
Reproduction time: 0.19932
-----------------------------------------------------------
Generation: 310
Evaluation time: 0.06807
Reproduction time: 0.17051
-----------------------------------------------------------
Generation: 311
Evaluation time: 0.06786
Reproduction time: 0.35268
-----------------------------------------------------------
Generation: 312
Evaluation time: 0.07178
Reproduction time: 0.19241
-----------------------------------------------------------
Generation: 313
Evaluation time: 0.05785
Reproduction time: 0.18129
-----------------------------------------------------------
Generation: 314
Evaluation time: 0.04595
Reproduction time: 0.20125
-----------------------------------------------------------
Generation: 315
Evaluation time: 0.05888
Reproduction time: 0.21518
-----------------------------------------------------------
Generation: 316
Evaluation time: 0.05999
Reproduction time: 0.16359
-----------------------------------------------------------
Generation: 317
Evaluation time: 0.05959
Reproduction time: 0.17081
-----------------------------------------------------------
Generation: 318
Evaluation time: 0.04542
Reproduction time: 0.19966
-----------------------------------------------------------
Generation: 319
Evaluation time: 0.04655
Reproduction time: 0.2109
-----------------------------------------------------------
Generation: 320
Evaluation time: 0.04592
Reproduction time: 0.20925
-----------------------------------------------------------
Generation: 321
Evaluation time: 0.0435
Reproduction time: 0.34628
-----------------------------------------------------------
Generation: 322
Evaluation time: 0.04596
Reproduction time: 0.21672
-----------------------------------------------------------
Generation: 323
Evaluation time: 0.06592
Reproduction time: 0.19402
-----------------------------------------------------------
Generation: 324
Evaluation time: 0.06069
Reproduction time: 0.17302
-----------------------------------------------------------
Generation: 325
Evaluation time: 0.04634
Reproduction time: 0.19164
-----------------------------------------------------------
Generation: 326
Evaluation time: 0.05788
Reproduction time: 0.20183
-----------------------------------------------------------
Generation: 327
Evaluation time: 0.04687
Reproduction time: 0.20133
-----------------------------------------------------------
Generation: 328
Evaluation time: 0.06299
Reproduction time: 0.18694
-----------------------------------------------------------
Generation: 329
Evaluation time: 0.06567
Reproduction time: 0.1829
-----------------------------------------------------------
Generation: 330
Evaluation time: 0.07454
Reproduction time: 0.18865
-----------------------------------------------------------
Generation: 331
Evaluation time: 0.03843
Reproduction time: 0.34846
-----------------------------------------------------------
Generation: 332
Evaluation time: 0.04766
Reproduction time: 0.21342
-----------------------------------------------------------
Generation: 333
Evaluation time: 0.05446
Reproduction time: 0.19375
-----------------------------------------------------------
Generation: 334
Evaluation time: 0.06992
Reproduction time: 0.19561
-----------------------------------------------------------
Generation: 335
Evaluation time: 0.07393
Reproduction time: 0.1811
-----------------------------------------------------------
Generation: 336
Evaluation time: 0.04837
Reproduction time: 0.17129
-----------------------------------------------------------
Generation: 337
Evaluation time: 0.06507
Reproduction time: 0.17321
-----------------------------------------------------------
Generation: 338
Evaluation time: 0.04608
Reproduction time: 0.16597
-----------------------------------------------------------
Generation: 339
Evaluation time: 0.04625
Reproduction time: 0.20106
-----------------------------------------------------------
Generation: 340
Evaluation time: 0.03758
Reproduction time: 0.17945
-----------------------------------------------------------
Generation: 341
Evaluation time: 0.06179
Reproduction time: 0.3467
-----------------------------------------------------------
Generation: 342
Evaluation time: 0.07002
Reproduction time: 0.1931
-----------------------------------------------------------
Generation: 343
Evaluation time: 0.04635
Reproduction time: 0.19168
-----------------------------------------------------------
Generation: 344
Evaluation time: 0.07098
Reproduction time: 0.19991
-----------------------------------------------------------
Generation: 345
Evaluation time: 0.0625
Reproduction time: 0.17435
-----------------------------------------------------------
Generation: 346
Evaluation time: 0.06345
Reproduction time: 0.17101
-----------------------------------------------------------
Generation: 347
Evaluation time: 0.06124
Reproduction time: 0.16885
-----------------------------------------------------------
Generation: 348
Evaluation time: 0.04809
Reproduction time: 0.20967
-----------------------------------------------------------
Generation: 349
Evaluation time: 0.06336
Reproduction time: 0.17833
-----------------------------------------------------------
Generation: 350
Evaluation time: 0.0739
Reproduction time: 0.1837
-----------------------------------------------------------
Generation: 351
Evaluation time: 0.03878
Reproduction time: 0.37198
-----------------------------------------------------------
Generation: 352
Evaluation time: 0.05027
Reproduction time: 0.19901
-----------------------------------------------------------
Generation: 353
Evaluation time: 0.07295
Reproduction time: 0.19359
-----------------------------------------------------------
Generation: 354
Evaluation time: 0.07589
Reproduction time: 0.17051
-----------------------------------------------------------
Generation: 355
Evaluation time: 0.04744
Reproduction time: 0.15928
-----------------------------------------------------------
Generation: 356
Evaluation time: 0.06441
Reproduction time: 0.15237
-----------------------------------------------------------
Generation: 357
Evaluation time: 0.08017
Reproduction time: 0.17373
-----------------------------------------------------------
Generation: 358
Evaluation time: 0.04756
Reproduction time: 0.17014
-----------------------------------------------------------
Generation: 359
Evaluation time: 0.06169
Reproduction time: 0.17508
-----------------------------------------------------------
Generation: 360
Evaluation time: 0.07339
Reproduction time: 0.18289
-----------------------------------------------------------
Generation: 361
Evaluation time: 0.06076
Reproduction time: 0.32686
-----------------------------------------------------------
Generation: 362
Evaluation time: 0.05556
Reproduction time: 0.18035
-----------------------------------------------------------
Generation: 363
Evaluation time: 0.04573
Reproduction time: 0.18091
-----------------------------------------------------------
Generation: 364
Evaluation time: 0.04519
Reproduction time: 0.20453
-----------------------------------------------------------
Generation: 365
Evaluation time: 0.04588
Reproduction time: 0.18753
-----------------------------------------------------------
Generation: 366
Evaluation time: 0.04564
Reproduction time: 0.19659
-----------------------------------------------------------
Generation: 367
Evaluation time: 0.04495
Reproduction time: 0.20814
-----------------------------------------------------------
Generation: 368
Evaluation time: 0.04502
Reproduction time: 0.20338
-----------------------------------------------------------
Generation: 369
Evaluation time: 0.04536
Reproduction time: 0.20641
-----------------------------------------------------------
Generation: 370
Evaluation time: 0.04572
Reproduction time: 0.20204
-----------------------------------------------------------
Generation: 371
Evaluation time: 0.04445
Reproduction time: 0.33319
-----------------------------------------------------------
Generation: 372
Evaluation time: 0.04526
Reproduction time: 0.21427
-----------------------------------------------------------
Generation: 373
Evaluation time: 0.06395
Reproduction time: 0.18898
-----------------------------------------------------------
Generation: 374
Evaluation time: 0.04674
Reproduction time: 0.21711
-----------------------------------------------------------
Generation: 375
Evaluation time: 0.0633
Reproduction time: 0.19014
-----------------------------------------------------------
Generation: 376
Evaluation time: 0.04797
Reproduction time: 0.218
-----------------------------------------------------------
Generation: 377
Evaluation time: 0.07077
Reproduction time: 0.17796
-----------------------------------------------------------
Generation: 378
Evaluation time: 0.04785
Reproduction time: 0.1623
-----------------------------------------------------------
Generation: 379
Evaluation time: 0.07132
Reproduction time: 0.17112
-----------------------------------------------------------
Generation: 380
Evaluation time: 0.04758
Reproduction time: 0.15459
-----------------------------------------------------------
Generation: 381
Evaluation time: 0.06374
Reproduction time: 0.3493
-----------------------------------------------------------
Generation: 382
Evaluation time: 0.07211
Reproduction time: 0.17676
-----------------------------------------------------------
Generation: 383
Evaluation time: 0.04581
Reproduction time: 0.19968
-----------------------------------------------------------
Generation: 384
Evaluation time: 0.06364
Reproduction time: 0.1964
-----------------------------------------------------------
Generation: 385
Evaluation time: 0.04896
Reproduction time: 0.19557
-----------------------------------------------------------
Generation: 386
Evaluation time: 0.06553
Reproduction time: 0.18069
-----------------------------------------------------------
Generation: 387
Evaluation time: 0.07622
Reproduction time: 0.17712
-----------------------------------------------------------
Generation: 388
Evaluation time: 0.08237
Reproduction time: 0.17239
-----------------------------------------------------------
Generation: 389
Evaluation time: 0.04948
Reproduction time: 0.17788
-----------------------------------------------------------
Generation: 390
Evaluation time: 0.04774
Reproduction time: 0.23232
-----------------------------------------------------------
Generation: 391
Evaluation time: 0.05873
Reproduction time: 0.38164
-----------------------------------------------------------
Generation: 392
Evaluation time: 0.05341
Reproduction time: 0.16664
-----------------------------------------------------------
Generation: 393
Evaluation time: 0.05796
Reproduction time: 0.164
-----------------------------------------------------------
Generation: 394
Evaluation time: 0.0572
Reproduction time: 0.17154
-----------------------------------------------------------
Generation: 395
Evaluation time: 0.05692
Reproduction time: 0.17053
-----------------------------------------------------------
Generation: 396
Evaluation time: 0.05698
Reproduction time: 0.17244
-----------------------------------------------------------
Generation: 397
Evaluation time: 0.05797
Reproduction time: 0.16854
-----------------------------------------------------------
Generation: 398
Evaluation time: 0.05758
Reproduction time: 0.16931
-----------------------------------------------------------
Generation: 399
Evaluation time: 0.05693
Reproduction time: 0.16885
-----------------------------------------------------------
Generation: 400
Evaluation time: 0.05636
Reproduction time: 0.17321
-----------------------------------------------------------
Generation: 401
Evaluation time: 0.06276
Reproduction time: 0.33411
-----------------------------------------------------------
Generation: 402
Evaluation time: 0.0695
Reproduction time: 0.19002
-----------------------------------------------------------
Generation: 403
Evaluation time: 0.04724
Reproduction time: 0.19309
-----------------------------------------------------------
Generation: 404
Evaluation time: 0.04794
Reproduction time: 0.18618
-----------------------------------------------------------
Generation: 405
Evaluation time: 0.04705
Reproduction time: 0.20842
-----------------------------------------------------------
Generation: 406
Evaluation time: 0.07035
Reproduction time: 0.17454
-----------------------------------------------------------
Generation: 407
Evaluation time: 0.04843
Reproduction time: 0.16782
-----------------------------------------------------------
Generation: 408
Evaluation time: 0.04679
Reproduction time: 0.18461
-----------------------------------------------------------
Generation: 409
Evaluation time: 0.06531
Reproduction time: 0.17671
-----------------------------------------------------------
Generation: 410
Evaluation time: 0.071
Reproduction time: 0.18974
-----------------------------------------------------------
Generation: 411
Evaluation time: 0.03809
Reproduction time: 0.37356
-----------------------------------------------------------
Generation: 412
Evaluation time: 0.04909
Reproduction time: 0.21463
-----------------------------------------------------------
Generation: 413
Evaluation time: 0.05402
Reproduction time: 0.20153
-----------------------------------------------------------
Generation: 414
Evaluation time: 0.05454
Reproduction time: 0.20924
-----------------------------------------------------------
Generation: 415
Evaluation time: 0.06915
Reproduction time: 0.20318
-----------------------------------------------------------
Generation: 416
Evaluation time: 0.07727
Reproduction time: 0.18182
-----------------------------------------------------------
Generation: 417
Evaluation time: 0.04601
Reproduction time: 0.17242
-----------------------------------------------------------
Generation: 418
Evaluation time: 0.03798
Reproduction time: 0.17054
-----------------------------------------------------------
Generation: 419
Evaluation time: 0.06084
Reproduction time: 0.16915
-----------------------------------------------------------
Generation: 420
Evaluation time: 0.0455
Reproduction time: 0.17186
-----------------------------------------------------------
Generation: 421
Evaluation time: 0.03814
Reproduction time: 0.35515
-----------------------------------------------------------
Generation: 422
Evaluation time: 0.05189
Reproduction time: 0.19235
-----------------------------------------------------------
Generation: 423
Evaluation time: 0.06908
Reproduction time: 0.18367
-----------------------------------------------------------
Generation: 424
Evaluation time: 0.06947
Reproduction time: 0.17406
-----------------------------------------------------------
Generation: 425
Evaluation time: 0.07384
Reproduction time: 0.17926
-----------------------------------------------------------
Generation: 426
Evaluation time: 0.04772
Reproduction time: 0.17352
-----------------------------------------------------------
Generation: 427
Evaluation time: 0.06293
Reproduction time: 0.16493
-----------------------------------------------------------
Generation: 428
Evaluation time: 0.07548
Reproduction time: 0.16327
-----------------------------------------------------------
Generation: 429
Evaluation time: 0.04724
Reproduction time: 0.13701
-----------------------------------------------------------
Generation: 430
Evaluation time: 0.04693
Reproduction time: 0.18899
-----------------------------------------------------------
Generation: 431
Evaluation time: 0.06251
Reproduction time: 0.35111
-----------------------------------------------------------
Generation: 432
Evaluation time: 0.0808
Reproduction time: 0.17226
-----------------------------------------------------------
Generation: 433
Evaluation time: 0.04831
Reproduction time: 0.19139
-----------------------------------------------------------
Generation: 434
Evaluation time: 0.04774
Reproduction time: 0.19911
-----------------------------------------------------------
Generation: 435
Evaluation time: 0.06595
Reproduction time: 0.19997
-----------------------------------------------------------
Generation: 436
Evaluation time: 0.04799
Reproduction time: 0.21377
-----------------------------------------------------------
Generation: 437
Evaluation time: 0.07056
Reproduction time: 0.19573
-----------------------------------------------------------
Generation: 438
Evaluation time: 0.07851
Reproduction time: 0.17151
-----------------------------------------------------------
Generation: 439
Evaluation time: 0.04916
Reproduction time: 0.17133
-----------------------------------------------------------
Generation: 440
Evaluation time: 0.0667
Reproduction time: 0.1851
-----------------------------------------------------------
Generation: 441
Evaluation time: 0.03839
Reproduction time: 0.37664
-----------------------------------------------------------
Generation: 442
Evaluation time: 0.04986
Reproduction time: 0.21158
-----------------------------------------------------------
Generation: 443
Evaluation time: 0.05445
Reproduction time: 0.19912
-----------------------------------------------------------
Generation: 444
Evaluation time: 0.05806
Reproduction time: 0.18678
-----------------------------------------------------------
Generation: 445
Evaluation time: 0.06379
Reproduction time: 0.16333
-----------------------------------------------------------
Generation: 446
Evaluation time: 0.04603
Reproduction time: 0.17016
-----------------------------------------------------------
Generation: 447
Evaluation time: 0.06017
Reproduction time: 0.17237
-----------------------------------------------------------
Generation: 448
Evaluation time: 0.04642
Reproduction time: 0.17979
-----------------------------------------------------------
Generation: 449
Evaluation time: 0.04589
Reproduction time: 0.2052
-----------------------------------------------------------
Generation: 450
Evaluation time: 0.03935
Reproduction time: 0.17311
-----------------------------------------------------------
Generation: 451
Evaluation time: 0.06206
Reproduction time: 0.35861
-----------------------------------------------------------
Generation: 452
Evaluation time: 0.06909
Reproduction time: 0.18471
-----------------------------------------------------------
Generation: 453
Evaluation time: 0.04833
Reproduction time: 0.19173
-----------------------------------------------------------
Generation: 454
Evaluation time: 0.04859
Reproduction time: 0.19783
-----------------------------------------------------------
Generation: 455
Evaluation time: 0.04653
Reproduction time: 0.18586
-----------------------------------------------------------
Generation: 456
Evaluation time: 0.07236
Reproduction time: 0.16761
-----------------------------------------------------------
Generation: 457
Evaluation time: 0.04725
Reproduction time: 0.15865
-----------------------------------------------------------
Generation: 458
Evaluation time: 0.0464
Reproduction time: 0.19285
-----------------------------------------------------------
Generation: 459
Evaluation time: 0.04756
Reproduction time: 0.2103
-----------------------------------------------------------
Generation: 460
Evaluation time: 0.0751
Reproduction time: 0.18794
-----------------------------------------------------------
Generation: 461
Evaluation time: 0.03892
Reproduction time: 0.32186
-----------------------------------------------------------
Generation: 462
Evaluation time: 0.04857
Reproduction time: 0.20771
-----------------------------------------------------------
Generation: 463
Evaluation time: 0.05113
Reproduction time: 0.20692
-----------------------------------------------------------
Generation: 464
Evaluation time: 0.05257
Reproduction time: 0.18875
-----------------------------------------------------------
Generation: 465
Evaluation time: 0.07015
Reproduction time: 0.19215
-----------------------------------------------------------
Generation: 466
Evaluation time: 0.04634
Reproduction time: 0.16744
-----------------------------------------------------------
Generation: 467
Evaluation time: 0.05889
Reproduction time: 0.15638
-----------------------------------------------------------
Generation: 468
Evaluation time: 0.04487
Reproduction time: 0.15977
-----------------------------------------------------------
Generation: 469
Evaluation time: 0.06778
Reproduction time: 0.16696
-----------------------------------------------------------
Generation: 470
Evaluation time: 0.045
Reproduction time: 0.16003
-----------------------------------------------------------
Generation: 471
Evaluation time: 0.06276
Reproduction time: 0.35233
-----------------------------------------------------------
Generation: 472
Evaluation time: 0.04613
Reproduction time: 0.18658
-----------------------------------------------------------
Generation: 473
Evaluation time: 0.06266
Reproduction time: 0.20128
-----------------------------------------------------------
Generation: 474
Evaluation time: 0.06227
Reproduction time: 0.16912
-----------------------------------------------------------
Generation: 475
Evaluation time: 0.04584
Reproduction time: 0.19733
-----------------------------------------------------------
Generation: 476
Evaluation time: 0.06263
Reproduction time: 0.17391
-----------------------------------------------------------
Generation: 477
Evaluation time: 0.06497
Reproduction time: 0.1699
-----------------------------------------------------------
Generation: 478
Evaluation time: 0.064
Reproduction time: 0.16937
-----------------------------------------------------------
Generation: 479
Evaluation time: 0.06465
Reproduction time: 0.17164
-----------------------------------------------------------
Generation: 480
Evaluation time: 0.06403
Reproduction time: 0.1751
-----------------------------------------------------------
Generation: 481
Evaluation time: 0.06359
Reproduction time: 0.3505
-----------------------------------------------------------
Generation: 482
Evaluation time: 0.07257
Reproduction time: 0.19879
-----------------------------------------------------------
Generation: 483
Evaluation time: 0.06807
Reproduction time: 0.16578
-----------------------------------------------------------
Generation: 484
Evaluation time: 0.06467
Reproduction time: 0.17363
-----------------------------------------------------------
Generation: 485
Evaluation time: 0.06247
Reproduction time: 0.17506
-----------------------------------------------------------
Generation: 486
Evaluation time: 0.04749
Reproduction time: 0.18843
-----------------------------------------------------------
Generation: 487
Evaluation time: 0.04684
Reproduction time: 0.19724
-----------------------------------------------------------
Generation: 488
Evaluation time: 0.04756
Reproduction time: 0.20156
-----------------------------------------------------------
Generation: 489
Evaluation time: 0.04735
Reproduction time: 0.20426
-----------------------------------------------------------
Generation: 490
Evaluation time: 0.04733
Reproduction time: 0.19688
-----------------------------------------------------------
Generation: 491
Evaluation time: 0.03924
Reproduction time: 0.36017
-----------------------------------------------------------
Generation: 492
Evaluation time: 0.04588
Reproduction time: 0.23478
-----------------------------------------------------------
Generation: 493
Evaluation time: 0.04709
Reproduction time: 0.21092
-----------------------------------------------------------
Generation: 494
Evaluation time: 0.06316
Reproduction time: 0.21167
-----------------------------------------------------------
Generation: 495
Evaluation time: 0.06471
Reproduction time: 0.18476
-----------------------------------------------------------
Generation: 496
Evaluation time: 0.08271
Reproduction time: 0.17923
-----------------------------------------------------------
Generation: 497
Evaluation time: 0.04844
Reproduction time: 0.17287
-----------------------------------------------------------
Generation: 498
Evaluation time: 0.07059
Reproduction time: 0.17567
-----------------------------------------------------------
Generation: 499
Evaluation time: 0.04848
Reproduction time: 0.17361
-----------------------------------------------------------
Generation: 500
Evaluation time: 0.0733
Reproduction time: 0.17191
-----------------------------------------------------------
Generation: 501
Evaluation time: 0.03874
Reproduction time: 0.349
-----------------------------------------------------------
Generation: 502
Evaluation time: 0.05416
Reproduction time: 0.20881
-----------------------------------------------------------
Generation: 503
Evaluation time: 0.04513
Reproduction time: 0.21083
-----------------------------------------------------------
Generation: 504
Evaluation time: 0.04494
Reproduction time: 0.20329
-----------------------------------------------------------
Generation: 505
Evaluation time: 0.04589
Reproduction time: 0.20828
-----------------------------------------------------------
Generation: 506
Evaluation time: 0.04554
Reproduction time: 0.19618
-----------------------------------------------------------
Generation: 507
Evaluation time: 0.04742
Reproduction time: 0.2
-----------------------------------------------------------
Generation: 508
Evaluation time: 0.0457
Reproduction time: 0.20229
-----------------------------------------------------------
Generation: 509
Evaluation time: 0.04695
Reproduction time: 0.20393
-----------------------------------------------------------
Generation: 510
Evaluation time: 0.04614
Reproduction time: 0.20643
-----------------------------------------------------------
Generation: 511
Evaluation time: 0.03864
Reproduction time: 0.34948
-----------------------------------------------------------
Generation: 512
Evaluation time: 0.05507
Reproduction time: 0.19913
-----------------------------------------------------------
Generation: 513
Evaluation time: 0.04652
Reproduction time: 0.18823
