dc43e6b329e33066069be8493e19c2dbaea01d1d
-----------------------------------------------------------
Generation: 1
Evaluation time: 1.52292
Reproduction time: 0.0
-----------------------------------------------------------
Generation: 2
Evaluation time: 0.0508
Reproduction time: 2.05741
-----------------------------------------------------------
Generation: 3
Evaluation time: 0.04467
Reproduction time: 0.17266
-----------------------------------------------------------
Generation: 4
Evaluation time: 0.04777
Reproduction time: 0.17368
-----------------------------------------------------------
Generation: 5
Evaluation time: 0.07606
Reproduction time: 0.15857
-----------------------------------------------------------
Generation: 6
Evaluation time: 0.0745
Reproduction time: 0.1328
-----------------------------------------------------------
Generation: 7
Evaluation time: 0.06974
Reproduction time: 0.12034
-----------------------------------------------------------
Generation: 8
Evaluation time: 0.06044
Reproduction time: 0.12811
-----------------------------------------------------------
Generation: 9
Evaluation time: 0.06597
Reproduction time: 0.12222
-----------------------------------------------------------
Generation: 10
Evaluation time: 0.04929
Reproduction time: 0.16026
-----------------------------------------------------------
Generation: 11
Evaluation time: 0.04028
Reproduction time: 0.41738
-----------------------------------------------------------
Generation: 12
Evaluation time: 0.04366
Reproduction time: 0.24549
-----------------------------------------------------------
Generation: 13
Evaluation time: 0.0424
Reproduction time: 0.21711
-----------------------------------------------------------
Generation: 14
Evaluation time: 0.05293
Reproduction time: 0.2058
-----------------------------------------------------------
Generation: 15
Evaluation time: 0.06939
Reproduction time: 0.16737
-----------------------------------------------------------
Generation: 16
Evaluation time: 0.04395
Reproduction time: 0.1512
-----------------------------------------------------------
Generation: 17
Evaluation time: 0.04244
Reproduction time: 0.19007
-----------------------------------------------------------
Generation: 18
Evaluation time: 0.05916
Reproduction time: 0.16883
-----------------------------------------------------------
Generation: 19
Evaluation time: 0.07669
Reproduction time: 0.17101
-----------------------------------------------------------
Generation: 20
Evaluation time: 0.04279
Reproduction time: 0.14285
-----------------------------------------------------------
Generation: 21
Evaluation time: 0.06372
Reproduction time: 0.36778
-----------------------------------------------------------
Generation: 22
Evaluation time: 0.06649
Reproduction time: 0.19331
-----------------------------------------------------------
Generation: 23
Evaluation time: 0.04421
Reproduction time: 0.19682
-----------------------------------------------------------
Generation: 24
Evaluation time: 0.04417
Reproduction time: 0.19485
-----------------------------------------------------------
Generation: 25
Evaluation time: 0.05972
Reproduction time: 0.19198
-----------------------------------------------------------
Generation: 26
Evaluation time: 0.04345
Reproduction time: 0.20726
-----------------------------------------------------------
Generation: 27
Evaluation time: 0.06579
Reproduction time: 0.18468
-----------------------------------------------------------
Generation: 28
Evaluation time: 0.07135
Reproduction time: 0.17131
-----------------------------------------------------------
Generation: 29
Evaluation time: 0.04584
Reproduction time: 0.16689
-----------------------------------------------------------
Generation: 30
Evaluation time: 0.05823
Reproduction time: 0.15734
-----------------------------------------------------------
Generation: 31
Evaluation time: 0.06231
Reproduction time: 0.35634
-----------------------------------------------------------
Generation: 32
Evaluation time: 0.04102
Reproduction time: 0.17826
-----------------------------------------------------------
Generation: 33
Evaluation time: 0.07002
Reproduction time: 0.19402
-----------------------------------------------------------
Generation: 34
Evaluation time: 0.0644
Reproduction time: 0.18119
-----------------------------------------------------------
Generation: 35
Evaluation time: 0.05485
Reproduction time: 0.18913
-----------------------------------------------------------
Generation: 36
Evaluation time: 0.04263
Reproduction time: 0.21831
-----------------------------------------------------------
Generation: 37
Evaluation time: 0.04065
Reproduction time: 0.21875
-----------------------------------------------------------
Generation: 38
Evaluation time: 0.04076
Reproduction time: 0.2093
-----------------------------------------------------------
Generation: 39
Evaluation time: 0.04093
Reproduction time: 0.20546
-----------------------------------------------------------
Generation: 40
Evaluation time: 0.04109
Reproduction time: 0.20632
-----------------------------------------------------------
Generation: 41
Evaluation time: 0.03818
Reproduction time: 0.36229
-----------------------------------------------------------
Generation: 42
Evaluation time: 0.05615
Reproduction time: 0.20002
-----------------------------------------------------------
Generation: 43
Evaluation time: 0.05928
Reproduction time: 0.16878
-----------------------------------------------------------
Generation: 44
Evaluation time: 0.05929
Reproduction time: 0.17174
-----------------------------------------------------------
Generation: 45
Evaluation time: 0.04562
Reproduction time: 0.19785
-----------------------------------------------------------
Generation: 46
Evaluation time: 0.0449
Reproduction time: 0.20295
-----------------------------------------------------------
Generation: 47
Evaluation time: 0.04379
Reproduction time: 0.20961
-----------------------------------------------------------
Generation: 48
Evaluation time: 0.04433
Reproduction time: 0.19827
-----------------------------------------------------------
Generation: 49
Evaluation time: 0.04487
Reproduction time: 0.18433
-----------------------------------------------------------
Generation: 50
Evaluation time: 0.0448
Reproduction time: 0.19194
-----------------------------------------------------------
Generation: 51
Evaluation time: 0.06108
Reproduction time: 0.33711
-----------------------------------------------------------
Generation: 52
Evaluation time: 0.06288
Reproduction time: 0.20337
-----------------------------------------------------------
Generation: 53
Evaluation time: 0.04683
Reproduction time: 0.18848
-----------------------------------------------------------
Generation: 54
Evaluation time: 0.06826
Reproduction time: 0.19137
-----------------------------------------------------------
Generation: 55
Evaluation time: 0.06457
Reproduction time: 0.1617
-----------------------------------------------------------
Generation: 56
Evaluation time: 0.06214
Reproduction time: 0.179
-----------------------------------------------------------
Generation: 57
Evaluation time: 0.06148
Reproduction time: 0.19034
-----------------------------------------------------------
Generation: 58
Evaluation time: 0.04543
Reproduction time: 0.2154
-----------------------------------------------------------
Generation: 59
Evaluation time: 0.04547
Reproduction time: 0.21208
-----------------------------------------------------------
Generation: 60
Evaluation time: 0.0667
Reproduction time: 0.18281
-----------------------------------------------------------
Generation: 61
Evaluation time: 0.04643
Reproduction time: 0.30993
-----------------------------------------------------------
Generation: 62
Evaluation time: 0.04281
Reproduction time: 0.22298
-----------------------------------------------------------
Generation: 63
Evaluation time: 0.06102
Reproduction time: 0.19529
-----------------------------------------------------------
Generation: 64
Evaluation time: 0.05905
Reproduction time: 0.17454
-----------------------------------------------------------
Generation: 65
Evaluation time: 0.04455
Reproduction time: 0.19193
-----------------------------------------------------------
Generation: 66
Evaluation time: 0.05968
Reproduction time: 0.18421
-----------------------------------------------------------
Generation: 67
Evaluation time: 0.04491
Reproduction time: 0.18911
-----------------------------------------------------------
Generation: 68
Evaluation time: 0.05917
Reproduction time: 0.1646
-----------------------------------------------------------
Generation: 69
Evaluation time: 0.06753
Reproduction time: 0.17403
-----------------------------------------------------------
Generation: 70
Evaluation time: 0.06857
Reproduction time: 0.18571
-----------------------------------------------------------
Generation: 71
Evaluation time: 0.03817
Reproduction time: 0.37475
-----------------------------------------------------------
Generation: 72
Evaluation time: 0.04767
Reproduction time: 0.22631
-----------------------------------------------------------
Generation: 73
Evaluation time: 0.05361
Reproduction time: 0.19803
-----------------------------------------------------------
Generation: 74
Evaluation time: 0.04471
Reproduction time: 0.19809
-----------------------------------------------------------
Generation: 75
Evaluation time: 0.05967
Reproduction time: 0.16996
-----------------------------------------------------------
Generation: 76
Evaluation time: 0.06982
Reproduction time: 0.17211
-----------------------------------------------------------
Generation: 77
Evaluation time: 0.04462
Reproduction time: 0.17258
-----------------------------------------------------------
Generation: 78
Evaluation time: 0.04535
Reproduction time: 0.19488
-----------------------------------------------------------
Generation: 79
Evaluation time: 0.06297
Reproduction time: 0.17544
-----------------------------------------------------------
Generation: 80
Evaluation time: 0.04576
Reproduction time: 0.16981
-----------------------------------------------------------
Generation: 81
Evaluation time: 0.06235
Reproduction time: 0.34882
-----------------------------------------------------------
Generation: 82
Evaluation time: 0.06874
Reproduction time: 0.2009
-----------------------------------------------------------
Generation: 83
Evaluation time: 0.04719
Reproduction time: 0.20439
-----------------------------------------------------------
Generation: 84
Evaluation time: 0.06508
Reproduction time: 0.19301
-----------------------------------------------------------
Generation: 85
Evaluation time: 0.06159
Reproduction time: 0.1752
-----------------------------------------------------------
Generation: 86
Evaluation time: 0.04854
Reproduction time: 0.20001
-----------------------------------------------------------
Generation: 87
Evaluation time: 0.06758
Reproduction time: 0.16295
-----------------------------------------------------------
Generation: 88
Evaluation time: 0.07633
Reproduction time: 0.16714
-----------------------------------------------------------
Generation: 89
Evaluation time: 0.07575
Reproduction time: 0.15899
-----------------------------------------------------------
Generation: 90
Evaluation time: 0.04797
Reproduction time: 0.16269
-----------------------------------------------------------
Generation: 91
Evaluation time: 0.03844
Reproduction time: 0.37573
-----------------------------------------------------------
Generation: 92
Evaluation time: 0.0455
Reproduction time: 0.24087
-----------------------------------------------------------
Generation: 93
Evaluation time: 0.04517
Reproduction time: 0.21199
-----------------------------------------------------------
Generation: 94
Evaluation time: 0.07095
Reproduction time: 0.18462
-----------------------------------------------------------
Generation: 95
Evaluation time: 0.04771
Reproduction time: 0.17318
-----------------------------------------------------------
Generation: 96
Evaluation time: 0.06221
Reproduction time: 0.17852
-----------------------------------------------------------
Generation: 97
Evaluation time: 0.08202
Reproduction time: 0.17291
-----------------------------------------------------------
Generation: 98
Evaluation time: 0.04906
Reproduction time: 0.16756
-----------------------------------------------------------
Generation: 99
Evaluation time: 0.06394
Reproduction time: 0.18151
-----------------------------------------------------------
Generation: 100
Evaluation time: 0.08065
Reproduction time: 0.19094
-----------------------------------------------------------
Generation: 101
Evaluation time: 0.0385
Reproduction time: 0.34474
-----------------------------------------------------------
Generation: 102
Evaluation time: 0.05016
Reproduction time: 0.21425
-----------------------------------------------------------
Generation: 103
Evaluation time: 0.05635
Reproduction time: 0.19265
-----------------------------------------------------------
Generation: 104
Evaluation time: 0.05527
Reproduction time: 0.20209
-----------------------------------------------------------
Generation: 105
Evaluation time: 0.07211
Reproduction time: 0.18967
-----------------------------------------------------------
Generation: 106
Evaluation time: 0.07607
Reproduction time: 0.18182
-----------------------------------------------------------
Generation: 107
Evaluation time: 0.04757
Reproduction time: 0.18077
-----------------------------------------------------------
Generation: 108
Evaluation time: 0.07287
Reproduction time: 0.18799
-----------------------------------------------------------
Generation: 109
Evaluation time: 0.04608
Reproduction time: 0.18759
-----------------------------------------------------------
Generation: 110
Evaluation time: 0.07295
Reproduction time: 0.18699
-----------------------------------------------------------
Generation: 111
Evaluation time: 0.04328
Reproduction time: 0.30554
-----------------------------------------------------------
Generation: 112
Evaluation time: 0.06748
Reproduction time: 0.22036
-----------------------------------------------------------
Generation: 113
Evaluation time: 0.04755
Reproduction time: 0.17683
-----------------------------------------------------------
Generation: 114
Evaluation time: 0.04823
Reproduction time: 0.20695
-----------------------------------------------------------
Generation: 115
Evaluation time: 0.06838
Reproduction time: 0.20324
-----------------------------------------------------------
Generation: 116
Evaluation time: 0.06893
Reproduction time: 0.16763
-----------------------------------------------------------
Generation: 117
Evaluation time: 0.07852
Reproduction time: 0.17424
-----------------------------------------------------------
Generation: 118
Evaluation time: 0.07546
Reproduction time: 0.17225
-----------------------------------------------------------
Generation: 119
Evaluation time: 0.04921
Reproduction time: 0.17778
-----------------------------------------------------------
Generation: 120
Evaluation time: 0.04724
Reproduction time: 0.20726
-----------------------------------------------------------
Generation: 121
Evaluation time: 0.06309
Reproduction time: 0.35705
-----------------------------------------------------------
Generation: 122
Evaluation time: 0.0451
Reproduction time: 0.19884
-----------------------------------------------------------
Generation: 123
Evaluation time: 0.07155
Reproduction time: 0.20379
-----------------------------------------------------------
Generation: 124
Evaluation time: 0.0679
Reproduction time: 0.18389
-----------------------------------------------------------
Generation: 125
Evaluation time: 0.06384
Reproduction time: 0.17317
-----------------------------------------------------------
Generation: 126
Evaluation time: 0.05919
Reproduction time: 0.18697
-----------------------------------------------------------
Generation: 127
Evaluation time: 0.04632
Reproduction time: 0.19961
-----------------------------------------------------------
Generation: 128
Evaluation time: 0.04545
Reproduction time: 0.18498
-----------------------------------------------------------
Generation: 129
Evaluation time: 0.04602
Reproduction time: 0.1817
-----------------------------------------------------------
Generation: 130
Evaluation time: 0.04584
Reproduction time: 0.20721
-----------------------------------------------------------
Generation: 131
Evaluation time: 0.03845
Reproduction time: 0.40569
-----------------------------------------------------------
Generation: 132
Evaluation time: 0.04973
Reproduction time: 0.20564
-----------------------------------------------------------
Generation: 133
Evaluation time: 0.05273
Reproduction time: 0.20412
-----------------------------------------------------------
Generation: 134
Evaluation time: 0.06955
Reproduction time: 0.19327
-----------------------------------------------------------
Generation: 135
Evaluation time: 0.07424
Reproduction time: 0.18461
-----------------------------------------------------------
Generation: 136
Evaluation time: 0.04749
Reproduction time: 0.1687
-----------------------------------------------------------
Generation: 137
Evaluation time: 0.06713
Reproduction time: 0.16634
-----------------------------------------------------------
Generation: 138
Evaluation time: 0.04594
Reproduction time: 0.16598
-----------------------------------------------------------
Generation: 139
Evaluation time: 0.06728
Reproduction time: 0.1835
-----------------------------------------------------------
Generation: 140
Evaluation time: 0.04632
Reproduction time: 0.16869
-----------------------------------------------------------
Generation: 141
Evaluation time: 0.0632
Reproduction time: 0.36959
-----------------------------------------------------------
Generation: 142
Evaluation time: 0.04539
Reproduction time: 0.21159
-----------------------------------------------------------
Generation: 143
Evaluation time: 0.04565
Reproduction time: 0.21468
-----------------------------------------------------------
Generation: 144
Evaluation time: 0.07302
Reproduction time: 0.18836
-----------------------------------------------------------
Generation: 145
Evaluation time: 0.04696
Reproduction time: 0.1772
-----------------------------------------------------------
Generation: 146
Evaluation time: 0.06847
Reproduction time: 0.17196
-----------------------------------------------------------
Generation: 147
Evaluation time: 0.07613
Reproduction time: 0.1663
-----------------------------------------------------------
Generation: 148
Evaluation time: 0.04797
Reproduction time: 0.17015
-----------------------------------------------------------
Generation: 149
Evaluation time: 0.04606
Reproduction time: 0.22671
-----------------------------------------------------------
Generation: 150
Evaluation time: 0.06469
Reproduction time: 0.19116
-----------------------------------------------------------
Generation: 151
Evaluation time: 0.04082
Reproduction time: 0.36164
-----------------------------------------------------------
Generation: 152
Evaluation time: 0.04504
Reproduction time: 0.23244
-----------------------------------------------------------
Generation: 153
Evaluation time: 0.04571
Reproduction time: 0.19829
-----------------------------------------------------------
Generation: 154
Evaluation time: 0.06992
Reproduction time: 0.17807
-----------------------------------------------------------
Generation: 155
Evaluation time: 0.04787
Reproduction time: 0.17233
-----------------------------------------------------------
Generation: 156
Evaluation time: 0.04735
Reproduction time: 0.19241
-----------------------------------------------------------
Generation: 157
Evaluation time: 0.06684
Reproduction time: 0.1786
-----------------------------------------------------------
Generation: 158
Evaluation time: 0.08058
Reproduction time: 0.17962
-----------------------------------------------------------
Generation: 159
Evaluation time: 0.04754
Reproduction time: 0.16835
-----------------------------------------------------------
Generation: 160
Evaluation time: 0.06469
Reproduction time: 0.17351
-----------------------------------------------------------
Generation: 161
Evaluation time: 0.06173
Reproduction time: 0.35067
-----------------------------------------------------------
Generation: 162
Evaluation time: 0.07635
Reproduction time: 0.21623
-----------------------------------------------------------
Generation: 163
Evaluation time: 0.05727
Reproduction time: 0.18788
-----------------------------------------------------------
Generation: 164
Evaluation time: 0.04609
Reproduction time: 0.22433
-----------------------------------------------------------
Generation: 165
Evaluation time: 0.04671
Reproduction time: 0.21844
-----------------------------------------------------------
Generation: 166
Evaluation time: 0.04694
Reproduction time: 0.20957
-----------------------------------------------------------
Generation: 167
Evaluation time: 0.04636
Reproduction time: 0.20478
-----------------------------------------------------------
Generation: 168
Evaluation time: 0.04643
Reproduction time: 0.19629
-----------------------------------------------------------
Generation: 169
Evaluation time: 0.04621
Reproduction time: 0.19977
-----------------------------------------------------------
Generation: 170
Evaluation time: 0.04591
Reproduction time: 0.20131
-----------------------------------------------------------
Generation: 171
Evaluation time: 0.06571
Reproduction time: 0.34851
-----------------------------------------------------------
Generation: 172
Evaluation time: 0.0515
Reproduction time: 0.19519
-----------------------------------------------------------
Generation: 173
Evaluation time: 0.0455
Reproduction time: 0.22407
-----------------------------------------------------------
Generation: 174
Evaluation time: 0.05785
Reproduction time: 0.20672
-----------------------------------------------------------
Generation: 175
Evaluation time: 0.04696
Reproduction time: 0.19988
-----------------------------------------------------------
Generation: 176
Evaluation time: 0.04791
Reproduction time: 0.20703
-----------------------------------------------------------
Generation: 177
Evaluation time: 0.04717
Reproduction time: 0.204
-----------------------------------------------------------
Generation: 178
Evaluation time: 0.04697
Reproduction time: 0.21399
-----------------------------------------------------------
Generation: 179
Evaluation time: 0.04603
Reproduction time: 0.21889
-----------------------------------------------------------
Generation: 180
Evaluation time: 0.04726
Reproduction time: 0.20632
-----------------------------------------------------------
Generation: 181
Evaluation time: 0.03781
Reproduction time: 0.38245
-----------------------------------------------------------
Generation: 182
Evaluation time: 0.04854
Reproduction time: 0.22456
-----------------------------------------------------------
Generation: 183
Evaluation time: 0.05255
Reproduction time: 0.212
-----------------------------------------------------------
Generation: 184
Evaluation time: 0.05351
Reproduction time: 0.21984
-----------------------------------------------------------
Generation: 185
Evaluation time: 0.05474
Reproduction time: 0.2073
-----------------------------------------------------------
Generation: 186
Evaluation time: 0.07295
Reproduction time: 0.18127
-----------------------------------------------------------
Generation: 187
Evaluation time: 0.04608
Reproduction time: 0.16886
-----------------------------------------------------------
Generation: 188
Evaluation time: 0.06713
Reproduction time: 0.17308
-----------------------------------------------------------
Generation: 189
Evaluation time: 0.04492
Reproduction time: 0.16298
-----------------------------------------------------------
Generation: 190
Evaluation time: 0.03751
Reproduction time: 0.17573
-----------------------------------------------------------
Generation: 191
Evaluation time: 0.06287
Reproduction time: 0.3632
-----------------------------------------------------------
Generation: 192
Evaluation time: 0.06778
Reproduction time: 0.19522
-----------------------------------------------------------
Generation: 193
Evaluation time: 0.04679
Reproduction time: 0.19384
-----------------------------------------------------------
Generation: 194
Evaluation time: 0.07182
Reproduction time: 0.19843
-----------------------------------------------------------
Generation: 195
Evaluation time: 0.04792
Reproduction time: 0.21636
-----------------------------------------------------------
Generation: 196
Evaluation time: 0.04814
Reproduction time: 0.21294
-----------------------------------------------------------
Generation: 197
Evaluation time: 0.07035
Reproduction time: 0.17031
-----------------------------------------------------------
Generation: 198
Evaluation time: 0.04663
Reproduction time: 0.17487
-----------------------------------------------------------
Generation: 199
Evaluation time: 0.07412
Reproduction time: 0.17522
-----------------------------------------------------------
Generation: 200
Evaluation time: 0.04888
Reproduction time: 0.16908
-----------------------------------------------------------
Generation: 201
Evaluation time: 0.06374
Reproduction time: 0.36299
-----------------------------------------------------------
Generation: 202
Evaluation time: 0.0694
Reproduction time: 0.17811
-----------------------------------------------------------
Generation: 203
Evaluation time: 0.04801
Reproduction time: 0.19495
-----------------------------------------------------------
Generation: 204
Evaluation time: 0.05593
Reproduction time: 0.21419
-----------------------------------------------------------
Generation: 205
Evaluation time: 0.04731
Reproduction time: 0.22322
-----------------------------------------------------------
Generation: 206
Evaluation time: 0.04762
Reproduction time: 0.22078
-----------------------------------------------------------
Generation: 207
Evaluation time: 0.04571
Reproduction time: 0.20119
-----------------------------------------------------------
Generation: 208
Evaluation time: 0.04653
Reproduction time: 0.22339
-----------------------------------------------------------
Generation: 209
Evaluation time: 0.04709
Reproduction time: 0.21444
-----------------------------------------------------------
Generation: 210
Evaluation time: 0.04748
Reproduction time: 0.21875
-----------------------------------------------------------
Generation: 211
Evaluation time: 0.03874
Reproduction time: 0.37298
-----------------------------------------------------------
Generation: 212
Evaluation time: 0.04871
Reproduction time: 0.20614
-----------------------------------------------------------
Generation: 213
Evaluation time: 0.05599
Reproduction time: 0.19934
-----------------------------------------------------------
Generation: 214
Evaluation time: 0.07257
Reproduction time: 0.20224
-----------------------------------------------------------
Generation: 215
Evaluation time: 0.07437
Reproduction time: 0.17323
-----------------------------------------------------------
Generation: 216
Evaluation time: 0.04777
Reproduction time: 0.16234
-----------------------------------------------------------
Generation: 217
Evaluation time: 0.06834
Reproduction time: 0.16519
-----------------------------------------------------------
Generation: 218
Evaluation time: 0.04529
Reproduction time: 0.168
-----------------------------------------------------------
Generation: 219
Evaluation time: 0.07149
Reproduction time: 0.17798
-----------------------------------------------------------
Generation: 220
Evaluation time: 0.04617
Reproduction time: 0.17462
-----------------------------------------------------------
Generation: 221
Evaluation time: 0.03809
Reproduction time: 0.37676
-----------------------------------------------------------
Generation: 222
Evaluation time: 0.05613
Reproduction time: 0.21464
-----------------------------------------------------------
Generation: 223
Evaluation time: 0.04546
Reproduction time: 0.2194
-----------------------------------------------------------
Generation: 224
Evaluation time: 0.04568
Reproduction time: 0.22102
-----------------------------------------------------------
Generation: 225
Evaluation time: 0.04668
Reproduction time: 0.20683
-----------------------------------------------------------
Generation: 226
Evaluation time: 0.04655
Reproduction time: 0.19013
-----------------------------------------------------------
Generation: 227
Evaluation time: 0.06272
Reproduction time: 0.15508
-----------------------------------------------------------
Generation: 228
Evaluation time: 0.07132
Reproduction time: 0.16223
-----------------------------------------------------------
Generation: 229
Evaluation time: 0.04696
Reproduction time: 0.1682
-----------------------------------------------------------
Generation: 230
Evaluation time: 0.0733
Reproduction time: 0.17348
-----------------------------------------------------------
Generation: 231
Evaluation time: 0.06454
Reproduction time: 0.31961
-----------------------------------------------------------
Generation: 232
Evaluation time: 0.06507
Reproduction time: 0.20084
-----------------------------------------------------------
Generation: 233
Evaluation time: 0.07269
Reproduction time: 0.19094
-----------------------------------------------------------
Generation: 234
Evaluation time: 0.07036
Reproduction time: 0.19493
-----------------------------------------------------------
Generation: 235
Evaluation time: 0.0728
Reproduction time: 0.18044
-----------------------------------------------------------
Generation: 236
Evaluation time: 0.07401
Reproduction time: 0.17811
-----------------------------------------------------------
Generation: 237
Evaluation time: 0.07819
Reproduction time: 0.18377
-----------------------------------------------------------
Generation: 238
Evaluation time: 0.07675
Reproduction time: 0.18107
-----------------------------------------------------------
Generation: 239
Evaluation time: 0.04836
Reproduction time: 0.17218
-----------------------------------------------------------
Generation: 240
Evaluation time: 0.06279
Reproduction time: 0.17409
-----------------------------------------------------------
Generation: 241
Evaluation time: 0.06256
Reproduction time: 0.36223
-----------------------------------------------------------
Generation: 242
Evaluation time: 0.06526
Reproduction time: 0.21215
-----------------------------------------------------------
Generation: 243
Evaluation time: 0.05753
Reproduction time: 0.18155
-----------------------------------------------------------
Generation: 244
Evaluation time: 0.04615
Reproduction time: 0.21782
-----------------------------------------------------------
Generation: 245
Evaluation time: 0.04748
Reproduction time: 0.21275
-----------------------------------------------------------
Generation: 246
Evaluation time: 0.04729
Reproduction time: 0.20417
-----------------------------------------------------------
Generation: 247
Evaluation time: 0.04526
Reproduction time: 0.20093
-----------------------------------------------------------
Generation: 248
Evaluation time: 0.04558
Reproduction time: 0.19252
-----------------------------------------------------------
Generation: 249
Evaluation time: 0.04577
Reproduction time: 0.20196
-----------------------------------------------------------
Generation: 250
Evaluation time: 0.04593
Reproduction time: 0.21054
-----------------------------------------------------------
Generation: 251
Evaluation time: 0.06353
Reproduction time: 0.36771
-----------------------------------------------------------
Generation: 252
Evaluation time: 0.06821
Reproduction time: 0.19749
-----------------------------------------------------------
Generation: 253
Evaluation time: 0.04802
Reproduction time: 0.2063
-----------------------------------------------------------
Generation: 254
Evaluation time: 0.06584
Reproduction time: 0.19562
-----------------------------------------------------------
Generation: 255
Evaluation time: 0.05965
Reproduction time: 0.17845
-----------------------------------------------------------
Generation: 256
Evaluation time: 0.04773
Reproduction time: 0.20682
-----------------------------------------------------------
Generation: 257
Evaluation time: 0.04668
Reproduction time: 0.19557
-----------------------------------------------------------
Generation: 258
Evaluation time: 0.04763
Reproduction time: 0.18974
-----------------------------------------------------------
Generation: 259
Evaluation time: 0.04713
Reproduction time: 0.22085
-----------------------------------------------------------
Generation: 260
Evaluation time: 0.04709
Reproduction time: 0.20539
-----------------------------------------------------------
Generation: 261
Evaluation time: 0.06314
Reproduction time: 0.363
-----------------------------------------------------------
Generation: 262
Evaluation time: 0.06979
Reproduction time: 0.20411
-----------------------------------------------------------
Generation: 263
Evaluation time: 0.04765
Reproduction time: 0.19259
-----------------------------------------------------------
Generation: 264
Evaluation time: 0.0702
Reproduction time: 0.20169
-----------------------------------------------------------
Generation: 265
Evaluation time: 0.04981
Reproduction time: 0.21706
-----------------------------------------------------------
Generation: 266
Evaluation time: 0.07451
Reproduction time: 0.18289
-----------------------------------------------------------
Generation: 267
Evaluation time: 0.08092
Reproduction time: 0.1796
-----------------------------------------------------------
Generation: 268
Evaluation time: 0.05057
Reproduction time: 0.17577
-----------------------------------------------------------
Generation: 269
Evaluation time: 0.06785
Reproduction time: 0.1681
-----------------------------------------------------------
Generation: 270
Evaluation time: 0.08151
Reproduction time: 0.17321
-----------------------------------------------------------
Generation: 271
Evaluation time: 0.06432
Reproduction time: 0.33608
-----------------------------------------------------------
Generation: 272
Evaluation time: 0.06996
Reproduction time: 0.18981
-----------------------------------------------------------
Generation: 273
Evaluation time: 0.04697
Reproduction time: 0.2033
-----------------------------------------------------------
Generation: 274
Evaluation time: 0.07633
Reproduction time: 0.19791
-----------------------------------------------------------
Generation: 275
Evaluation time: 0.07245
Reproduction time: 0.18254
-----------------------------------------------------------
Generation: 276
Evaluation time: 0.07075
Reproduction time: 0.18854
-----------------------------------------------------------
Generation: 277
Evaluation time: 0.06637
Reproduction time: 0.18745
-----------------------------------------------------------
Generation: 278
Evaluation time: 0.065
Reproduction time: 0.17053
-----------------------------------------------------------
Generation: 279
Evaluation time: 0.04598
Reproduction time: 0.21396
-----------------------------------------------------------
Generation: 280
Evaluation time: 0.06296
Reproduction time: 0.18198
-----------------------------------------------------------
Generation: 281
Evaluation time: 0.0431
Reproduction time: 0.36091
-----------------------------------------------------------
Generation: 282
Evaluation time: 0.05324
Reproduction time: 0.19795
-----------------------------------------------------------
Generation: 283
Evaluation time: 0.04599
Reproduction time: 0.20417
-----------------------------------------------------------
Generation: 284
Evaluation time: 0.0449
Reproduction time: 0.19795
-----------------------------------------------------------
Generation: 285
Evaluation time: 0.04509
Reproduction time: 0.18926
-----------------------------------------------------------
Generation: 286
Evaluation time: 0.04639
Reproduction time: 0.18407
-----------------------------------------------------------
Generation: 287
Evaluation time: 0.06043
Reproduction time: 0.21849
-----------------------------------------------------------
Generation: 288
Evaluation time: 0.0598
Reproduction time: 0.17441
-----------------------------------------------------------
Generation: 289
Evaluation time: 0.05857
Reproduction time: 0.17472
-----------------------------------------------------------
Generation: 290
Evaluation time: 0.04526
Reproduction time: 0.2188
-----------------------------------------------------------
Generation: 291
Evaluation time: 0.03858
Reproduction time: 0.38433
-----------------------------------------------------------
Generation: 292
Evaluation time: 0.05124
Reproduction time: 0.20046
-----------------------------------------------------------
Generation: 293
Evaluation time: 0.07015
Reproduction time: 0.21426
-----------------------------------------------------------
Generation: 294
Evaluation time: 0.06437
Reproduction time: 0.19412
-----------------------------------------------------------
Generation: 295
Evaluation time: 0.07822
Reproduction time: 0.17512
-----------------------------------------------------------
Generation: 296
Evaluation time: 0.04776
Reproduction time: 0.17167
-----------------------------------------------------------
Generation: 297
Evaluation time: 0.06449
Reproduction time: 0.17776
-----------------------------------------------------------
Generation: 298
Evaluation time: 0.04603
Reproduction time: 0.17344
-----------------------------------------------------------
Generation: 299
Evaluation time: 0.04619
Reproduction time: 0.21185
-----------------------------------------------------------
Generation: 300
Evaluation time: 0.0684
Reproduction time: 0.16975
-----------------------------------------------------------
Generation: 301
Evaluation time: 0.06163
Reproduction time: 0.31237
-----------------------------------------------------------
Generation: 302
Evaluation time: 0.06696
Reproduction time: 0.19965
-----------------------------------------------------------
Generation: 303
Evaluation time: 0.07292
Reproduction time: 0.19916
-----------------------------------------------------------
Generation: 304
Evaluation time: 0.06209
Reproduction time: 0.17445
-----------------------------------------------------------
Generation: 305
Evaluation time: 0.06495
Reproduction time: 0.17299
-----------------------------------------------------------
Generation: 306
Evaluation time: 0.04768
Reproduction time: 0.20834
-----------------------------------------------------------
Generation: 307
Evaluation time: 0.06552
Reproduction time: 0.17947
-----------------------------------------------------------
Generation: 308
Evaluation time: 0.07288
Reproduction time: 0.18032
-----------------------------------------------------------
Generation: 309
Evaluation time: 0.07697
Reproduction time: 0.17345
-----------------------------------------------------------
Generation: 310
Evaluation time: 0.08364
Reproduction time: 0.17009
-----------------------------------------------------------
Generation: 311
Evaluation time: 0.06397
Reproduction time: 0.29857
-----------------------------------------------------------
Generation: 312
Evaluation time: 0.04619
Reproduction time: 0.20544
-----------------------------------------------------------
Generation: 313
Evaluation time: 0.05449
Reproduction time: 0.19803
-----------------------------------------------------------
Generation: 314
Evaluation time: 0.07759
Reproduction time: 0.20561
-----------------------------------------------------------
Generation: 315
Evaluation time: 0.06572
Reproduction time: 0.18826
-----------------------------------------------------------
Generation: 316
Evaluation time: 0.0723
Reproduction time: 0.16744
-----------------------------------------------------------
Generation: 317
Evaluation time: 0.07279
Reproduction time: 0.17766
-----------------------------------------------------------
Generation: 318
Evaluation time: 0.06796
Reproduction time: 0.16739
-----------------------------------------------------------
Generation: 319
Evaluation time: 0.06099
Reproduction time: 0.16169
-----------------------------------------------------------
Generation: 320
Evaluation time: 0.0464
Reproduction time: 0.20156
-----------------------------------------------------------
Generation: 321
Evaluation time: 0.04248
Reproduction time: 0.36647
-----------------------------------------------------------
Generation: 322
Evaluation time: 0.04516
Reproduction time: 0.22361
-----------------------------------------------------------
Generation: 323
Evaluation time: 0.06428
Reproduction time: 0.20206
-----------------------------------------------------------
Generation: 324
Evaluation time: 0.05985
Reproduction time: 0.17659
-----------------------------------------------------------
Generation: 325
Evaluation time: 0.04578
Reproduction time: 0.1878
-----------------------------------------------------------
Generation: 326
Evaluation time: 0.0581
Reproduction time: 0.20584
-----------------------------------------------------------
Generation: 327
Evaluation time: 0.0471
Reproduction time: 0.20401
-----------------------------------------------------------
Generation: 328
Evaluation time: 0.06267
Reproduction time: 0.17985
-----------------------------------------------------------
Generation: 329
Evaluation time: 0.06727
Reproduction time: 0.18755
-----------------------------------------------------------
Generation: 330
Evaluation time: 0.07417
Reproduction time: 0.18896
-----------------------------------------------------------
Generation: 331
Evaluation time: 0.03789
Reproduction time: 0.36335
-----------------------------------------------------------
Generation: 332
Evaluation time: 0.04951
Reproduction time: 0.21385
-----------------------------------------------------------
Generation: 333
Evaluation time: 0.05552
Reproduction time: 0.19568
-----------------------------------------------------------
Generation: 334
Evaluation time: 0.07152
Reproduction time: 0.20111
-----------------------------------------------------------
Generation: 335
Evaluation time: 0.07337
Reproduction time: 0.188
-----------------------------------------------------------
Generation: 336
Evaluation time: 0.04669
Reproduction time: 0.17856
-----------------------------------------------------------
Generation: 337
Evaluation time: 0.0653
Reproduction time: 0.17816
-----------------------------------------------------------
Generation: 338
Evaluation time: 0.04604
Reproduction time: 0.16038
-----------------------------------------------------------
Generation: 339
Evaluation time: 0.04583
Reproduction time: 0.20773
-----------------------------------------------------------
Generation: 340
Evaluation time: 0.03737
Reproduction time: 0.18081
-----------------------------------------------------------
Generation: 341
Evaluation time: 0.06212
Reproduction time: 0.34751
-----------------------------------------------------------
Generation: 342
Evaluation time: 0.07056
Reproduction time: 0.19455
-----------------------------------------------------------
Generation: 343
Evaluation time: 0.04888
Reproduction time: 0.18735
-----------------------------------------------------------
Generation: 344
Evaluation time: 0.07177
Reproduction time: 0.20239
-----------------------------------------------------------
Generation: 345
Evaluation time: 0.06549
Reproduction time: 0.17329
-----------------------------------------------------------
Generation: 346
Evaluation time: 0.06475
Reproduction time: 0.16747
-----------------------------------------------------------
Generation: 347
Evaluation time: 0.07045
Reproduction time: 0.17389
-----------------------------------------------------------
Generation: 348
Evaluation time: 0.04698
Reproduction time: 0.20867
-----------------------------------------------------------
Generation: 349
Evaluation time: 0.06526
Reproduction time: 0.17663
-----------------------------------------------------------
Generation: 350
Evaluation time: 0.07593
Reproduction time: 0.16826
-----------------------------------------------------------
Generation: 351
Evaluation time: 0.03825
Reproduction time: 0.37239
-----------------------------------------------------------
Generation: 352
Evaluation time: 0.05056
Reproduction time: 0.19653
-----------------------------------------------------------
Generation: 353
Evaluation time: 0.07209
Reproduction time: 0.19039
-----------------------------------------------------------
Generation: 354
Evaluation time: 0.07605
Reproduction time: 0.16221
-----------------------------------------------------------
Generation: 355
Evaluation time: 0.04832
Reproduction time: 0.16024
-----------------------------------------------------------
Generation: 356
Evaluation time: 0.06415
Reproduction time: 0.15285
-----------------------------------------------------------
Generation: 357
Evaluation time: 0.08323
Reproduction time: 0.16858
-----------------------------------------------------------
Generation: 358
Evaluation time: 0.04767
Reproduction time: 0.15533
-----------------------------------------------------------
Generation: 359
Evaluation time: 0.06399
Reproduction time: 0.17873
-----------------------------------------------------------
Generation: 360
Evaluation time: 0.07524
Reproduction time: 0.17305
-----------------------------------------------------------
Generation: 361
Evaluation time: 0.06096
Reproduction time: 0.33309
-----------------------------------------------------------
Generation: 362
Evaluation time: 0.05438
Reproduction time: 0.18534
-----------------------------------------------------------
Generation: 363
Evaluation time: 0.0456
Reproduction time: 0.19432
-----------------------------------------------------------
Generation: 364
Evaluation time: 0.04584
Reproduction time: 0.18752
-----------------------------------------------------------
Generation: 365
Evaluation time: 0.04567
Reproduction time: 0.20552
-----------------------------------------------------------
Generation: 366
Evaluation time: 0.04572
Reproduction time: 0.19641
-----------------------------------------------------------
Generation: 367
Evaluation time: 0.04642
Reproduction time: 0.21706
-----------------------------------------------------------
Generation: 368
Evaluation time: 0.0467
Reproduction time: 0.21225
-----------------------------------------------------------
Generation: 369
Evaluation time: 0.04533
Reproduction time: 0.20573
-----------------------------------------------------------
Generation: 370
Evaluation time: 0.04647
Reproduction time: 0.20093
-----------------------------------------------------------
Generation: 371
Evaluation time: 0.04286
Reproduction time: 0.31905
-----------------------------------------------------------
Generation: 372
Evaluation time: 0.04464
Reproduction time: 0.21391
-----------------------------------------------------------
Generation: 373
Evaluation time: 0.06593
Reproduction time: 0.20378
-----------------------------------------------------------
Generation: 374
Evaluation time: 0.04674
Reproduction time: 0.20887
-----------------------------------------------------------
Generation: 375
Evaluation time: 0.04734
Reproduction time: 0.22371
-----------------------------------------------------------
Generation: 376
Evaluation time: 0.06642
Reproduction time: 0.17933
-----------------------------------------------------------
Generation: 377
Evaluation time: 0.07904
Reproduction time: 0.18065
-----------------------------------------------------------
Generation: 378
Evaluation time: 0.04848
Reproduction time: 0.17224
-----------------------------------------------------------
Generation: 379
Evaluation time: 0.06984
Reproduction time: 0.16724
-----------------------------------------------------------
Generation: 380
Evaluation time: 0.04606
Reproduction time: 0.1639
-----------------------------------------------------------
Generation: 381
Evaluation time: 0.06372
Reproduction time: 0.33038
-----------------------------------------------------------
Generation: 382
Evaluation time: 0.07281
Reproduction time: 0.18322
-----------------------------------------------------------
Generation: 383
Evaluation time: 0.04607
Reproduction time: 0.19521
-----------------------------------------------------------
Generation: 384
Evaluation time: 0.06451
Reproduction time: 0.18818
-----------------------------------------------------------
Generation: 385
Evaluation time: 0.04886
Reproduction time: 0.19801
-----------------------------------------------------------
Generation: 386
Evaluation time: 0.06291
Reproduction time: 0.1795
-----------------------------------------------------------
Generation: 387
Evaluation time: 0.07404
Reproduction time: 0.17521
-----------------------------------------------------------
Generation: 388
Evaluation time: 0.08265
Reproduction time: 0.17441
-----------------------------------------------------------
Generation: 389
Evaluation time: 0.04842
Reproduction time: 0.17429
-----------------------------------------------------------
Generation: 390
Evaluation time: 0.0484
Reproduction time: 0.22528
-----------------------------------------------------------
Generation: 391
Evaluation time: 0.06001
Reproduction time: 0.3769
-----------------------------------------------------------
Generation: 392
Evaluation time: 0.05387
Reproduction time: 0.17984
-----------------------------------------------------------
Generation: 393
Evaluation time: 0.05939
Reproduction time: 0.16772
-----------------------------------------------------------
Generation: 394
Evaluation time: 0.05916
Reproduction time: 0.17093
-----------------------------------------------------------
Generation: 395
Evaluation time: 0.05845
Reproduction time: 0.1674
-----------------------------------------------------------
Generation: 396
Evaluation time: 0.05675
Reproduction time: 0.16682
-----------------------------------------------------------
Generation: 397
Evaluation time: 0.05838
Reproduction time: 0.16761
-----------------------------------------------------------
Generation: 398
Evaluation time: 0.05969
Reproduction time: 0.15332
-----------------------------------------------------------
Generation: 399
Evaluation time: 0.06048
Reproduction time: 0.16895
-----------------------------------------------------------
Generation: 400
Evaluation time: 0.05747
Reproduction time: 0.15361
-----------------------------------------------------------
Generation: 401
Evaluation time: 0.06232
Reproduction time: 0.34198
-----------------------------------------------------------
Generation: 402
Evaluation time: 0.0742
Reproduction time: 0.19476
-----------------------------------------------------------
Generation: 403
Evaluation time: 0.04901
Reproduction time: 0.18862
-----------------------------------------------------------
Generation: 404
Evaluation time: 0.04791
Reproduction time: 0.19628
-----------------------------------------------------------
Generation: 405
Evaluation time: 0.04754
Reproduction time: 0.20672
-----------------------------------------------------------
Generation: 406
Evaluation time: 0.07385
Reproduction time: 0.17892
-----------------------------------------------------------
Generation: 407
Evaluation time: 0.04926
Reproduction time: 0.17483
-----------------------------------------------------------
Generation: 408
Evaluation time: 0.04724
Reproduction time: 0.19738
-----------------------------------------------------------
Generation: 409
Evaluation time: 0.06458
Reproduction time: 0.17712
-----------------------------------------------------------
Generation: 410
Evaluation time: 0.07222
Reproduction time: 0.18992
-----------------------------------------------------------
Generation: 411
Evaluation time: 0.03826
Reproduction time: 0.37831
-----------------------------------------------------------
Generation: 412
Evaluation time: 0.04859
Reproduction time: 0.21014
-----------------------------------------------------------
Generation: 413
Evaluation time: 0.05313
Reproduction time: 0.20731
-----------------------------------------------------------
Generation: 414
Evaluation time: 0.0528
Reproduction time: 0.20665
-----------------------------------------------------------
Generation: 415
Evaluation time: 0.06983
Reproduction time: 0.20907
-----------------------------------------------------------
Generation: 416
Evaluation time: 0.07769
Reproduction time: 0.17937
-----------------------------------------------------------
Generation: 417
Evaluation time: 0.0459
Reproduction time: 0.18312
-----------------------------------------------------------
Generation: 418
Evaluation time: 0.03707
Reproduction time: 0.1806
-----------------------------------------------------------
Generation: 419
Evaluation time: 0.06118
Reproduction time: 0.17115
-----------------------------------------------------------
Generation: 420
Evaluation time: 0.04559
Reproduction time: 0.17386
-----------------------------------------------------------
Generation: 421
Evaluation time: 0.03875
Reproduction time: 0.36671
-----------------------------------------------------------
Generation: 422
Evaluation time: 0.05213
Reproduction time: 0.19091
-----------------------------------------------------------
Generation: 423
Evaluation time: 0.07012
Reproduction time: 0.20517
-----------------------------------------------------------
Generation: 424
Evaluation time: 0.06943
Reproduction time: 0.16804
-----------------------------------------------------------
Generation: 425
Evaluation time: 0.07501
Reproduction time: 0.17785
-----------------------------------------------------------
Generation: 426
Evaluation time: 0.04659
Reproduction time: 0.17911
-----------------------------------------------------------
Generation: 427
Evaluation time: 0.06163
Reproduction time: 0.16923
-----------------------------------------------------------
Generation: 428
Evaluation time: 0.07596
Reproduction time: 0.15688
-----------------------------------------------------------
Generation: 429
Evaluation time: 0.04756
Reproduction time: 0.15718
-----------------------------------------------------------
Generation: 430
Evaluation time: 0.04582
Reproduction time: 0.18198
-----------------------------------------------------------
Generation: 431
Evaluation time: 0.06357
Reproduction time: 0.34252
-----------------------------------------------------------
Generation: 432
Evaluation time: 0.06991
Reproduction time: 0.1959
-----------------------------------------------------------
Generation: 433
Evaluation time: 0.04659
Reproduction time: 0.19036
-----------------------------------------------------------
Generation: 434
Evaluation time: 0.04737
Reproduction time: 0.19515
-----------------------------------------------------------
Generation: 435
Evaluation time: 0.06706
Reproduction time: 0.20196
-----------------------------------------------------------
Generation: 436
Evaluation time: 0.04856
Reproduction time: 0.21158
-----------------------------------------------------------
Generation: 437
Evaluation time: 0.07236
Reproduction time: 0.19793
-----------------------------------------------------------
Generation: 438
Evaluation time: 0.07932
Reproduction time: 0.17271
-----------------------------------------------------------
Generation: 439
Evaluation time: 0.0482
Reproduction time: 0.17404
-----------------------------------------------------------
Generation: 440
Evaluation time: 0.06741
Reproduction time: 0.18433
-----------------------------------------------------------
Generation: 441
Evaluation time: 0.03874
Reproduction time: 0.38217
-----------------------------------------------------------
Generation: 442
Evaluation time: 0.04949
Reproduction time: 0.21217
-----------------------------------------------------------
Generation: 443
Evaluation time: 0.05482
Reproduction time: 0.20854
-----------------------------------------------------------
Generation: 444
Evaluation time: 0.05969
Reproduction time: 0.18227
-----------------------------------------------------------
Generation: 445
Evaluation time: 0.06402
Reproduction time: 0.17591
-----------------------------------------------------------
Generation: 446
Evaluation time: 0.04582
Reproduction time: 0.16923
-----------------------------------------------------------
Generation: 447
Evaluation time: 0.06194
Reproduction time: 0.18045
-----------------------------------------------------------
Generation: 448
Evaluation time: 0.04592
Reproduction time: 0.17
-----------------------------------------------------------
Generation: 449
Evaluation time: 0.04509
Reproduction time: 0.20707
-----------------------------------------------------------
Generation: 450
Evaluation time: 0.03939
Reproduction time: 0.17088
-----------------------------------------------------------
Generation: 451
Evaluation time: 0.06368
Reproduction time: 0.36179
-----------------------------------------------------------
Generation: 452
Evaluation time: 0.07003
Reproduction time: 0.18846
-----------------------------------------------------------
Generation: 453
Evaluation time: 0.04829
Reproduction time: 0.1847
-----------------------------------------------------------
Generation: 454
Evaluation time: 0.04732
Reproduction time: 0.19163
-----------------------------------------------------------
Generation: 455
Evaluation time: 0.04543
Reproduction time: 0.19557
-----------------------------------------------------------
Generation: 456
Evaluation time: 0.07241
Reproduction time: 0.1568
-----------------------------------------------------------
Generation: 457
Evaluation time: 0.04737
Reproduction time: 0.16621
-----------------------------------------------------------
Generation: 458
Evaluation time: 0.04767
Reproduction time: 0.20092
-----------------------------------------------------------
Generation: 459
Evaluation time: 0.04644
Reproduction time: 0.22522
-----------------------------------------------------------
Generation: 460
Evaluation time: 0.07439
Reproduction time: 0.19442
-----------------------------------------------------------
Generation: 461
Evaluation time: 0.04007
Reproduction time: 0.34539
-----------------------------------------------------------
Generation: 462
Evaluation time: 0.04952
Reproduction time: 0.20188
-----------------------------------------------------------
Generation: 463
Evaluation time: 0.05289
Reproduction time: 0.19899
-----------------------------------------------------------
Generation: 464
Evaluation time: 0.0528
Reproduction time: 0.19475
-----------------------------------------------------------
Generation: 465
Evaluation time: 0.07052
Reproduction time: 0.19976
-----------------------------------------------------------
Generation: 466
Evaluation time: 0.04774
Reproduction time: 0.17278
-----------------------------------------------------------
Generation: 467
Evaluation time: 0.06025
Reproduction time: 0.16915
-----------------------------------------------------------
Generation: 468
Evaluation time: 0.04601
Reproduction time: 0.16046
-----------------------------------------------------------
Generation: 469
Evaluation time: 0.06911
Reproduction time: 0.17575
-----------------------------------------------------------
Generation: 470
Evaluation time: 0.04515
Reproduction time: 0.16393
-----------------------------------------------------------
Generation: 471
Evaluation time: 0.06443
Reproduction time: 0.35483
-----------------------------------------------------------
Generation: 472
Evaluation time: 0.0463
Reproduction time: 0.20355
-----------------------------------------------------------
Generation: 473
Evaluation time: 0.06438
Reproduction time: 0.20601
-----------------------------------------------------------
Generation: 474
Evaluation time: 0.06196
Reproduction time: 0.17891
-----------------------------------------------------------
Generation: 475
Evaluation time: 0.04693
Reproduction time: 0.19863
-----------------------------------------------------------
Generation: 476
Evaluation time: 0.06264
Reproduction time: 0.17292
-----------------------------------------------------------
Generation: 477
Evaluation time: 0.06531
Reproduction time: 0.17079
-----------------------------------------------------------
Generation: 478
Evaluation time: 0.0644
Reproduction time: 0.15337
-----------------------------------------------------------
Generation: 479
Evaluation time: 0.0695
Reproduction time: 0.17096
-----------------------------------------------------------
Generation: 480
Evaluation time: 0.06519
Reproduction time: 0.17346
-----------------------------------------------------------
Generation: 481
Evaluation time: 0.06309
Reproduction time: 0.35431
-----------------------------------------------------------
Generation: 482
Evaluation time: 0.07305
Reproduction time: 0.2063
-----------------------------------------------------------
Generation: 483
Evaluation time: 0.06774
Reproduction time: 0.15654
-----------------------------------------------------------
Generation: 484
Evaluation time: 0.06433
Reproduction time: 0.17835
-----------------------------------------------------------
Generation: 485
Evaluation time: 0.06095
Reproduction time: 0.1754
-----------------------------------------------------------
Generation: 486
Evaluation time: 0.04632
Reproduction time: 0.20255
-----------------------------------------------------------
Generation: 487
Evaluation time: 0.04698
Reproduction time: 0.20221
-----------------------------------------------------------
Generation: 488
Evaluation time: 0.04692
Reproduction time: 0.19519
-----------------------------------------------------------
Generation: 489
Evaluation time: 0.04651
Reproduction time: 0.20211
-----------------------------------------------------------
Generation: 490
Evaluation time: 0.04684
Reproduction time: 0.1886
-----------------------------------------------------------
Generation: 491
Evaluation time: 0.03883
Reproduction time: 0.37171
-----------------------------------------------------------
Generation: 492
Evaluation time: 0.04605
Reproduction time: 0.23171
-----------------------------------------------------------
Generation: 493
Evaluation time: 0.04616
Reproduction time: 0.20624
-----------------------------------------------------------
Generation: 494
Evaluation time: 0.06428
Reproduction time: 0.19857
-----------------------------------------------------------
Generation: 495
Evaluation time: 0.06684
Reproduction time: 0.18062
-----------------------------------------------------------
Generation: 496
Evaluation time: 0.08174
Reproduction time: 0.175
-----------------------------------------------------------
Generation: 497
Evaluation time: 0.04768
Reproduction time: 0.16898
-----------------------------------------------------------
Generation: 498
Evaluation time: 0.07399
Reproduction time: 0.17655
-----------------------------------------------------------
Generation: 499
Evaluation time: 0.04617
Reproduction time: 0.15885
-----------------------------------------------------------
Generation: 500
Evaluation time: 0.07046
Reproduction time: 0.17749
-----------------------------------------------------------
Generation: 501
Evaluation time: 0.03834
Reproduction time: 0.35374
-----------------------------------------------------------
Generation: 502
Evaluation time: 0.05399
Reproduction time: 0.21008
-----------------------------------------------------------
Generation: 503
Evaluation time: 0.0458
Reproduction time: 0.22018
-----------------------------------------------------------
Generation: 504
Evaluation time: 0.04516
Reproduction time: 0.22227
-----------------------------------------------------------
Generation: 505
Evaluation time: 0.04655
Reproduction time: 0.20548
-----------------------------------------------------------
Generation: 506
Evaluation time: 0.04542
Reproduction time: 0.19325
-----------------------------------------------------------
Generation: 507
Evaluation time: 0.04526
Reproduction time: 0.21352
-----------------------------------------------------------
Generation: 508
Evaluation time: 0.04504
Reproduction time: 0.19261
-----------------------------------------------------------
Generation: 509
Evaluation time: 0.04529
Reproduction time: 0.19645
-----------------------------------------------------------
Generation: 510
Evaluation time: 0.04542
Reproduction time: 0.19772
-----------------------------------------------------------
Generation: 511
Evaluation time: 0.03815
Reproduction time: 0.35878
-----------------------------------------------------------
Generation: 512
Evaluation time: 0.05474
Reproduction time: 0.18693
-----------------------------------------------------------
Generation: 513
Evaluation time: 0.04562
Reproduction time: 0.19218
-----------------------------------------------------------
Generation: 514
Evaluation time: 0.04644
Reproduction time: 0.17356
-----------------------------------------------------------
Generation: 515
Evaluation time: 0.04523
Reproduction time: 0.18305
-----------------------------------------------------------
Generation: 516
Evaluation time: 0.04637
Reproduction time: 0.18941
-----------------------------------------------------------
Generation: 517
Evaluation time: 0.04568
Reproduction time: 0.17899
-----------------------------------------------------------
Generation: 518
Evaluation time: 0.04609
Reproduction time: 0.18871
-----------------------------------------------------------
Generation: 519
Evaluation time: 0.0461
Reproduction time: 0.18892
-----------------------------------------------------------
Generation: 520
Evaluation time: 0.04471
Reproduction time: 0.20575
-----------------------------------------------------------
Generation: 521
Evaluation time: 0.06227
Reproduction time: 0.33338
-----------------------------------------------------------
Generation: 522
Evaluation time: 0.04495
Reproduction time: 0.20258
-----------------------------------------------------------
Generation: 523
Evaluation time: 0.0454
Reproduction time: 0.20988
-----------------------------------------------------------
Generation: 524
Evaluation time: 0.06844
Reproduction time: 0.18193
-----------------------------------------------------------
Generation: 525
Evaluation time: 0.07168
Reproduction time: 0.18455
-----------------------------------------------------------
Generation: 526
Evaluation time: 0.07447
Reproduction time: 0.1797
-----------------------------------------------------------
Generation: 527
Evaluation time: 0.04725
Reproduction time: 0.1866
-----------------------------------------------------------
Generation: 528
Evaluation time: 0.04669
Reproduction time: 0.21602
-----------------------------------------------------------
Generation: 529
Evaluation time: 0.06528
Reproduction time: 0.17739
-----------------------------------------------------------
Generation: 530
Evaluation time: 0.07638
Reproduction time: 0.17837
-----------------------------------------------------------
Generation: 531
Evaluation time: 0.04338
Reproduction time: 0.32734
-----------------------------------------------------------
Generation: 532
Evaluation time: 0.06458
Reproduction time: 0.22688
-----------------------------------------------------------
Generation: 533
Evaluation time: 0.04666
Reproduction time: 0.20288
-----------------------------------------------------------
Generation: 534
Evaluation time: 0.04543
Reproduction time: 0.20623
-----------------------------------------------------------
Generation: 535
Evaluation time: 0.07023
Reproduction time: 0.17608
-----------------------------------------------------------
Generation: 536
Evaluation time: 0.04617
Reproduction time: 0.16808
-----------------------------------------------------------
Generation: 537
Evaluation time: 0.07063
Reproduction time: 0.16576
-----------------------------------------------------------
Generation: 538
Evaluation time: 0.04862
Reproduction time: 0.172
-----------------------------------------------------------
Generation: 539
Evaluation time: 0.07511
Reproduction time: 0.17258
-----------------------------------------------------------
Generation: 540
Evaluation time: 0.04726
Reproduction time: 0.16278
-----------------------------------------------------------
Generation: 541
Evaluation time: 0.06219
Reproduction time: 0.34606
-----------------------------------------------------------
Generation: 542
Evaluation time: 0.06908
Reproduction time: 0.20003
-----------------------------------------------------------
Generation: 543
Evaluation time: 0.04723
Reproduction time: 0.20955
-----------------------------------------------------------
Generation: 544
Evaluation time: 0.05744
Reproduction time: 0.21366
-----------------------------------------------------------
Generation: 545
Evaluation time: 0.04625
Reproduction time: 0.22149
-----------------------------------------------------------
Generation: 546
Evaluation time: 0.04728
Reproduction time: 0.20233
-----------------------------------------------------------
Generation: 547
Evaluation time: 0.04794
Reproduction time: 0.2024
-----------------------------------------------------------
Generation: 548
Evaluation time: 0.04709
Reproduction time: 0.21285
-----------------------------------------------------------
Generation: 549
Evaluation time: 0.04691
Reproduction time: 0.19403
-----------------------------------------------------------
Generation: 550
Evaluation time: 0.04666
Reproduction time: 0.20852
-----------------------------------------------------------
Generation: 551
Evaluation time: 0.06035
Reproduction time: 0.36307
