1c90485afd1ba8c3eab46f1aabc344801b60eeda
-----------------------------------------------------------
Generation: 1
Evaluation time: 5.74753
Reproduction time: 0.0
-----------------------------------------------------------
Generation: 2
Evaluation time: 0.90546
Reproduction time: 2.24987
-----------------------------------------------------------
Generation: 3
Evaluation time: 0.81247
Reproduction time: 0.18671
-----------------------------------------------------------
Generation: 4
Evaluation time: 0.8264
Reproduction time: 0.21235
-----------------------------------------------------------
Generation: 5
Evaluation time: 0.81044
Reproduction time: 0.13253
-----------------------------------------------------------
Generation: 6
Evaluation time: 0.79777
Reproduction time: 0.16732
-----------------------------------------------------------
Generation: 7
Evaluation time: 0.80015
Reproduction time: 0.18186
-----------------------------------------------------------
Generation: 8
Evaluation time: 0.83655
Reproduction time: 0.13469
-----------------------------------------------------------
Generation: 9
Evaluation time: 0.8006
Reproduction time: 0.1362
-----------------------------------------------------------
Generation: 10
Evaluation time: 0.80344
Reproduction time: 0.18232
-----------------------------------------------------------
Generation: 11
Evaluation time: 0.81745
Reproduction time: 0.4897
-----------------------------------------------------------
Generation: 12
Evaluation time: 0.77891
Reproduction time: 0.17103
-----------------------------------------------------------
Generation: 13
Evaluation time: 0.82711
Reproduction time: 0.18117
-----------------------------------------------------------
Generation: 14
Evaluation time: 0.83398
Reproduction time: 0.16944
-----------------------------------------------------------
Generation: 15
Evaluation time: 0.86325
Reproduction time: 0.16663
-----------------------------------------------------------
Generation: 16
Evaluation time: 0.8108
Reproduction time: 0.17755
-----------------------------------------------------------
Generation: 17
Evaluation time: 0.83786
Reproduction time: 0.17878
-----------------------------------------------------------
Generation: 18
Evaluation time: 0.81262
Reproduction time: 0.18826
-----------------------------------------------------------
Generation: 19
Evaluation time: 0.80441
Reproduction time: 0.18251
-----------------------------------------------------------
Generation: 20
Evaluation time: 0.912
Reproduction time: 0.18526
-----------------------------------------------------------
Generation: 21
Evaluation time: 0.80036
Reproduction time: 0.37345
-----------------------------------------------------------
Generation: 22
Evaluation time: 0.78329
Reproduction time: 0.17897
-----------------------------------------------------------
Generation: 23
Evaluation time: 0.80167
Reproduction time: 0.18733
-----------------------------------------------------------
Generation: 24
Evaluation time: 0.81597
Reproduction time: 0.16339
-----------------------------------------------------------
Generation: 25
Evaluation time: 0.83726
Reproduction time: 0.15665
-----------------------------------------------------------
Generation: 26
Evaluation time: 0.84479
Reproduction time: 0.15885
-----------------------------------------------------------
Generation: 27
Evaluation time: 0.81377
Reproduction time: 0.18016
-----------------------------------------------------------
Generation: 28
Evaluation time: 0.86076
Reproduction time: 0.17483
-----------------------------------------------------------
Generation: 29
Evaluation time: 0.85788
Reproduction time: 0.14448
-----------------------------------------------------------
Generation: 30
Evaluation time: 0.85872
Reproduction time: 0.19397
-----------------------------------------------------------
Generation: 31
Evaluation time: 0.82361
Reproduction time: 0.46103
-----------------------------------------------------------
Generation: 32
Evaluation time: 0.85124
Reproduction time: 0.16453
-----------------------------------------------------------
Generation: 33
Evaluation time: 0.77766
Reproduction time: 0.17109
-----------------------------------------------------------
Generation: 34
Evaluation time: 0.84985
Reproduction time: 0.16735
-----------------------------------------------------------
Generation: 35
Evaluation time: 0.80137
Reproduction time: 0.16765
-----------------------------------------------------------
Generation: 36
Evaluation time: 0.83459
Reproduction time: 0.17498
-----------------------------------------------------------
Generation: 37
Evaluation time: 0.83568
Reproduction time: 0.12261
-----------------------------------------------------------
Generation: 38
Evaluation time: 0.88097
Reproduction time: 0.19362
-----------------------------------------------------------
Generation: 39
Evaluation time: 0.83582
Reproduction time: 0.14002
-----------------------------------------------------------
Generation: 40
Evaluation time: 0.84432
Reproduction time: 0.20261
-----------------------------------------------------------
Generation: 41
Evaluation time: 0.82331
Reproduction time: 0.45043
-----------------------------------------------------------
Generation: 42
Evaluation time: 0.86128
Reproduction time: 0.15856
-----------------------------------------------------------
Generation: 43
Evaluation time: 0.82896
Reproduction time: 0.16699
-----------------------------------------------------------
Generation: 44
Evaluation time: 0.83876
Reproduction time: 0.17381
-----------------------------------------------------------
Generation: 45
Evaluation time: 0.87745
Reproduction time: 0.13507
-----------------------------------------------------------
Generation: 46
Evaluation time: 0.8843
Reproduction time: 0.18049
-----------------------------------------------------------
Generation: 47
Evaluation time: 0.8629
Reproduction time: 0.13408
-----------------------------------------------------------
Generation: 48
Evaluation time: 0.80943
Reproduction time: 0.18278
-----------------------------------------------------------
Generation: 49
Evaluation time: 0.83549
Reproduction time: 0.20325
-----------------------------------------------------------
Generation: 50
Evaluation time: 0.93317
Reproduction time: 0.15264
-----------------------------------------------------------
Generation: 51
Evaluation time: 0.86783
Reproduction time: 0.44369
-----------------------------------------------------------
Generation: 52
Evaluation time: 0.82043
Reproduction time: 0.16174
-----------------------------------------------------------
Generation: 53
Evaluation time: 0.81957
Reproduction time: 0.16858
-----------------------------------------------------------
Generation: 54
Evaluation time: 0.80254
Reproduction time: 0.16234
-----------------------------------------------------------
Generation: 55
Evaluation time: 0.83778
Reproduction time: 0.16632
-----------------------------------------------------------
Generation: 56
Evaluation time: 0.8843
Reproduction time: 0.17269
-----------------------------------------------------------
Generation: 57
Evaluation time: 0.84645
Reproduction time: 0.12911
-----------------------------------------------------------
Generation: 58
Evaluation time: 0.88159
Reproduction time: 0.193
-----------------------------------------------------------
Generation: 59
Evaluation time: 0.86968
Reproduction time: 0.14368
-----------------------------------------------------------
Generation: 60
Evaluation time: 0.93712
Reproduction time: 0.2127
-----------------------------------------------------------
Generation: 61
Evaluation time: 0.82003
Reproduction time: 0.38151
-----------------------------------------------------------
Generation: 62
Evaluation time: 0.81615
Reproduction time: 0.16625
-----------------------------------------------------------
Generation: 63
Evaluation time: 0.80105
Reproduction time: 0.18211
-----------------------------------------------------------
Generation: 64
Evaluation time: 0.78028
Reproduction time: 0.16255
-----------------------------------------------------------
Generation: 65
Evaluation time: 0.87108
Reproduction time: 0.16175
-----------------------------------------------------------
Generation: 66
Evaluation time: 0.8482
Reproduction time: 0.16627
-----------------------------------------------------------
Generation: 67
Evaluation time: 0.8344
Reproduction time: 0.18444
-----------------------------------------------------------
Generation: 68
Evaluation time: 0.88795
Reproduction time: 0.18966
-----------------------------------------------------------
Generation: 69
Evaluation time: 0.87363
Reproduction time: 0.14586
-----------------------------------------------------------
Generation: 70
Evaluation time: 0.85633
Reproduction time: 0.20745
-----------------------------------------------------------
Generation: 71
Evaluation time: 0.82841
Reproduction time: 0.4791
-----------------------------------------------------------
Generation: 72
Evaluation time: 0.8786
Reproduction time: 0.18672
-----------------------------------------------------------
Generation: 73
Evaluation time: 0.87868
Reproduction time: 0.18201
-----------------------------------------------------------
Generation: 74
Evaluation time: 0.86141
Reproduction time: 0.17697
-----------------------------------------------------------
Generation: 75
Evaluation time: 0.80584
Reproduction time: 0.17884
-----------------------------------------------------------
Generation: 76
Evaluation time: 0.83104
Reproduction time: 0.17666
-----------------------------------------------------------
Generation: 77
Evaluation time: 0.89227
Reproduction time: 0.18887
-----------------------------------------------------------
Generation: 78
Evaluation time: 0.89139
Reproduction time: 0.13884
-----------------------------------------------------------
Generation: 79
Evaluation time: 0.83938
Reproduction time: 0.22292
-----------------------------------------------------------
Generation: 80
Evaluation time: 0.83786
Reproduction time: 0.21096
-----------------------------------------------------------
Generation: 81
Evaluation time: 0.80572
Reproduction time: 0.50032
-----------------------------------------------------------
Generation: 82
Evaluation time: 0.80582
Reproduction time: 0.16563
-----------------------------------------------------------
Generation: 83
Evaluation time: 0.8353
Reproduction time: 0.19096
-----------------------------------------------------------
Generation: 84
Evaluation time: 0.84545
Reproduction time: 0.16768
-----------------------------------------------------------
Generation: 85
Evaluation time: 0.83263
Reproduction time: 0.17156
-----------------------------------------------------------
Generation: 86
Evaluation time: 0.84028
Reproduction time: 0.12928
-----------------------------------------------------------
Generation: 87
Evaluation time: 0.84026
Reproduction time: 0.16778
-----------------------------------------------------------
Generation: 88
Evaluation time: 0.82531
Reproduction time: 0.19336
-----------------------------------------------------------
Generation: 89
Evaluation time: 0.92587
Reproduction time: 0.18306
-----------------------------------------------------------
Generation: 90
Evaluation time: 0.90694
Reproduction time: 0.13893
-----------------------------------------------------------
Generation: 91
Evaluation time: 0.82941
Reproduction time: 0.43118
-----------------------------------------------------------
Generation: 92
Evaluation time: 0.79824
Reproduction time: 0.16948
-----------------------------------------------------------
Generation: 93
Evaluation time: 0.85957
Reproduction time: 0.18701
-----------------------------------------------------------
Generation: 94
Evaluation time: 0.82051
Reproduction time: 0.17263
-----------------------------------------------------------
Generation: 95
Evaluation time: 0.84427
Reproduction time: 0.17804
-----------------------------------------------------------
Generation: 96
Evaluation time: 0.85157
Reproduction time: 0.13478
-----------------------------------------------------------
Generation: 97
Evaluation time: 0.86935
Reproduction time: 0.18926
-----------------------------------------------------------
Generation: 98
Evaluation time: 0.86481
Reproduction time: 0.14465
-----------------------------------------------------------
Generation: 99
Evaluation time: 0.83804
Reproduction time: 0.19858
