dc43e6b329e33066069be8493e19c2dbaea01d1d
-----------------------------------------------------------
Generation: 1
Evaluation time: 1.52037
Reproduction time: 0.0
-----------------------------------------------------------
Generation: 2
Evaluation time: 0.05002
Reproduction time: 2.05529
-----------------------------------------------------------
Generation: 3
Evaluation time: 0.04559
Reproduction time: 0.17444
-----------------------------------------------------------
Generation: 4
Evaluation time: 0.04227
Reproduction time: 0.17569
-----------------------------------------------------------
Generation: 5
Evaluation time: 0.07441
Reproduction time: 0.17426
-----------------------------------------------------------
Generation: 6
Evaluation time: 0.0801
Reproduction time: 0.11008
-----------------------------------------------------------
Generation: 7
Evaluation time: 0.06747
Reproduction time: 0.12737
-----------------------------------------------------------
Generation: 8
Evaluation time: 0.06312
Reproduction time: 0.12959
-----------------------------------------------------------
Generation: 9
Evaluation time: 0.06325
Reproduction time: 0.12422
-----------------------------------------------------------
Generation: 10
Evaluation time: 0.04748
Reproduction time: 0.16192
-----------------------------------------------------------
Generation: 11
Evaluation time: 0.04063
Reproduction time: 0.43414
-----------------------------------------------------------
Generation: 12
Evaluation time: 0.044
Reproduction time: 0.22782
-----------------------------------------------------------
Generation: 13
Evaluation time: 0.04314
Reproduction time: 0.20894
-----------------------------------------------------------
Generation: 14
Evaluation time: 0.05665
Reproduction time: 0.19649
-----------------------------------------------------------
Generation: 15
Evaluation time: 0.06659
Reproduction time: 0.17051
-----------------------------------------------------------
Generation: 16
Evaluation time: 0.04424
Reproduction time: 0.17513
-----------------------------------------------------------
Generation: 17
Evaluation time: 0.04271
Reproduction time: 0.18314
-----------------------------------------------------------
Generation: 18
Evaluation time: 0.05801
Reproduction time: 0.1638
-----------------------------------------------------------
Generation: 19
Evaluation time: 0.07993
Reproduction time: 0.17663
-----------------------------------------------------------
Generation: 20
Evaluation time: 0.04386
Reproduction time: 0.16811
-----------------------------------------------------------
Generation: 21
Evaluation time: 0.06405
Reproduction time: 0.34405
-----------------------------------------------------------
Generation: 22
Evaluation time: 0.06664
Reproduction time: 0.17979
-----------------------------------------------------------
Generation: 23
Evaluation time: 0.04497
Reproduction time: 0.18041
-----------------------------------------------------------
Generation: 24
Evaluation time: 0.04326
Reproduction time: 0.19626
-----------------------------------------------------------
Generation: 25
Evaluation time: 0.05934
Reproduction time: 0.19715
-----------------------------------------------------------
Generation: 26
Evaluation time: 0.04436
Reproduction time: 0.22006
-----------------------------------------------------------
Generation: 27
Evaluation time: 0.06849
Reproduction time: 0.19114
-----------------------------------------------------------
Generation: 28
Evaluation time: 0.07471
Reproduction time: 0.18533
-----------------------------------------------------------
Generation: 29
Evaluation time: 0.04636
Reproduction time: 0.1866
-----------------------------------------------------------
Generation: 30
Evaluation time: 0.05933
Reproduction time: 0.18179
-----------------------------------------------------------
Generation: 31
Evaluation time: 0.06375
Reproduction time: 0.3629
-----------------------------------------------------------
Generation: 32
Evaluation time: 0.04088
Reproduction time: 0.19925
-----------------------------------------------------------
Generation: 33
Evaluation time: 0.0696
Reproduction time: 0.20104
-----------------------------------------------------------
Generation: 34
Evaluation time: 0.06489
Reproduction time: 0.18314
-----------------------------------------------------------
Generation: 35
Evaluation time: 0.05514
Reproduction time: 0.19957
-----------------------------------------------------------
Generation: 36
Evaluation time: 0.0428
Reproduction time: 0.22606
-----------------------------------------------------------
Generation: 37
Evaluation time: 0.04098
Reproduction time: 0.22226
-----------------------------------------------------------
Generation: 38
Evaluation time: 0.04063
Reproduction time: 0.21119
-----------------------------------------------------------
Generation: 39
Evaluation time: 0.0406
Reproduction time: 0.20793
-----------------------------------------------------------
Generation: 40
Evaluation time: 0.04115
Reproduction time: 0.2018
-----------------------------------------------------------
Generation: 41
Evaluation time: 0.03832
Reproduction time: 0.35579
-----------------------------------------------------------
Generation: 42
Evaluation time: 0.05685
Reproduction time: 0.20272
-----------------------------------------------------------
Generation: 43
Evaluation time: 0.05896
Reproduction time: 0.17059
-----------------------------------------------------------
Generation: 44
Evaluation time: 0.05849
Reproduction time: 0.16965
-----------------------------------------------------------
Generation: 45
Evaluation time: 0.04495
Reproduction time: 0.19963
-----------------------------------------------------------
Generation: 46
Evaluation time: 0.04406
Reproduction time: 0.2161
-----------------------------------------------------------
Generation: 47
Evaluation time: 0.04458
Reproduction time: 0.20781
-----------------------------------------------------------
Generation: 48
Evaluation time: 0.04495
Reproduction time: 0.19955
-----------------------------------------------------------
Generation: 49
Evaluation time: 0.04421
Reproduction time: 0.18263
-----------------------------------------------------------
Generation: 50
Evaluation time: 0.04395
Reproduction time: 0.18117
-----------------------------------------------------------
Generation: 51
Evaluation time: 0.06072
Reproduction time: 0.34477
-----------------------------------------------------------
Generation: 52
Evaluation time: 0.06309
Reproduction time: 0.20896
-----------------------------------------------------------
Generation: 53
Evaluation time: 0.04554
Reproduction time: 0.19257
-----------------------------------------------------------
Generation: 54
Evaluation time: 0.06973
Reproduction time: 0.19382
-----------------------------------------------------------
Generation: 55
Evaluation time: 0.06293
Reproduction time: 0.17667
-----------------------------------------------------------
Generation: 56
Evaluation time: 0.06095
Reproduction time: 0.18283
-----------------------------------------------------------
Generation: 57
Evaluation time: 0.06027
Reproduction time: 0.19244
-----------------------------------------------------------
Generation: 58
Evaluation time: 0.04685
Reproduction time: 0.22036
-----------------------------------------------------------
Generation: 59
Evaluation time: 0.07073
Reproduction time: 0.18906
-----------------------------------------------------------
Generation: 60
Evaluation time: 0.04732
Reproduction time: 0.16358
-----------------------------------------------------------
Generation: 61
Evaluation time: 0.04231
Reproduction time: 0.35115
-----------------------------------------------------------
Generation: 62
Evaluation time: 0.04387
Reproduction time: 0.22372
-----------------------------------------------------------
Generation: 63
Evaluation time: 0.06374
Reproduction time: 0.20148
-----------------------------------------------------------
Generation: 64
Evaluation time: 0.05982
Reproduction time: 0.19242
-----------------------------------------------------------
Generation: 65
Evaluation time: 0.04582
Reproduction time: 0.20821
-----------------------------------------------------------
Generation: 66
Evaluation time: 0.06323
Reproduction time: 0.20509
-----------------------------------------------------------
Generation: 67
Evaluation time: 0.05828
Reproduction time: 0.18237
-----------------------------------------------------------
Generation: 68
Evaluation time: 0.04595
Reproduction time: 0.19878
-----------------------------------------------------------
Generation: 69
Evaluation time: 0.04627
Reproduction time: 0.19279
-----------------------------------------------------------
Generation: 70
Evaluation time: 0.04835
Reproduction time: 0.2126
-----------------------------------------------------------
Generation: 71
Evaluation time: 0.03869
Reproduction time: 0.38809
-----------------------------------------------------------
Generation: 72
Evaluation time: 0.04914
Reproduction time: 0.21923
-----------------------------------------------------------
Generation: 73
Evaluation time: 0.05835
Reproduction time: 0.19857
-----------------------------------------------------------
Generation: 74
Evaluation time: 0.04518
Reproduction time: 0.19729
-----------------------------------------------------------
Generation: 75
Evaluation time: 0.06169
Reproduction time: 0.16721
-----------------------------------------------------------
Generation: 76
Evaluation time: 0.07278
Reproduction time: 0.17065
-----------------------------------------------------------
Generation: 77
Evaluation time: 0.04634
Reproduction time: 0.1817
-----------------------------------------------------------
Generation: 78
Evaluation time: 0.0458
Reproduction time: 0.21208
-----------------------------------------------------------
Generation: 79
Evaluation time: 0.06437
Reproduction time: 0.18155
-----------------------------------------------------------
Generation: 80
Evaluation time: 0.04599
Reproduction time: 0.17625
-----------------------------------------------------------
Generation: 81
Evaluation time: 0.06534
Reproduction time: 0.35296
-----------------------------------------------------------
Generation: 82
Evaluation time: 0.0704
Reproduction time: 0.20508
-----------------------------------------------------------
Generation: 83
Evaluation time: 0.04786
Reproduction time: 0.20749
-----------------------------------------------------------
Generation: 84
Evaluation time: 0.06641
Reproduction time: 0.20174
-----------------------------------------------------------
Generation: 85
Evaluation time: 0.06313
Reproduction time: 0.18243
-----------------------------------------------------------
Generation: 86
Evaluation time: 0.04756
Reproduction time: 0.21028
-----------------------------------------------------------
Generation: 87
Evaluation time: 0.06723
Reproduction time: 0.17639
-----------------------------------------------------------
Generation: 88
Evaluation time: 0.07855
Reproduction time: 0.17323
-----------------------------------------------------------
Generation: 89
Evaluation time: 0.0761
Reproduction time: 0.17488
-----------------------------------------------------------
Generation: 90
Evaluation time: 0.04981
Reproduction time: 0.17734
-----------------------------------------------------------
Generation: 91
Evaluation time: 0.03802
Reproduction time: 0.37423
-----------------------------------------------------------
Generation: 92
Evaluation time: 0.04582
Reproduction time: 0.24569
-----------------------------------------------------------
Generation: 93
Evaluation time: 0.04705
Reproduction time: 0.21996
-----------------------------------------------------------
Generation: 94
Evaluation time: 0.07258
Reproduction time: 0.20009
-----------------------------------------------------------
Generation: 95
Evaluation time: 0.04731
Reproduction time: 0.19105
-----------------------------------------------------------
Generation: 96
Evaluation time: 0.06588
Reproduction time: 0.18684
-----------------------------------------------------------
Generation: 97
Evaluation time: 0.08349
Reproduction time: 0.18383
-----------------------------------------------------------
Generation: 98
Evaluation time: 0.04941
Reproduction time: 0.18114
-----------------------------------------------------------
Generation: 99
Evaluation time: 0.06661
Reproduction time: 0.19135
-----------------------------------------------------------
Generation: 100
Evaluation time: 0.08145
Reproduction time: 0.19916
-----------------------------------------------------------
Generation: 101
Evaluation time: 0.03947
Reproduction time: 0.35704
-----------------------------------------------------------
Generation: 102
Evaluation time: 0.05088
Reproduction time: 0.21191
-----------------------------------------------------------
Generation: 103
Evaluation time: 0.05466
Reproduction time: 0.2052
-----------------------------------------------------------
Generation: 104
Evaluation time: 0.05619
Reproduction time: 0.22028
-----------------------------------------------------------
Generation: 105
Evaluation time: 0.0707
Reproduction time: 0.21709
-----------------------------------------------------------
Generation: 106
Evaluation time: 0.07589
Reproduction time: 0.19093
-----------------------------------------------------------
Generation: 107
Evaluation time: 0.04713
Reproduction time: 0.18688
-----------------------------------------------------------
Generation: 108
Evaluation time: 0.07141
Reproduction time: 0.20035
-----------------------------------------------------------
Generation: 109
Evaluation time: 0.04828
Reproduction time: 0.18777
-----------------------------------------------------------
Generation: 110
Evaluation time: 0.07277
Reproduction time: 0.19441
-----------------------------------------------------------
Generation: 111
Evaluation time: 0.04475
Reproduction time: 0.32378
-----------------------------------------------------------
Generation: 112
Evaluation time: 0.0676
Reproduction time: 0.22168
-----------------------------------------------------------
Generation: 113
Evaluation time: 0.04893
Reproduction time: 0.20202
-----------------------------------------------------------
Generation: 114
Evaluation time: 0.04816
Reproduction time: 0.20766
-----------------------------------------------------------
Generation: 115
Evaluation time: 0.06808
Reproduction time: 0.20296
-----------------------------------------------------------
Generation: 116
Evaluation time: 0.0674
Reproduction time: 0.17121
-----------------------------------------------------------
Generation: 117
Evaluation time: 0.07839
Reproduction time: 0.17694
-----------------------------------------------------------
Generation: 118
Evaluation time: 0.07783
Reproduction time: 0.17851
-----------------------------------------------------------
Generation: 119
Evaluation time: 0.04852
Reproduction time: 0.1764
-----------------------------------------------------------
Generation: 120
Evaluation time: 0.04649
Reproduction time: 0.20248
-----------------------------------------------------------
Generation: 121
Evaluation time: 0.06539
Reproduction time: 0.36065
-----------------------------------------------------------
Generation: 122
Evaluation time: 0.04565
Reproduction time: 0.19732
-----------------------------------------------------------
Generation: 123
Evaluation time: 0.07175
Reproduction time: 0.19923
-----------------------------------------------------------
Generation: 124
Evaluation time: 0.06982
Reproduction time: 0.18118
-----------------------------------------------------------
Generation: 125
Evaluation time: 0.0644
Reproduction time: 0.17975
-----------------------------------------------------------
Generation: 126
Evaluation time: 0.05988
Reproduction time: 0.18089
-----------------------------------------------------------
Generation: 127
Evaluation time: 0.04629
Reproduction time: 0.20765
-----------------------------------------------------------
Generation: 128
Evaluation time: 0.0463
Reproduction time: 0.2034
-----------------------------------------------------------
Generation: 129
Evaluation time: 0.04638
Reproduction time: 0.20694
-----------------------------------------------------------
Generation: 130
Evaluation time: 0.0467
Reproduction time: 0.2167
-----------------------------------------------------------
Generation: 131
Evaluation time: 0.03822
Reproduction time: 0.40835
-----------------------------------------------------------
Generation: 132
Evaluation time: 0.05042
Reproduction time: 0.21592
-----------------------------------------------------------
Generation: 133
Evaluation time: 0.05559
Reproduction time: 0.20852
-----------------------------------------------------------
Generation: 134
Evaluation time: 0.07092
Reproduction time: 0.20184
-----------------------------------------------------------
Generation: 135
Evaluation time: 0.07532
Reproduction time: 0.17983
-----------------------------------------------------------
Generation: 136
Evaluation time: 0.04812
Reproduction time: 0.16946
-----------------------------------------------------------
Generation: 137
Evaluation time: 0.06981
Reproduction time: 0.18208
-----------------------------------------------------------
Generation: 138
Evaluation time: 0.04682
Reproduction time: 0.17208
-----------------------------------------------------------
Generation: 139
Evaluation time: 0.0696
Reproduction time: 0.19126
-----------------------------------------------------------
Generation: 140
Evaluation time: 0.04696
Reproduction time: 0.17647
-----------------------------------------------------------
Generation: 141
Evaluation time: 0.06147
Reproduction time: 0.38019
-----------------------------------------------------------
Generation: 142
Evaluation time: 0.04468
Reproduction time: 0.21613
-----------------------------------------------------------
Generation: 143
Evaluation time: 0.04731
Reproduction time: 0.21657
-----------------------------------------------------------
Generation: 144
Evaluation time: 0.07628
Reproduction time: 0.19124
-----------------------------------------------------------
Generation: 145
Evaluation time: 0.04782
Reproduction time: 0.17617
-----------------------------------------------------------
Generation: 146
Evaluation time: 0.07205
Reproduction time: 0.17265
-----------------------------------------------------------
Generation: 147
Evaluation time: 0.07802
Reproduction time: 0.16585
-----------------------------------------------------------
Generation: 148
Evaluation time: 0.04823
Reproduction time: 0.17179
-----------------------------------------------------------
Generation: 149
Evaluation time: 0.04623
Reproduction time: 0.22779
-----------------------------------------------------------
Generation: 150
Evaluation time: 0.06514
Reproduction time: 0.19003
-----------------------------------------------------------
Generation: 151
Evaluation time: 0.0399
Reproduction time: 0.36072
-----------------------------------------------------------
Generation: 152
Evaluation time: 0.04513
Reproduction time: 0.23368
-----------------------------------------------------------
Generation: 153
Evaluation time: 0.04541
Reproduction time: 0.20015
-----------------------------------------------------------
Generation: 154
Evaluation time: 0.06852
Reproduction time: 0.17679
-----------------------------------------------------------
Generation: 155
Evaluation time: 0.04683
Reproduction time: 0.1711
-----------------------------------------------------------
Generation: 156
Evaluation time: 0.04619
Reproduction time: 0.19662
-----------------------------------------------------------
Generation: 157
Evaluation time: 0.07074
Reproduction time: 0.18533
-----------------------------------------------------------
Generation: 158
Evaluation time: 0.08135
Reproduction time: 0.17412
-----------------------------------------------------------
Generation: 159
Evaluation time: 0.04896
Reproduction time: 0.16398
-----------------------------------------------------------
Generation: 160
Evaluation time: 0.06703
Reproduction time: 0.17816
-----------------------------------------------------------
Generation: 161
Evaluation time: 0.06006
Reproduction time: 0.35904
-----------------------------------------------------------
Generation: 162
Evaluation time: 0.06823
Reproduction time: 0.21111
-----------------------------------------------------------
Generation: 163
Evaluation time: 0.05999
Reproduction time: 0.18479
-----------------------------------------------------------
Generation: 164
Evaluation time: 0.04672
Reproduction time: 0.22299
-----------------------------------------------------------
Generation: 165
Evaluation time: 0.04626
Reproduction time: 0.2108
-----------------------------------------------------------
Generation: 166
Evaluation time: 0.04646
Reproduction time: 0.20692
-----------------------------------------------------------
Generation: 167
Evaluation time: 0.04688
Reproduction time: 0.20776
-----------------------------------------------------------
Generation: 168
Evaluation time: 0.04645
Reproduction time: 0.19227
-----------------------------------------------------------
Generation: 169
Evaluation time: 0.04618
Reproduction time: 0.18505
-----------------------------------------------------------
Generation: 170
Evaluation time: 0.04578
Reproduction time: 0.18121
-----------------------------------------------------------
Generation: 171
Evaluation time: 0.06358
Reproduction time: 0.34891
-----------------------------------------------------------
Generation: 172
Evaluation time: 0.05049
Reproduction time: 0.19152
-----------------------------------------------------------
Generation: 173
Evaluation time: 0.04701
Reproduction time: 0.21274
-----------------------------------------------------------
Generation: 174
Evaluation time: 0.05818
Reproduction time: 0.20222
-----------------------------------------------------------
Generation: 175
Evaluation time: 0.0467
Reproduction time: 0.20997
-----------------------------------------------------------
Generation: 176
Evaluation time: 0.04649
Reproduction time: 0.20396
-----------------------------------------------------------
Generation: 177
Evaluation time: 0.04746
Reproduction time: 0.21494
-----------------------------------------------------------
Generation: 178
Evaluation time: 0.04709
Reproduction time: 0.20671
-----------------------------------------------------------
Generation: 179
Evaluation time: 0.04641
Reproduction time: 0.22326
-----------------------------------------------------------
Generation: 180
Evaluation time: 0.04595
Reproduction time: 0.21654
-----------------------------------------------------------
Generation: 181
Evaluation time: 0.0385
Reproduction time: 0.37999
-----------------------------------------------------------
Generation: 182
Evaluation time: 0.04852
Reproduction time: 0.22038
-----------------------------------------------------------
Generation: 183
Evaluation time: 0.05259
Reproduction time: 0.21349
-----------------------------------------------------------
Generation: 184
Evaluation time: 0.05473
Reproduction time: 0.19458
-----------------------------------------------------------
Generation: 185
Evaluation time: 0.0555
Reproduction time: 0.22793
-----------------------------------------------------------
Generation: 186
Evaluation time: 0.0722
Reproduction time: 0.19702
-----------------------------------------------------------
Generation: 187
Evaluation time: 0.04664
Reproduction time: 0.17145
-----------------------------------------------------------
Generation: 188
Evaluation time: 0.06715
Reproduction time: 0.18258
-----------------------------------------------------------
Generation: 189
Evaluation time: 0.04605
Reproduction time: 0.16752
-----------------------------------------------------------
Generation: 190
Evaluation time: 0.03763
Reproduction time: 0.17747
-----------------------------------------------------------
Generation: 191
Evaluation time: 0.06167
Reproduction time: 0.36645
-----------------------------------------------------------
Generation: 192
Evaluation time: 0.07169
Reproduction time: 0.19733
-----------------------------------------------------------
Generation: 193
Evaluation time: 0.04862
Reproduction time: 0.20066
-----------------------------------------------------------
Generation: 194
Evaluation time: 0.07046
Reproduction time: 0.20504
-----------------------------------------------------------
Generation: 195
Evaluation time: 0.04666
Reproduction time: 0.22559
-----------------------------------------------------------
Generation: 196
Evaluation time: 0.04774
Reproduction time: 0.21903
-----------------------------------------------------------
Generation: 197
Evaluation time: 0.07353
Reproduction time: 0.19841
-----------------------------------------------------------
Generation: 198
Evaluation time: 0.05025
Reproduction time: 0.17016
-----------------------------------------------------------
Generation: 199
Evaluation time: 0.07805
Reproduction time: 0.18393
-----------------------------------------------------------
Generation: 200
Evaluation time: 0.04972
Reproduction time: 0.16278
-----------------------------------------------------------
Generation: 201
Evaluation time: 0.06307
Reproduction time: 0.36779
-----------------------------------------------------------
Generation: 202
Evaluation time: 0.06957
Reproduction time: 0.20647
-----------------------------------------------------------
Generation: 203
Evaluation time: 0.04781
Reproduction time: 0.21631
-----------------------------------------------------------
Generation: 204
Evaluation time: 0.05918
Reproduction time: 0.21581
-----------------------------------------------------------
Generation: 205
Evaluation time: 0.04737
Reproduction time: 0.22895
-----------------------------------------------------------
Generation: 206
Evaluation time: 0.04734
Reproduction time: 0.22538
-----------------------------------------------------------
Generation: 207
Evaluation time: 0.04685
Reproduction time: 0.21203
-----------------------------------------------------------
Generation: 208
Evaluation time: 0.04722
Reproduction time: 0.23082
-----------------------------------------------------------
Generation: 209
Evaluation time: 0.04666
Reproduction time: 0.22155
-----------------------------------------------------------
Generation: 210
Evaluation time: 0.04599
Reproduction time: 0.2261
-----------------------------------------------------------
Generation: 211
Evaluation time: 0.03839
Reproduction time: 0.38818
-----------------------------------------------------------
Generation: 212
Evaluation time: 0.04928
Reproduction time: 0.21075
-----------------------------------------------------------
Generation: 213
Evaluation time: 0.05735
Reproduction time: 0.20371
-----------------------------------------------------------
Generation: 214
Evaluation time: 0.07314
Reproduction time: 0.20115
-----------------------------------------------------------
Generation: 215
Evaluation time: 0.07675
Reproduction time: 0.17563
-----------------------------------------------------------
Generation: 216
Evaluation time: 0.04567
Reproduction time: 0.17538
-----------------------------------------------------------
Generation: 217
Evaluation time: 0.06763
Reproduction time: 0.17872
-----------------------------------------------------------
Generation: 218
Evaluation time: 0.04642
Reproduction time: 0.16224
-----------------------------------------------------------
Generation: 219
Evaluation time: 0.05954
Reproduction time: 0.17056
-----------------------------------------------------------
Generation: 220
Evaluation time: 0.0747
Reproduction time: 0.17565
-----------------------------------------------------------
Generation: 221
Evaluation time: 0.03859
Reproduction time: 0.34905
-----------------------------------------------------------
Generation: 222
Evaluation time: 0.05658
Reproduction time: 0.21859
-----------------------------------------------------------
Generation: 223
Evaluation time: 0.04562
Reproduction time: 0.2169
-----------------------------------------------------------
Generation: 224
Evaluation time: 0.04475
Reproduction time: 0.21012
-----------------------------------------------------------
Generation: 225
Evaluation time: 0.04498
Reproduction time: 0.20621
-----------------------------------------------------------
Generation: 226
Evaluation time: 0.04461
Reproduction time: 0.19774
-----------------------------------------------------------
Generation: 227
Evaluation time: 0.04528
Reproduction time: 0.18611
-----------------------------------------------------------
Generation: 228
Evaluation time: 0.04583
Reproduction time: 0.19502
-----------------------------------------------------------
Generation: 229
Evaluation time: 0.04578
Reproduction time: 0.19975
-----------------------------------------------------------
Generation: 230
Evaluation time: 0.04605
Reproduction time: 0.19867
-----------------------------------------------------------
Generation: 231
Evaluation time: 0.06319
Reproduction time: 0.3439
-----------------------------------------------------------
Generation: 232
Evaluation time: 0.06561
Reproduction time: 0.21172
-----------------------------------------------------------
Generation: 233
Evaluation time: 0.06976
Reproduction time: 0.22053
-----------------------------------------------------------
Generation: 234
Evaluation time: 0.07827
Reproduction time: 0.19476
-----------------------------------------------------------
Generation: 235
Evaluation time: 0.07995
Reproduction time: 0.18861
-----------------------------------------------------------
Generation: 236
Evaluation time: 0.04829
Reproduction time: 0.1917
-----------------------------------------------------------
Generation: 237
Evaluation time: 0.04836
Reproduction time: 0.22555
-----------------------------------------------------------
Generation: 238
Evaluation time: 0.0733
Reproduction time: 0.19333
-----------------------------------------------------------
Generation: 239
Evaluation time: 0.04822
Reproduction time: 0.17716
-----------------------------------------------------------
Generation: 240
Evaluation time: 0.04821
Reproduction time: 0.20426
-----------------------------------------------------------
Generation: 241
Evaluation time: 0.06307
Reproduction time: 0.38281
-----------------------------------------------------------
Generation: 242
Evaluation time: 0.06181
Reproduction time: 0.21383
-----------------------------------------------------------
Generation: 243
Evaluation time: 0.07336
Reproduction time: 0.21837
-----------------------------------------------------------
Generation: 244
Evaluation time: 0.07581
Reproduction time: 0.19176
-----------------------------------------------------------
Generation: 245
Evaluation time: 0.07795
Reproduction time: 0.18457
-----------------------------------------------------------
Generation: 246
Evaluation time: 0.05012
Reproduction time: 0.17032
-----------------------------------------------------------
Generation: 247
Evaluation time: 0.04826
Reproduction time: 0.20861
-----------------------------------------------------------
Generation: 248
Evaluation time: 0.07095
Reproduction time: 0.17189
-----------------------------------------------------------
Generation: 249
Evaluation time: 0.07325
Reproduction time: 0.17244
-----------------------------------------------------------
Generation: 250
Evaluation time: 0.07429
Reproduction time: 0.17933
-----------------------------------------------------------
Generation: 251
Evaluation time: 0.065
Reproduction time: 0.37208
-----------------------------------------------------------
Generation: 252
Evaluation time: 0.07299
Reproduction time: 0.19929
-----------------------------------------------------------
Generation: 253
Evaluation time: 0.06185
Reproduction time: 0.18906
-----------------------------------------------------------
Generation: 254
Evaluation time: 0.06242
Reproduction time: 0.17655
-----------------------------------------------------------
Generation: 255
Evaluation time: 0.04641
Reproduction time: 0.20393
-----------------------------------------------------------
Generation: 256
Evaluation time: 0.04635
Reproduction time: 0.18737
-----------------------------------------------------------
Generation: 257
Evaluation time: 0.04572
Reproduction time: 0.20157
-----------------------------------------------------------
Generation: 258
Evaluation time: 0.04695
Reproduction time: 0.20202
-----------------------------------------------------------
Generation: 259
Evaluation time: 0.04552
Reproduction time: 0.20598
-----------------------------------------------------------
Generation: 260
Evaluation time: 0.0731
Reproduction time: 0.20518
-----------------------------------------------------------
Generation: 261
Evaluation time: 0.06381
Reproduction time: 0.36493
-----------------------------------------------------------
Generation: 262
Evaluation time: 0.07259
Reproduction time: 0.20433
-----------------------------------------------------------
Generation: 263
Evaluation time: 0.07051
Reproduction time: 0.15871
-----------------------------------------------------------
Generation: 264
Evaluation time: 0.06582
Reproduction time: 0.16638
-----------------------------------------------------------
Generation: 265
Evaluation time: 0.04705
Reproduction time: 0.20877
-----------------------------------------------------------
Generation: 266
Evaluation time: 0.06486
Reproduction time: 0.17858
-----------------------------------------------------------
Generation: 267
Evaluation time: 0.06296
Reproduction time: 0.19306
-----------------------------------------------------------
Generation: 268
Evaluation time: 0.0484
Reproduction time: 0.21396
-----------------------------------------------------------
Generation: 269
Evaluation time: 0.06793
Reproduction time: 0.16586
-----------------------------------------------------------
Generation: 270
Evaluation time: 0.06909
Reproduction time: 0.17834
-----------------------------------------------------------
Generation: 271
Evaluation time: 0.06463
Reproduction time: 0.36198
-----------------------------------------------------------
Generation: 272
Evaluation time: 0.04605
Reproduction time: 0.1976
-----------------------------------------------------------
Generation: 273
Evaluation time: 0.07295
Reproduction time: 0.2047
-----------------------------------------------------------
Generation: 274
Evaluation time: 0.07141
Reproduction time: 0.17386
-----------------------------------------------------------
Generation: 275
Evaluation time: 0.0612
Reproduction time: 0.18506
-----------------------------------------------------------
Generation: 276
Evaluation time: 0.04679
Reproduction time: 0.2138
-----------------------------------------------------------
Generation: 277
Evaluation time: 0.06333
Reproduction time: 0.18956
-----------------------------------------------------------
Generation: 278
Evaluation time: 0.07581
Reproduction time: 0.17637
-----------------------------------------------------------
Generation: 279
Evaluation time: 0.07696
Reproduction time: 0.18498
-----------------------------------------------------------
Generation: 280
Evaluation time: 0.04832
Reproduction time: 0.18261
-----------------------------------------------------------
Generation: 281
Evaluation time: 0.04262
Reproduction time: 0.36445
-----------------------------------------------------------
Generation: 282
Evaluation time: 0.04583
Reproduction time: 0.23105
-----------------------------------------------------------
Generation: 283
Evaluation time: 0.06664
Reproduction time: 0.20237
-----------------------------------------------------------
Generation: 284
Evaluation time: 0.06276
Reproduction time: 0.17811
-----------------------------------------------------------
Generation: 285
Evaluation time: 0.04657
Reproduction time: 0.20032
-----------------------------------------------------------
Generation: 286
Evaluation time: 0.05676
Reproduction time: 0.20493
-----------------------------------------------------------
Generation: 287
Evaluation time: 0.04636
Reproduction time: 0.22051
-----------------------------------------------------------
Generation: 288
Evaluation time: 0.04648
Reproduction time: 0.21426
-----------------------------------------------------------
Generation: 289
Evaluation time: 0.04621
Reproduction time: 0.22454
-----------------------------------------------------------
Generation: 290
Evaluation time: 0.04637
Reproduction time: 0.21887
-----------------------------------------------------------
Generation: 291
Evaluation time: 0.03869
Reproduction time: 0.37701
-----------------------------------------------------------
Generation: 292
Evaluation time: 0.05196
Reproduction time: 0.20749
-----------------------------------------------------------
Generation: 293
Evaluation time: 0.07087
Reproduction time: 0.20963
-----------------------------------------------------------
Generation: 294
Evaluation time: 0.06548
Reproduction time: 0.19507
-----------------------------------------------------------
Generation: 295
Evaluation time: 0.08252
Reproduction time: 0.17487
-----------------------------------------------------------
Generation: 296
Evaluation time: 0.04909
Reproduction time: 0.17352
-----------------------------------------------------------
Generation: 297
Evaluation time: 0.06499
Reproduction time: 0.18263
-----------------------------------------------------------
Generation: 298
Evaluation time: 0.04562
Reproduction time: 0.1741
-----------------------------------------------------------
Generation: 299
Evaluation time: 0.04984
Reproduction time: 0.21585
-----------------------------------------------------------
Generation: 300
Evaluation time: 0.06946
Reproduction time: 0.18108
-----------------------------------------------------------
Generation: 301
Evaluation time: 0.06338
Reproduction time: 0.32889
-----------------------------------------------------------
Generation: 302
Evaluation time: 0.06846
Reproduction time: 0.20525
-----------------------------------------------------------
Generation: 303
Evaluation time: 0.07404
Reproduction time: 0.20671
-----------------------------------------------------------
Generation: 304
Evaluation time: 0.06276
Reproduction time: 0.18636
-----------------------------------------------------------
Generation: 305
Evaluation time: 0.06742
Reproduction time: 0.18034
-----------------------------------------------------------
Generation: 306
Evaluation time: 0.04994
Reproduction time: 0.21512
-----------------------------------------------------------
Generation: 307
Evaluation time: 0.06516
Reproduction time: 0.16997
-----------------------------------------------------------
Generation: 308
Evaluation time: 0.07378
Reproduction time: 0.18138
-----------------------------------------------------------
Generation: 309
Evaluation time: 0.08011
Reproduction time: 0.17803
-----------------------------------------------------------
Generation: 310
Evaluation time: 0.08753
Reproduction time: 0.16933
-----------------------------------------------------------
Generation: 311
Evaluation time: 0.06569
Reproduction time: 0.3166
-----------------------------------------------------------
Generation: 312
Evaluation time: 0.04733
Reproduction time: 0.21182
-----------------------------------------------------------
Generation: 313
Evaluation time: 0.05571
Reproduction time: 0.21074
-----------------------------------------------------------
Generation: 314
Evaluation time: 0.0811
Reproduction time: 0.20086
-----------------------------------------------------------
Generation: 315
Evaluation time: 0.06785
Reproduction time: 0.18975
-----------------------------------------------------------
Generation: 316
Evaluation time: 0.07402
Reproduction time: 0.17724
-----------------------------------------------------------
Generation: 317
Evaluation time: 0.07375
Reproduction time: 0.17516
-----------------------------------------------------------
Generation: 318
Evaluation time: 0.06722
Reproduction time: 0.1812
-----------------------------------------------------------
Generation: 319
Evaluation time: 0.06331
Reproduction time: 0.18325
-----------------------------------------------------------
Generation: 320
Evaluation time: 0.04699
Reproduction time: 0.21833
-----------------------------------------------------------
Generation: 321
Evaluation time: 0.04444
Reproduction time: 0.36144
-----------------------------------------------------------
Generation: 322
Evaluation time: 0.04694
Reproduction time: 0.23059
-----------------------------------------------------------
Generation: 323
Evaluation time: 0.06911
Reproduction time: 0.20218
-----------------------------------------------------------
Generation: 324
Evaluation time: 0.06168
Reproduction time: 0.17131
-----------------------------------------------------------
Generation: 325
Evaluation time: 0.04641
Reproduction time: 0.19677
-----------------------------------------------------------
Generation: 326
Evaluation time: 0.05992
Reproduction time: 0.209
-----------------------------------------------------------
Generation: 327
Evaluation time: 0.04669
Reproduction time: 0.21197
-----------------------------------------------------------
Generation: 328
Evaluation time: 0.06252
Reproduction time: 0.19169
-----------------------------------------------------------
Generation: 329
Evaluation time: 0.06818
Reproduction time: 0.186
-----------------------------------------------------------
Generation: 330
Evaluation time: 0.07965
Reproduction time: 0.19228
-----------------------------------------------------------
Generation: 331
Evaluation time: 0.03893
Reproduction time: 0.35192
-----------------------------------------------------------
Generation: 332
Evaluation time: 0.04945
Reproduction time: 0.22143
-----------------------------------------------------------
Generation: 333
Evaluation time: 0.05813
Reproduction time: 0.20127
-----------------------------------------------------------
Generation: 334
Evaluation time: 0.07085
Reproduction time: 0.20094
-----------------------------------------------------------
Generation: 335
Evaluation time: 0.07631
Reproduction time: 0.18577
-----------------------------------------------------------
Generation: 336
Evaluation time: 0.04829
Reproduction time: 0.18611
-----------------------------------------------------------
Generation: 337
Evaluation time: 0.0703
Reproduction time: 0.18086
-----------------------------------------------------------
Generation: 338
Evaluation time: 0.04673
Reproduction time: 0.16623
-----------------------------------------------------------
Generation: 339
Evaluation time: 0.04621
Reproduction time: 0.21242
-----------------------------------------------------------
Generation: 340
Evaluation time: 0.03763
Reproduction time: 0.18602
-----------------------------------------------------------
Generation: 341
Evaluation time: 0.06379
Reproduction time: 0.34599
-----------------------------------------------------------
Generation: 342
Evaluation time: 0.0698
Reproduction time: 0.20624
-----------------------------------------------------------
Generation: 343
Evaluation time: 0.04673
Reproduction time: 0.20493
-----------------------------------------------------------
Generation: 344
Evaluation time: 0.07246
Reproduction time: 0.20491
-----------------------------------------------------------
Generation: 345
Evaluation time: 0.06582
Reproduction time: 0.18538
-----------------------------------------------------------
Generation: 346
Evaluation time: 0.06637
Reproduction time: 0.17764
-----------------------------------------------------------
Generation: 347
Evaluation time: 0.06469
Reproduction time: 0.17605
-----------------------------------------------------------
Generation: 348
Evaluation time: 0.04791
Reproduction time: 0.22144
-----------------------------------------------------------
Generation: 349
Evaluation time: 0.06561
Reproduction time: 0.19262
-----------------------------------------------------------
Generation: 350
Evaluation time: 0.07636
Reproduction time: 0.19052
-----------------------------------------------------------
Generation: 351
Evaluation time: 0.03904
Reproduction time: 0.38911
-----------------------------------------------------------
Generation: 352
Evaluation time: 0.05023
Reproduction time: 0.20656
-----------------------------------------------------------
Generation: 353
Evaluation time: 0.0733
Reproduction time: 0.20689
-----------------------------------------------------------
Generation: 354
Evaluation time: 0.07787
Reproduction time: 0.17551
-----------------------------------------------------------
Generation: 355
Evaluation time: 0.04865
Reproduction time: 0.16473
-----------------------------------------------------------
Generation: 356
Evaluation time: 0.06709
Reproduction time: 0.17811
-----------------------------------------------------------
Generation: 357
Evaluation time: 0.08304
Reproduction time: 0.17655
-----------------------------------------------------------
Generation: 358
Evaluation time: 0.04802
Reproduction time: 0.15768
-----------------------------------------------------------
Generation: 359
Evaluation time: 0.06544
Reproduction time: 0.19492
-----------------------------------------------------------
Generation: 360
Evaluation time: 0.07506
Reproduction time: 0.18768
-----------------------------------------------------------
Generation: 361
Evaluation time: 0.0617
Reproduction time: 0.35249
-----------------------------------------------------------
Generation: 362
Evaluation time: 0.05688
Reproduction time: 0.19738
-----------------------------------------------------------
Generation: 363
Evaluation time: 0.04664
Reproduction time: 0.20205
-----------------------------------------------------------
Generation: 364
Evaluation time: 0.04468
Reproduction time: 0.20466
-----------------------------------------------------------
Generation: 365
Evaluation time: 0.04483
Reproduction time: 0.21091
-----------------------------------------------------------
Generation: 366
Evaluation time: 0.04555
Reproduction time: 0.1996
-----------------------------------------------------------
Generation: 367
Evaluation time: 0.04673
Reproduction time: 0.22261
-----------------------------------------------------------
Generation: 368
Evaluation time: 0.046
Reproduction time: 0.21926
-----------------------------------------------------------
Generation: 369
Evaluation time: 0.04612
Reproduction time: 0.22112
-----------------------------------------------------------
Generation: 370
Evaluation time: 0.04593
Reproduction time: 0.21734
-----------------------------------------------------------
Generation: 371
Evaluation time: 0.04337
Reproduction time: 0.34502
-----------------------------------------------------------
Generation: 372
Evaluation time: 0.04604
Reproduction time: 0.22619
-----------------------------------------------------------
Generation: 373
Evaluation time: 0.06788
Reproduction time: 0.19791
-----------------------------------------------------------
Generation: 374
Evaluation time: 0.04668
Reproduction time: 0.22672
-----------------------------------------------------------
Generation: 375
Evaluation time: 0.06167
Reproduction time: 0.18927
-----------------------------------------------------------
Generation: 376
Evaluation time: 0.04758
Reproduction time: 0.21898
-----------------------------------------------------------
Generation: 377
Evaluation time: 0.0732
Reproduction time: 0.1843
-----------------------------------------------------------
Generation: 378
Evaluation time: 0.0466
Reproduction time: 0.17372
-----------------------------------------------------------
Generation: 379
Evaluation time: 0.07355
Reproduction time: 0.17041
-----------------------------------------------------------
Generation: 380
Evaluation time: 0.04701
Reproduction time: 0.15977
-----------------------------------------------------------
Generation: 381
Evaluation time: 0.0648
Reproduction time: 0.36203
-----------------------------------------------------------
Generation: 382
Evaluation time: 0.07443
Reproduction time: 0.19537
-----------------------------------------------------------
Generation: 383
Evaluation time: 0.04765
Reproduction time: 0.1967
-----------------------------------------------------------
Generation: 384
Evaluation time: 0.06606
Reproduction time: 0.197
-----------------------------------------------------------
Generation: 385
Evaluation time: 0.04973
Reproduction time: 0.2054
-----------------------------------------------------------
Generation: 386
Evaluation time: 0.06746
Reproduction time: 0.17855
-----------------------------------------------------------
Generation: 387
Evaluation time: 0.07797
Reproduction time: 0.17808
-----------------------------------------------------------
Generation: 388
Evaluation time: 0.08424
Reproduction time: 0.17679
-----------------------------------------------------------
Generation: 389
Evaluation time: 0.04957
Reproduction time: 0.17759
-----------------------------------------------------------
Generation: 390
Evaluation time: 0.04705
Reproduction time: 0.224
-----------------------------------------------------------
Generation: 391
Evaluation time: 0.05831
Reproduction time: 0.39755
-----------------------------------------------------------
Generation: 392
Evaluation time: 0.05441
Reproduction time: 0.18328
-----------------------------------------------------------
Generation: 393
Evaluation time: 0.05726
Reproduction time: 0.17265
-----------------------------------------------------------
Generation: 394
Evaluation time: 0.0576
Reproduction time: 0.17387
-----------------------------------------------------------
Generation: 395
Evaluation time: 0.05795
Reproduction time: 0.16961
-----------------------------------------------------------
Generation: 396
Evaluation time: 0.05773
Reproduction time: 0.17557
-----------------------------------------------------------
Generation: 397
Evaluation time: 0.06047
Reproduction time: 0.1676
-----------------------------------------------------------
Generation: 398
Evaluation time: 0.0592
Reproduction time: 0.17418
-----------------------------------------------------------
Generation: 399
Evaluation time: 0.06049
Reproduction time: 0.17375
-----------------------------------------------------------
Generation: 400
Evaluation time: 0.06111
Reproduction time: 0.17296
-----------------------------------------------------------
Generation: 401
Evaluation time: 0.063
Reproduction time: 0.35034
-----------------------------------------------------------
Generation: 402
Evaluation time: 0.07418
Reproduction time: 0.19855
-----------------------------------------------------------
Generation: 403
Evaluation time: 0.04885
Reproduction time: 0.19631
-----------------------------------------------------------
Generation: 404
Evaluation time: 0.0477
Reproduction time: 0.20379
-----------------------------------------------------------
Generation: 405
Evaluation time: 0.04644
Reproduction time: 0.21413
-----------------------------------------------------------
Generation: 406
Evaluation time: 0.0741
Reproduction time: 0.18341
-----------------------------------------------------------
Generation: 407
Evaluation time: 0.04842
Reproduction time: 0.17572
-----------------------------------------------------------
Generation: 408
Evaluation time: 0.04761
Reproduction time: 0.20084
-----------------------------------------------------------
Generation: 409
Evaluation time: 0.06909
Reproduction time: 0.18118
-----------------------------------------------------------
Generation: 410
Evaluation time: 0.0757
Reproduction time: 0.19908
-----------------------------------------------------------
Generation: 411
Evaluation time: 0.03828
Reproduction time: 0.38452
-----------------------------------------------------------
Generation: 412
Evaluation time: 0.05
Reproduction time: 0.21111
-----------------------------------------------------------
Generation: 413
Evaluation time: 0.05504
Reproduction time: 0.20955
-----------------------------------------------------------
Generation: 414
Evaluation time: 0.05321
Reproduction time: 0.2119
-----------------------------------------------------------
Generation: 415
Evaluation time: 0.07393
Reproduction time: 0.21768
-----------------------------------------------------------
Generation: 416
Evaluation time: 0.07946
Reproduction time: 0.18905
-----------------------------------------------------------
Generation: 417
Evaluation time: 0.04852
Reproduction time: 0.18692
-----------------------------------------------------------
Generation: 418
Evaluation time: 0.03811
Reproduction time: 0.18153
-----------------------------------------------------------
Generation: 419
Evaluation time: 0.06135
Reproduction time: 0.17877
-----------------------------------------------------------
Generation: 420
Evaluation time: 0.04683
Reproduction time: 0.18393
-----------------------------------------------------------
Generation: 421
Evaluation time: 0.03877
Reproduction time: 0.38254
-----------------------------------------------------------
Generation: 422
Evaluation time: 0.05236
Reproduction time: 0.19946
-----------------------------------------------------------
Generation: 423
Evaluation time: 0.07001
Reproduction time: 0.204
-----------------------------------------------------------
Generation: 424
Evaluation time: 0.07238
Reproduction time: 0.18461
-----------------------------------------------------------
Generation: 425
Evaluation time: 0.07343
Reproduction time: 0.18596
-----------------------------------------------------------
Generation: 426
Evaluation time: 0.04731
Reproduction time: 0.19016
-----------------------------------------------------------
Generation: 427
Evaluation time: 0.06327
Reproduction time: 0.17303
-----------------------------------------------------------
Generation: 428
Evaluation time: 0.07597
Reproduction time: 0.17116
-----------------------------------------------------------
Generation: 429
Evaluation time: 0.0473
Reproduction time: 0.17218
-----------------------------------------------------------
Generation: 430
Evaluation time: 0.04593
Reproduction time: 0.20046
-----------------------------------------------------------
Generation: 431
Evaluation time: 0.06525
Reproduction time: 0.3669
-----------------------------------------------------------
Generation: 432
Evaluation time: 0.07612
Reproduction time: 0.19884
-----------------------------------------------------------
Generation: 433
Evaluation time: 0.04836
Reproduction time: 0.19753
-----------------------------------------------------------
Generation: 434
Evaluation time: 0.04853
Reproduction time: 0.2063
-----------------------------------------------------------
Generation: 435
Evaluation time: 0.06662
Reproduction time: 0.20523
-----------------------------------------------------------
Generation: 436
Evaluation time: 0.04926
Reproduction time: 0.21717
-----------------------------------------------------------
Generation: 437
Evaluation time: 0.07484
Reproduction time: 0.19412
-----------------------------------------------------------
Generation: 438
Evaluation time: 0.07976
Reproduction time: 0.18117
-----------------------------------------------------------
Generation: 439
Evaluation time: 0.0495
Reproduction time: 0.17581
-----------------------------------------------------------
Generation: 440
Evaluation time: 0.0684
Reproduction time: 0.18852
-----------------------------------------------------------
Generation: 441
Evaluation time: 0.03946
Reproduction time: 0.38485
-----------------------------------------------------------
Generation: 442
Evaluation time: 0.04969
Reproduction time: 0.21595
-----------------------------------------------------------
Generation: 443
Evaluation time: 0.05559
Reproduction time: 0.20895
-----------------------------------------------------------
Generation: 444
Evaluation time: 0.06273
Reproduction time: 0.20355
-----------------------------------------------------------
Generation: 445
Evaluation time: 0.06595
Reproduction time: 0.17858
-----------------------------------------------------------
Generation: 446
Evaluation time: 0.04522
Reproduction time: 0.1811
-----------------------------------------------------------
Generation: 447
Evaluation time: 0.0597
Reproduction time: 0.18666
-----------------------------------------------------------
Generation: 448
Evaluation time: 0.04566
Reproduction time: 0.18283
-----------------------------------------------------------
Generation: 449
Evaluation time: 0.04495
Reproduction time: 0.21379
-----------------------------------------------------------
Generation: 450
Evaluation time: 0.03927
Reproduction time: 0.17777
-----------------------------------------------------------
Generation: 451
Evaluation time: 0.06378
Reproduction time: 0.36424
-----------------------------------------------------------
Generation: 452
Evaluation time: 0.07047
Reproduction time: 0.19305
-----------------------------------------------------------
Generation: 453
Evaluation time: 0.04768
Reproduction time: 0.20405
-----------------------------------------------------------
Generation: 454
Evaluation time: 0.04799
Reproduction time: 0.20186
-----------------------------------------------------------
Generation: 455
Evaluation time: 0.04631
Reproduction time: 0.21543
-----------------------------------------------------------
Generation: 456
Evaluation time: 0.07233
Reproduction time: 0.18337
-----------------------------------------------------------
Generation: 457
Evaluation time: 0.04634
Reproduction time: 0.17592
-----------------------------------------------------------
Generation: 458
Evaluation time: 0.04547
Reproduction time: 0.21152
-----------------------------------------------------------
Generation: 459
Evaluation time: 0.04605
Reproduction time: 0.22363
-----------------------------------------------------------
Generation: 460
Evaluation time: 0.07589
Reproduction time: 0.19581
-----------------------------------------------------------
Generation: 461
Evaluation time: 0.03855
Reproduction time: 0.35625
-----------------------------------------------------------
Generation: 462
Evaluation time: 0.04884
Reproduction time: 0.21587
-----------------------------------------------------------
Generation: 463
Evaluation time: 0.05167
Reproduction time: 0.2188
-----------------------------------------------------------
Generation: 464
Evaluation time: 0.05294
Reproduction time: 0.21389
-----------------------------------------------------------
Generation: 465
Evaluation time: 0.07208
Reproduction time: 0.21068
-----------------------------------------------------------
Generation: 466
Evaluation time: 0.04785
Reproduction time: 0.17656
-----------------------------------------------------------
Generation: 467
Evaluation time: 0.06156
Reproduction time: 0.17584
-----------------------------------------------------------
Generation: 468
Evaluation time: 0.04595
Reproduction time: 0.16805
-----------------------------------------------------------
Generation: 469
Evaluation time: 0.07077
Reproduction time: 0.17268
-----------------------------------------------------------
Generation: 470
Evaluation time: 0.04607
Reproduction time: 0.16118
-----------------------------------------------------------
Generation: 471
Evaluation time: 0.0635
Reproduction time: 0.3681
-----------------------------------------------------------
Generation: 472
Evaluation time: 0.04562
Reproduction time: 0.20554
-----------------------------------------------------------
Generation: 473
Evaluation time: 0.06332
Reproduction time: 0.20793
-----------------------------------------------------------
Generation: 474
Evaluation time: 0.06425
Reproduction time: 0.18077
-----------------------------------------------------------
Generation: 475
Evaluation time: 0.0473
Reproduction time: 0.19902
-----------------------------------------------------------
Generation: 476
Evaluation time: 0.06473
Reproduction time: 0.17877
-----------------------------------------------------------
Generation: 477
Evaluation time: 0.06657
Reproduction time: 0.16826
-----------------------------------------------------------
Generation: 478
Evaluation time: 0.06666
Reproduction time: 0.16846
-----------------------------------------------------------
Generation: 479
Evaluation time: 0.06969
Reproduction time: 0.17485
-----------------------------------------------------------
Generation: 480
Evaluation time: 0.06641
Reproduction time: 0.17441
-----------------------------------------------------------
Generation: 481
Evaluation time: 0.0651
Reproduction time: 0.36497
-----------------------------------------------------------
Generation: 482
Evaluation time: 0.07578
Reproduction time: 0.20947
-----------------------------------------------------------
Generation: 483
Evaluation time: 0.07234
Reproduction time: 0.17485
-----------------------------------------------------------
Generation: 484
Evaluation time: 0.06739
Reproduction time: 0.17686
-----------------------------------------------------------
Generation: 485
Evaluation time: 0.06366
Reproduction time: 0.18178
-----------------------------------------------------------
Generation: 486
Evaluation time: 0.04563
Reproduction time: 0.20145
-----------------------------------------------------------
Generation: 487
Evaluation time: 0.04613
Reproduction time: 0.20255
-----------------------------------------------------------
Generation: 488
Evaluation time: 0.04675
Reproduction time: 0.20766
-----------------------------------------------------------
Generation: 489
Evaluation time: 0.04663
Reproduction time: 0.21048
-----------------------------------------------------------
Generation: 490
Evaluation time: 0.04765
Reproduction time: 0.19966
-----------------------------------------------------------
Generation: 491
Evaluation time: 0.03897
Reproduction time: 0.3778
-----------------------------------------------------------
Generation: 492
Evaluation time: 0.04559
Reproduction time: 0.24387
-----------------------------------------------------------
Generation: 493
Evaluation time: 0.0461
Reproduction time: 0.22642
-----------------------------------------------------------
Generation: 494
Evaluation time: 0.06411
Reproduction time: 0.21653
-----------------------------------------------------------
Generation: 495
Evaluation time: 0.06506
Reproduction time: 0.18869
-----------------------------------------------------------
Generation: 496
Evaluation time: 0.08168
Reproduction time: 0.18837
-----------------------------------------------------------
Generation: 497
Evaluation time: 0.0477
Reproduction time: 0.1768
-----------------------------------------------------------
Generation: 498
Evaluation time: 0.0713
Reproduction time: 0.17334
-----------------------------------------------------------
Generation: 499
Evaluation time: 0.04615
Reproduction time: 0.17396
-----------------------------------------------------------
Generation: 500
Evaluation time: 0.07187
Reproduction time: 0.18571
-----------------------------------------------------------
Generation: 501
Evaluation time: 0.03863
Reproduction time: 0.35388
-----------------------------------------------------------
Generation: 502
Evaluation time: 0.05411
Reproduction time: 0.21624
-----------------------------------------------------------
Generation: 503
Evaluation time: 0.04519
Reproduction time: 0.21013
-----------------------------------------------------------
Generation: 504
Evaluation time: 0.04662
Reproduction time: 0.21426
-----------------------------------------------------------
Generation: 505
Evaluation time: 0.04618
Reproduction time: 0.20653
-----------------------------------------------------------
Generation: 506
Evaluation time: 0.04652
Reproduction time: 0.19634
-----------------------------------------------------------
Generation: 507
Evaluation time: 0.04608
Reproduction time: 0.19444
-----------------------------------------------------------
Generation: 508
Evaluation time: 0.04637
Reproduction time: 0.20444
-----------------------------------------------------------
Generation: 509
Evaluation time: 0.04612
Reproduction time: 0.20814
-----------------------------------------------------------
Generation: 510
Evaluation time: 0.0461
Reproduction time: 0.20807
-----------------------------------------------------------
Generation: 511
Evaluation time: 0.04079
Reproduction time: 0.36539
-----------------------------------------------------------
Generation: 512
Evaluation time: 0.05689
Reproduction time: 0.20187
-----------------------------------------------------------
Generation: 513
Evaluation time: 0.0452
Reproduction time: 0.19894
-----------------------------------------------------------
Generation: 514
Evaluation time: 0.04613
Reproduction time: 0.19474
-----------------------------------------------------------
Generation: 515
Evaluation time: 0.04596
Reproduction time: 0.20259
-----------------------------------------------------------
Generation: 516
Evaluation time: 0.04557
Reproduction time: 0.19865
-----------------------------------------------------------
Generation: 517
Evaluation time: 0.04642
Reproduction time: 0.19782
-----------------------------------------------------------
Generation: 518
Evaluation time: 0.04703
Reproduction time: 0.19888
-----------------------------------------------------------
Generation: 519
Evaluation time: 0.04836
Reproduction time: 0.20166
-----------------------------------------------------------
Generation: 520
Evaluation time: 0.04774
Reproduction time: 0.19765
-----------------------------------------------------------
Generation: 521
Evaluation time: 0.06234
Reproduction time: 0.36146
-----------------------------------------------------------
Generation: 522
Evaluation time: 0.04694
Reproduction time: 0.2179
-----------------------------------------------------------
Generation: 523
Evaluation time: 0.04568
Reproduction time: 0.22096
-----------------------------------------------------------
Generation: 524
Evaluation time: 0.06847
Reproduction time: 0.19259
-----------------------------------------------------------
Generation: 525
Evaluation time: 0.07682
Reproduction time: 0.18751
-----------------------------------------------------------
Generation: 526
Evaluation time: 0.07905
Reproduction time: 0.1807
-----------------------------------------------------------
Generation: 527
Evaluation time: 0.07908
Reproduction time: 0.18712
-----------------------------------------------------------
Generation: 528
Evaluation time: 0.07586
Reproduction time: 0.18105
-----------------------------------------------------------
Generation: 529
Evaluation time: 0.04833
Reproduction time: 0.17281
-----------------------------------------------------------
Generation: 530
Evaluation time: 0.04655
Reproduction time: 0.21157
-----------------------------------------------------------
Generation: 531
Evaluation time: 0.04337
Reproduction time: 0.3624
-----------------------------------------------------------
Generation: 532
Evaluation time: 0.07104
Reproduction time: 0.23596
-----------------------------------------------------------
Generation: 533
Evaluation time: 0.05872
Reproduction time: 0.18214
-----------------------------------------------------------
Generation: 534
Evaluation time: 0.04666
Reproduction time: 0.22836
-----------------------------------------------------------
Generation: 535
Evaluation time: 0.04626
Reproduction time: 0.20551
-----------------------------------------------------------
Generation: 536
Evaluation time: 0.07294
Reproduction time: 0.2063
-----------------------------------------------------------
Generation: 537
Evaluation time: 0.07735
Reproduction time: 0.18058
-----------------------------------------------------------
Generation: 538
Evaluation time: 0.07773
Reproduction time: 0.17996
-----------------------------------------------------------
Generation: 539
Evaluation time: 0.0492
Reproduction time: 0.17627
