dc43e6b329e33066069be8493e19c2dbaea01d1d
-----------------------------------------------------------
Generation: 1
Evaluation time: 1.52043
Reproduction time: 0.0
-----------------------------------------------------------
Generation: 2
Evaluation time: 0.04966
Reproduction time: 2.03722
-----------------------------------------------------------
Generation: 3
Evaluation time: 0.04595
Reproduction time: 0.16772
-----------------------------------------------------------
Generation: 4
Evaluation time: 0.04386
Reproduction time: 0.18474
-----------------------------------------------------------
Generation: 5
Evaluation time: 0.07391
Reproduction time: 0.17053
-----------------------------------------------------------
Generation: 6
Evaluation time: 0.07861
Reproduction time: 0.13238
-----------------------------------------------------------
Generation: 7
Evaluation time: 0.06758
Reproduction time: 0.13554
-----------------------------------------------------------
Generation: 8
Evaluation time: 0.06235
Reproduction time: 0.14607
-----------------------------------------------------------
Generation: 9
Evaluation time: 0.06522
Reproduction time: 0.13181
-----------------------------------------------------------
Generation: 10
Evaluation time: 0.04686
Reproduction time: 0.18213
-----------------------------------------------------------
Generation: 11
Evaluation time: 0.04013
Reproduction time: 0.40705
-----------------------------------------------------------
Generation: 12
Evaluation time: 0.04269
Reproduction time: 0.23963
-----------------------------------------------------------
Generation: 13
Evaluation time: 0.04342
Reproduction time: 0.21733
-----------------------------------------------------------
Generation: 14
Evaluation time: 0.05327
Reproduction time: 0.20212
-----------------------------------------------------------
Generation: 15
Evaluation time: 0.06814
Reproduction time: 0.16532
-----------------------------------------------------------
Generation: 16
Evaluation time: 0.04586
Reproduction time: 0.16835
-----------------------------------------------------------
Generation: 17
Evaluation time: 0.04273
Reproduction time: 0.18926
-----------------------------------------------------------
Generation: 18
Evaluation time: 0.0609
Reproduction time: 0.16945
-----------------------------------------------------------
Generation: 19
Evaluation time: 0.07801
Reproduction time: 0.17287
-----------------------------------------------------------
Generation: 20
Evaluation time: 0.04398
Reproduction time: 0.15608
-----------------------------------------------------------
Generation: 21
Evaluation time: 0.06472
Reproduction time: 0.36547
-----------------------------------------------------------
Generation: 22
Evaluation time: 0.06804
Reproduction time: 0.19
-----------------------------------------------------------
Generation: 23
Evaluation time: 0.04465
Reproduction time: 0.1973
-----------------------------------------------------------
Generation: 24
Evaluation time: 0.04328
Reproduction time: 0.20568
-----------------------------------------------------------
Generation: 25
Evaluation time: 0.05853
Reproduction time: 0.19474
-----------------------------------------------------------
Generation: 26
Evaluation time: 0.04466
Reproduction time: 0.22169
-----------------------------------------------------------
Generation: 27
Evaluation time: 0.06601
Reproduction time: 0.19021
-----------------------------------------------------------
Generation: 28
Evaluation time: 0.0723
Reproduction time: 0.18804
-----------------------------------------------------------
Generation: 29
Evaluation time: 0.04567
Reproduction time: 0.18078
-----------------------------------------------------------
Generation: 30
Evaluation time: 0.06052
Reproduction time: 0.17753
-----------------------------------------------------------
Generation: 31
Evaluation time: 0.06293
Reproduction time: 0.35975
-----------------------------------------------------------
Generation: 32
Evaluation time: 0.04162
Reproduction time: 0.18672
-----------------------------------------------------------
Generation: 33
Evaluation time: 0.07143
Reproduction time: 0.19865
-----------------------------------------------------------
Generation: 34
Evaluation time: 0.06379
Reproduction time: 0.18254
-----------------------------------------------------------
Generation: 35
Evaluation time: 0.05514
Reproduction time: 0.18654
-----------------------------------------------------------
Generation: 36
Evaluation time: 0.04418
Reproduction time: 0.21215
-----------------------------------------------------------
Generation: 37
Evaluation time: 0.0415
Reproduction time: 0.19688
-----------------------------------------------------------
Generation: 38
Evaluation time: 0.04069
Reproduction time: 0.206
-----------------------------------------------------------
Generation: 39
Evaluation time: 0.04082
Reproduction time: 0.20084
-----------------------------------------------------------
Generation: 40
Evaluation time: 0.04139
Reproduction time: 0.19972
-----------------------------------------------------------
Generation: 41
Evaluation time: 0.03801
Reproduction time: 0.34649
-----------------------------------------------------------
Generation: 42
Evaluation time: 0.05884
Reproduction time: 0.20225
-----------------------------------------------------------
Generation: 43
Evaluation time: 0.05989
Reproduction time: 0.16837
-----------------------------------------------------------
Generation: 44
Evaluation time: 0.05889
Reproduction time: 0.17083
-----------------------------------------------------------
Generation: 45
Evaluation time: 0.04526
Reproduction time: 0.19403
-----------------------------------------------------------
Generation: 46
Evaluation time: 0.04546
Reproduction time: 0.20714
-----------------------------------------------------------
Generation: 47
Evaluation time: 0.04511
Reproduction time: 0.20399
-----------------------------------------------------------
Generation: 48
Evaluation time: 0.04511
Reproduction time: 0.19448
-----------------------------------------------------------
Generation: 49
Evaluation time: 0.04475
Reproduction time: 0.18841
-----------------------------------------------------------
Generation: 50
Evaluation time: 0.0458
Reproduction time: 0.18813
-----------------------------------------------------------
Generation: 51
Evaluation time: 0.06235
Reproduction time: 0.31591
-----------------------------------------------------------
Generation: 52
Evaluation time: 0.06477
Reproduction time: 0.19731
-----------------------------------------------------------
Generation: 53
Evaluation time: 0.04636
Reproduction time: 0.19782
-----------------------------------------------------------
Generation: 54
Evaluation time: 0.06884
Reproduction time: 0.19408
-----------------------------------------------------------
Generation: 55
Evaluation time: 0.06427
Reproduction time: 0.17648
-----------------------------------------------------------
Generation: 56
Evaluation time: 0.06256
Reproduction time: 0.17524
-----------------------------------------------------------
Generation: 57
Evaluation time: 0.06213
Reproduction time: 0.18845
-----------------------------------------------------------
Generation: 58
Evaluation time: 0.04618
Reproduction time: 0.21977
-----------------------------------------------------------
Generation: 59
Evaluation time: 0.07286
Reproduction time: 0.19062
-----------------------------------------------------------
Generation: 60
Evaluation time: 0.04695
Reproduction time: 0.18504
-----------------------------------------------------------
Generation: 61
Evaluation time: 0.04253
Reproduction time: 0.3516
-----------------------------------------------------------
Generation: 62
Evaluation time: 0.04434
Reproduction time: 0.22428
-----------------------------------------------------------
Generation: 63
Evaluation time: 0.06325
Reproduction time: 0.1976
-----------------------------------------------------------
Generation: 64
Evaluation time: 0.05848
Reproduction time: 0.17555
-----------------------------------------------------------
Generation: 65
Evaluation time: 0.04594
Reproduction time: 0.19698
-----------------------------------------------------------
Generation: 66
Evaluation time: 0.06426
Reproduction time: 0.18791
-----------------------------------------------------------
Generation: 67
Evaluation time: 0.05821
Reproduction time: 0.17522
-----------------------------------------------------------
Generation: 68
Evaluation time: 0.04536
Reproduction time: 0.19758
-----------------------------------------------------------
Generation: 69
Evaluation time: 0.04425
Reproduction time: 0.19707
-----------------------------------------------------------
Generation: 70
Evaluation time: 0.04588
Reproduction time: 0.20893
-----------------------------------------------------------
Generation: 71
Evaluation time: 0.03833
Reproduction time: 0.37322
-----------------------------------------------------------
Generation: 72
Evaluation time: 0.04853
Reproduction time: 0.21479
-----------------------------------------------------------
Generation: 73
Evaluation time: 0.05594
Reproduction time: 0.19777
-----------------------------------------------------------
Generation: 74
Evaluation time: 0.04621
Reproduction time: 0.19322
-----------------------------------------------------------
Generation: 75
Evaluation time: 0.06132
Reproduction time: 0.16498
-----------------------------------------------------------
Generation: 76
Evaluation time: 0.07351
Reproduction time: 0.16898
-----------------------------------------------------------
Generation: 77
Evaluation time: 0.04602
Reproduction time: 0.17816
-----------------------------------------------------------
Generation: 78
Evaluation time: 0.0457
Reproduction time: 0.21073
-----------------------------------------------------------
Generation: 79
Evaluation time: 0.06146
Reproduction time: 0.17456
-----------------------------------------------------------
Generation: 80
Evaluation time: 0.04558
Reproduction time: 0.17346
-----------------------------------------------------------
Generation: 81
Evaluation time: 0.06045
Reproduction time: 0.34136
-----------------------------------------------------------
Generation: 82
Evaluation time: 0.06778
Reproduction time: 0.18827
-----------------------------------------------------------
Generation: 83
Evaluation time: 0.04801
Reproduction time: 0.19176
-----------------------------------------------------------
Generation: 84
Evaluation time: 0.06818
Reproduction time: 0.19378
-----------------------------------------------------------
Generation: 85
Evaluation time: 0.06047
Reproduction time: 0.17433
-----------------------------------------------------------
Generation: 86
Evaluation time: 0.04726
Reproduction time: 0.19695
-----------------------------------------------------------
Generation: 87
Evaluation time: 0.06555
Reproduction time: 0.17009
-----------------------------------------------------------
Generation: 88
Evaluation time: 0.07731
Reproduction time: 0.16627
-----------------------------------------------------------
Generation: 89
Evaluation time: 0.07521
Reproduction time: 0.1692
-----------------------------------------------------------
Generation: 90
Evaluation time: 0.04867
Reproduction time: 0.16998
-----------------------------------------------------------
Generation: 91
Evaluation time: 0.03874
Reproduction time: 0.37024
-----------------------------------------------------------
Generation: 92
Evaluation time: 0.04498
Reproduction time: 0.22867
-----------------------------------------------------------
Generation: 93
Evaluation time: 0.04622
Reproduction time: 0.20833
-----------------------------------------------------------
Generation: 94
Evaluation time: 0.07178
Reproduction time: 0.18746
-----------------------------------------------------------
Generation: 95
Evaluation time: 0.04638
Reproduction time: 0.17767
-----------------------------------------------------------
Generation: 96
Evaluation time: 0.06654
Reproduction time: 0.18825
-----------------------------------------------------------
Generation: 97
Evaluation time: 0.08086
Reproduction time: 0.17735
-----------------------------------------------------------
Generation: 98
Evaluation time: 0.04832
Reproduction time: 0.17084
-----------------------------------------------------------
Generation: 99
Evaluation time: 0.0634
Reproduction time: 0.18455
-----------------------------------------------------------
Generation: 100
Evaluation time: 0.08157
Reproduction time: 0.1894
-----------------------------------------------------------
Generation: 101
Evaluation time: 0.03883
Reproduction time: 0.32264
-----------------------------------------------------------
Generation: 102
Evaluation time: 0.04904
Reproduction time: 0.21157
-----------------------------------------------------------
Generation: 103
Evaluation time: 0.05454
Reproduction time: 0.19312
-----------------------------------------------------------
Generation: 104
Evaluation time: 0.05417
Reproduction time: 0.20428
-----------------------------------------------------------
Generation: 105
Evaluation time: 0.07054
Reproduction time: 0.20945
-----------------------------------------------------------
Generation: 106
Evaluation time: 0.07736
Reproduction time: 0.1832
-----------------------------------------------------------
Generation: 107
Evaluation time: 0.04859
Reproduction time: 0.17392
-----------------------------------------------------------
Generation: 108
Evaluation time: 0.07075
Reproduction time: 0.18274
-----------------------------------------------------------
Generation: 109
Evaluation time: 0.04745
Reproduction time: 0.17708
-----------------------------------------------------------
Generation: 110
Evaluation time: 0.06985
Reproduction time: 0.18881
-----------------------------------------------------------
Generation: 111
Evaluation time: 0.04388
Reproduction time: 0.29657
-----------------------------------------------------------
Generation: 112
Evaluation time: 0.06843
Reproduction time: 0.21362
-----------------------------------------------------------
Generation: 113
Evaluation time: 0.04827
Reproduction time: 0.19017
-----------------------------------------------------------
Generation: 114
Evaluation time: 0.04917
Reproduction time: 0.19423
-----------------------------------------------------------
Generation: 115
Evaluation time: 0.06817
Reproduction time: 0.19554
-----------------------------------------------------------
Generation: 116
Evaluation time: 0.06658
Reproduction time: 0.17224
-----------------------------------------------------------
Generation: 117
Evaluation time: 0.07622
Reproduction time: 0.17457
-----------------------------------------------------------
Generation: 118
Evaluation time: 0.07732
Reproduction time: 0.17374
-----------------------------------------------------------
Generation: 119
Evaluation time: 0.04828
Reproduction time: 0.18712
-----------------------------------------------------------
Generation: 120
Evaluation time: 0.04678
Reproduction time: 0.19961
-----------------------------------------------------------
Generation: 121
Evaluation time: 0.06157
Reproduction time: 0.34075
-----------------------------------------------------------
Generation: 122
Evaluation time: 0.04539
Reproduction time: 0.19215
-----------------------------------------------------------
Generation: 123
Evaluation time: 0.07036
Reproduction time: 0.19706
-----------------------------------------------------------
Generation: 124
Evaluation time: 0.06611
Reproduction time: 0.17719
-----------------------------------------------------------
Generation: 125
Evaluation time: 0.06328
Reproduction time: 0.17734
-----------------------------------------------------------
Generation: 126
Evaluation time: 0.05833
Reproduction time: 0.17449
-----------------------------------------------------------
Generation: 127
Evaluation time: 0.04536
Reproduction time: 0.19578
-----------------------------------------------------------
Generation: 128
Evaluation time: 0.0457
Reproduction time: 0.18958
-----------------------------------------------------------
Generation: 129
Evaluation time: 0.04575
Reproduction time: 0.19621
-----------------------------------------------------------
Generation: 130
Evaluation time: 0.04612
Reproduction time: 0.20771
-----------------------------------------------------------
Generation: 131
Evaluation time: 0.03844
Reproduction time: 0.38482
-----------------------------------------------------------
Generation: 132
Evaluation time: 0.05217
Reproduction time: 0.20515
-----------------------------------------------------------
Generation: 133
Evaluation time: 0.05362
Reproduction time: 0.20215
-----------------------------------------------------------
Generation: 134
Evaluation time: 0.06988
Reproduction time: 0.19191
-----------------------------------------------------------
Generation: 135
Evaluation time: 0.07699
Reproduction time: 0.17474
-----------------------------------------------------------
Generation: 136
Evaluation time: 0.04719
Reproduction time: 0.1606
-----------------------------------------------------------
Generation: 137
Evaluation time: 0.06906
Reproduction time: 0.17872
-----------------------------------------------------------
Generation: 138
Evaluation time: 0.04621
Reproduction time: 0.16571
-----------------------------------------------------------
Generation: 139
Evaluation time: 0.06927
Reproduction time: 0.18946
-----------------------------------------------------------
Generation: 140
Evaluation time: 0.0451
Reproduction time: 0.16714
-----------------------------------------------------------
Generation: 141
Evaluation time: 0.06107
Reproduction time: 0.36819
-----------------------------------------------------------
Generation: 142
Evaluation time: 0.04507
Reproduction time: 0.21107
-----------------------------------------------------------
Generation: 143
Evaluation time: 0.04675
Reproduction time: 0.20215
-----------------------------------------------------------
Generation: 144
Evaluation time: 0.07168
Reproduction time: 0.18733
-----------------------------------------------------------
Generation: 145
Evaluation time: 0.04664
Reproduction time: 0.17021
-----------------------------------------------------------
Generation: 146
Evaluation time: 0.06983
Reproduction time: 0.16557
-----------------------------------------------------------
Generation: 147
Evaluation time: 0.07567
Reproduction time: 0.16213
-----------------------------------------------------------
Generation: 148
Evaluation time: 0.04679
Reproduction time: 0.16456
-----------------------------------------------------------
Generation: 149
Evaluation time: 0.04658
Reproduction time: 0.22044
-----------------------------------------------------------
Generation: 150
Evaluation time: 0.06393
Reproduction time: 0.17366
-----------------------------------------------------------
Generation: 151
Evaluation time: 0.04043
Reproduction time: 0.351
-----------------------------------------------------------
Generation: 152
Evaluation time: 0.04526
Reproduction time: 0.2225
-----------------------------------------------------------
Generation: 153
Evaluation time: 0.0461
Reproduction time: 0.19796
-----------------------------------------------------------
Generation: 154
Evaluation time: 0.07013
Reproduction time: 0.17123
-----------------------------------------------------------
Generation: 155
Evaluation time: 0.0476
Reproduction time: 0.16554
-----------------------------------------------------------
Generation: 156
Evaluation time: 0.04642
Reproduction time: 0.19405
-----------------------------------------------------------
Generation: 157
Evaluation time: 0.06348
Reproduction time: 0.18025
-----------------------------------------------------------
Generation: 158
Evaluation time: 0.07844
Reproduction time: 0.16996
-----------------------------------------------------------
Generation: 159
Evaluation time: 0.04831
Reproduction time: 0.16265
-----------------------------------------------------------
Generation: 160
Evaluation time: 0.06399
Reproduction time: 0.1671
-----------------------------------------------------------
Generation: 161
Evaluation time: 0.06084
Reproduction time: 0.35447
-----------------------------------------------------------
Generation: 162
Evaluation time: 0.07007
Reproduction time: 0.21422
-----------------------------------------------------------
Generation: 163
Evaluation time: 0.05864
Reproduction time: 0.18524
-----------------------------------------------------------
Generation: 164
Evaluation time: 0.04769
Reproduction time: 0.20693
-----------------------------------------------------------
Generation: 165
Evaluation time: 0.04673
Reproduction time: 0.21269
-----------------------------------------------------------
Generation: 166
Evaluation time: 0.04675
Reproduction time: 0.2089
-----------------------------------------------------------
Generation: 167
Evaluation time: 0.04603
Reproduction time: 0.21087
-----------------------------------------------------------
Generation: 168
Evaluation time: 0.0465
Reproduction time: 0.19938
-----------------------------------------------------------
Generation: 169
Evaluation time: 0.05095
Reproduction time: 0.18875
-----------------------------------------------------------
Generation: 170
Evaluation time: 0.04587
Reproduction time: 0.1916
-----------------------------------------------------------
Generation: 171
Evaluation time: 0.0623
Reproduction time: 0.33166
-----------------------------------------------------------
Generation: 172
Evaluation time: 0.05196
Reproduction time: 0.18721
-----------------------------------------------------------
Generation: 173
Evaluation time: 0.0466
Reproduction time: 0.21895
-----------------------------------------------------------
Generation: 174
Evaluation time: 0.05783
Reproduction time: 0.20232
-----------------------------------------------------------
Generation: 175
Evaluation time: 0.04799
Reproduction time: 0.21062
-----------------------------------------------------------
Generation: 176
Evaluation time: 0.04738
Reproduction time: 0.19493
-----------------------------------------------------------
Generation: 177
Evaluation time: 0.04593
Reproduction time: 0.2075
-----------------------------------------------------------
Generation: 178
Evaluation time: 0.04578
Reproduction time: 0.21439
-----------------------------------------------------------
Generation: 179
Evaluation time: 0.04716
Reproduction time: 0.21332
-----------------------------------------------------------
Generation: 180
Evaluation time: 0.04692
Reproduction time: 0.19032
-----------------------------------------------------------
Generation: 181
Evaluation time: 0.03798
Reproduction time: 0.34896
-----------------------------------------------------------
Generation: 182
Evaluation time: 0.04973
Reproduction time: 0.20459
-----------------------------------------------------------
Generation: 183
Evaluation time: 0.05421
Reproduction time: 0.19472
-----------------------------------------------------------
Generation: 184
Evaluation time: 0.05485
Reproduction time: 0.20206
-----------------------------------------------------------
Generation: 185
Evaluation time: 0.05498
Reproduction time: 0.20593
-----------------------------------------------------------
Generation: 186
Evaluation time: 0.07379
Reproduction time: 0.19198
-----------------------------------------------------------
Generation: 187
Evaluation time: 0.04644
Reproduction time: 0.16608
-----------------------------------------------------------
Generation: 188
Evaluation time: 0.06802
Reproduction time: 0.18395
-----------------------------------------------------------
Generation: 189
Evaluation time: 0.0463
Reproduction time: 0.1689
-----------------------------------------------------------
Generation: 190
Evaluation time: 0.03778
Reproduction time: 0.16832
-----------------------------------------------------------
Generation: 191
Evaluation time: 0.06199
Reproduction time: 0.35984
-----------------------------------------------------------
Generation: 192
Evaluation time: 0.07004
Reproduction time: 0.18812
-----------------------------------------------------------
Generation: 193
Evaluation time: 0.04764
Reproduction time: 0.19099
-----------------------------------------------------------
Generation: 194
Evaluation time: 0.06834
Reproduction time: 0.19836
-----------------------------------------------------------
Generation: 195
Evaluation time: 0.04768
Reproduction time: 0.21582
-----------------------------------------------------------
Generation: 196
Evaluation time: 0.04944
Reproduction time: 0.2088
-----------------------------------------------------------
Generation: 197
Evaluation time: 0.07196
Reproduction time: 0.18022
-----------------------------------------------------------
Generation: 198
Evaluation time: 0.05008
Reproduction time: 0.16879
-----------------------------------------------------------
Generation: 199
Evaluation time: 0.07426
Reproduction time: 0.16992
-----------------------------------------------------------
Generation: 200
Evaluation time: 0.04993
Reproduction time: 0.1654
-----------------------------------------------------------
Generation: 201
Evaluation time: 0.06229
Reproduction time: 0.34404
-----------------------------------------------------------
Generation: 202
Evaluation time: 0.07045
Reproduction time: 0.19047
-----------------------------------------------------------
Generation: 203
Evaluation time: 0.04898
Reproduction time: 0.20252
-----------------------------------------------------------
Generation: 204
Evaluation time: 0.05807
Reproduction time: 0.19984
-----------------------------------------------------------
Generation: 205
Evaluation time: 0.04753
Reproduction time: 0.19531
-----------------------------------------------------------
Generation: 206
Evaluation time: 0.04754
Reproduction time: 0.21636
-----------------------------------------------------------
Generation: 207
Evaluation time: 0.04768
Reproduction time: 0.20832
-----------------------------------------------------------
Generation: 208
Evaluation time: 0.04725
Reproduction time: 0.21446
-----------------------------------------------------------
Generation: 209
Evaluation time: 0.04626
Reproduction time: 0.21508
-----------------------------------------------------------
Generation: 210
Evaluation time: 0.04714
Reproduction time: 0.20971
-----------------------------------------------------------
Generation: 211
Evaluation time: 0.03838
Reproduction time: 0.35412
-----------------------------------------------------------
Generation: 212
Evaluation time: 0.0519
Reproduction time: 0.20496
-----------------------------------------------------------
Generation: 213
Evaluation time: 0.05608
Reproduction time: 0.19642
-----------------------------------------------------------
Generation: 214
Evaluation time: 0.07188
Reproduction time: 0.19291
-----------------------------------------------------------
Generation: 215
Evaluation time: 0.07236
Reproduction time: 0.17689
-----------------------------------------------------------
Generation: 216
Evaluation time: 0.04677
Reproduction time: 0.16675
-----------------------------------------------------------
Generation: 217
Evaluation time: 0.0654
Reproduction time: 0.18365
-----------------------------------------------------------
Generation: 218
Evaluation time: 0.04596
Reproduction time: 0.15766
-----------------------------------------------------------
Generation: 219
Evaluation time: 0.06033
Reproduction time: 0.16373
-----------------------------------------------------------
Generation: 220
Evaluation time: 0.07319
Reproduction time: 0.16371
-----------------------------------------------------------
Generation: 221
Evaluation time: 0.03893
Reproduction time: 0.30854
-----------------------------------------------------------
Generation: 222
Evaluation time: 0.05435
Reproduction time: 0.20909
-----------------------------------------------------------
Generation: 223
Evaluation time: 0.0462
Reproduction time: 0.21114
-----------------------------------------------------------
Generation: 224
Evaluation time: 0.04557
Reproduction time: 0.2067
-----------------------------------------------------------
Generation: 225
Evaluation time: 0.04583
Reproduction time: 0.18544
-----------------------------------------------------------
Generation: 226
Evaluation time: 0.04664
Reproduction time: 0.18997
-----------------------------------------------------------
Generation: 227
Evaluation time: 0.0468
Reproduction time: 0.18201
-----------------------------------------------------------
Generation: 228
Evaluation time: 0.04573
Reproduction time: 0.19579
-----------------------------------------------------------
Generation: 229
Evaluation time: 0.0452
Reproduction time: 0.1894
-----------------------------------------------------------
Generation: 230
Evaluation time: 0.04642
Reproduction time: 0.17562
-----------------------------------------------------------
Generation: 231
Evaluation time: 0.06167
Reproduction time: 0.33709
-----------------------------------------------------------
Generation: 232
Evaluation time: 0.06482
Reproduction time: 0.20541
-----------------------------------------------------------
Generation: 233
Evaluation time: 0.07168
Reproduction time: 0.20832
-----------------------------------------------------------
Generation: 234
Evaluation time: 0.07573
Reproduction time: 0.19003
-----------------------------------------------------------
Generation: 235
Evaluation time: 0.07796
Reproduction time: 0.17836
-----------------------------------------------------------
Generation: 236
Evaluation time: 0.04861
Reproduction time: 0.18859
-----------------------------------------------------------
Generation: 237
Evaluation time: 0.04797
Reproduction time: 0.21268
-----------------------------------------------------------
Generation: 238
Evaluation time: 0.07152
Reproduction time: 0.18422
-----------------------------------------------------------
Generation: 239
Evaluation time: 0.04743
Reproduction time: 0.17178
-----------------------------------------------------------
Generation: 240
Evaluation time: 0.04752
Reproduction time: 0.19666
-----------------------------------------------------------
Generation: 241
Evaluation time: 0.0612
Reproduction time: 0.36613
-----------------------------------------------------------
Generation: 242
Evaluation time: 0.06037
Reproduction time: 0.21227
-----------------------------------------------------------
Generation: 243
Evaluation time: 0.07344
Reproduction time: 0.20775
-----------------------------------------------------------
Generation: 244
Evaluation time: 0.07282
Reproduction time: 0.18996
-----------------------------------------------------------
Generation: 245
Evaluation time: 0.07619
Reproduction time: 0.18252
-----------------------------------------------------------
Generation: 246
Evaluation time: 0.04862
Reproduction time: 0.17928
-----------------------------------------------------------
Generation: 247
Evaluation time: 0.04767
Reproduction time: 0.19255
-----------------------------------------------------------
Generation: 248
Evaluation time: 0.06594
Reproduction time: 0.16444
-----------------------------------------------------------
Generation: 249
Evaluation time: 0.06871
Reproduction time: 0.168
-----------------------------------------------------------
Generation: 250
Evaluation time: 0.06896
Reproduction time: 0.17772
-----------------------------------------------------------
Generation: 251
Evaluation time: 0.06495
Reproduction time: 0.35522
-----------------------------------------------------------
Generation: 252
Evaluation time: 0.07206
Reproduction time: 0.19007
-----------------------------------------------------------
Generation: 253
Evaluation time: 0.06183
Reproduction time: 0.17908
-----------------------------------------------------------
Generation: 254
Evaluation time: 0.06359
Reproduction time: 0.16887
-----------------------------------------------------------
Generation: 255
Evaluation time: 0.04684
Reproduction time: 0.19523
-----------------------------------------------------------
Generation: 256
Evaluation time: 0.04707
Reproduction time: 0.17992
-----------------------------------------------------------
Generation: 257
Evaluation time: 0.04695
Reproduction time: 0.17654
-----------------------------------------------------------
Generation: 258
Evaluation time: 0.04667
Reproduction time: 0.18425
-----------------------------------------------------------
Generation: 259
Evaluation time: 0.04654
Reproduction time: 0.19006
-----------------------------------------------------------
Generation: 260
Evaluation time: 0.07067
Reproduction time: 0.19369
-----------------------------------------------------------
Generation: 261
Evaluation time: 0.06285
Reproduction time: 0.35182
-----------------------------------------------------------
Generation: 262
Evaluation time: 0.07179
Reproduction time: 0.20202
-----------------------------------------------------------
Generation: 263
Evaluation time: 0.07028
Reproduction time: 0.17144
-----------------------------------------------------------
Generation: 264
Evaluation time: 0.06696
Reproduction time: 0.1721
-----------------------------------------------------------
Generation: 265
Evaluation time: 0.04785
Reproduction time: 0.20706
-----------------------------------------------------------
Generation: 266
Evaluation time: 0.06475
Reproduction time: 0.17025
-----------------------------------------------------------
Generation: 267
Evaluation time: 0.06194
Reproduction time: 0.18527
-----------------------------------------------------------
Generation: 268
Evaluation time: 0.04789
Reproduction time: 0.20326
-----------------------------------------------------------
Generation: 269
Evaluation time: 0.06331
Reproduction time: 0.16453
-----------------------------------------------------------
Generation: 270
Evaluation time: 0.06802
Reproduction time: 0.17035
-----------------------------------------------------------
Generation: 271
Evaluation time: 0.06444
Reproduction time: 0.35042
-----------------------------------------------------------
Generation: 272
Evaluation time: 0.04539
Reproduction time: 0.1929
-----------------------------------------------------------
Generation: 273
Evaluation time: 0.07348
Reproduction time: 0.1976
-----------------------------------------------------------
Generation: 274
Evaluation time: 0.07033
Reproduction time: 0.17285
-----------------------------------------------------------
Generation: 275
Evaluation time: 0.06216
Reproduction time: 0.18085
-----------------------------------------------------------
Generation: 276
Evaluation time: 0.04698
Reproduction time: 0.21279
-----------------------------------------------------------
Generation: 277
Evaluation time: 0.06147
Reproduction time: 0.19756
-----------------------------------------------------------
Generation: 278
Evaluation time: 0.07689
Reproduction time: 0.17488
-----------------------------------------------------------
Generation: 279
Evaluation time: 0.07676
Reproduction time: 0.18745
-----------------------------------------------------------
Generation: 280
Evaluation time: 0.04837
Reproduction time: 0.15949
-----------------------------------------------------------
Generation: 281
Evaluation time: 0.04352
Reproduction time: 0.34586
-----------------------------------------------------------
Generation: 282
Evaluation time: 0.04637
Reproduction time: 0.22175
-----------------------------------------------------------
Generation: 283
Evaluation time: 0.06534
Reproduction time: 0.19266
-----------------------------------------------------------
Generation: 284
Evaluation time: 0.06127
Reproduction time: 0.17041
-----------------------------------------------------------
Generation: 285
Evaluation time: 0.04747
Reproduction time: 0.17597
-----------------------------------------------------------
Generation: 286
Evaluation time: 0.05867
Reproduction time: 0.19276
-----------------------------------------------------------
Generation: 287
Evaluation time: 0.04742
Reproduction time: 0.19665
-----------------------------------------------------------
Generation: 288
Evaluation time: 0.04805
Reproduction time: 0.19822
-----------------------------------------------------------
Generation: 289
Evaluation time: 0.04694
Reproduction time: 0.22125
-----------------------------------------------------------
Generation: 290
Evaluation time: 0.04718
Reproduction time: 0.21925
-----------------------------------------------------------
Generation: 291
Evaluation time: 0.03833
Reproduction time: 0.36741
-----------------------------------------------------------
Generation: 292
Evaluation time: 0.05119
Reproduction time: 0.19669
-----------------------------------------------------------
Generation: 293
Evaluation time: 0.06963
Reproduction time: 0.19965
-----------------------------------------------------------
Generation: 294
Evaluation time: 0.06253
Reproduction time: 0.18846
-----------------------------------------------------------
Generation: 295
Evaluation time: 0.0789
Reproduction time: 0.18087
-----------------------------------------------------------
Generation: 296
Evaluation time: 0.04714
Reproduction time: 0.17275
-----------------------------------------------------------
Generation: 297
Evaluation time: 0.06091
Reproduction time: 0.17705
-----------------------------------------------------------
Generation: 298
Evaluation time: 0.04785
Reproduction time: 0.17232
-----------------------------------------------------------
Generation: 299
Evaluation time: 0.04654
Reproduction time: 0.19936
-----------------------------------------------------------
Generation: 300
Evaluation time: 0.06749
Reproduction time: 0.17237
-----------------------------------------------------------
Generation: 301
Evaluation time: 0.07313
Reproduction time: 0.29337
-----------------------------------------------------------
Generation: 302
Evaluation time: 0.06799
Reproduction time: 0.1952
-----------------------------------------------------------
Generation: 303
Evaluation time: 0.07509
Reproduction time: 0.20434
-----------------------------------------------------------
Generation: 304
Evaluation time: 0.06367
Reproduction time: 0.18675
-----------------------------------------------------------
Generation: 305
Evaluation time: 0.06435
Reproduction time: 0.17574
-----------------------------------------------------------
Generation: 306
Evaluation time: 0.04896
Reproduction time: 0.19975
-----------------------------------------------------------
Generation: 307
Evaluation time: 0.06331
Reproduction time: 0.16925
-----------------------------------------------------------
Generation: 308
Evaluation time: 0.07104
Reproduction time: 0.17291
-----------------------------------------------------------
Generation: 309
Evaluation time: 0.07771
Reproduction time: 0.17252
-----------------------------------------------------------
Generation: 310
Evaluation time: 0.08061
Reproduction time: 0.16457
-----------------------------------------------------------
Generation: 311
Evaluation time: 0.06459
Reproduction time: 0.30666
-----------------------------------------------------------
Generation: 312
Evaluation time: 0.05508
Reproduction time: 0.20344
-----------------------------------------------------------
Generation: 313
Evaluation time: 0.04598
Reproduction time: 0.2198
-----------------------------------------------------------
Generation: 314
Evaluation time: 0.04872
Reproduction time: 0.19812
-----------------------------------------------------------
Generation: 315
Evaluation time: 0.04728
Reproduction time: 0.19729
-----------------------------------------------------------
Generation: 316
Evaluation time: 0.04808
Reproduction time: 0.19643
-----------------------------------------------------------
Generation: 317
Evaluation time: 0.04747
Reproduction time: 0.19047
-----------------------------------------------------------
Generation: 318
Evaluation time: 0.04645
Reproduction time: 0.19281
-----------------------------------------------------------
Generation: 319
Evaluation time: 0.04857
Reproduction time: 0.18663
-----------------------------------------------------------
Generation: 320
Evaluation time: 0.0481
Reproduction time: 0.19545
-----------------------------------------------------------
Generation: 321
Evaluation time: 0.04295
Reproduction time: 0.34822
-----------------------------------------------------------
Generation: 322
Evaluation time: 0.04551
Reproduction time: 0.21652
-----------------------------------------------------------
Generation: 323
Evaluation time: 0.0636
Reproduction time: 0.19755
-----------------------------------------------------------
Generation: 324
Evaluation time: 0.06044
Reproduction time: 0.17315
-----------------------------------------------------------
Generation: 325
Evaluation time: 0.04614
Reproduction time: 0.18346
-----------------------------------------------------------
Generation: 326
Evaluation time: 0.0572
Reproduction time: 0.20065
-----------------------------------------------------------
Generation: 327
Evaluation time: 0.0466
Reproduction time: 0.20304
-----------------------------------------------------------
Generation: 328
Evaluation time: 0.06307
Reproduction time: 0.19139
-----------------------------------------------------------
Generation: 329
Evaluation time: 0.06688
Reproduction time: 0.18195
-----------------------------------------------------------
Generation: 330
Evaluation time: 0.07581
Reproduction time: 0.18925
-----------------------------------------------------------
Generation: 331
Evaluation time: 0.03846
Reproduction time: 0.35
-----------------------------------------------------------
Generation: 332
Evaluation time: 0.04973
Reproduction time: 0.21611
-----------------------------------------------------------
Generation: 333
Evaluation time: 0.05622
Reproduction time: 0.19598
-----------------------------------------------------------
Generation: 334
Evaluation time: 0.06961
Reproduction time: 0.19454
-----------------------------------------------------------
Generation: 335
Evaluation time: 0.07497
Reproduction time: 0.17945
-----------------------------------------------------------
Generation: 336
Evaluation time: 0.04747
Reproduction time: 0.16938
-----------------------------------------------------------
Generation: 337
Evaluation time: 0.06734
Reproduction time: 0.16922
-----------------------------------------------------------
Generation: 338
Evaluation time: 0.04725
Reproduction time: 0.15629
-----------------------------------------------------------
Generation: 339
Evaluation time: 0.04783
Reproduction time: 0.18338
-----------------------------------------------------------
Generation: 340
Evaluation time: 0.03771
Reproduction time: 0.17766
-----------------------------------------------------------
Generation: 341
Evaluation time: 0.0622
Reproduction time: 0.33688
-----------------------------------------------------------
Generation: 342
Evaluation time: 0.07322
Reproduction time: 0.19111
-----------------------------------------------------------
Generation: 343
Evaluation time: 0.0472
Reproduction time: 0.19643
-----------------------------------------------------------
Generation: 344
Evaluation time: 0.07094
Reproduction time: 0.19832
-----------------------------------------------------------
Generation: 345
Evaluation time: 0.06222
Reproduction time: 0.17454
-----------------------------------------------------------
Generation: 346
Evaluation time: 0.0631
Reproduction time: 0.16977
-----------------------------------------------------------
Generation: 347
Evaluation time: 0.06172
Reproduction time: 0.16521
-----------------------------------------------------------
Generation: 348
Evaluation time: 0.04723
Reproduction time: 0.21374
-----------------------------------------------------------
Generation: 349
Evaluation time: 0.06685
Reproduction time: 0.17338
-----------------------------------------------------------
Generation: 350
Evaluation time: 0.0746
Reproduction time: 0.18253
-----------------------------------------------------------
Generation: 351
Evaluation time: 0.03888
Reproduction time: 0.38122
-----------------------------------------------------------
Generation: 352
Evaluation time: 0.0503
Reproduction time: 0.19637
-----------------------------------------------------------
Generation: 353
Evaluation time: 0.07274
Reproduction time: 0.17806
-----------------------------------------------------------
Generation: 354
Evaluation time: 0.07545
Reproduction time: 0.15842
-----------------------------------------------------------
Generation: 355
Evaluation time: 0.04822
Reproduction time: 0.14347
-----------------------------------------------------------
Generation: 356
Evaluation time: 0.06274
Reproduction time: 0.16997
-----------------------------------------------------------
Generation: 357
Evaluation time: 0.08288
Reproduction time: 0.17146
-----------------------------------------------------------
Generation: 358
Evaluation time: 0.04786
Reproduction time: 0.1596
-----------------------------------------------------------
Generation: 359
Evaluation time: 0.06272
Reproduction time: 0.17659
-----------------------------------------------------------
Generation: 360
Evaluation time: 0.07578
Reproduction time: 0.17924
-----------------------------------------------------------
Generation: 361
Evaluation time: 0.06069
Reproduction time: 0.31614
-----------------------------------------------------------
Generation: 362
Evaluation time: 0.0545
Reproduction time: 0.18753
-----------------------------------------------------------
Generation: 363
Evaluation time: 0.04688
Reproduction time: 0.18929
-----------------------------------------------------------
Generation: 364
Evaluation time: 0.04576
Reproduction time: 0.20656
-----------------------------------------------------------
Generation: 365
Evaluation time: 0.04583
Reproduction time: 0.19641
-----------------------------------------------------------
Generation: 366
Evaluation time: 0.0463
Reproduction time: 0.19675
-----------------------------------------------------------
Generation: 367
Evaluation time: 0.04549
Reproduction time: 0.21397
-----------------------------------------------------------
Generation: 368
Evaluation time: 0.04534
Reproduction time: 0.20814
-----------------------------------------------------------
Generation: 369
Evaluation time: 0.04631
Reproduction time: 0.193
-----------------------------------------------------------
Generation: 370
Evaluation time: 0.04522
Reproduction time: 0.18845
-----------------------------------------------------------
Generation: 371
Evaluation time: 0.04341
Reproduction time: 0.32661
-----------------------------------------------------------
Generation: 372
Evaluation time: 0.04516
Reproduction time: 0.21739
-----------------------------------------------------------
Generation: 373
Evaluation time: 0.06783
Reproduction time: 0.19578
-----------------------------------------------------------
Generation: 374
Evaluation time: 0.04694
Reproduction time: 0.21503
-----------------------------------------------------------
Generation: 375
Evaluation time: 0.06298
Reproduction time: 0.18631
-----------------------------------------------------------
Generation: 376
Evaluation time: 0.04572
Reproduction time: 0.21423
-----------------------------------------------------------
Generation: 377
Evaluation time: 0.06989
Reproduction time: 0.18275
-----------------------------------------------------------
Generation: 378
Evaluation time: 0.04754
Reproduction time: 0.16413
-----------------------------------------------------------
Generation: 379
Evaluation time: 0.07246
Reproduction time: 0.1646
-----------------------------------------------------------
Generation: 380
Evaluation time: 0.04732
Reproduction time: 0.14608
-----------------------------------------------------------
Generation: 381
Evaluation time: 0.06435
Reproduction time: 0.35067
-----------------------------------------------------------
Generation: 382
Evaluation time: 0.07213
Reproduction time: 0.19239
-----------------------------------------------------------
Generation: 383
Evaluation time: 0.04622
Reproduction time: 0.19604
-----------------------------------------------------------
Generation: 384
Evaluation time: 0.06257
Reproduction time: 0.19705
-----------------------------------------------------------
Generation: 385
Evaluation time: 0.05022
Reproduction time: 0.20815
-----------------------------------------------------------
Generation: 386
Evaluation time: 0.06384
Reproduction time: 0.17748
-----------------------------------------------------------
Generation: 387
Evaluation time: 0.07437
Reproduction time: 0.17369
-----------------------------------------------------------
Generation: 388
Evaluation time: 0.08324
Reproduction time: 0.17225
-----------------------------------------------------------
Generation: 389
Evaluation time: 0.04997
Reproduction time: 0.15627
-----------------------------------------------------------
Generation: 390
Evaluation time: 0.04718
Reproduction time: 0.22533
-----------------------------------------------------------
Generation: 391
Evaluation time: 0.05942
Reproduction time: 0.3715
-----------------------------------------------------------
Generation: 392
Evaluation time: 0.05415
Reproduction time: 0.16912
-----------------------------------------------------------
Generation: 393
Evaluation time: 0.05799
Reproduction time: 0.15768
-----------------------------------------------------------
Generation: 394
Evaluation time: 0.05834
Reproduction time: 0.17259
-----------------------------------------------------------
Generation: 395
Evaluation time: 0.05768
Reproduction time: 0.15552
-----------------------------------------------------------
Generation: 396
Evaluation time: 0.05702
Reproduction time: 0.1627
-----------------------------------------------------------
Generation: 397
Evaluation time: 0.06016
Reproduction time: 0.15461
-----------------------------------------------------------
Generation: 398
Evaluation time: 0.05968
Reproduction time: 0.16248
-----------------------------------------------------------
Generation: 399
Evaluation time: 0.05915
Reproduction time: 0.17024
-----------------------------------------------------------
Generation: 400
Evaluation time: 0.0596
Reproduction time: 0.16979
-----------------------------------------------------------
Generation: 401
Evaluation time: 0.06106
Reproduction time: 0.3201
-----------------------------------------------------------
Generation: 402
Evaluation time: 0.07441
Reproduction time: 0.1841
-----------------------------------------------------------
Generation: 403
Evaluation time: 0.049
Reproduction time: 0.18735
-----------------------------------------------------------
Generation: 404
Evaluation time: 0.04901
Reproduction time: 0.19409
-----------------------------------------------------------
Generation: 405
Evaluation time: 0.04741
Reproduction time: 0.20158
-----------------------------------------------------------
Generation: 406
Evaluation time: 0.07359
Reproduction time: 0.17839
-----------------------------------------------------------
Generation: 407
Evaluation time: 0.04943
Reproduction time: 0.16538
-----------------------------------------------------------
Generation: 408
Evaluation time: 0.04783
Reproduction time: 0.19053
-----------------------------------------------------------
Generation: 409
Evaluation time: 0.06783
Reproduction time: 0.17699
-----------------------------------------------------------
Generation: 410
Evaluation time: 0.07422
Reproduction time: 0.18369
-----------------------------------------------------------
Generation: 411
Evaluation time: 0.03876
Reproduction time: 0.37684
-----------------------------------------------------------
Generation: 412
Evaluation time: 0.05004
Reproduction time: 0.20745
-----------------------------------------------------------
Generation: 413
Evaluation time: 0.05363
Reproduction time: 0.21109
-----------------------------------------------------------
Generation: 414
Evaluation time: 0.0561
Reproduction time: 0.21371
-----------------------------------------------------------
Generation: 415
Evaluation time: 0.07118
Reproduction time: 0.21224
-----------------------------------------------------------
Generation: 416
Evaluation time: 0.07731
Reproduction time: 0.18455
-----------------------------------------------------------
Generation: 417
Evaluation time: 0.04707
Reproduction time: 0.18249
-----------------------------------------------------------
Generation: 418
Evaluation time: 0.03821
Reproduction time: 0.17498
-----------------------------------------------------------
Generation: 419
Evaluation time: 0.06339
Reproduction time: 0.15891
-----------------------------------------------------------
Generation: 420
Evaluation time: 0.0456
Reproduction time: 0.17151
-----------------------------------------------------------
Generation: 421
Evaluation time: 0.03897
Reproduction time: 0.36511
-----------------------------------------------------------
Generation: 422
Evaluation time: 0.05184
Reproduction time: 0.19455
-----------------------------------------------------------
Generation: 423
Evaluation time: 0.06812
Reproduction time: 0.20014
-----------------------------------------------------------
Generation: 424
Evaluation time: 0.06979
Reproduction time: 0.17459
-----------------------------------------------------------
Generation: 425
Evaluation time: 0.07183
Reproduction time: 0.17588
-----------------------------------------------------------
Generation: 426
Evaluation time: 0.04757
Reproduction time: 0.18255
-----------------------------------------------------------
Generation: 427
Evaluation time: 0.06337
Reproduction time: 0.15922
-----------------------------------------------------------
Generation: 428
Evaluation time: 0.07509
Reproduction time: 0.16053
-----------------------------------------------------------
Generation: 429
Evaluation time: 0.04748
Reproduction time: 0.15536
-----------------------------------------------------------
Generation: 430
Evaluation time: 0.04555
Reproduction time: 0.17834
-----------------------------------------------------------
Generation: 431
Evaluation time: 0.0626
Reproduction time: 0.34694
-----------------------------------------------------------
Generation: 432
Evaluation time: 0.07261
Reproduction time: 0.18835
-----------------------------------------------------------
Generation: 433
Evaluation time: 0.04843
Reproduction time: 0.19082
-----------------------------------------------------------
Generation: 434
Evaluation time: 0.0489
Reproduction time: 0.1932
-----------------------------------------------------------
Generation: 435
Evaluation time: 0.06924
Reproduction time: 0.19006
-----------------------------------------------------------
Generation: 436
Evaluation time: 0.04923
Reproduction time: 0.20684
-----------------------------------------------------------
Generation: 437
Evaluation time: 0.07234
Reproduction time: 0.19176
-----------------------------------------------------------
Generation: 438
Evaluation time: 0.08107
Reproduction time: 0.1645
-----------------------------------------------------------
Generation: 439
Evaluation time: 0.04785
Reproduction time: 0.16789
-----------------------------------------------------------
Generation: 440
Evaluation time: 0.06664
Reproduction time: 0.16783
-----------------------------------------------------------
Generation: 441
Evaluation time: 0.03875
Reproduction time: 0.36756
-----------------------------------------------------------
Generation: 442
Evaluation time: 0.04877
Reproduction time: 0.21211
-----------------------------------------------------------
Generation: 443
Evaluation time: 0.05477
Reproduction time: 0.19364
-----------------------------------------------------------
Generation: 444
Evaluation time: 0.05882
Reproduction time: 0.18551
-----------------------------------------------------------
Generation: 445
Evaluation time: 0.06301
Reproduction time: 0.17121
-----------------------------------------------------------
Generation: 446
Evaluation time: 0.04704
Reproduction time: 0.17182
-----------------------------------------------------------
Generation: 447
Evaluation time: 0.06174
Reproduction time: 0.15906
-----------------------------------------------------------
Generation: 448
Evaluation time: 0.04688
Reproduction time: 0.17292
-----------------------------------------------------------
Generation: 449
Evaluation time: 0.04601
Reproduction time: 0.20626
-----------------------------------------------------------
Generation: 450
Evaluation time: 0.03963
Reproduction time: 0.16873
-----------------------------------------------------------
Generation: 451
Evaluation time: 0.0619
Reproduction time: 0.34647
-----------------------------------------------------------
Generation: 452
Evaluation time: 0.06939
Reproduction time: 0.18304
-----------------------------------------------------------
Generation: 453
Evaluation time: 0.047
Reproduction time: 0.19649
-----------------------------------------------------------
Generation: 454
Evaluation time: 0.04652
Reproduction time: 0.19286
-----------------------------------------------------------
Generation: 455
Evaluation time: 0.04709
Reproduction time: 0.20138
-----------------------------------------------------------
Generation: 456
Evaluation time: 0.06972
Reproduction time: 0.17712
-----------------------------------------------------------
Generation: 457
Evaluation time: 0.04867
Reproduction time: 0.16197
-----------------------------------------------------------
Generation: 458
Evaluation time: 0.04734
Reproduction time: 0.19667
-----------------------------------------------------------
Generation: 459
Evaluation time: 0.04704
Reproduction time: 0.22399
-----------------------------------------------------------
Generation: 460
Evaluation time: 0.07643
Reproduction time: 0.18614
-----------------------------------------------------------
Generation: 461
Evaluation time: 0.0385
Reproduction time: 0.32558
-----------------------------------------------------------
Generation: 462
Evaluation time: 0.04802
Reproduction time: 0.20233
-----------------------------------------------------------
Generation: 463
Evaluation time: 0.05189
Reproduction time: 0.19398
-----------------------------------------------------------
Generation: 464
Evaluation time: 0.05272
Reproduction time: 0.20685
-----------------------------------------------------------
Generation: 465
Evaluation time: 0.07
Reproduction time: 0.20743
-----------------------------------------------------------
Generation: 466
Evaluation time: 0.04804
Reproduction time: 0.16932
-----------------------------------------------------------
Generation: 467
Evaluation time: 0.06041
Reproduction time: 0.16106
-----------------------------------------------------------
Generation: 468
Evaluation time: 0.04591
Reproduction time: 0.15583
-----------------------------------------------------------
Generation: 469
Evaluation time: 0.06992
Reproduction time: 0.16227
-----------------------------------------------------------
Generation: 470
Evaluation time: 0.0463
Reproduction time: 0.15186
-----------------------------------------------------------
Generation: 471
Evaluation time: 0.0631
Reproduction time: 0.35557
-----------------------------------------------------------
Generation: 472
Evaluation time: 0.04661
Reproduction time: 0.1945
-----------------------------------------------------------
Generation: 473
Evaluation time: 0.06107
Reproduction time: 0.20104
-----------------------------------------------------------
Generation: 474
Evaluation time: 0.06192
Reproduction time: 0.17257
-----------------------------------------------------------
Generation: 475
Evaluation time: 0.04651
Reproduction time: 0.19652
-----------------------------------------------------------
Generation: 476
Evaluation time: 0.06346
Reproduction time: 0.16995
-----------------------------------------------------------
Generation: 477
Evaluation time: 0.06652
Reproduction time: 0.16795
-----------------------------------------------------------
Generation: 478
Evaluation time: 0.06583
Reproduction time: 0.16938
-----------------------------------------------------------
Generation: 479
Evaluation time: 0.06773
Reproduction time: 0.16627
-----------------------------------------------------------
Generation: 480
Evaluation time: 0.06838
Reproduction time: 0.16993
-----------------------------------------------------------
Generation: 481
Evaluation time: 0.0631
Reproduction time: 0.35254
-----------------------------------------------------------
Generation: 482
Evaluation time: 0.07287
Reproduction time: 0.20343
-----------------------------------------------------------
Generation: 483
Evaluation time: 0.07136
Reproduction time: 0.17111
-----------------------------------------------------------
Generation: 484
Evaluation time: 0.06745
Reproduction time: 0.1713
-----------------------------------------------------------
Generation: 485
Evaluation time: 0.06151
Reproduction time: 0.17555
-----------------------------------------------------------
Generation: 486
Evaluation time: 0.04782
Reproduction time: 0.19058
-----------------------------------------------------------
Generation: 487
Evaluation time: 0.04765
Reproduction time: 0.19118
-----------------------------------------------------------
Generation: 488
Evaluation time: 0.04657
Reproduction time: 0.19589
-----------------------------------------------------------
Generation: 489
Evaluation time: 0.04774
Reproduction time: 0.19592
-----------------------------------------------------------
Generation: 490
Evaluation time: 0.0486
Reproduction time: 0.19181
-----------------------------------------------------------
Generation: 491
Evaluation time: 0.03898
Reproduction time: 0.35581
-----------------------------------------------------------
Generation: 492
Evaluation time: 0.04636
Reproduction time: 0.23478
-----------------------------------------------------------
Generation: 493
Evaluation time: 0.04756
Reproduction time: 0.20015
-----------------------------------------------------------
Generation: 494
Evaluation time: 0.06631
Reproduction time: 0.21249
-----------------------------------------------------------
Generation: 495
Evaluation time: 0.06784
Reproduction time: 0.18186
-----------------------------------------------------------
Generation: 496
Evaluation time: 0.08112
Reproduction time: 0.18147
-----------------------------------------------------------
Generation: 497
Evaluation time: 0.04815
Reproduction time: 0.15994
-----------------------------------------------------------
Generation: 498
Evaluation time: 0.0716
Reproduction time: 0.17655
-----------------------------------------------------------
Generation: 499
Evaluation time: 0.04804
Reproduction time: 0.1703
-----------------------------------------------------------
Generation: 500
Evaluation time: 0.07073
Reproduction time: 0.17754
-----------------------------------------------------------
Generation: 501
Evaluation time: 0.03833
Reproduction time: 0.34211
-----------------------------------------------------------
Generation: 502
Evaluation time: 0.05457
Reproduction time: 0.20947
-----------------------------------------------------------
Generation: 503
Evaluation time: 0.04621
Reproduction time: 0.20739
-----------------------------------------------------------
Generation: 504
Evaluation time: 0.04676
Reproduction time: 0.2145
-----------------------------------------------------------
Generation: 505
Evaluation time: 0.0472
Reproduction time: 0.20068
-----------------------------------------------------------
Generation: 506
Evaluation time: 0.04732
Reproduction time: 0.1755
-----------------------------------------------------------
Generation: 507
Evaluation time: 0.04651
Reproduction time: 0.18923
-----------------------------------------------------------
Generation: 508
Evaluation time: 0.04653
Reproduction time: 0.20075
-----------------------------------------------------------
Generation: 509
Evaluation time: 0.04458
Reproduction time: 0.20536
-----------------------------------------------------------
Generation: 510
Evaluation time: 0.04564
Reproduction time: 0.19524
-----------------------------------------------------------
Generation: 511
Evaluation time: 0.03871
Reproduction time: 0.34584
-----------------------------------------------------------
Generation: 512
Evaluation time: 0.05564
Reproduction time: 0.19781
-----------------------------------------------------------
Generation: 513
Evaluation time: 0.04618
Reproduction time: 0.18663
-----------------------------------------------------------
Generation: 514
Evaluation time: 0.04669
Reproduction time: 0.19116
-----------------------------------------------------------
Generation: 515
Evaluation time: 0.04555
Reproduction time: 0.19255
-----------------------------------------------------------
Generation: 516
Evaluation time: 0.04633
Reproduction time: 0.18722
-----------------------------------------------------------
Generation: 517
Evaluation time: 0.0463
Reproduction time: 0.19281
-----------------------------------------------------------
Generation: 518
Evaluation time: 0.04577
Reproduction time: 0.19588
-----------------------------------------------------------
Generation: 519
Evaluation time: 0.04584
Reproduction time: 0.19818
-----------------------------------------------------------
Generation: 520
Evaluation time: 0.04582
Reproduction time: 0.19976
-----------------------------------------------------------
Generation: 521
Evaluation time: 0.0612
Reproduction time: 0.34055
-----------------------------------------------------------
Generation: 522
Evaluation time: 0.04597
Reproduction time: 0.21004
-----------------------------------------------------------
Generation: 523
Evaluation time: 0.04644
Reproduction time: 0.21508
-----------------------------------------------------------
Generation: 524
Evaluation time: 0.06924
Reproduction time: 0.19175
-----------------------------------------------------------
Generation: 525
Evaluation time: 0.07443
Reproduction time: 0.17325
-----------------------------------------------------------
Generation: 526
Evaluation time: 0.07673
Reproduction time: 0.17824
-----------------------------------------------------------
Generation: 527
Evaluation time: 0.07829
Reproduction time: 0.17382
-----------------------------------------------------------
Generation: 528
Evaluation time: 0.07591
Reproduction time: 0.16352
-----------------------------------------------------------
Generation: 529
Evaluation time: 0.04919
Reproduction time: 0.1574
-----------------------------------------------------------
Generation: 530
Evaluation time: 0.04615
Reproduction time: 0.18985
-----------------------------------------------------------
Generation: 531
Evaluation time: 0.04373
Reproduction time: 0.35041
-----------------------------------------------------------
Generation: 532
Evaluation time: 0.07155
Reproduction time: 0.2285
-----------------------------------------------------------
Generation: 533
Evaluation time: 0.05964
Reproduction time: 0.17858
-----------------------------------------------------------
Generation: 534
Evaluation time: 0.04667
Reproduction time: 0.20245
-----------------------------------------------------------
Generation: 535
Evaluation time: 0.04639
Reproduction time: 0.20411
-----------------------------------------------------------
Generation: 536
Evaluation time: 0.07142
Reproduction time: 0.1966
-----------------------------------------------------------
Generation: 537
Evaluation time: 0.07797
Reproduction time: 0.17814
-----------------------------------------------------------
Generation: 538
Evaluation time: 0.07893
Reproduction time: 0.16677
-----------------------------------------------------------
Generation: 539
Evaluation time: 0.04794
Reproduction time: 0.14889
-----------------------------------------------------------
Generation: 540
Evaluation time: 0.04701
Reproduction time: 0.18877
-----------------------------------------------------------
Generation: 541
Evaluation time: 0.064
Reproduction time: 0.3552
-----------------------------------------------------------
Generation: 542
Evaluation time: 0.06788
Reproduction time: 0.20214
-----------------------------------------------------------
Generation: 543
Evaluation time: 0.04689
Reproduction time: 0.21253
-----------------------------------------------------------
Generation: 544
Evaluation time: 0.05705
Reproduction time: 0.21185
-----------------------------------------------------------
Generation: 545
Evaluation time: 0.04853
Reproduction time: 0.22299
-----------------------------------------------------------
Generation: 546
Evaluation time: 0.04734
Reproduction time: 0.21612
-----------------------------------------------------------
Generation: 547
Evaluation time: 0.04754
Reproduction time: 0.19743
-----------------------------------------------------------
Generation: 548
Evaluation time: 0.04831
Reproduction time: 0.20138
-----------------------------------------------------------
Generation: 549
Evaluation time: 0.04713
Reproduction time: 0.21324
-----------------------------------------------------------
Generation: 550
Evaluation time: 0.04859
Reproduction time: 0.21109
-----------------------------------------------------------
Generation: 551
Evaluation time: 0.06111
Reproduction time: 0.36255
-----------------------------------------------------------
Generation: 552
Evaluation time: 0.05343
Reproduction time: 0.16192
-----------------------------------------------------------
Generation: 553
Evaluation time: 0.0459
Reproduction time: 0.18389
-----------------------------------------------------------
Generation: 554
Evaluation time: 0.04548
Reproduction time: 0.20204
-----------------------------------------------------------
Generation: 555
Evaluation time: 0.0469
Reproduction time: 0.19433
-----------------------------------------------------------
Generation: 556
Evaluation time: 0.0463
Reproduction time: 0.18863
