dc43e6b329e33066069be8493e19c2dbaea01d1d
-----------------------------------------------------------
Generation: 1
Evaluation time: 1.54367
Reproduction time: 0.0
-----------------------------------------------------------
Generation: 2
Evaluation time: 0.05134
Reproduction time: 2.09389
-----------------------------------------------------------
Generation: 3
Evaluation time: 0.04623
Reproduction time: 0.16958
-----------------------------------------------------------
Generation: 4
Evaluation time: 0.04763
Reproduction time: 0.18089
-----------------------------------------------------------
Generation: 5
Evaluation time: 0.08049
Reproduction time: 0.17573
-----------------------------------------------------------
Generation: 6
Evaluation time: 0.07698
Reproduction time: 0.12572
-----------------------------------------------------------
Generation: 7
Evaluation time: 0.07057
Reproduction time: 0.13477
-----------------------------------------------------------
Generation: 8
Evaluation time: 0.06099
Reproduction time: 0.14447
-----------------------------------------------------------
Generation: 9
Evaluation time: 0.06317
Reproduction time: 0.13711
-----------------------------------------------------------
Generation: 10
Evaluation time: 0.05142
Reproduction time: 0.17378
-----------------------------------------------------------
Generation: 11
Evaluation time: 0.04053
Reproduction time: 0.46515
-----------------------------------------------------------
Generation: 12
Evaluation time: 0.04375
Reproduction time: 0.23705
-----------------------------------------------------------
Generation: 13
Evaluation time: 0.04349
Reproduction time: 0.20714
-----------------------------------------------------------
Generation: 14
Evaluation time: 0.05538
Reproduction time: 0.20228
-----------------------------------------------------------
Generation: 15
Evaluation time: 0.06667
Reproduction time: 0.17022
-----------------------------------------------------------
Generation: 16
Evaluation time: 0.04534
Reproduction time: 0.17396
-----------------------------------------------------------
Generation: 17
Evaluation time: 0.04248
Reproduction time: 0.18116
-----------------------------------------------------------
Generation: 18
Evaluation time: 0.05791
Reproduction time: 0.17766
-----------------------------------------------------------
Generation: 19
Evaluation time: 0.07773
Reproduction time: 0.17386
-----------------------------------------------------------
Generation: 20
Evaluation time: 0.04356
Reproduction time: 0.16793
-----------------------------------------------------------
Generation: 21
Evaluation time: 0.06362
Reproduction time: 0.37374
-----------------------------------------------------------
Generation: 22
Evaluation time: 0.06543
Reproduction time: 0.1911
-----------------------------------------------------------
Generation: 23
Evaluation time: 0.04525
Reproduction time: 0.199
-----------------------------------------------------------
Generation: 24
Evaluation time: 0.04337
Reproduction time: 0.2072
-----------------------------------------------------------
Generation: 25
Evaluation time: 0.05936
Reproduction time: 0.20649
-----------------------------------------------------------
Generation: 26
Evaluation time: 0.04468
Reproduction time: 0.22986
-----------------------------------------------------------
Generation: 27
Evaluation time: 0.06653
Reproduction time: 0.19822
-----------------------------------------------------------
Generation: 28
Evaluation time: 0.07381
Reproduction time: 0.18865
-----------------------------------------------------------
Generation: 29
Evaluation time: 0.04586
Reproduction time: 0.18773
-----------------------------------------------------------
Generation: 30
Evaluation time: 0.06082
Reproduction time: 0.19323
-----------------------------------------------------------
Generation: 31
Evaluation time: 0.06339
Reproduction time: 0.37256
-----------------------------------------------------------
Generation: 32
Evaluation time: 0.04107
Reproduction time: 0.19452
-----------------------------------------------------------
Generation: 33
Evaluation time: 0.07281
Reproduction time: 0.19888
-----------------------------------------------------------
Generation: 34
Evaluation time: 0.06513
Reproduction time: 0.17893
-----------------------------------------------------------
Generation: 35
Evaluation time: 0.05563
Reproduction time: 0.19935
-----------------------------------------------------------
Generation: 36
Evaluation time: 0.04273
Reproduction time: 0.22841
-----------------------------------------------------------
Generation: 37
Evaluation time: 0.04133
Reproduction time: 0.21713
-----------------------------------------------------------
Generation: 38
Evaluation time: 0.04174
Reproduction time: 0.21186
-----------------------------------------------------------
Generation: 39
Evaluation time: 0.04126
Reproduction time: 0.20589
-----------------------------------------------------------
Generation: 40
Evaluation time: 0.04132
Reproduction time: 0.21046
-----------------------------------------------------------
Generation: 41
Evaluation time: 0.0383
Reproduction time: 0.38198
-----------------------------------------------------------
Generation: 42
Evaluation time: 0.05719
Reproduction time: 0.19323
-----------------------------------------------------------
Generation: 43
Evaluation time: 0.06029
Reproduction time: 0.17278
-----------------------------------------------------------
Generation: 44
Evaluation time: 0.05798
Reproduction time: 0.18115
-----------------------------------------------------------
Generation: 45
Evaluation time: 0.04427
Reproduction time: 0.20357
-----------------------------------------------------------
Generation: 46
Evaluation time: 0.04517
Reproduction time: 0.21407
-----------------------------------------------------------
Generation: 47
Evaluation time: 0.04532
Reproduction time: 0.21418
-----------------------------------------------------------
Generation: 48
Evaluation time: 0.04578
Reproduction time: 0.20606
-----------------------------------------------------------
Generation: 49
Evaluation time: 0.04652
Reproduction time: 0.19445
-----------------------------------------------------------
Generation: 50
Evaluation time: 0.04509
Reproduction time: 0.19957
-----------------------------------------------------------
Generation: 51
Evaluation time: 0.06239
Reproduction time: 0.34146
-----------------------------------------------------------
Generation: 52
Evaluation time: 0.063
Reproduction time: 0.2009
-----------------------------------------------------------
Generation: 53
Evaluation time: 0.04584
Reproduction time: 0.20363
-----------------------------------------------------------
Generation: 54
Evaluation time: 0.06971
Reproduction time: 0.19858
-----------------------------------------------------------
Generation: 55
Evaluation time: 0.06722
Reproduction time: 0.1813
-----------------------------------------------------------
Generation: 56
Evaluation time: 0.06189
Reproduction time: 0.18507
-----------------------------------------------------------
Generation: 57
Evaluation time: 0.06151
Reproduction time: 0.18818
-----------------------------------------------------------
Generation: 58
Evaluation time: 0.04627
Reproduction time: 0.21669
-----------------------------------------------------------
Generation: 59
Evaluation time: 0.07218
Reproduction time: 0.1935
-----------------------------------------------------------
Generation: 60
Evaluation time: 0.04804
Reproduction time: 0.18033
-----------------------------------------------------------
Generation: 61
Evaluation time: 0.04283
Reproduction time: 0.36641
-----------------------------------------------------------
Generation: 62
Evaluation time: 0.0451
Reproduction time: 0.22183
-----------------------------------------------------------
Generation: 63
Evaluation time: 0.06697
Reproduction time: 0.20376
-----------------------------------------------------------
Generation: 64
Evaluation time: 0.06038
Reproduction time: 0.17379
-----------------------------------------------------------
Generation: 65
Evaluation time: 0.04661
Reproduction time: 0.20317
-----------------------------------------------------------
Generation: 66
Evaluation time: 0.06502
Reproduction time: 0.19653
-----------------------------------------------------------
Generation: 67
Evaluation time: 0.0598
Reproduction time: 0.1812
-----------------------------------------------------------
Generation: 68
Evaluation time: 0.04679
Reproduction time: 0.20424
-----------------------------------------------------------
Generation: 69
Evaluation time: 0.0468
Reproduction time: 0.20825
-----------------------------------------------------------
Generation: 70
Evaluation time: 0.04695
Reproduction time: 0.20968
-----------------------------------------------------------
Generation: 71
Evaluation time: 0.03836
Reproduction time: 0.38511
-----------------------------------------------------------
Generation: 72
Evaluation time: 0.05037
Reproduction time: 0.21957
-----------------------------------------------------------
Generation: 73
Evaluation time: 0.06007
Reproduction time: 0.19462
-----------------------------------------------------------
Generation: 74
Evaluation time: 0.04693
Reproduction time: 0.18404
-----------------------------------------------------------
Generation: 75
Evaluation time: 0.06244
Reproduction time: 0.15063
-----------------------------------------------------------
Generation: 76
Evaluation time: 0.07117
Reproduction time: 0.1693
-----------------------------------------------------------
Generation: 77
Evaluation time: 0.04694
Reproduction time: 0.16307
-----------------------------------------------------------
Generation: 78
Evaluation time: 0.04676
Reproduction time: 0.21512
-----------------------------------------------------------
Generation: 79
Evaluation time: 0.06523
Reproduction time: 0.17619
-----------------------------------------------------------
Generation: 80
Evaluation time: 0.04923
Reproduction time: 0.17582
-----------------------------------------------------------
Generation: 81
Evaluation time: 0.06115
Reproduction time: 0.35882
-----------------------------------------------------------
Generation: 82
Evaluation time: 0.07141
Reproduction time: 0.19209
-----------------------------------------------------------
Generation: 83
Evaluation time: 0.04921
Reproduction time: 0.20553
-----------------------------------------------------------
Generation: 84
Evaluation time: 0.06909
Reproduction time: 0.1959
-----------------------------------------------------------
Generation: 85
Evaluation time: 0.06129
Reproduction time: 0.16815
-----------------------------------------------------------
Generation: 86
Evaluation time: 0.04838
Reproduction time: 0.20469
-----------------------------------------------------------
Generation: 87
Evaluation time: 0.069
Reproduction time: 0.16971
-----------------------------------------------------------
Generation: 88
Evaluation time: 0.07966
Reproduction time: 0.16999
-----------------------------------------------------------
Generation: 89
Evaluation time: 0.077
Reproduction time: 0.17483
-----------------------------------------------------------
Generation: 90
Evaluation time: 0.05003
Reproduction time: 0.17243
-----------------------------------------------------------
Generation: 91
Evaluation time: 0.03887
Reproduction time: 0.37849
-----------------------------------------------------------
Generation: 92
Evaluation time: 0.04633
Reproduction time: 0.23953
-----------------------------------------------------------
Generation: 93
Evaluation time: 0.04579
Reproduction time: 0.22256
-----------------------------------------------------------
Generation: 94
Evaluation time: 0.07155
Reproduction time: 0.19802
-----------------------------------------------------------
Generation: 95
Evaluation time: 0.04751
Reproduction time: 0.17279
-----------------------------------------------------------
Generation: 96
Evaluation time: 0.06297
Reproduction time: 0.1892
-----------------------------------------------------------
Generation: 97
Evaluation time: 0.08094
Reproduction time: 0.18946
-----------------------------------------------------------
Generation: 98
Evaluation time: 0.04899
Reproduction time: 0.17369
-----------------------------------------------------------
Generation: 99
Evaluation time: 0.06623
Reproduction time: 0.20443
-----------------------------------------------------------
Generation: 100
Evaluation time: 0.08521
Reproduction time: 0.19563
-----------------------------------------------------------
Generation: 101
Evaluation time: 0.03873
Reproduction time: 0.3459
-----------------------------------------------------------
Generation: 102
Evaluation time: 0.05186
Reproduction time: 0.21656
-----------------------------------------------------------
Generation: 103
Evaluation time: 0.05483
Reproduction time: 0.19654
-----------------------------------------------------------
Generation: 104
Evaluation time: 0.05472
Reproduction time: 0.20302
-----------------------------------------------------------
Generation: 105
Evaluation time: 0.0716
Reproduction time: 0.21344
-----------------------------------------------------------
Generation: 106
Evaluation time: 0.07738
Reproduction time: 0.18313
-----------------------------------------------------------
Generation: 107
Evaluation time: 0.04918
Reproduction time: 0.17541
-----------------------------------------------------------
Generation: 108
Evaluation time: 0.07328
Reproduction time: 0.19286
-----------------------------------------------------------
Generation: 109
Evaluation time: 0.04741
Reproduction time: 0.18228
-----------------------------------------------------------
Generation: 110
Evaluation time: 0.07271
Reproduction time: 0.19006
-----------------------------------------------------------
Generation: 111
Evaluation time: 0.04427
Reproduction time: 0.322
-----------------------------------------------------------
Generation: 112
Evaluation time: 0.06835
Reproduction time: 0.19948
-----------------------------------------------------------
Generation: 113
Evaluation time: 0.04926
Reproduction time: 0.19708
-----------------------------------------------------------
Generation: 114
Evaluation time: 0.0486
Reproduction time: 0.20267
-----------------------------------------------------------
Generation: 115
Evaluation time: 0.06977
Reproduction time: 0.19791
-----------------------------------------------------------
Generation: 116
Evaluation time: 0.06901
Reproduction time: 0.16869
-----------------------------------------------------------
Generation: 117
Evaluation time: 0.08129
Reproduction time: 0.17862
-----------------------------------------------------------
Generation: 118
Evaluation time: 0.07866
Reproduction time: 0.17671
-----------------------------------------------------------
Generation: 119
Evaluation time: 0.04944
Reproduction time: 0.18583
-----------------------------------------------------------
Generation: 120
Evaluation time: 0.04673
Reproduction time: 0.20778
-----------------------------------------------------------
Generation: 121
Evaluation time: 0.06471
Reproduction time: 0.35977
-----------------------------------------------------------
Generation: 122
Evaluation time: 0.04592
Reproduction time: 0.19837
-----------------------------------------------------------
Generation: 123
Evaluation time: 0.07178
Reproduction time: 0.18923
-----------------------------------------------------------
Generation: 124
Evaluation time: 0.06974
Reproduction time: 0.18734
-----------------------------------------------------------
Generation: 125
Evaluation time: 0.06518
Reproduction time: 0.17831
-----------------------------------------------------------
Generation: 126
Evaluation time: 0.05847
Reproduction time: 0.17457
-----------------------------------------------------------
Generation: 127
Evaluation time: 0.04674
Reproduction time: 0.20407
-----------------------------------------------------------
Generation: 128
Evaluation time: 0.04617
Reproduction time: 0.19647
-----------------------------------------------------------
Generation: 129
Evaluation time: 0.04612
Reproduction time: 0.20121
-----------------------------------------------------------
Generation: 130
Evaluation time: 0.04649
Reproduction time: 0.21214
-----------------------------------------------------------
Generation: 131
Evaluation time: 0.03891
Reproduction time: 0.40277
-----------------------------------------------------------
Generation: 132
Evaluation time: 0.05173
Reproduction time: 0.20106
-----------------------------------------------------------
Generation: 133
Evaluation time: 0.0547
Reproduction time: 0.20598
-----------------------------------------------------------
Generation: 134
Evaluation time: 0.07103
Reproduction time: 0.19937
-----------------------------------------------------------
Generation: 135
Evaluation time: 0.07497
Reproduction time: 0.17095
-----------------------------------------------------------
Generation: 136
Evaluation time: 0.04624
Reproduction time: 0.16952
-----------------------------------------------------------
Generation: 137
Evaluation time: 0.06811
Reproduction time: 0.19131
-----------------------------------------------------------
Generation: 138
Evaluation time: 0.04556
Reproduction time: 0.16876
-----------------------------------------------------------
Generation: 139
Evaluation time: 0.0695
Reproduction time: 0.18399
-----------------------------------------------------------
Generation: 140
Evaluation time: 0.04738
Reproduction time: 0.17882
-----------------------------------------------------------
Generation: 141
Evaluation time: 0.06253
Reproduction time: 0.37262
-----------------------------------------------------------
Generation: 142
Evaluation time: 0.04551
Reproduction time: 0.21139
-----------------------------------------------------------
Generation: 143
Evaluation time: 0.04721
Reproduction time: 0.21373
-----------------------------------------------------------
Generation: 144
Evaluation time: 0.07364
Reproduction time: 0.18038
-----------------------------------------------------------
Generation: 145
Evaluation time: 0.04632
Reproduction time: 0.17861
-----------------------------------------------------------
Generation: 146
Evaluation time: 0.07091
Reproduction time: 0.1676
-----------------------------------------------------------
Generation: 147
Evaluation time: 0.07689
Reproduction time: 0.16948
-----------------------------------------------------------
Generation: 148
Evaluation time: 0.04664
Reproduction time: 0.17188
-----------------------------------------------------------
Generation: 149
Evaluation time: 0.04662
Reproduction time: 0.2243
-----------------------------------------------------------
Generation: 150
Evaluation time: 0.06462
Reproduction time: 0.19583
-----------------------------------------------------------
Generation: 151
Evaluation time: 0.04082
Reproduction time: 0.35952
-----------------------------------------------------------
Generation: 152
Evaluation time: 0.04481
Reproduction time: 0.22928
-----------------------------------------------------------
Generation: 153
Evaluation time: 0.04647
Reproduction time: 0.19532
-----------------------------------------------------------
Generation: 154
Evaluation time: 0.06818
Reproduction time: 0.17889
-----------------------------------------------------------
Generation: 155
Evaluation time: 0.04709
Reproduction time: 0.17253
-----------------------------------------------------------
Generation: 156
Evaluation time: 0.04588
Reproduction time: 0.19534
-----------------------------------------------------------
Generation: 157
Evaluation time: 0.06475
Reproduction time: 0.18923
-----------------------------------------------------------
Generation: 158
Evaluation time: 0.0787
Reproduction time: 0.17284
-----------------------------------------------------------
Generation: 159
Evaluation time: 0.04825
Reproduction time: 0.17487
-----------------------------------------------------------
Generation: 160
Evaluation time: 0.06784
Reproduction time: 0.17765
-----------------------------------------------------------
Generation: 161
Evaluation time: 0.06313
Reproduction time: 0.36233
-----------------------------------------------------------
Generation: 162
Evaluation time: 0.06932
Reproduction time: 0.2018
-----------------------------------------------------------
Generation: 163
Evaluation time: 0.05799
Reproduction time: 0.19435
-----------------------------------------------------------
Generation: 164
Evaluation time: 0.04786
Reproduction time: 0.22653
-----------------------------------------------------------
Generation: 165
Evaluation time: 0.04712
Reproduction time: 0.20924
-----------------------------------------------------------
Generation: 166
Evaluation time: 0.04747
Reproduction time: 0.21659
-----------------------------------------------------------
Generation: 167
Evaluation time: 0.04676
Reproduction time: 0.21957
-----------------------------------------------------------
Generation: 168
Evaluation time: 0.04741
Reproduction time: 0.20481
-----------------------------------------------------------
Generation: 169
Evaluation time: 0.04655
Reproduction time: 0.20288
-----------------------------------------------------------
Generation: 170
Evaluation time: 0.04664
Reproduction time: 0.20307
-----------------------------------------------------------
Generation: 171
Evaluation time: 0.0647
Reproduction time: 0.35043
-----------------------------------------------------------
Generation: 172
Evaluation time: 0.05111
Reproduction time: 0.18581
-----------------------------------------------------------
Generation: 173
Evaluation time: 0.04622
Reproduction time: 0.2249
-----------------------------------------------------------
Generation: 174
Evaluation time: 0.05815
Reproduction time: 0.20948
-----------------------------------------------------------
Generation: 175
Evaluation time: 0.04795
Reproduction time: 0.20307
-----------------------------------------------------------
Generation: 176
Evaluation time: 0.04875
Reproduction time: 0.20274
-----------------------------------------------------------
Generation: 177
Evaluation time: 0.04736
Reproduction time: 0.20893
-----------------------------------------------------------
Generation: 178
Evaluation time: 0.04718
Reproduction time: 0.21535
-----------------------------------------------------------
Generation: 179
Evaluation time: 0.04704
Reproduction time: 0.21964
-----------------------------------------------------------
Generation: 180
Evaluation time: 0.04638
Reproduction time: 0.2179
-----------------------------------------------------------
Generation: 181
Evaluation time: 0.03905
Reproduction time: 0.37539
-----------------------------------------------------------
Generation: 182
Evaluation time: 0.04905
Reproduction time: 0.21282
-----------------------------------------------------------
Generation: 183
Evaluation time: 0.05438
Reproduction time: 0.20537
-----------------------------------------------------------
Generation: 184
Evaluation time: 0.05425
Reproduction time: 0.2118
-----------------------------------------------------------
Generation: 185
Evaluation time: 0.05471
Reproduction time: 0.20904
-----------------------------------------------------------
Generation: 186
Evaluation time: 0.07646
Reproduction time: 0.19904
-----------------------------------------------------------
Generation: 187
Evaluation time: 0.04796
Reproduction time: 0.17108
-----------------------------------------------------------
Generation: 188
Evaluation time: 0.0658
Reproduction time: 0.18784
-----------------------------------------------------------
Generation: 189
Evaluation time: 0.04629
Reproduction time: 0.16743
-----------------------------------------------------------
Generation: 190
Evaluation time: 0.03759
Reproduction time: 0.17403
-----------------------------------------------------------
Generation: 191
Evaluation time: 0.06393
Reproduction time: 0.36213
-----------------------------------------------------------
Generation: 192
Evaluation time: 0.07103
Reproduction time: 0.19924
-----------------------------------------------------------
Generation: 193
Evaluation time: 0.04885
Reproduction time: 0.19842
-----------------------------------------------------------
Generation: 194
Evaluation time: 0.07028
Reproduction time: 0.20073
-----------------------------------------------------------
Generation: 195
Evaluation time: 0.0487
Reproduction time: 0.22179
-----------------------------------------------------------
Generation: 196
Evaluation time: 0.05018
Reproduction time: 0.22256
-----------------------------------------------------------
Generation: 197
Evaluation time: 0.07274
Reproduction time: 0.18852
-----------------------------------------------------------
Generation: 198
Evaluation time: 0.05014
Reproduction time: 0.1821
-----------------------------------------------------------
Generation: 199
Evaluation time: 0.07603
Reproduction time: 0.17974
-----------------------------------------------------------
Generation: 200
Evaluation time: 0.04877
Reproduction time: 0.16411
-----------------------------------------------------------
Generation: 201
Evaluation time: 0.06416
Reproduction time: 0.36135
-----------------------------------------------------------
Generation: 202
Evaluation time: 0.07051
Reproduction time: 0.19677
-----------------------------------------------------------
Generation: 203
Evaluation time: 0.04843
Reproduction time: 0.20484
-----------------------------------------------------------
Generation: 204
Evaluation time: 0.05742
Reproduction time: 0.20861
-----------------------------------------------------------
Generation: 205
Evaluation time: 0.04714
Reproduction time: 0.21446
-----------------------------------------------------------
Generation: 206
Evaluation time: 0.04636
Reproduction time: 0.22037
-----------------------------------------------------------
Generation: 207
Evaluation time: 0.04725
Reproduction time: 0.20965
-----------------------------------------------------------
Generation: 208
Evaluation time: 0.04771
Reproduction time: 0.22079
-----------------------------------------------------------
Generation: 209
Evaluation time: 0.04755
Reproduction time: 0.21502
-----------------------------------------------------------
Generation: 210
Evaluation time: 0.04781
Reproduction time: 0.22384
-----------------------------------------------------------
Generation: 211
Evaluation time: 0.03839
Reproduction time: 0.37939
-----------------------------------------------------------
Generation: 212
Evaluation time: 0.04895
Reproduction time: 0.20307
-----------------------------------------------------------
Generation: 213
Evaluation time: 0.05638
Reproduction time: 0.193
-----------------------------------------------------------
Generation: 214
Evaluation time: 0.07232
Reproduction time: 0.20146
-----------------------------------------------------------
Generation: 215
Evaluation time: 0.07651
Reproduction time: 0.17675
-----------------------------------------------------------
Generation: 216
Evaluation time: 0.0479
Reproduction time: 0.16744
-----------------------------------------------------------
Generation: 217
Evaluation time: 0.07129
Reproduction time: 0.18215
-----------------------------------------------------------
Generation: 218
Evaluation time: 0.04695
Reproduction time: 0.16153
-----------------------------------------------------------
Generation: 219
Evaluation time: 0.06223
Reproduction time: 0.17311
-----------------------------------------------------------
Generation: 220
Evaluation time: 0.07596
Reproduction time: 0.17298
-----------------------------------------------------------
Generation: 221
Evaluation time: 0.03879
Reproduction time: 0.33155
-----------------------------------------------------------
Generation: 222
Evaluation time: 0.05431
Reproduction time: 0.2108
-----------------------------------------------------------
Generation: 223
Evaluation time: 0.04603
Reproduction time: 0.20877
-----------------------------------------------------------
Generation: 224
Evaluation time: 0.04543
Reproduction time: 0.20972
-----------------------------------------------------------
Generation: 225
Evaluation time: 0.04586
Reproduction time: 0.19097
-----------------------------------------------------------
Generation: 226
Evaluation time: 0.0454
Reproduction time: 0.19316
-----------------------------------------------------------
Generation: 227
Evaluation time: 0.0468
Reproduction time: 0.18601
-----------------------------------------------------------
Generation: 228
Evaluation time: 0.04546
Reproduction time: 0.18236
-----------------------------------------------------------
Generation: 229
Evaluation time: 0.04569
Reproduction time: 0.19278
-----------------------------------------------------------
Generation: 230
Evaluation time: 0.04606
Reproduction time: 0.19675
-----------------------------------------------------------
Generation: 231
Evaluation time: 0.0628
Reproduction time: 0.33896
-----------------------------------------------------------
Generation: 232
Evaluation time: 0.06647
Reproduction time: 0.20401
-----------------------------------------------------------
Generation: 233
Evaluation time: 0.07212
Reproduction time: 0.20659
-----------------------------------------------------------
Generation: 234
Evaluation time: 0.0792
Reproduction time: 0.19084
-----------------------------------------------------------
Generation: 235
Evaluation time: 0.08153
Reproduction time: 0.18472
-----------------------------------------------------------
Generation: 236
Evaluation time: 0.0492
Reproduction time: 0.19025
-----------------------------------------------------------
Generation: 237
Evaluation time: 0.04787
Reproduction time: 0.22051
-----------------------------------------------------------
Generation: 238
Evaluation time: 0.07209
Reproduction time: 0.193
-----------------------------------------------------------
Generation: 239
Evaluation time: 0.0497
Reproduction time: 0.17169
-----------------------------------------------------------
Generation: 240
Evaluation time: 0.04694
Reproduction time: 0.19694
-----------------------------------------------------------
Generation: 241
Evaluation time: 0.06203
Reproduction time: 0.37353
-----------------------------------------------------------
Generation: 242
Evaluation time: 0.06245
Reproduction time: 0.21715
-----------------------------------------------------------
Generation: 243
Evaluation time: 0.0739
Reproduction time: 0.21069
-----------------------------------------------------------
Generation: 244
Evaluation time: 0.0757
Reproduction time: 0.18982
-----------------------------------------------------------
Generation: 245
Evaluation time: 0.07695
Reproduction time: 0.18702
-----------------------------------------------------------
Generation: 246
Evaluation time: 0.05115
Reproduction time: 0.17216
-----------------------------------------------------------
Generation: 247
Evaluation time: 0.04741
Reproduction time: 0.19808
-----------------------------------------------------------
Generation: 248
Evaluation time: 0.0657
Reproduction time: 0.16213
-----------------------------------------------------------
Generation: 249
Evaluation time: 0.07072
Reproduction time: 0.17742
-----------------------------------------------------------
Generation: 250
Evaluation time: 0.07263
Reproduction time: 0.17449
-----------------------------------------------------------
Generation: 251
Evaluation time: 0.06534
Reproduction time: 0.36292
-----------------------------------------------------------
Generation: 252
Evaluation time: 0.07295
Reproduction time: 0.20027
-----------------------------------------------------------
Generation: 253
Evaluation time: 0.06075
Reproduction time: 0.18564
-----------------------------------------------------------
Generation: 254
Evaluation time: 0.06199
Reproduction time: 0.169
-----------------------------------------------------------
Generation: 255
Evaluation time: 0.04771
Reproduction time: 0.19821
-----------------------------------------------------------
Generation: 256
Evaluation time: 0.04706
Reproduction time: 0.20347
-----------------------------------------------------------
Generation: 257
Evaluation time: 0.04656
Reproduction time: 0.19154
-----------------------------------------------------------
Generation: 258
Evaluation time: 0.04708
Reproduction time: 0.20244
-----------------------------------------------------------
Generation: 259
Evaluation time: 0.04615
Reproduction time: 0.20636
-----------------------------------------------------------
Generation: 260
Evaluation time: 0.07089
Reproduction time: 0.19615
-----------------------------------------------------------
Generation: 261
Evaluation time: 0.06429
Reproduction time: 0.35761
-----------------------------------------------------------
Generation: 262
Evaluation time: 0.0731
Reproduction time: 0.20449
-----------------------------------------------------------
Generation: 263
Evaluation time: 0.07197
Reproduction time: 0.17551
-----------------------------------------------------------
Generation: 264
Evaluation time: 0.06702
Reproduction time: 0.17778
-----------------------------------------------------------
Generation: 265
Evaluation time: 0.04876
Reproduction time: 0.21073
-----------------------------------------------------------
Generation: 266
Evaluation time: 0.06472
Reproduction time: 0.1856
-----------------------------------------------------------
Generation: 267
Evaluation time: 0.06451
Reproduction time: 0.19082
-----------------------------------------------------------
Generation: 268
Evaluation time: 0.0612
Reproduction time: 0.18546
-----------------------------------------------------------
Generation: 269
Evaluation time: 0.06745
Reproduction time: 0.16439
-----------------------------------------------------------
Generation: 270
Evaluation time: 0.06617
Reproduction time: 0.17608
-----------------------------------------------------------
Generation: 271
Evaluation time: 0.06459
Reproduction time: 0.35677
-----------------------------------------------------------
Generation: 272
Evaluation time: 0.07551
Reproduction time: 0.19869
-----------------------------------------------------------
Generation: 273
Evaluation time: 0.0494
Reproduction time: 0.20077
-----------------------------------------------------------
Generation: 274
Evaluation time: 0.0491
Reproduction time: 0.20538
-----------------------------------------------------------
Generation: 275
Evaluation time: 0.04771
Reproduction time: 0.21318
-----------------------------------------------------------
Generation: 276
Evaluation time: 0.04795
Reproduction time: 0.21299
-----------------------------------------------------------
Generation: 277
Evaluation time: 0.04778
Reproduction time: 0.21764
-----------------------------------------------------------
Generation: 278
Evaluation time: 0.04675
Reproduction time: 0.20705
-----------------------------------------------------------
Generation: 279
Evaluation time: 0.04749
Reproduction time: 0.21958
-----------------------------------------------------------
Generation: 280
Evaluation time: 0.04738
Reproduction time: 0.21207
-----------------------------------------------------------
Generation: 281
Evaluation time: 0.04368
Reproduction time: 0.35215
-----------------------------------------------------------
Generation: 282
Evaluation time: 0.04551
Reproduction time: 0.22661
-----------------------------------------------------------
Generation: 283
Evaluation time: 0.06971
Reproduction time: 0.20117
-----------------------------------------------------------
Generation: 284
Evaluation time: 0.06087
Reproduction time: 0.17314
-----------------------------------------------------------
Generation: 285
Evaluation time: 0.04671
Reproduction time: 0.19804
-----------------------------------------------------------
Generation: 286
Evaluation time: 0.05819
Reproduction time: 0.2119
-----------------------------------------------------------
Generation: 287
Evaluation time: 0.04826
Reproduction time: 0.22194
-----------------------------------------------------------
Generation: 288
Evaluation time: 0.04829
Reproduction time: 0.20985
-----------------------------------------------------------
Generation: 289
Evaluation time: 0.04708
Reproduction time: 0.22193
-----------------------------------------------------------
Generation: 290
Evaluation time: 0.0458
Reproduction time: 0.21932
-----------------------------------------------------------
Generation: 291
Evaluation time: 0.03826
Reproduction time: 0.37888
-----------------------------------------------------------
Generation: 292
Evaluation time: 0.05212
Reproduction time: 0.20749
-----------------------------------------------------------
Generation: 293
Evaluation time: 0.07349
Reproduction time: 0.19152
-----------------------------------------------------------
Generation: 294
Evaluation time: 0.06762
Reproduction time: 0.18593
-----------------------------------------------------------
Generation: 295
Evaluation time: 0.08346
Reproduction time: 0.1804
-----------------------------------------------------------
Generation: 296
Evaluation time: 0.04903
Reproduction time: 0.18743
-----------------------------------------------------------
Generation: 297
Evaluation time: 0.06675
Reproduction time: 0.18077
-----------------------------------------------------------
Generation: 298
Evaluation time: 0.04679
Reproduction time: 0.17275
-----------------------------------------------------------
Generation: 299
Evaluation time: 0.04702
Reproduction time: 0.20894
-----------------------------------------------------------
Generation: 300
Evaluation time: 0.06999
Reproduction time: 0.17543
-----------------------------------------------------------
Generation: 301
Evaluation time: 0.0629
Reproduction time: 0.32131
-----------------------------------------------------------
Generation: 302
Evaluation time: 0.06868
Reproduction time: 0.19578
-----------------------------------------------------------
Generation: 303
Evaluation time: 0.07409
Reproduction time: 0.20221
-----------------------------------------------------------
Generation: 304
Evaluation time: 0.06279
Reproduction time: 0.18835
-----------------------------------------------------------
Generation: 305
Evaluation time: 0.06791
Reproduction time: 0.17853
-----------------------------------------------------------
Generation: 306
Evaluation time: 0.04932
Reproduction time: 0.21298
-----------------------------------------------------------
Generation: 307
Evaluation time: 0.06759
Reproduction time: 0.17324
-----------------------------------------------------------
Generation: 308
Evaluation time: 0.0724
Reproduction time: 0.18044
-----------------------------------------------------------
Generation: 309
Evaluation time: 0.07802
Reproduction time: 0.17387
-----------------------------------------------------------
Generation: 310
Evaluation time: 0.08399
Reproduction time: 0.17422
-----------------------------------------------------------
Generation: 311
Evaluation time: 0.06677
Reproduction time: 0.31301
-----------------------------------------------------------
Generation: 312
Evaluation time: 0.0551
Reproduction time: 0.20232
-----------------------------------------------------------
Generation: 313
Evaluation time: 0.0462
Reproduction time: 0.2186
-----------------------------------------------------------
Generation: 314
Evaluation time: 0.04984
Reproduction time: 0.19683
-----------------------------------------------------------
Generation: 315
Evaluation time: 0.05004
Reproduction time: 0.21453
-----------------------------------------------------------
Generation: 316
Evaluation time: 0.0479
Reproduction time: 0.20503
-----------------------------------------------------------
Generation: 317
Evaluation time: 0.04743
Reproduction time: 0.20773
-----------------------------------------------------------
Generation: 318
Evaluation time: 0.04754
Reproduction time: 0.20888
-----------------------------------------------------------
Generation: 319
Evaluation time: 0.04787
Reproduction time: 0.20742
-----------------------------------------------------------
Generation: 320
Evaluation time: 0.0478
Reproduction time: 0.20913
-----------------------------------------------------------
Generation: 321
Evaluation time: 0.04439
Reproduction time: 0.35968
-----------------------------------------------------------
Generation: 322
Evaluation time: 0.04635
Reproduction time: 0.22389
-----------------------------------------------------------
Generation: 323
Evaluation time: 0.06678
Reproduction time: 0.20869
-----------------------------------------------------------
Generation: 324
Evaluation time: 0.06184
Reproduction time: 0.17027
-----------------------------------------------------------
Generation: 325
Evaluation time: 0.0477
Reproduction time: 0.19567
-----------------------------------------------------------
Generation: 326
Evaluation time: 0.06143
Reproduction time: 0.20632
-----------------------------------------------------------
Generation: 327
Evaluation time: 0.04738
Reproduction time: 0.21063
-----------------------------------------------------------
Generation: 328
Evaluation time: 0.0643
Reproduction time: 0.18643
-----------------------------------------------------------
Generation: 329
Evaluation time: 0.06606
Reproduction time: 0.18782
-----------------------------------------------------------
Generation: 330
Evaluation time: 0.07661
Reproduction time: 0.19236
-----------------------------------------------------------
Generation: 331
Evaluation time: 0.03892
Reproduction time: 0.371
-----------------------------------------------------------
Generation: 332
Evaluation time: 0.05002
Reproduction time: 0.21959
-----------------------------------------------------------
Generation: 333
Evaluation time: 0.05686
Reproduction time: 0.19506
-----------------------------------------------------------
Generation: 334
Evaluation time: 0.07091
Reproduction time: 0.19305
-----------------------------------------------------------
Generation: 335
Evaluation time: 0.07539
Reproduction time: 0.1805
-----------------------------------------------------------
Generation: 336
Evaluation time: 0.04834
Reproduction time: 0.17526
-----------------------------------------------------------
Generation: 337
Evaluation time: 0.07094
Reproduction time: 0.17845
-----------------------------------------------------------
Generation: 338
Evaluation time: 0.04715
Reproduction time: 0.17543
-----------------------------------------------------------
Generation: 339
Evaluation time: 0.0465
Reproduction time: 0.2063
-----------------------------------------------------------
Generation: 340
Evaluation time: 0.03788
Reproduction time: 0.18065
-----------------------------------------------------------
Generation: 341
Evaluation time: 0.06338
Reproduction time: 0.35243
-----------------------------------------------------------
Generation: 342
Evaluation time: 0.07081
Reproduction time: 0.19947
-----------------------------------------------------------
Generation: 343
Evaluation time: 0.04828
Reproduction time: 0.19015
-----------------------------------------------------------
Generation: 344
Evaluation time: 0.07298
Reproduction time: 0.20126
-----------------------------------------------------------
Generation: 345
Evaluation time: 0.06472
Reproduction time: 0.17899
-----------------------------------------------------------
Generation: 346
Evaluation time: 0.06485
Reproduction time: 0.176
-----------------------------------------------------------
Generation: 347
Evaluation time: 0.0622
Reproduction time: 0.17156
-----------------------------------------------------------
Generation: 348
Evaluation time: 0.04896
Reproduction time: 0.20863
-----------------------------------------------------------
Generation: 349
Evaluation time: 0.06613
Reproduction time: 0.18401
-----------------------------------------------------------
Generation: 350
Evaluation time: 0.07679
Reproduction time: 0.18756
-----------------------------------------------------------
Generation: 351
Evaluation time: 0.0389
Reproduction time: 0.38039
-----------------------------------------------------------
Generation: 352
Evaluation time: 0.05174
Reproduction time: 0.20692
-----------------------------------------------------------
Generation: 353
Evaluation time: 0.07515
Reproduction time: 0.20274
-----------------------------------------------------------
Generation: 354
Evaluation time: 0.07771
Reproduction time: 0.17238
-----------------------------------------------------------
Generation: 355
Evaluation time: 0.04712
Reproduction time: 0.16808
-----------------------------------------------------------
Generation: 356
Evaluation time: 0.0663
Reproduction time: 0.18016
-----------------------------------------------------------
Generation: 357
Evaluation time: 0.08074
Reproduction time: 0.17652
-----------------------------------------------------------
Generation: 358
Evaluation time: 0.04698
Reproduction time: 0.17683
-----------------------------------------------------------
Generation: 359
Evaluation time: 0.06321
Reproduction time: 0.19001
-----------------------------------------------------------
Generation: 360
Evaluation time: 0.07587
Reproduction time: 0.19187
-----------------------------------------------------------
Generation: 361
Evaluation time: 0.06182
Reproduction time: 0.34029
-----------------------------------------------------------
Generation: 362
Evaluation time: 0.05593
Reproduction time: 0.18976
-----------------------------------------------------------
Generation: 363
Evaluation time: 0.04543
Reproduction time: 0.18475
-----------------------------------------------------------
Generation: 364
Evaluation time: 0.04531
Reproduction time: 0.20388
-----------------------------------------------------------
Generation: 365
Evaluation time: 0.04565
Reproduction time: 0.20503
-----------------------------------------------------------
Generation: 366
Evaluation time: 0.0454
Reproduction time: 0.20373
-----------------------------------------------------------
Generation: 367
Evaluation time: 0.04595
Reproduction time: 0.21427
-----------------------------------------------------------
Generation: 368
Evaluation time: 0.04533
Reproduction time: 0.2085
-----------------------------------------------------------
Generation: 369
Evaluation time: 0.04577
Reproduction time: 0.21411
-----------------------------------------------------------
Generation: 370
Evaluation time: 0.04511
Reproduction time: 0.20883
-----------------------------------------------------------
Generation: 371
Evaluation time: 0.04463
Reproduction time: 0.33363
-----------------------------------------------------------
Generation: 372
Evaluation time: 0.04515
Reproduction time: 0.22566
-----------------------------------------------------------
Generation: 373
Evaluation time: 0.06751
Reproduction time: 0.20186
-----------------------------------------------------------
Generation: 374
Evaluation time: 0.04762
Reproduction time: 0.22077
-----------------------------------------------------------
Generation: 375
Evaluation time: 0.06429
Reproduction time: 0.1918
-----------------------------------------------------------
Generation: 376
Evaluation time: 0.04783
Reproduction time: 0.21644
-----------------------------------------------------------
Generation: 377
Evaluation time: 0.07096
Reproduction time: 0.18734
-----------------------------------------------------------
Generation: 378
Evaluation time: 0.04762
Reproduction time: 0.17209
-----------------------------------------------------------
Generation: 379
Evaluation time: 0.07283
Reproduction time: 0.15805
-----------------------------------------------------------
Generation: 380
Evaluation time: 0.04838
Reproduction time: 0.17018
-----------------------------------------------------------
Generation: 381
Evaluation time: 0.06446
Reproduction time: 0.35986
-----------------------------------------------------------
Generation: 382
Evaluation time: 0.07505
Reproduction time: 0.19447
-----------------------------------------------------------
Generation: 383
Evaluation time: 0.04741
Reproduction time: 0.20629
-----------------------------------------------------------
Generation: 384
Evaluation time: 0.06473
Reproduction time: 0.20536
-----------------------------------------------------------
Generation: 385
Evaluation time: 0.04864
Reproduction time: 0.21047
-----------------------------------------------------------
Generation: 386
Evaluation time: 0.06418
Reproduction time: 0.17838
-----------------------------------------------------------
Generation: 387
Evaluation time: 0.07591
Reproduction time: 0.18356
-----------------------------------------------------------
Generation: 388
Evaluation time: 0.08542
Reproduction time: 0.17075
-----------------------------------------------------------
Generation: 389
Evaluation time: 0.04965
Reproduction time: 0.16933
-----------------------------------------------------------
Generation: 390
Evaluation time: 0.04832
Reproduction time: 0.2295
-----------------------------------------------------------
Generation: 391
Evaluation time: 0.06012
Reproduction time: 0.3891
-----------------------------------------------------------
Generation: 392
Evaluation time: 0.05575
Reproduction time: 0.17696
-----------------------------------------------------------
Generation: 393
Evaluation time: 0.05981
Reproduction time: 0.1706
-----------------------------------------------------------
Generation: 394
Evaluation time: 0.05792
Reproduction time: 0.1637
-----------------------------------------------------------
Generation: 395
Evaluation time: 0.05756
Reproduction time: 0.16391
-----------------------------------------------------------
Generation: 396
Evaluation time: 0.05754
Reproduction time: 0.17081
-----------------------------------------------------------
Generation: 397
Evaluation time: 0.06031
Reproduction time: 0.16415
-----------------------------------------------------------
Generation: 398
Evaluation time: 0.05949
Reproduction time: 0.17177
-----------------------------------------------------------
Generation: 399
Evaluation time: 0.06019
Reproduction time: 0.16084
-----------------------------------------------------------
Generation: 400
Evaluation time: 0.05898
Reproduction time: 0.17067
-----------------------------------------------------------
Generation: 401
Evaluation time: 0.06234
Reproduction time: 0.3451
-----------------------------------------------------------
Generation: 402
Evaluation time: 0.07362
Reproduction time: 0.19818
-----------------------------------------------------------
Generation: 403
Evaluation time: 0.04913
Reproduction time: 0.19235
-----------------------------------------------------------
Generation: 404
Evaluation time: 0.05026
Reproduction time: 0.20181
-----------------------------------------------------------
Generation: 405
Evaluation time: 0.04719
Reproduction time: 0.21045
-----------------------------------------------------------
Generation: 406
Evaluation time: 0.07239
Reproduction time: 0.18493
-----------------------------------------------------------
Generation: 407
Evaluation time: 0.04935
Reproduction time: 0.17523
-----------------------------------------------------------
Generation: 408
Evaluation time: 0.04871
Reproduction time: 0.19574
-----------------------------------------------------------
Generation: 409
Evaluation time: 0.069
Reproduction time: 0.16955
-----------------------------------------------------------
Generation: 410
Evaluation time: 0.07479
Reproduction time: 0.18893
-----------------------------------------------------------
Generation: 411
Evaluation time: 0.03808
Reproduction time: 0.39054
-----------------------------------------------------------
Generation: 412
Evaluation time: 0.05077
Reproduction time: 0.22005
-----------------------------------------------------------
Generation: 413
Evaluation time: 0.05391
Reproduction time: 0.21181
-----------------------------------------------------------
Generation: 414
Evaluation time: 0.05576
Reproduction time: 0.21174
-----------------------------------------------------------
Generation: 415
Evaluation time: 0.07136
Reproduction time: 0.21378
-----------------------------------------------------------
Generation: 416
Evaluation time: 0.07947
Reproduction time: 0.18738
-----------------------------------------------------------
Generation: 417
Evaluation time: 0.04837
Reproduction time: 0.18026
-----------------------------------------------------------
Generation: 418
Evaluation time: 0.03834
Reproduction time: 0.18175
-----------------------------------------------------------
Generation: 419
Evaluation time: 0.06222
Reproduction time: 0.18764
-----------------------------------------------------------
Generation: 420
Evaluation time: 0.04723
Reproduction time: 0.1938
-----------------------------------------------------------
Generation: 421
Evaluation time: 0.03909
Reproduction time: 0.37341
-----------------------------------------------------------
Generation: 422
Evaluation time: 0.05199
Reproduction time: 0.2024
-----------------------------------------------------------
Generation: 423
Evaluation time: 0.07084
Reproduction time: 0.20508
-----------------------------------------------------------
Generation: 424
Evaluation time: 0.0711
Reproduction time: 0.17476
-----------------------------------------------------------
Generation: 425
Evaluation time: 0.07188
Reproduction time: 0.18382
-----------------------------------------------------------
Generation: 426
Evaluation time: 0.04777
Reproduction time: 0.19097
-----------------------------------------------------------
Generation: 427
Evaluation time: 0.06286
Reproduction time: 0.17442
-----------------------------------------------------------
Generation: 428
Evaluation time: 0.07344
Reproduction time: 0.17164
-----------------------------------------------------------
Generation: 429
Evaluation time: 0.04729
Reproduction time: 0.16803
-----------------------------------------------------------
Generation: 430
Evaluation time: 0.04757
Reproduction time: 0.20084
-----------------------------------------------------------
Generation: 431
Evaluation time: 0.06478
Reproduction time: 0.35948
-----------------------------------------------------------
Generation: 432
Evaluation time: 0.071
Reproduction time: 0.19485
-----------------------------------------------------------
Generation: 433
Evaluation time: 0.04915
Reproduction time: 0.19633
-----------------------------------------------------------
Generation: 434
Evaluation time: 0.04834
Reproduction time: 0.20586
-----------------------------------------------------------
Generation: 435
Evaluation time: 0.06991
Reproduction time: 0.20609
-----------------------------------------------------------
Generation: 436
Evaluation time: 0.04953
Reproduction time: 0.21854
-----------------------------------------------------------
Generation: 437
Evaluation time: 0.07505
Reproduction time: 0.1943
-----------------------------------------------------------
Generation: 438
Evaluation time: 0.07956
Reproduction time: 0.17296
-----------------------------------------------------------
Generation: 439
Evaluation time: 0.0481
Reproduction time: 0.17772
-----------------------------------------------------------
Generation: 440
Evaluation time: 0.06686
Reproduction time: 0.17933
-----------------------------------------------------------
Generation: 441
Evaluation time: 0.03865
Reproduction time: 0.38392
-----------------------------------------------------------
Generation: 442
Evaluation time: 0.04948
Reproduction time: 0.21969
-----------------------------------------------------------
Generation: 443
Evaluation time: 0.05707
Reproduction time: 0.20636
-----------------------------------------------------------
Generation: 444
Evaluation time: 0.06182
Reproduction time: 0.19583
-----------------------------------------------------------
Generation: 445
Evaluation time: 0.06643
Reproduction time: 0.16735
-----------------------------------------------------------
Generation: 446
Evaluation time: 0.04662
Reproduction time: 0.17164
-----------------------------------------------------------
Generation: 447
Evaluation time: 0.06285
Reproduction time: 0.17488
-----------------------------------------------------------
Generation: 448
Evaluation time: 0.04663
Reproduction time: 0.17634
-----------------------------------------------------------
Generation: 449
Evaluation time: 0.04645
Reproduction time: 0.20295
-----------------------------------------------------------
Generation: 450
Evaluation time: 0.03996
Reproduction time: 0.16772
-----------------------------------------------------------
Generation: 451
Evaluation time: 0.06371
Reproduction time: 0.36138
-----------------------------------------------------------
Generation: 452
Evaluation time: 0.06995
Reproduction time: 0.19374
-----------------------------------------------------------
Generation: 453
Evaluation time: 0.04829
Reproduction time: 0.19904
-----------------------------------------------------------
Generation: 454
Evaluation time: 0.04819
Reproduction time: 0.20465
-----------------------------------------------------------
Generation: 455
Evaluation time: 0.0478
Reproduction time: 0.21067
-----------------------------------------------------------
Generation: 456
Evaluation time: 0.07447
Reproduction time: 0.17897
-----------------------------------------------------------
Generation: 457
Evaluation time: 0.04866
Reproduction time: 0.16783
-----------------------------------------------------------
Generation: 458
Evaluation time: 0.04844
Reproduction time: 0.20392
-----------------------------------------------------------
Generation: 459
Evaluation time: 0.04735
Reproduction time: 0.22654
-----------------------------------------------------------
Generation: 460
Evaluation time: 0.0731
Reproduction time: 0.1898
-----------------------------------------------------------
Generation: 461
Evaluation time: 0.03935
Reproduction time: 0.34865
-----------------------------------------------------------
Generation: 462
Evaluation time: 0.04864
Reproduction time: 0.20751
-----------------------------------------------------------
Generation: 463
Evaluation time: 0.05506
Reproduction time: 0.207
-----------------------------------------------------------
Generation: 464
Evaluation time: 0.05496
Reproduction time: 0.19793
-----------------------------------------------------------
Generation: 465
Evaluation time: 0.07221
Reproduction time: 0.20931
-----------------------------------------------------------
Generation: 466
Evaluation time: 0.04853
Reproduction time: 0.17287
-----------------------------------------------------------
Generation: 467
Evaluation time: 0.06143
Reproduction time: 0.16665
-----------------------------------------------------------
Generation: 468
Evaluation time: 0.04675
Reproduction time: 0.17093
-----------------------------------------------------------
Generation: 469
Evaluation time: 0.07139
Reproduction time: 0.17362
-----------------------------------------------------------
Generation: 470
Evaluation time: 0.04701
Reproduction time: 0.16437
-----------------------------------------------------------
Generation: 471
Evaluation time: 0.06394
Reproduction time: 0.3606
-----------------------------------------------------------
Generation: 472
Evaluation time: 0.04676
Reproduction time: 0.20111
-----------------------------------------------------------
Generation: 473
Evaluation time: 0.06356
Reproduction time: 0.2081
-----------------------------------------------------------
Generation: 474
Evaluation time: 0.06245
Reproduction time: 0.18045
-----------------------------------------------------------
Generation: 475
Evaluation time: 0.04751
Reproduction time: 0.20056
-----------------------------------------------------------
Generation: 476
Evaluation time: 0.06464
Reproduction time: 0.17372
-----------------------------------------------------------
Generation: 477
Evaluation time: 0.06854
Reproduction time: 0.16626
-----------------------------------------------------------
Generation: 478
Evaluation time: 0.06977
Reproduction time: 0.17042
-----------------------------------------------------------
Generation: 479
Evaluation time: 0.06839
Reproduction time: 0.16956
-----------------------------------------------------------
Generation: 480
Evaluation time: 0.07125
Reproduction time: 0.17032
-----------------------------------------------------------
Generation: 481
Evaluation time: 0.06485
Reproduction time: 0.35554
-----------------------------------------------------------
Generation: 482
Evaluation time: 0.07292
Reproduction time: 0.20131
-----------------------------------------------------------
Generation: 483
Evaluation time: 0.07042
Reproduction time: 0.17116
-----------------------------------------------------------
Generation: 484
Evaluation time: 0.06711
Reproduction time: 0.1777
-----------------------------------------------------------
Generation: 485
Evaluation time: 0.06419
Reproduction time: 0.17672
-----------------------------------------------------------
Generation: 486
Evaluation time: 0.04767
Reproduction time: 0.19482
-----------------------------------------------------------
Generation: 487
Evaluation time: 0.04857
Reproduction time: 0.19165
-----------------------------------------------------------
Generation: 488
Evaluation time: 0.04719
Reproduction time: 0.20315
-----------------------------------------------------------
Generation: 489
Evaluation time: 0.04658
Reproduction time: 0.20427
-----------------------------------------------------------
Generation: 490
Evaluation time: 0.04708
Reproduction time: 0.19689
-----------------------------------------------------------
Generation: 491
Evaluation time: 0.03898
Reproduction time: 0.36158
-----------------------------------------------------------
Generation: 492
Evaluation time: 0.04787
Reproduction time: 0.23302
-----------------------------------------------------------
Generation: 493
Evaluation time: 0.04743
Reproduction time: 0.2092
-----------------------------------------------------------
Generation: 494
Evaluation time: 0.0646
Reproduction time: 0.21408
-----------------------------------------------------------
Generation: 495
Evaluation time: 0.06885
Reproduction time: 0.19547
-----------------------------------------------------------
Generation: 496
Evaluation time: 0.0828
Reproduction time: 0.18851
-----------------------------------------------------------
Generation: 497
Evaluation time: 0.04891
Reproduction time: 0.18048
-----------------------------------------------------------
Generation: 498
Evaluation time: 0.07281
Reproduction time: 0.18296
-----------------------------------------------------------
Generation: 499
Evaluation time: 0.04743
Reproduction time: 0.17187
-----------------------------------------------------------
Generation: 500
Evaluation time: 0.07151
Reproduction time: 0.18329
-----------------------------------------------------------
Generation: 501
Evaluation time: 0.03834
Reproduction time: 0.34698
-----------------------------------------------------------
Generation: 502
Evaluation time: 0.05515
Reproduction time: 0.21722
-----------------------------------------------------------
Generation: 503
Evaluation time: 0.04544
Reproduction time: 0.22273
-----------------------------------------------------------
Generation: 504
Evaluation time: 0.04636
Reproduction time: 0.21966
-----------------------------------------------------------
Generation: 505
Evaluation time: 0.04489
Reproduction time: 0.2074
-----------------------------------------------------------
Generation: 506
Evaluation time: 0.04568
Reproduction time: 0.19458
-----------------------------------------------------------
Generation: 507
Evaluation time: 0.04592
Reproduction time: 0.19303
-----------------------------------------------------------
Generation: 508
Evaluation time: 0.04551
Reproduction time: 0.20281
-----------------------------------------------------------
Generation: 509
Evaluation time: 0.04606
Reproduction time: 0.20291
-----------------------------------------------------------
Generation: 510
Evaluation time: 0.04713
Reproduction time: 0.20521
-----------------------------------------------------------
Generation: 511
Evaluation time: 0.0378
Reproduction time: 0.35796
-----------------------------------------------------------
Generation: 512
Evaluation time: 0.05441
Reproduction time: 0.19827
-----------------------------------------------------------
Generation: 513
Evaluation time: 0.04686
Reproduction time: 0.19226
-----------------------------------------------------------
Generation: 514
Evaluation time: 0.04674
Reproduction time: 0.19697
-----------------------------------------------------------
Generation: 515
Evaluation time: 0.04707
Reproduction time: 0.20139
-----------------------------------------------------------
Generation: 516
Evaluation time: 0.04842
Reproduction time: 0.19592
-----------------------------------------------------------
Generation: 517
Evaluation time: 0.04772
Reproduction time: 0.19674
-----------------------------------------------------------
Generation: 518
Evaluation time: 0.04751
Reproduction time: 0.19094
-----------------------------------------------------------
Generation: 519
Evaluation time: 0.0477
Reproduction time: 0.19416
-----------------------------------------------------------
Generation: 520
Evaluation time: 0.04748
Reproduction time: 0.20164
-----------------------------------------------------------
Generation: 521
Evaluation time: 0.06172
Reproduction time: 0.35829
-----------------------------------------------------------
Generation: 522
Evaluation time: 0.04609
Reproduction time: 0.21181
-----------------------------------------------------------
Generation: 523
Evaluation time: 0.04671
Reproduction time: 0.22195
-----------------------------------------------------------
Generation: 524
Evaluation time: 0.07074
Reproduction time: 0.19442
-----------------------------------------------------------
Generation: 525
Evaluation time: 0.07512
Reproduction time: 0.18528
-----------------------------------------------------------
Generation: 526
Evaluation time: 0.07832
Reproduction time: 0.1848
-----------------------------------------------------------
Generation: 527
Evaluation time: 0.04725
Reproduction time: 0.18792
-----------------------------------------------------------
Generation: 528
Evaluation time: 0.04596
Reproduction time: 0.22449
-----------------------------------------------------------
Generation: 529
Evaluation time: 0.06906
Reproduction time: 0.1769
-----------------------------------------------------------
Generation: 530
Evaluation time: 0.08281
Reproduction time: 0.18667
-----------------------------------------------------------
Generation: 531
Evaluation time: 0.04437
Reproduction time: 0.32994
-----------------------------------------------------------
Generation: 532
Evaluation time: 0.06883
Reproduction time: 0.23471
-----------------------------------------------------------
Generation: 533
Evaluation time: 0.04786
Reproduction time: 0.20268
-----------------------------------------------------------
Generation: 534
Evaluation time: 0.0465
Reproduction time: 0.22038
-----------------------------------------------------------
Generation: 535
Evaluation time: 0.07465
Reproduction time: 0.18393
-----------------------------------------------------------
Generation: 536
Evaluation time: 0.04837
Reproduction time: 0.15268
-----------------------------------------------------------
Generation: 537
Evaluation time: 0.07466
Reproduction time: 0.18207
-----------------------------------------------------------
Generation: 538
Evaluation time: 0.04727
Reproduction time: 0.17666
-----------------------------------------------------------
Generation: 539
Evaluation time: 0.07557
Reproduction time: 0.17546
-----------------------------------------------------------
Generation: 540
Evaluation time: 0.04836
Reproduction time: 0.16708
-----------------------------------------------------------
Generation: 541
Evaluation time: 0.06352
Reproduction time: 0.36208
