1c90485afd1ba8c3eab46f1aabc344801b60eeda
-----------------------------------------------------------
Generation: 1
Evaluation time: 5.88788
Reproduction time: 0.0
-----------------------------------------------------------
Generation: 2
Evaluation time: 0.90829
Reproduction time: 2.2988
-----------------------------------------------------------
Generation: 3
Evaluation time: 0.78433
Reproduction time: 0.18471
-----------------------------------------------------------
Generation: 4
Evaluation time: 0.80522
Reproduction time: 0.22503
-----------------------------------------------------------
Generation: 5
Evaluation time: 0.79623
Reproduction time: 0.13428
-----------------------------------------------------------
Generation: 6
Evaluation time: 0.78687
Reproduction time: 0.17132
-----------------------------------------------------------
Generation: 7
Evaluation time: 0.79633
Reproduction time: 0.17158
-----------------------------------------------------------
Generation: 8
Evaluation time: 0.8445
Reproduction time: 0.14016
-----------------------------------------------------------
Generation: 9
Evaluation time: 0.81361
Reproduction time: 0.13917
-----------------------------------------------------------
Generation: 10
Evaluation time: 0.82189
Reproduction time: 0.18833
-----------------------------------------------------------
Generation: 11
Evaluation time: 0.80593
Reproduction time: 0.4919
-----------------------------------------------------------
Generation: 12
Evaluation time: 0.79459
Reproduction time: 0.17921
-----------------------------------------------------------
Generation: 13
Evaluation time: 0.8184
Reproduction time: 0.19157
-----------------------------------------------------------
Generation: 14
Evaluation time: 0.84739
Reproduction time: 0.18784
-----------------------------------------------------------
Generation: 15
Evaluation time: 0.83627
Reproduction time: 0.1694
-----------------------------------------------------------
Generation: 16
Evaluation time: 0.86949
Reproduction time: 0.17252
-----------------------------------------------------------
Generation: 17
Evaluation time: 0.83616
Reproduction time: 0.13995
-----------------------------------------------------------
Generation: 18
Evaluation time: 0.83617
Reproduction time: 0.19248
-----------------------------------------------------------
Generation: 19
Evaluation time: 0.78969
Reproduction time: 0.1807
-----------------------------------------------------------
Generation: 20
Evaluation time: 0.84075
Reproduction time: 0.18179
-----------------------------------------------------------
Generation: 21
Evaluation time: 0.84271
Reproduction time: 0.42456
-----------------------------------------------------------
Generation: 22
Evaluation time: 0.87533
Reproduction time: 0.14941
-----------------------------------------------------------
Generation: 23
Evaluation time: 0.84381
Reproduction time: 0.16771
-----------------------------------------------------------
Generation: 24
Evaluation time: 0.7944
Reproduction time: 0.15811
-----------------------------------------------------------
Generation: 25
Evaluation time: 0.83845
Reproduction time: 0.15952
-----------------------------------------------------------
Generation: 26
Evaluation time: 0.8068
Reproduction time: 0.13207
-----------------------------------------------------------
Generation: 27
Evaluation time: 0.86319
Reproduction time: 0.1841
-----------------------------------------------------------
Generation: 28
Evaluation time: 0.85986
Reproduction time: 0.13827
-----------------------------------------------------------
Generation: 29
Evaluation time: 0.81546
Reproduction time: 0.21541
-----------------------------------------------------------
Generation: 30
Evaluation time: 0.84392
Reproduction time: 0.20674
-----------------------------------------------------------
Generation: 31
Evaluation time: 0.82879
Reproduction time: 0.47873
-----------------------------------------------------------
Generation: 32
Evaluation time: 0.79748
Reproduction time: 0.16897
-----------------------------------------------------------
Generation: 33
Evaluation time: 0.86068
Reproduction time: 0.18074
-----------------------------------------------------------
Generation: 34
Evaluation time: 0.81609
Reproduction time: 0.18944
-----------------------------------------------------------
Generation: 35
Evaluation time: 0.79817
Reproduction time: 0.17475
-----------------------------------------------------------
Generation: 36
Evaluation time: 0.78721
Reproduction time: 0.16793
-----------------------------------------------------------
Generation: 37
Evaluation time: 0.82104
Reproduction time: 0.17466
-----------------------------------------------------------
Generation: 38
Evaluation time: 0.80454
Reproduction time: 0.18571
-----------------------------------------------------------
Generation: 39
Evaluation time: 0.80153
Reproduction time: 0.17831
-----------------------------------------------------------
Generation: 40
Evaluation time: 0.86759
Reproduction time: 0.18126
-----------------------------------------------------------
Generation: 41
Evaluation time: 0.83081
Reproduction time: 0.44342
-----------------------------------------------------------
Generation: 42
Evaluation time: 0.84152
Reproduction time: 0.186
-----------------------------------------------------------
Generation: 43
Evaluation time: 0.7877
Reproduction time: 0.18209
-----------------------------------------------------------
Generation: 44
Evaluation time: 0.8074
Reproduction time: 0.17996
-----------------------------------------------------------
Generation: 45
Evaluation time: 0.82921
Reproduction time: 0.16564
-----------------------------------------------------------
Generation: 46
Evaluation time: 0.8606
Reproduction time: 0.17975
-----------------------------------------------------------
Generation: 47
Evaluation time: 0.83452
Reproduction time: 0.13085
-----------------------------------------------------------
Generation: 48
Evaluation time: 0.80818
Reproduction time: 0.19315
-----------------------------------------------------------
Generation: 49
Evaluation time: 0.88097
Reproduction time: 0.18402
-----------------------------------------------------------
Generation: 50
Evaluation time: 0.91868
Reproduction time: 0.14948
-----------------------------------------------------------
Generation: 51
Evaluation time: 0.82092
Reproduction time: 0.42299
-----------------------------------------------------------
Generation: 52
Evaluation time: 0.82523
Reproduction time: 0.17435
-----------------------------------------------------------
Generation: 53
Evaluation time: 0.83907
Reproduction time: 0.14726
-----------------------------------------------------------
Generation: 54
Evaluation time: 0.81384
Reproduction time: 0.15056
-----------------------------------------------------------
Generation: 55
Evaluation time: 0.81934
Reproduction time: 0.15323
-----------------------------------------------------------
Generation: 56
Evaluation time: 0.7919
Reproduction time: 0.15509
-----------------------------------------------------------
Generation: 57
Evaluation time: 0.85858
Reproduction time: 0.17932
-----------------------------------------------------------
Generation: 58
Evaluation time: 0.81027
Reproduction time: 0.18132
-----------------------------------------------------------
Generation: 59
Evaluation time: 0.88552
Reproduction time: 0.1931
-----------------------------------------------------------
Generation: 60
Evaluation time: 0.91298
Reproduction time: 0.15523
-----------------------------------------------------------
Generation: 61
Evaluation time: 0.83127
Reproduction time: 0.46901
-----------------------------------------------------------
Generation: 62
Evaluation time: 0.84817
Reproduction time: 0.19311
-----------------------------------------------------------
Generation: 63
Evaluation time: 0.83378
Reproduction time: 0.1674
-----------------------------------------------------------
Generation: 64
Evaluation time: 0.83299
Reproduction time: 0.16322
-----------------------------------------------------------
Generation: 65
Evaluation time: 0.79116
Reproduction time: 0.17158
-----------------------------------------------------------
Generation: 66
Evaluation time: 0.7937
Reproduction time: 0.15677
-----------------------------------------------------------
Generation: 67
Evaluation time: 0.80988
Reproduction time: 0.16563
-----------------------------------------------------------
Generation: 68
Evaluation time: 0.8109
Reproduction time: 0.12087
-----------------------------------------------------------
Generation: 69
Evaluation time: 0.81784
Reproduction time: 0.18538
-----------------------------------------------------------
Generation: 70
Evaluation time: 0.83939
Reproduction time: 0.19863
-----------------------------------------------------------
Generation: 71
Evaluation time: 0.81793
Reproduction time: 0.47748
-----------------------------------------------------------
Generation: 72
Evaluation time: 0.86701
Reproduction time: 0.17433
-----------------------------------------------------------
Generation: 73
Evaluation time: 0.90545
Reproduction time: 0.16045
-----------------------------------------------------------
Generation: 74
Evaluation time: 0.84071
Reproduction time: 0.16878
-----------------------------------------------------------
Generation: 75
Evaluation time: 0.83882
Reproduction time: 0.15798
-----------------------------------------------------------
Generation: 76
Evaluation time: 0.83717
Reproduction time: 0.16728
-----------------------------------------------------------
Generation: 77
Evaluation time: 0.85014
Reproduction time: 0.12695
-----------------------------------------------------------
Generation: 78
Evaluation time: 0.81928
Reproduction time: 0.19071
-----------------------------------------------------------
Generation: 79
Evaluation time: 0.84287
Reproduction time: 0.1941
-----------------------------------------------------------
Generation: 80
Evaluation time: 0.82751
Reproduction time: 0.19618
-----------------------------------------------------------
Generation: 81
Evaluation time: 0.82236
Reproduction time: 0.48091
-----------------------------------------------------------
Generation: 82
Evaluation time: 0.82175
Reproduction time: 0.17484
-----------------------------------------------------------
Generation: 83
Evaluation time: 0.85651
Reproduction time: 0.19382
-----------------------------------------------------------
Generation: 84
Evaluation time: 0.8495
Reproduction time: 0.16885
-----------------------------------------------------------
Generation: 85
Evaluation time: 0.85538
Reproduction time: 0.17136
-----------------------------------------------------------
Generation: 86
Evaluation time: 0.82893
Reproduction time: 0.12774
-----------------------------------------------------------
Generation: 87
Evaluation time: 0.87945
Reproduction time: 0.1791
-----------------------------------------------------------
Generation: 88
Evaluation time: 0.86032
Reproduction time: 0.13959
-----------------------------------------------------------
Generation: 89
Evaluation time: 0.83034
Reproduction time: 0.19941
-----------------------------------------------------------
Generation: 90
Evaluation time: 0.83299
Reproduction time: 0.20278
-----------------------------------------------------------
Generation: 91
Evaluation time: 0.83213
Reproduction time: 0.44182
-----------------------------------------------------------
Generation: 92
Evaluation time: 0.91774
Reproduction time: 0.19083
-----------------------------------------------------------
Generation: 93
Evaluation time: 0.83114
Reproduction time: 0.16451
-----------------------------------------------------------
Generation: 94
Evaluation time: 0.81677
Reproduction time: 0.16348
-----------------------------------------------------------
Generation: 95
Evaluation time: 0.78797
Reproduction time: 0.15186
-----------------------------------------------------------
Generation: 96
Evaluation time: 0.83928
Reproduction time: 0.14604
-----------------------------------------------------------
Generation: 97
Evaluation time: 0.81423
Reproduction time: 0.15499
-----------------------------------------------------------
Generation: 98
Evaluation time: 0.79434
Reproduction time: 0.17094
-----------------------------------------------------------
Generation: 99
Evaluation time: 0.80404
Reproduction time: 0.18272
