dc43e6b329e33066069be8493e19c2dbaea01d1d
-----------------------------------------------------------
Generation: 1
Evaluation time: 1.50657
Reproduction time: 0.0
-----------------------------------------------------------
Generation: 2
Evaluation time: 0.05063
Reproduction time: 2.03713
-----------------------------------------------------------
Generation: 3
Evaluation time: 0.04554
Reproduction time: 0.16095
-----------------------------------------------------------
Generation: 4
Evaluation time: 0.04427
Reproduction time: 0.18531
-----------------------------------------------------------
Generation: 5
Evaluation time: 0.07912
Reproduction time: 0.17134
-----------------------------------------------------------
Generation: 6
Evaluation time: 0.07598
Reproduction time: 0.1114
-----------------------------------------------------------
Generation: 7
Evaluation time: 0.06657
Reproduction time: 0.1278
-----------------------------------------------------------
Generation: 8
Evaluation time: 0.05767
Reproduction time: 0.13946
-----------------------------------------------------------
Generation: 9
Evaluation time: 0.06166
Reproduction time: 0.12462
-----------------------------------------------------------
Generation: 10
Evaluation time: 0.04911
Reproduction time: 0.16278
-----------------------------------------------------------
Generation: 11
Evaluation time: 0.04049
Reproduction time: 0.42087
-----------------------------------------------------------
Generation: 12
Evaluation time: 0.04095
Reproduction time: 0.23961
-----------------------------------------------------------
Generation: 13
Evaluation time: 0.04219
Reproduction time: 0.22389
-----------------------------------------------------------
Generation: 14
Evaluation time: 0.05263
Reproduction time: 0.19743
-----------------------------------------------------------
Generation: 15
Evaluation time: 0.06821
Reproduction time: 0.17637
-----------------------------------------------------------
Generation: 16
Evaluation time: 0.04375
Reproduction time: 0.17029
-----------------------------------------------------------
Generation: 17
Evaluation time: 0.04304
Reproduction time: 0.19725
-----------------------------------------------------------
Generation: 18
Evaluation time: 0.05903
Reproduction time: 0.17703
-----------------------------------------------------------
Generation: 19
Evaluation time: 0.04487
Reproduction time: 0.17161
-----------------------------------------------------------
Generation: 20
Evaluation time: 0.04123
Reproduction time: 0.20058
-----------------------------------------------------------
Generation: 21
Evaluation time: 0.06307
Reproduction time: 0.35628
-----------------------------------------------------------
Generation: 22
Evaluation time: 0.06251
Reproduction time: 0.18033
-----------------------------------------------------------
Generation: 23
Evaluation time: 0.04394
Reproduction time: 0.19873
-----------------------------------------------------------
Generation: 24
Evaluation time: 0.04277
Reproduction time: 0.18952
-----------------------------------------------------------
Generation: 25
Evaluation time: 0.05783
Reproduction time: 0.19867
-----------------------------------------------------------
Generation: 26
Evaluation time: 0.04318
Reproduction time: 0.2188
-----------------------------------------------------------
Generation: 27
Evaluation time: 0.0643
Reproduction time: 0.19121
-----------------------------------------------------------
Generation: 28
Evaluation time: 0.07045
Reproduction time: 0.17591
-----------------------------------------------------------
Generation: 29
Evaluation time: 0.04533
Reproduction time: 0.17035
-----------------------------------------------------------
Generation: 30
Evaluation time: 0.06056
Reproduction time: 0.17624
-----------------------------------------------------------
Generation: 31
Evaluation time: 0.06166
Reproduction time: 0.35199
-----------------------------------------------------------
Generation: 32
Evaluation time: 0.03924
Reproduction time: 0.20036
-----------------------------------------------------------
Generation: 33
Evaluation time: 0.06831
Reproduction time: 0.19774
-----------------------------------------------------------
Generation: 34
Evaluation time: 0.06643
Reproduction time: 0.17971
-----------------------------------------------------------
Generation: 35
Evaluation time: 0.05611
Reproduction time: 0.19033
-----------------------------------------------------------
Generation: 36
Evaluation time: 0.04294
Reproduction time: 0.22203
-----------------------------------------------------------
Generation: 37
Evaluation time: 0.06186
Reproduction time: 0.1942
-----------------------------------------------------------
Generation: 38
Evaluation time: 0.06789
Reproduction time: 0.18061
-----------------------------------------------------------
Generation: 39
Evaluation time: 0.04268
Reproduction time: 0.16929
-----------------------------------------------------------
Generation: 40
Evaluation time: 0.05874
Reproduction time: 0.18114
-----------------------------------------------------------
Generation: 41
Evaluation time: 0.03771
Reproduction time: 0.37675
-----------------------------------------------------------
Generation: 42
Evaluation time: 0.05712
Reproduction time: 0.19786
-----------------------------------------------------------
Generation: 43
Evaluation time: 0.0595
Reproduction time: 0.17116
-----------------------------------------------------------
Generation: 44
Evaluation time: 0.05807
Reproduction time: 0.17801
-----------------------------------------------------------
Generation: 45
Evaluation time: 0.05728
Reproduction time: 0.161
-----------------------------------------------------------
Generation: 46
Evaluation time: 0.04477
Reproduction time: 0.20709
-----------------------------------------------------------
Generation: 47
Evaluation time: 0.04389
Reproduction time: 0.20872
-----------------------------------------------------------
Generation: 48
Evaluation time: 0.04439
Reproduction time: 0.19956
-----------------------------------------------------------
Generation: 49
Evaluation time: 0.04494
Reproduction time: 0.18441
-----------------------------------------------------------
Generation: 50
Evaluation time: 0.04472
Reproduction time: 0.18517
-----------------------------------------------------------
Generation: 51
Evaluation time: 0.06235
Reproduction time: 0.33683
-----------------------------------------------------------
Generation: 52
Evaluation time: 0.05891
Reproduction time: 0.20481
-----------------------------------------------------------
Generation: 53
Evaluation time: 0.04346
Reproduction time: 0.1924
-----------------------------------------------------------
Generation: 54
Evaluation time: 0.06221
Reproduction time: 0.19269
-----------------------------------------------------------
Generation: 55
Evaluation time: 0.05999
Reproduction time: 0.18301
-----------------------------------------------------------
Generation: 56
Evaluation time: 0.05979
Reproduction time: 0.18719
-----------------------------------------------------------
Generation: 57
Evaluation time: 0.05814
Reproduction time: 0.18877
-----------------------------------------------------------
Generation: 58
Evaluation time: 0.05627
Reproduction time: 0.19012
-----------------------------------------------------------
Generation: 59
Evaluation time: 0.04234
Reproduction time: 0.20743
-----------------------------------------------------------
Generation: 60
Evaluation time: 0.06656
Reproduction time: 0.18376
-----------------------------------------------------------
Generation: 61
Evaluation time: 0.04424
Reproduction time: 0.31948
-----------------------------------------------------------
Generation: 62
Evaluation time: 0.0641
Reproduction time: 0.22769
-----------------------------------------------------------
Generation: 63
Evaluation time: 0.04484
Reproduction time: 0.20126
-----------------------------------------------------------
Generation: 64
Evaluation time: 0.04393
Reproduction time: 0.20412
-----------------------------------------------------------
Generation: 65
Evaluation time: 0.06231
Reproduction time: 0.19684
-----------------------------------------------------------
Generation: 66
Evaluation time: 0.06295
Reproduction time: 0.17603
-----------------------------------------------------------
Generation: 67
Evaluation time: 0.0696
Reproduction time: 0.17576
-----------------------------------------------------------
Generation: 68
Evaluation time: 0.07773
Reproduction time: 0.18073
-----------------------------------------------------------
Generation: 69
Evaluation time: 0.0446
Reproduction time: 0.16797
-----------------------------------------------------------
Generation: 70
Evaluation time: 0.04304
Reproduction time: 0.2194
-----------------------------------------------------------
Generation: 71
Evaluation time: 0.03796
Reproduction time: 0.38055
-----------------------------------------------------------
Generation: 72
Evaluation time: 0.04419
Reproduction time: 0.21067
-----------------------------------------------------------
Generation: 73
Evaluation time: 0.04767
Reproduction time: 0.19587
-----------------------------------------------------------
Generation: 74
Evaluation time: 0.06855
Reproduction time: 0.19498
-----------------------------------------------------------
Generation: 75
Evaluation time: 0.07738
Reproduction time: 0.16874
-----------------------------------------------------------
Generation: 76
Evaluation time: 0.04227
Reproduction time: 0.16708
-----------------------------------------------------------
Generation: 77
Evaluation time: 0.06367
Reproduction time: 0.17622
-----------------------------------------------------------
Generation: 78
Evaluation time: 0.04271
Reproduction time: 0.17373
-----------------------------------------------------------
Generation: 79
Evaluation time: 0.06407
Reproduction time: 0.1804
-----------------------------------------------------------
Generation: 80
Evaluation time: 0.04275
Reproduction time: 0.17005
-----------------------------------------------------------
Generation: 81
Evaluation time: 0.06096
Reproduction time: 0.36089
-----------------------------------------------------------
Generation: 82
Evaluation time: 0.07156
Reproduction time: 0.20017
-----------------------------------------------------------
Generation: 83
Evaluation time: 0.04739
Reproduction time: 0.20581
-----------------------------------------------------------
Generation: 84
Evaluation time: 0.06672
Reproduction time: 0.18371
-----------------------------------------------------------
Generation: 85
Evaluation time: 0.0615
Reproduction time: 0.16704
-----------------------------------------------------------
Generation: 86
Evaluation time: 0.0461
Reproduction time: 0.20388
-----------------------------------------------------------
Generation: 87
Evaluation time: 0.06336
Reproduction time: 0.16972
-----------------------------------------------------------
Generation: 88
Evaluation time: 0.07636
Reproduction time: 0.16633
-----------------------------------------------------------
Generation: 89
Evaluation time: 0.07696
Reproduction time: 0.16825
-----------------------------------------------------------
Generation: 90
Evaluation time: 0.04704
Reproduction time: 0.16296
-----------------------------------------------------------
Generation: 91
Evaluation time: 0.03883
Reproduction time: 0.35869
-----------------------------------------------------------
Generation: 92
Evaluation time: 0.04296
Reproduction time: 0.23262
-----------------------------------------------------------
Generation: 93
Evaluation time: 0.04418
Reproduction time: 0.21481
-----------------------------------------------------------
Generation: 94
Evaluation time: 0.07136
Reproduction time: 0.19762
-----------------------------------------------------------
Generation: 95
Evaluation time: 0.04544
Reproduction time: 0.176
-----------------------------------------------------------
Generation: 96
Evaluation time: 0.06022
Reproduction time: 0.18753
-----------------------------------------------------------
Generation: 97
Evaluation time: 0.08071
Reproduction time: 0.18074
-----------------------------------------------------------
Generation: 98
Evaluation time: 0.0468
Reproduction time: 0.16642
-----------------------------------------------------------
Generation: 99
Evaluation time: 0.06679
Reproduction time: 0.18761
-----------------------------------------------------------
Generation: 100
Evaluation time: 0.04571
Reproduction time: 0.18508
-----------------------------------------------------------
Generation: 101
Evaluation time: 0.03882
Reproduction time: 0.35992
-----------------------------------------------------------
Generation: 102
Evaluation time: 0.04603
Reproduction time: 0.19886
-----------------------------------------------------------
Generation: 103
Evaluation time: 0.05347
Reproduction time: 0.19666
-----------------------------------------------------------
Generation: 104
Evaluation time: 0.05391
Reproduction time: 0.20969
-----------------------------------------------------------
Generation: 105
Evaluation time: 0.06748
Reproduction time: 0.21345
-----------------------------------------------------------
Generation: 106
Evaluation time: 0.0761
Reproduction time: 0.18404
-----------------------------------------------------------
Generation: 107
Evaluation time: 0.04576
Reproduction time: 0.17326
-----------------------------------------------------------
Generation: 108
Evaluation time: 0.07072
Reproduction time: 0.18672
-----------------------------------------------------------
Generation: 109
Evaluation time: 0.04609
Reproduction time: 0.17595
-----------------------------------------------------------
Generation: 110
Evaluation time: 0.045
Reproduction time: 0.18448
-----------------------------------------------------------
Generation: 111
Evaluation time: 0.04277
Reproduction time: 0.34664
-----------------------------------------------------------
Generation: 112
Evaluation time: 0.0445
Reproduction time: 0.21797
-----------------------------------------------------------
Generation: 113
Evaluation time: 0.06553
Reproduction time: 0.19375
-----------------------------------------------------------
Generation: 114
Evaluation time: 0.06206
Reproduction time: 0.17276
-----------------------------------------------------------
Generation: 115
Evaluation time: 0.04596
Reproduction time: 0.19977
-----------------------------------------------------------
Generation: 116
Evaluation time: 0.04668
Reproduction time: 0.19591
-----------------------------------------------------------
Generation: 117
Evaluation time: 0.04642
Reproduction time: 0.19961
-----------------------------------------------------------
Generation: 118
Evaluation time: 0.04549
Reproduction time: 0.18984
-----------------------------------------------------------
Generation: 119
Evaluation time: 0.05724
Reproduction time: 0.20734
-----------------------------------------------------------
Generation: 120
Evaluation time: 0.06029
Reproduction time: 0.16862
-----------------------------------------------------------
Generation: 121
Evaluation time: 0.06227
Reproduction time: 0.33868
-----------------------------------------------------------
Generation: 122
Evaluation time: 0.06704
Reproduction time: 0.19704
-----------------------------------------------------------
Generation: 123
Evaluation time: 0.04815
Reproduction time: 0.19447
-----------------------------------------------------------
Generation: 124
Evaluation time: 0.04632
Reproduction time: 0.18812
-----------------------------------------------------------
Generation: 125
Evaluation time: 0.04595
Reproduction time: 0.19784
-----------------------------------------------------------
Generation: 126
Evaluation time: 0.04675
Reproduction time: 0.19001
-----------------------------------------------------------
Generation: 127
Evaluation time: 0.04595
Reproduction time: 0.20002
-----------------------------------------------------------
Generation: 128
Evaluation time: 0.04658
Reproduction time: 0.19103
-----------------------------------------------------------
Generation: 129
Evaluation time: 0.04648
Reproduction time: 0.20086
-----------------------------------------------------------
Generation: 130
Evaluation time: 0.04615
Reproduction time: 0.20973
-----------------------------------------------------------
Generation: 131
Evaluation time: 0.03834
Reproduction time: 0.35624
-----------------------------------------------------------
Generation: 132
Evaluation time: 0.04703
Reproduction time: 0.20523
-----------------------------------------------------------
Generation: 133
Evaluation time: 0.05202
Reproduction time: 0.20638
-----------------------------------------------------------
Generation: 134
Evaluation time: 0.07318
Reproduction time: 0.19207
-----------------------------------------------------------
Generation: 135
Evaluation time: 0.0807
Reproduction time: 0.17711
-----------------------------------------------------------
Generation: 136
Evaluation time: 0.04805
Reproduction time: 0.16235
-----------------------------------------------------------
Generation: 137
Evaluation time: 0.06958
Reproduction time: 0.17774
-----------------------------------------------------------
Generation: 138
Evaluation time: 0.04677
Reproduction time: 0.16085
-----------------------------------------------------------
Generation: 139
Evaluation time: 0.06973
Reproduction time: 0.18369
-----------------------------------------------------------
Generation: 140
Evaluation time: 0.04656
Reproduction time: 0.16941
-----------------------------------------------------------
Generation: 141
Evaluation time: 0.05998
Reproduction time: 0.37057
-----------------------------------------------------------
Generation: 142
Evaluation time: 0.04381
Reproduction time: 0.21198
-----------------------------------------------------------
Generation: 143
Evaluation time: 0.04718
Reproduction time: 0.20891
-----------------------------------------------------------
Generation: 144
Evaluation time: 0.07124
Reproduction time: 0.18328
-----------------------------------------------------------
Generation: 145
Evaluation time: 0.04754
Reproduction time: 0.17862
-----------------------------------------------------------
Generation: 146
Evaluation time: 0.06932
Reproduction time: 0.16708
-----------------------------------------------------------
Generation: 147
Evaluation time: 0.04699
Reproduction time: 0.15906
-----------------------------------------------------------
Generation: 148
Evaluation time: 0.06079
Reproduction time: 0.15898
-----------------------------------------------------------
Generation: 149
Evaluation time: 0.07332
Reproduction time: 0.18239
-----------------------------------------------------------
Generation: 150
Evaluation time: 0.07502
Reproduction time: 0.15809
-----------------------------------------------------------
Generation: 151
Evaluation time: 0.04091
Reproduction time: 0.32482
-----------------------------------------------------------
Generation: 152
Evaluation time: 0.06577
Reproduction time: 0.22425
-----------------------------------------------------------
Generation: 153
Evaluation time: 0.06149
Reproduction time: 0.1685
-----------------------------------------------------------
Generation: 154
Evaluation time: 0.05888
Reproduction time: 0.16702
-----------------------------------------------------------
Generation: 155
Evaluation time: 0.04644
Reproduction time: 0.20032
-----------------------------------------------------------
Generation: 156
Evaluation time: 0.04667
Reproduction time: 0.19321
-----------------------------------------------------------
Generation: 157
Evaluation time: 0.04567
Reproduction time: 0.20866
-----------------------------------------------------------
Generation: 158
Evaluation time: 0.04568
Reproduction time: 0.19889
-----------------------------------------------------------
Generation: 159
Evaluation time: 0.04705
Reproduction time: 0.19916
-----------------------------------------------------------
Generation: 160
Evaluation time: 0.04595
Reproduction time: 0.19947
-----------------------------------------------------------
Generation: 161
Evaluation time: 0.06027
Reproduction time: 0.34283
-----------------------------------------------------------
Generation: 162
Evaluation time: 0.06027
Reproduction time: 0.20625
-----------------------------------------------------------
Generation: 163
Evaluation time: 0.07246
Reproduction time: 0.203
-----------------------------------------------------------
Generation: 164
Evaluation time: 0.07322
Reproduction time: 0.18931
-----------------------------------------------------------
Generation: 165
Evaluation time: 0.07515
Reproduction time: 0.17577
-----------------------------------------------------------
Generation: 166
Evaluation time: 0.08126
Reproduction time: 0.17528
-----------------------------------------------------------
Generation: 167
Evaluation time: 0.0474
Reproduction time: 0.17606
-----------------------------------------------------------
Generation: 168
Evaluation time: 0.04732
Reproduction time: 0.20666
-----------------------------------------------------------
Generation: 169
Evaluation time: 0.06635
Reproduction time: 0.1665
-----------------------------------------------------------
Generation: 170
Evaluation time: 0.06543
Reproduction time: 0.16869
-----------------------------------------------------------
Generation: 171
Evaluation time: 0.06362
Reproduction time: 0.34908
-----------------------------------------------------------
Generation: 172
Evaluation time: 0.07076
Reproduction time: 0.19666
-----------------------------------------------------------
Generation: 173
Evaluation time: 0.05731
Reproduction time: 0.17026
-----------------------------------------------------------
Generation: 174
Evaluation time: 0.0449
Reproduction time: 0.20761
-----------------------------------------------------------
Generation: 175
Evaluation time: 0.06415
Reproduction time: 0.20413
-----------------------------------------------------------
Generation: 176
Evaluation time: 0.06107
Reproduction time: 0.17286
-----------------------------------------------------------
Generation: 177
Evaluation time: 0.04614
Reproduction time: 0.20735
-----------------------------------------------------------
Generation: 178
Evaluation time: 0.06293
Reproduction time: 0.19081
-----------------------------------------------------------
Generation: 179
Evaluation time: 0.07475
Reproduction time: 0.18202
-----------------------------------------------------------
Generation: 180
Evaluation time: 0.04712
Reproduction time: 0.16845
-----------------------------------------------------------
Generation: 181
Evaluation time: 0.03807
Reproduction time: 0.36425
-----------------------------------------------------------
Generation: 182
Evaluation time: 0.04727
Reproduction time: 0.213
-----------------------------------------------------------
Generation: 183
Evaluation time: 0.05241
Reproduction time: 0.20584
-----------------------------------------------------------
Generation: 184
Evaluation time: 0.0531
Reproduction time: 0.2067
-----------------------------------------------------------
Generation: 185
Evaluation time: 0.05275
Reproduction time: 0.20607
-----------------------------------------------------------
Generation: 186
Evaluation time: 0.06989
Reproduction time: 0.18689
-----------------------------------------------------------
Generation: 187
Evaluation time: 0.04541
Reproduction time: 0.17003
-----------------------------------------------------------
Generation: 188
Evaluation time: 0.06815
Reproduction time: 0.18287
-----------------------------------------------------------
Generation: 189
Evaluation time: 0.04595
Reproduction time: 0.15464
-----------------------------------------------------------
Generation: 190
Evaluation time: 0.03751
Reproduction time: 0.16782
-----------------------------------------------------------
Generation: 191
Evaluation time: 0.06146
Reproduction time: 0.34851
-----------------------------------------------------------
Generation: 192
Evaluation time: 0.06729
Reproduction time: 0.19576
-----------------------------------------------------------
Generation: 193
Evaluation time: 0.04656
Reproduction time: 0.19608
-----------------------------------------------------------
Generation: 194
Evaluation time: 0.06808
Reproduction time: 0.1961
-----------------------------------------------------------
Generation: 195
Evaluation time: 0.05786
Reproduction time: 0.18544
-----------------------------------------------------------
Generation: 196
Evaluation time: 0.0485
Reproduction time: 0.21596
-----------------------------------------------------------
Generation: 197
Evaluation time: 0.07305
Reproduction time: 0.17419
-----------------------------------------------------------
Generation: 198
Evaluation time: 0.04818
Reproduction time: 0.16743
-----------------------------------------------------------
Generation: 199
Evaluation time: 0.04654
Reproduction time: 0.18712
-----------------------------------------------------------
Generation: 200
Evaluation time: 0.06483
Reproduction time: 0.17394
-----------------------------------------------------------
Generation: 201
Evaluation time: 0.06495
Reproduction time: 0.34514
-----------------------------------------------------------
Generation: 202
Evaluation time: 0.04395
Reproduction time: 0.19915
-----------------------------------------------------------
Generation: 203
Evaluation time: 0.06132
Reproduction time: 0.2057
-----------------------------------------------------------
Generation: 204
Evaluation time: 0.05751
Reproduction time: 0.17863
-----------------------------------------------------------
Generation: 205
Evaluation time: 0.04561
Reproduction time: 0.195
-----------------------------------------------------------
Generation: 206
Evaluation time: 0.06199
Reproduction time: 0.18779
-----------------------------------------------------------
Generation: 207
Evaluation time: 0.07434
Reproduction time: 0.16843
-----------------------------------------------------------
Generation: 208
Evaluation time: 0.07569
Reproduction time: 0.16737
-----------------------------------------------------------
Generation: 209
Evaluation time: 0.04782
Reproduction time: 0.17119
-----------------------------------------------------------
Generation: 210
Evaluation time: 0.04673
Reproduction time: 0.19299
-----------------------------------------------------------
Generation: 211
Evaluation time: 0.03819
Reproduction time: 0.36757
-----------------------------------------------------------
Generation: 212
Evaluation time: 0.04723
Reproduction time: 0.20111
-----------------------------------------------------------
Generation: 213
Evaluation time: 0.05481
Reproduction time: 0.18752
-----------------------------------------------------------
Generation: 214
Evaluation time: 0.07334
Reproduction time: 0.17239
-----------------------------------------------------------
Generation: 215
Evaluation time: 0.07635
Reproduction time: 0.16936
-----------------------------------------------------------
Generation: 216
Evaluation time: 0.04592
Reproduction time: 0.16228
-----------------------------------------------------------
Generation: 217
Evaluation time: 0.06756
Reproduction time: 0.17438
-----------------------------------------------------------
Generation: 218
Evaluation time: 0.04735
Reproduction time: 0.1594
-----------------------------------------------------------
Generation: 219
Evaluation time: 0.07177
Reproduction time: 0.17495
-----------------------------------------------------------
Generation: 220
Evaluation time: 0.04752
Reproduction time: 0.16514
-----------------------------------------------------------
Generation: 221
Evaluation time: 0.03845
Reproduction time: 0.36109
-----------------------------------------------------------
Generation: 222
Evaluation time: 0.05259
Reproduction time: 0.20553
-----------------------------------------------------------
Generation: 223
Evaluation time: 0.04632
Reproduction time: 0.20818
-----------------------------------------------------------
Generation: 224
Evaluation time: 0.04644
Reproduction time: 0.19631
-----------------------------------------------------------
Generation: 225
Evaluation time: 0.04506
Reproduction time: 0.20561
-----------------------------------------------------------
Generation: 226
Evaluation time: 0.04599
Reproduction time: 0.20491
-----------------------------------------------------------
Generation: 227
Evaluation time: 0.06189
Reproduction time: 0.14633
-----------------------------------------------------------
Generation: 228
Evaluation time: 0.07381
Reproduction time: 0.16591
-----------------------------------------------------------
Generation: 229
Evaluation time: 0.04701
Reproduction time: 0.15729
-----------------------------------------------------------
Generation: 230
Evaluation time: 0.0655
Reproduction time: 0.17363
-----------------------------------------------------------
Generation: 231
Evaluation time: 0.06444
Reproduction time: 0.32284
-----------------------------------------------------------
Generation: 232
Evaluation time: 0.06372
Reproduction time: 0.18436
-----------------------------------------------------------
Generation: 233
Evaluation time: 0.07149
Reproduction time: 0.19108
-----------------------------------------------------------
Generation: 234
Evaluation time: 0.0747
Reproduction time: 0.18483
-----------------------------------------------------------
Generation: 235
Evaluation time: 0.07741
Reproduction time: 0.17179
-----------------------------------------------------------
Generation: 236
Evaluation time: 0.04785
Reproduction time: 0.18384
-----------------------------------------------------------
Generation: 237
Evaluation time: 0.04749
Reproduction time: 0.21039
-----------------------------------------------------------
Generation: 238
Evaluation time: 0.06997
Reproduction time: 0.18547
-----------------------------------------------------------
Generation: 239
Evaluation time: 0.04718
Reproduction time: 0.16743
-----------------------------------------------------------
Generation: 240
Evaluation time: 0.04697
Reproduction time: 0.19327
-----------------------------------------------------------
Generation: 241
Evaluation time: 0.06095
Reproduction time: 0.35557
-----------------------------------------------------------
Generation: 242
Evaluation time: 0.05866
Reproduction time: 0.18264
-----------------------------------------------------------
Generation: 243
Evaluation time: 0.0723
Reproduction time: 0.204
-----------------------------------------------------------
Generation: 244
Evaluation time: 0.07364
Reproduction time: 0.18765
-----------------------------------------------------------
Generation: 245
Evaluation time: 0.07368
Reproduction time: 0.17715
-----------------------------------------------------------
Generation: 246
Evaluation time: 0.04898
Reproduction time: 0.14624
-----------------------------------------------------------
Generation: 247
Evaluation time: 0.04599
Reproduction time: 0.18667
-----------------------------------------------------------
Generation: 248
Evaluation time: 0.06396
Reproduction time: 0.14631
-----------------------------------------------------------
Generation: 249
Evaluation time: 0.06923
Reproduction time: 0.17113
-----------------------------------------------------------
Generation: 250
Evaluation time: 0.07083
Reproduction time: 0.17592
-----------------------------------------------------------
Generation: 251
Evaluation time: 0.0624
Reproduction time: 0.35497
-----------------------------------------------------------
Generation: 252
Evaluation time: 0.07042
Reproduction time: 0.19561
-----------------------------------------------------------
Generation: 253
Evaluation time: 0.05895
Reproduction time: 0.17522
-----------------------------------------------------------
Generation: 254
Evaluation time: 0.06172
Reproduction time: 0.16525
-----------------------------------------------------------
Generation: 255
Evaluation time: 0.04567
Reproduction time: 0.19733
-----------------------------------------------------------
Generation: 256
Evaluation time: 0.04652
Reproduction time: 0.19279
-----------------------------------------------------------
Generation: 257
Evaluation time: 0.04601
Reproduction time: 0.18027
-----------------------------------------------------------
Generation: 258
Evaluation time: 0.04612
Reproduction time: 0.19921
-----------------------------------------------------------
Generation: 259
Evaluation time: 0.04573
Reproduction time: 0.20658
-----------------------------------------------------------
Generation: 260
Evaluation time: 0.04577
Reproduction time: 0.19179
-----------------------------------------------------------
Generation: 261
Evaluation time: 0.06274
Reproduction time: 0.33884
-----------------------------------------------------------
Generation: 262
Evaluation time: 0.06584
Reproduction time: 0.20017
-----------------------------------------------------------
Generation: 263
Evaluation time: 0.04746
Reproduction time: 0.19336
-----------------------------------------------------------
Generation: 264
Evaluation time: 0.06895
Reproduction time: 0.17771
-----------------------------------------------------------
Generation: 265
Evaluation time: 0.04879
Reproduction time: 0.20915
-----------------------------------------------------------
Generation: 266
Evaluation time: 0.07098
Reproduction time: 0.17265
-----------------------------------------------------------
Generation: 267
Evaluation time: 0.07633
Reproduction time: 0.17154
-----------------------------------------------------------
Generation: 268
Evaluation time: 0.04938
Reproduction time: 0.16207
-----------------------------------------------------------
Generation: 269
Evaluation time: 0.06598
Reproduction time: 0.15013
-----------------------------------------------------------
Generation: 270
Evaluation time: 0.08179
Reproduction time: 0.17083
-----------------------------------------------------------
Generation: 271
Evaluation time: 0.06425
Reproduction time: 0.31593
-----------------------------------------------------------
Generation: 272
Evaluation time: 0.06795
Reproduction time: 0.19062
-----------------------------------------------------------
Generation: 273
Evaluation time: 0.04834
Reproduction time: 0.18968
-----------------------------------------------------------
Generation: 274
Evaluation time: 0.07526
Reproduction time: 0.20215
-----------------------------------------------------------
Generation: 275
Evaluation time: 0.06618
Reproduction time: 0.17755
-----------------------------------------------------------
Generation: 276
Evaluation time: 0.06753
Reproduction time: 0.18308
-----------------------------------------------------------
Generation: 277
Evaluation time: 0.06671
Reproduction time: 0.187
-----------------------------------------------------------
Generation: 278
Evaluation time: 0.07063
Reproduction time: 0.17829
-----------------------------------------------------------
Generation: 279
Evaluation time: 0.06301
Reproduction time: 0.18116
-----------------------------------------------------------
Generation: 280
Evaluation time: 0.06151
Reproduction time: 0.17838
-----------------------------------------------------------
Generation: 281
Evaluation time: 0.04266
Reproduction time: 0.35884
-----------------------------------------------------------
Generation: 282
Evaluation time: 0.0446
Reproduction time: 0.22749
-----------------------------------------------------------
Generation: 283
Evaluation time: 0.06789
Reproduction time: 0.19384
-----------------------------------------------------------
Generation: 284
Evaluation time: 0.06056
Reproduction time: 0.16838
-----------------------------------------------------------
Generation: 285
Evaluation time: 0.04543
Reproduction time: 0.18629
-----------------------------------------------------------
Generation: 286
Evaluation time: 0.04573
Reproduction time: 0.2096
-----------------------------------------------------------
Generation: 287
Evaluation time: 0.05846
Reproduction time: 0.21008
-----------------------------------------------------------
Generation: 288
Evaluation time: 0.04579
Reproduction time: 0.21193
-----------------------------------------------------------
Generation: 289
Evaluation time: 0.06567
Reproduction time: 0.18893
-----------------------------------------------------------
Generation: 290
Evaluation time: 0.08035
Reproduction time: 0.18537
-----------------------------------------------------------
Generation: 291
Evaluation time: 0.03846
Reproduction time: 0.32526
-----------------------------------------------------------
Generation: 292
Evaluation time: 0.05003
Reproduction time: 0.20509
-----------------------------------------------------------
Generation: 293
Evaluation time: 0.04674
Reproduction time: 0.18338
-----------------------------------------------------------
Generation: 294
Evaluation time: 0.04599
Reproduction time: 0.19791
-----------------------------------------------------------
Generation: 295
Evaluation time: 0.0466
Reproduction time: 0.19449
-----------------------------------------------------------
Generation: 296
Evaluation time: 0.04656
Reproduction time: 0.20179
-----------------------------------------------------------
Generation: 297
Evaluation time: 0.04577
Reproduction time: 0.1941
-----------------------------------------------------------
Generation: 298
Evaluation time: 0.04657
Reproduction time: 0.17322
-----------------------------------------------------------
Generation: 299
Evaluation time: 0.0464
Reproduction time: 0.20068
-----------------------------------------------------------
Generation: 300
Evaluation time: 0.04637
Reproduction time: 0.19095
-----------------------------------------------------------
Generation: 301
Evaluation time: 0.0613
Reproduction time: 0.32865
-----------------------------------------------------------
Generation: 302
Evaluation time: 0.06791
Reproduction time: 0.18226
-----------------------------------------------------------
Generation: 303
Evaluation time: 0.04817
Reproduction time: 0.19805
-----------------------------------------------------------
Generation: 304
Evaluation time: 0.05592
Reproduction time: 0.1956
-----------------------------------------------------------
Generation: 305
Evaluation time: 0.04559
Reproduction time: 0.20727
-----------------------------------------------------------
Generation: 306
Evaluation time: 0.06428
Reproduction time: 0.17851
-----------------------------------------------------------
Generation: 307
Evaluation time: 0.07876
Reproduction time: 0.1759
-----------------------------------------------------------
Generation: 308
Evaluation time: 0.04956
Reproduction time: 0.15365
-----------------------------------------------------------
Generation: 309
Evaluation time: 0.06788
Reproduction time: 0.17763
-----------------------------------------------------------
Generation: 310
Evaluation time: 0.04638
Reproduction time: 0.15376
-----------------------------------------------------------
Generation: 311
Evaluation time: 0.0625
Reproduction time: 0.33748
-----------------------------------------------------------
Generation: 312
Evaluation time: 0.06962
Reproduction time: 0.19951
-----------------------------------------------------------
Generation: 313
Evaluation time: 0.04434
Reproduction time: 0.2033
-----------------------------------------------------------
Generation: 314
Evaluation time: 0.07345
Reproduction time: 0.19819
-----------------------------------------------------------
Generation: 315
Evaluation time: 0.07164
Reproduction time: 0.17823
-----------------------------------------------------------
Generation: 316
Evaluation time: 0.0797
Reproduction time: 0.1665
-----------------------------------------------------------
Generation: 317
Evaluation time: 0.04667
Reproduction time: 0.17102
-----------------------------------------------------------
Generation: 318
Evaluation time: 0.06247
Reproduction time: 0.17216
-----------------------------------------------------------
Generation: 319
Evaluation time: 0.06072
Reproduction time: 0.17384
-----------------------------------------------------------
Generation: 320
Evaluation time: 0.04679
Reproduction time: 0.2036
-----------------------------------------------------------
Generation: 321
Evaluation time: 0.04315
Reproduction time: 0.355
-----------------------------------------------------------
Generation: 322
Evaluation time: 0.04545
Reproduction time: 0.22469
-----------------------------------------------------------
Generation: 323
Evaluation time: 0.06682
Reproduction time: 0.19545
-----------------------------------------------------------
Generation: 324
Evaluation time: 0.06261
Reproduction time: 0.16746
-----------------------------------------------------------
Generation: 325
Evaluation time: 0.04628
Reproduction time: 0.18848
-----------------------------------------------------------
Generation: 326
Evaluation time: 0.04735
Reproduction time: 0.20606
-----------------------------------------------------------
Generation: 327
Evaluation time: 0.06955
Reproduction time: 0.19554
-----------------------------------------------------------
Generation: 328
Evaluation time: 0.06089
Reproduction time: 0.18445
-----------------------------------------------------------
Generation: 329
Evaluation time: 0.04611
Reproduction time: 0.21372
-----------------------------------------------------------
Generation: 330
Evaluation time: 0.06475
Reproduction time: 0.18401
-----------------------------------------------------------
Generation: 331
Evaluation time: 0.0383
Reproduction time: 0.37317
-----------------------------------------------------------
Generation: 332
Evaluation time: 0.04788
Reproduction time: 0.20679
-----------------------------------------------------------
Generation: 333
Evaluation time: 0.05547
Reproduction time: 0.1887
-----------------------------------------------------------
Generation: 334
Evaluation time: 0.06758
Reproduction time: 0.19549
-----------------------------------------------------------
Generation: 335
Evaluation time: 0.07267
Reproduction time: 0.17677
-----------------------------------------------------------
Generation: 336
Evaluation time: 0.04782
Reproduction time: 0.17014
-----------------------------------------------------------
Generation: 337
Evaluation time: 0.06659
Reproduction time: 0.17382
-----------------------------------------------------------
Generation: 338
Evaluation time: 0.04676
Reproduction time: 0.15239
-----------------------------------------------------------
Generation: 339
Evaluation time: 0.07126
Reproduction time: 0.17739
-----------------------------------------------------------
Generation: 340
Evaluation time: 0.0466
Reproduction time: 0.16198
-----------------------------------------------------------
Generation: 341
Evaluation time: 0.06234
Reproduction time: 0.35658
-----------------------------------------------------------
Generation: 342
Evaluation time: 0.06821
Reproduction time: 0.17223
-----------------------------------------------------------
Generation: 343
Evaluation time: 0.04759
Reproduction time: 0.19262
-----------------------------------------------------------
Generation: 344
Evaluation time: 0.04558
Reproduction time: 0.18282
-----------------------------------------------------------
Generation: 345
Evaluation time: 0.06796
Reproduction time: 0.18981
-----------------------------------------------------------
Generation: 346
Evaluation time: 0.06408
Reproduction time: 0.17124
-----------------------------------------------------------
Generation: 347
Evaluation time: 0.07037
Reproduction time: 0.16488
-----------------------------------------------------------
Generation: 348
Evaluation time: 0.06992
Reproduction time: 0.1843
-----------------------------------------------------------
Generation: 349
Evaluation time: 0.07771
Reproduction time: 0.17792
-----------------------------------------------------------
Generation: 350
Evaluation time: 0.07566
Reproduction time: 0.17843
-----------------------------------------------------------
Generation: 351
Evaluation time: 0.03974
Reproduction time: 0.3439
-----------------------------------------------------------
Generation: 352
Evaluation time: 0.04853
Reproduction time: 0.20072
-----------------------------------------------------------
Generation: 353
Evaluation time: 0.04546
Reproduction time: 0.17688
-----------------------------------------------------------
Generation: 354
Evaluation time: 0.04525
Reproduction time: 0.18778
-----------------------------------------------------------
Generation: 355
Evaluation time: 0.04504
Reproduction time: 0.16954
-----------------------------------------------------------
Generation: 356
Evaluation time: 0.04487
Reproduction time: 0.19148
-----------------------------------------------------------
Generation: 357
Evaluation time: 0.04502
Reproduction time: 0.19567
-----------------------------------------------------------
Generation: 358
Evaluation time: 0.04512
Reproduction time: 0.20014
-----------------------------------------------------------
Generation: 359
Evaluation time: 0.0452
Reproduction time: 0.20624
-----------------------------------------------------------
Generation: 360
Evaluation time: 0.04449
Reproduction time: 0.20169
-----------------------------------------------------------
Generation: 361
Evaluation time: 0.06047
Reproduction time: 0.34829
-----------------------------------------------------------
Generation: 362
Evaluation time: 0.0442
Reproduction time: 0.20928
-----------------------------------------------------------
Generation: 363
Evaluation time: 0.04493
Reproduction time: 0.19741
-----------------------------------------------------------
Generation: 364
Evaluation time: 0.04507
Reproduction time: 0.19471
-----------------------------------------------------------
Generation: 365
Evaluation time: 0.04457
Reproduction time: 0.19492
-----------------------------------------------------------
Generation: 366
Evaluation time: 0.04516
Reproduction time: 0.19083
-----------------------------------------------------------
Generation: 367
Evaluation time: 0.04554
Reproduction time: 0.21846
-----------------------------------------------------------
Generation: 368
Evaluation time: 0.04508
Reproduction time: 0.21644
-----------------------------------------------------------
Generation: 369
Evaluation time: 0.04543
Reproduction time: 0.19208
-----------------------------------------------------------
Generation: 370
Evaluation time: 0.04518
Reproduction time: 0.22269
-----------------------------------------------------------
Generation: 371
Evaluation time: 0.04311
Reproduction time: 0.33035
-----------------------------------------------------------
Generation: 372
Evaluation time: 0.04437
Reproduction time: 0.22514
-----------------------------------------------------------
Generation: 373
Evaluation time: 0.0668
Reproduction time: 0.18975
-----------------------------------------------------------
Generation: 374
Evaluation time: 0.04634
Reproduction time: 0.21614
-----------------------------------------------------------
Generation: 375
Evaluation time: 0.05995
Reproduction time: 0.18268
-----------------------------------------------------------
Generation: 376
Evaluation time: 0.06037
Reproduction time: 0.18166
-----------------------------------------------------------
Generation: 377
Evaluation time: 0.05866
Reproduction time: 0.17593
-----------------------------------------------------------
Generation: 378
Evaluation time: 0.06063
Reproduction time: 0.17
-----------------------------------------------------------
Generation: 379
Evaluation time: 0.0649
Reproduction time: 0.16388
-----------------------------------------------------------
Generation: 380
Evaluation time: 0.06621
Reproduction time: 0.16479
-----------------------------------------------------------
Generation: 381
Evaluation time: 0.06417
Reproduction time: 0.35434
-----------------------------------------------------------
Generation: 382
Evaluation time: 0.06984
Reproduction time: 0.19382
-----------------------------------------------------------
Generation: 383
Evaluation time: 0.05753
Reproduction time: 0.16708
-----------------------------------------------------------
Generation: 384
Evaluation time: 0.04544
Reproduction time: 0.18199
-----------------------------------------------------------
Generation: 385
Evaluation time: 0.04531
Reproduction time: 0.19551
-----------------------------------------------------------
Generation: 386
Evaluation time: 0.04614
Reproduction time: 0.19522
-----------------------------------------------------------
Generation: 387
Evaluation time: 0.04522
Reproduction time: 0.18732
-----------------------------------------------------------
Generation: 388
Evaluation time: 0.04494
Reproduction time: 0.18955
-----------------------------------------------------------
Generation: 389
Evaluation time: 0.04568
Reproduction time: 0.18789
-----------------------------------------------------------
Generation: 390
Evaluation time: 0.05688
Reproduction time: 0.19685
-----------------------------------------------------------
Generation: 391
Evaluation time: 0.06093
Reproduction time: 0.36045
-----------------------------------------------------------
Generation: 392
Evaluation time: 0.05186
Reproduction time: 0.17458
-----------------------------------------------------------
Generation: 393
Evaluation time: 0.05691
Reproduction time: 0.15117
-----------------------------------------------------------
Generation: 394
Evaluation time: 0.05635
Reproduction time: 0.1732
-----------------------------------------------------------
Generation: 395
Evaluation time: 0.05677
Reproduction time: 0.159
-----------------------------------------------------------
Generation: 396
Evaluation time: 0.05579
Reproduction time: 0.16116
-----------------------------------------------------------
Generation: 397
Evaluation time: 0.05632
Reproduction time: 0.14496
-----------------------------------------------------------
Generation: 398
Evaluation time: 0.056
Reproduction time: 0.16767
-----------------------------------------------------------
Generation: 399
Evaluation time: 0.05618
Reproduction time: 0.16876
-----------------------------------------------------------
Generation: 400
Evaluation time: 0.05756
Reproduction time: 0.17053
-----------------------------------------------------------
Generation: 401
Evaluation time: 0.06113
Reproduction time: 0.33468
-----------------------------------------------------------
Generation: 402
Evaluation time: 0.06902
Reproduction time: 0.17651
-----------------------------------------------------------
Generation: 403
Evaluation time: 0.04782
Reproduction time: 0.18995
-----------------------------------------------------------
Generation: 404
Evaluation time: 0.04815
Reproduction time: 0.2032
-----------------------------------------------------------
Generation: 405
Evaluation time: 0.04571
Reproduction time: 0.20069
-----------------------------------------------------------
Generation: 406
Evaluation time: 0.0697
Reproduction time: 0.1762
-----------------------------------------------------------
Generation: 407
Evaluation time: 0.04671
Reproduction time: 0.16803
-----------------------------------------------------------
Generation: 408
Evaluation time: 0.04533
Reproduction time: 0.18735
-----------------------------------------------------------
Generation: 409
Evaluation time: 0.0647
Reproduction time: 0.15616
-----------------------------------------------------------
Generation: 410
Evaluation time: 0.07284
Reproduction time: 0.18197
-----------------------------------------------------------
Generation: 411
Evaluation time: 0.03843
Reproduction time: 0.37872
-----------------------------------------------------------
Generation: 412
Evaluation time: 0.0482
Reproduction time: 0.21122
-----------------------------------------------------------
Generation: 413
Evaluation time: 0.05135
Reproduction time: 0.20519
-----------------------------------------------------------
Generation: 414
Evaluation time: 0.05191
Reproduction time: 0.21077
-----------------------------------------------------------
Generation: 415
Evaluation time: 0.06862
Reproduction time: 0.20866
-----------------------------------------------------------
Generation: 416
Evaluation time: 0.07754
Reproduction time: 0.18353
-----------------------------------------------------------
Generation: 417
Evaluation time: 0.04653
Reproduction time: 0.15512
-----------------------------------------------------------
Generation: 418
Evaluation time: 0.0378
Reproduction time: 0.16884
-----------------------------------------------------------
Generation: 419
Evaluation time: 0.05985
Reproduction time: 0.17186
-----------------------------------------------------------
Generation: 420
Evaluation time: 0.04517
Reproduction time: 0.17005
-----------------------------------------------------------
Generation: 421
Evaluation time: 0.0385
Reproduction time: 0.35885
-----------------------------------------------------------
Generation: 422
Evaluation time: 0.05123
Reproduction time: 0.19634
-----------------------------------------------------------
Generation: 423
Evaluation time: 0.0675
Reproduction time: 0.19329
-----------------------------------------------------------
Generation: 424
Evaluation time: 0.07191
Reproduction time: 0.1664
-----------------------------------------------------------
Generation: 425
Evaluation time: 0.07447
Reproduction time: 0.15602
-----------------------------------------------------------
Generation: 426
Evaluation time: 0.04572
Reproduction time: 0.16155
-----------------------------------------------------------
Generation: 427
Evaluation time: 0.06142
Reproduction time: 0.15753
-----------------------------------------------------------
Generation: 428
Evaluation time: 0.07303
Reproduction time: 0.1634
-----------------------------------------------------------
Generation: 429
Evaluation time: 0.04677
Reproduction time: 0.16007
-----------------------------------------------------------
Generation: 430
Evaluation time: 0.06267
Reproduction time: 0.17023
-----------------------------------------------------------
Generation: 431
Evaluation time: 0.06095
Reproduction time: 0.34078
-----------------------------------------------------------
Generation: 432
Evaluation time: 0.04375
Reproduction time: 0.1907
-----------------------------------------------------------
Generation: 433
Evaluation time: 0.07135
Reproduction time: 0.189
-----------------------------------------------------------
Generation: 434
Evaluation time: 0.07072
Reproduction time: 0.17039
-----------------------------------------------------------
Generation: 435
Evaluation time: 0.06642
Reproduction time: 0.17359
-----------------------------------------------------------
Generation: 436
Evaluation time: 0.06017
Reproduction time: 0.18294
-----------------------------------------------------------
Generation: 437
Evaluation time: 0.04496
Reproduction time: 0.19712
-----------------------------------------------------------
Generation: 438
Evaluation time: 0.06041
Reproduction time: 0.16524
-----------------------------------------------------------
Generation: 439
Evaluation time: 0.07148
Reproduction time: 0.17683
-----------------------------------------------------------
Generation: 440
Evaluation time: 0.07411
Reproduction time: 0.18029
-----------------------------------------------------------
Generation: 441
Evaluation time: 0.03916
Reproduction time: 0.34092
-----------------------------------------------------------
Generation: 442
Evaluation time: 0.04837
Reproduction time: 0.21017
-----------------------------------------------------------
Generation: 443
Evaluation time: 0.05354
Reproduction time: 0.20623
-----------------------------------------------------------
Generation: 444
Evaluation time: 0.06024
Reproduction time: 0.19694
-----------------------------------------------------------
Generation: 445
Evaluation time: 0.06337
Reproduction time: 0.15935
-----------------------------------------------------------
Generation: 446
Evaluation time: 0.04719
Reproduction time: 0.17082
-----------------------------------------------------------
Generation: 447
Evaluation time: 0.0625
Reproduction time: 0.17141
-----------------------------------------------------------
Generation: 448
Evaluation time: 0.04699
Reproduction time: 0.177
-----------------------------------------------------------
Generation: 449
Evaluation time: 0.04644
Reproduction time: 0.20011
-----------------------------------------------------------
Generation: 450
Evaluation time: 0.04016
Reproduction time: 0.17197
-----------------------------------------------------------
Generation: 451
Evaluation time: 0.06188
Reproduction time: 0.3439
-----------------------------------------------------------
Generation: 452
Evaluation time: 0.06823
Reproduction time: 0.16889
-----------------------------------------------------------
Generation: 453
Evaluation time: 0.0478
Reproduction time: 0.18961
-----------------------------------------------------------
Generation: 454
Evaluation time: 0.04675
Reproduction time: 0.18148
-----------------------------------------------------------
Generation: 455
Evaluation time: 0.0663
Reproduction time: 0.19301
-----------------------------------------------------------
Generation: 456
Evaluation time: 0.06207
Reproduction time: 0.16471
-----------------------------------------------------------
Generation: 457
Evaluation time: 0.06458
Reproduction time: 0.1708
-----------------------------------------------------------
Generation: 458
Evaluation time: 0.06222
Reproduction time: 0.17961
-----------------------------------------------------------
Generation: 459
Evaluation time: 0.06443
Reproduction time: 0.18296
-----------------------------------------------------------
Generation: 460
Evaluation time: 0.06956
Reproduction time: 0.18511
-----------------------------------------------------------
Generation: 461
Evaluation time: 0.03897
Reproduction time: 0.37136
-----------------------------------------------------------
Generation: 462
Evaluation time: 0.04799
Reproduction time: 0.20604
-----------------------------------------------------------
Generation: 463
Evaluation time: 0.05349
Reproduction time: 0.20373
-----------------------------------------------------------
Generation: 464
Evaluation time: 0.05331
Reproduction time: 0.20551
-----------------------------------------------------------
Generation: 465
Evaluation time: 0.06931
Reproduction time: 0.20693
-----------------------------------------------------------
Generation: 466
Evaluation time: 0.04805
Reproduction time: 0.17069
-----------------------------------------------------------
Generation: 467
Evaluation time: 0.06073
Reproduction time: 0.1673
-----------------------------------------------------------
Generation: 468
Evaluation time: 0.0464
Reproduction time: 0.16311
-----------------------------------------------------------
Generation: 469
Evaluation time: 0.03811
Reproduction time: 0.17257
-----------------------------------------------------------
Generation: 470
Evaluation time: 0.064
Reproduction time: 0.17531
-----------------------------------------------------------
Generation: 471
Evaluation time: 0.06318
Reproduction time: 0.30377
-----------------------------------------------------------
Generation: 472
Evaluation time: 0.05544
Reproduction time: 0.19196
-----------------------------------------------------------
Generation: 473
Evaluation time: 0.04653
Reproduction time: 0.21602
-----------------------------------------------------------
Generation: 474
Evaluation time: 0.06087
Reproduction time: 0.19409
-----------------------------------------------------------
Generation: 475
Evaluation time: 0.05851
Reproduction time: 0.1538
-----------------------------------------------------------
Generation: 476
Evaluation time: 0.05959
Reproduction time: 0.16261
-----------------------------------------------------------
Generation: 477
Evaluation time: 0.04623
Reproduction time: 0.19218
-----------------------------------------------------------
Generation: 478
Evaluation time: 0.04573
Reproduction time: 0.20131
-----------------------------------------------------------
Generation: 479
Evaluation time: 0.04609
Reproduction time: 0.19819
-----------------------------------------------------------
Generation: 480
Evaluation time: 0.06843
Reproduction time: 0.15464
-----------------------------------------------------------
Generation: 481
Evaluation time: 0.06335
Reproduction time: 0.30089
-----------------------------------------------------------
Generation: 482
Evaluation time: 0.05646
Reproduction time: 0.18552
-----------------------------------------------------------
Generation: 483
Evaluation time: 0.0573
Reproduction time: 0.18172
-----------------------------------------------------------
Generation: 484
Evaluation time: 0.04655
Reproduction time: 0.17815
-----------------------------------------------------------
Generation: 485
Evaluation time: 0.07571
Reproduction time: 0.20215
-----------------------------------------------------------
Generation: 486
Evaluation time: 0.07323
Reproduction time: 0.15657
-----------------------------------------------------------
Generation: 487
Evaluation time: 0.07767
Reproduction time: 0.15974
-----------------------------------------------------------
Generation: 488
Evaluation time: 0.07838
Reproduction time: 0.14866
-----------------------------------------------------------
Generation: 489
Evaluation time: 0.07847
Reproduction time: 0.15346
-----------------------------------------------------------
Generation: 490
Evaluation time: 0.04821
Reproduction time: 0.16341
-----------------------------------------------------------
Generation: 491
Evaluation time: 0.03859
Reproduction time: 0.36014
-----------------------------------------------------------
Generation: 492
Evaluation time: 0.04435
Reproduction time: 0.23332
-----------------------------------------------------------
Generation: 493
Evaluation time: 0.04713
Reproduction time: 0.19501
-----------------------------------------------------------
Generation: 494
Evaluation time: 0.06456
Reproduction time: 0.21035
-----------------------------------------------------------
Generation: 495
Evaluation time: 0.06731
Reproduction time: 0.19107
-----------------------------------------------------------
Generation: 496
Evaluation time: 0.08437
Reproduction time: 0.18585
-----------------------------------------------------------
Generation: 497
Evaluation time: 0.04701
Reproduction time: 0.16673
-----------------------------------------------------------
Generation: 498
Evaluation time: 0.07363
Reproduction time: 0.16794
-----------------------------------------------------------
Generation: 499
Evaluation time: 0.04789
Reproduction time: 0.15596
-----------------------------------------------------------
Generation: 500
Evaluation time: 0.07373
Reproduction time: 0.17645
-----------------------------------------------------------
Generation: 501
Evaluation time: 0.03809
Reproduction time: 0.33257
-----------------------------------------------------------
Generation: 502
Evaluation time: 0.05266
Reproduction time: 0.21478
-----------------------------------------------------------
Generation: 503
Evaluation time: 0.04521
Reproduction time: 0.20846
-----------------------------------------------------------
Generation: 504
Evaluation time: 0.04508
Reproduction time: 0.20593
-----------------------------------------------------------
Generation: 505
Evaluation time: 0.04636
Reproduction time: 0.20768
-----------------------------------------------------------
Generation: 506
Evaluation time: 0.0452
Reproduction time: 0.17131
-----------------------------------------------------------
Generation: 507
Evaluation time: 0.04586
Reproduction time: 0.18873
-----------------------------------------------------------
Generation: 508
Evaluation time: 0.04526
Reproduction time: 0.18968
-----------------------------------------------------------
Generation: 509
Evaluation time: 0.04637
Reproduction time: 0.18791
-----------------------------------------------------------
Generation: 510
Evaluation time: 0.04513
Reproduction time: 0.21265
-----------------------------------------------------------
Generation: 511
Evaluation time: 0.03815
Reproduction time: 0.34155
-----------------------------------------------------------
Generation: 512
Evaluation time: 0.05139
Reproduction time: 0.19679
-----------------------------------------------------------
Generation: 513
Evaluation time: 0.0457
Reproduction time: 0.19524
-----------------------------------------------------------
Generation: 514
Evaluation time: 0.04594
Reproduction time: 0.18168
-----------------------------------------------------------
Generation: 515
Evaluation time: 0.04588
Reproduction time: 0.19452
-----------------------------------------------------------
Generation: 516
Evaluation time: 0.0521
Reproduction time: 0.1796
-----------------------------------------------------------
Generation: 517
Evaluation time: 0.04568
Reproduction time: 0.19502
-----------------------------------------------------------
Generation: 518
Evaluation time: 0.04412
Reproduction time: 0.1896
-----------------------------------------------------------
Generation: 519
Evaluation time: 0.04549
Reproduction time: 0.18755
-----------------------------------------------------------
Generation: 520
Evaluation time: 0.04459
Reproduction time: 0.19031
-----------------------------------------------------------
Generation: 521
Evaluation time: 0.0602
Reproduction time: 0.34725
-----------------------------------------------------------
Generation: 522
Evaluation time: 0.04364
Reproduction time: 0.20621
-----------------------------------------------------------
Generation: 523
Evaluation time: 0.04471
Reproduction time: 0.2196
-----------------------------------------------------------
Generation: 524
Evaluation time: 0.06792
Reproduction time: 0.18054
-----------------------------------------------------------
Generation: 525
Evaluation time: 0.046
Reproduction time: 0.16414
-----------------------------------------------------------
Generation: 526
Evaluation time: 0.04429
Reproduction time: 0.19323
-----------------------------------------------------------
Generation: 527
Evaluation time: 0.06565
Reproduction time: 0.18977
-----------------------------------------------------------
Generation: 528
Evaluation time: 0.04547
Reproduction time: 0.18691
-----------------------------------------------------------
Generation: 529
Evaluation time: 0.06945
Reproduction time: 0.17633
-----------------------------------------------------------
Generation: 530
Evaluation time: 0.04654
Reproduction time: 0.17284
-----------------------------------------------------------
Generation: 531
Evaluation time: 0.0431
Reproduction time: 0.36108
-----------------------------------------------------------
Generation: 532
Evaluation time: 0.07004
Reproduction time: 0.23118
-----------------------------------------------------------
Generation: 533
Evaluation time: 0.05813
Reproduction time: 0.1799
-----------------------------------------------------------
Generation: 534
Evaluation time: 0.04632
Reproduction time: 0.2207
-----------------------------------------------------------
Generation: 535
Evaluation time: 0.06022
Reproduction time: 0.16968
-----------------------------------------------------------
Generation: 536
Evaluation time: 0.06691
Reproduction time: 0.16579
-----------------------------------------------------------
Generation: 537
Evaluation time: 0.07351
Reproduction time: 0.17779
-----------------------------------------------------------
Generation: 538
Evaluation time: 0.0803
Reproduction time: 0.17818
-----------------------------------------------------------
Generation: 539
Evaluation time: 0.04729
Reproduction time: 0.17036
-----------------------------------------------------------
Generation: 540
Evaluation time: 0.06374
Reproduction time: 0.16866
-----------------------------------------------------------
Generation: 541
Evaluation time: 0.06103
Reproduction time: 0.34158
-----------------------------------------------------------
Generation: 542
Evaluation time: 0.07228
Reproduction time: 0.1886
-----------------------------------------------------------
Generation: 543
Evaluation time: 0.04767
Reproduction time: 0.20924
-----------------------------------------------------------
Generation: 544
Evaluation time: 0.05766
Reproduction time: 0.20338
-----------------------------------------------------------
Generation: 545
Evaluation time: 0.0469
Reproduction time: 0.20623
-----------------------------------------------------------
Generation: 546
Evaluation time: 0.04666
Reproduction time: 0.19004
-----------------------------------------------------------
Generation: 547
Evaluation time: 0.04633
Reproduction time: 0.20378
-----------------------------------------------------------
Generation: 548
Evaluation time: 0.04629
Reproduction time: 0.21539
-----------------------------------------------------------
Generation: 549
Evaluation time: 0.04634
Reproduction time: 0.21472
-----------------------------------------------------------
Generation: 550
Evaluation time: 0.0463
Reproduction time: 0.214
-----------------------------------------------------------
Generation: 551
Evaluation time: 0.06086
Reproduction time: 0.35696
-----------------------------------------------------------
Generation: 552
Evaluation time: 0.05325
Reproduction time: 0.16992
-----------------------------------------------------------
Generation: 553
Evaluation time: 0.04555
Reproduction time: 0.1827
-----------------------------------------------------------
Generation: 554
Evaluation time: 0.04628
Reproduction time: 0.19138
-----------------------------------------------------------
Generation: 555
Evaluation time: 0.04573
Reproduction time: 0.17662
-----------------------------------------------------------
Generation: 556
Evaluation time: 0.04506
Reproduction time: 0.18783
-----------------------------------------------------------
Generation: 557
Evaluation time: 0.04533
Reproduction time: 0.1944
-----------------------------------------------------------
Generation: 558
Evaluation time: 0.04527
Reproduction time: 0.18556
-----------------------------------------------------------
Generation: 559
Evaluation time: 0.04563
Reproduction time: 0.18407
-----------------------------------------------------------
Generation: 560
Evaluation time: 0.04537
Reproduction time: 0.18168
