dc43e6b329e33066069be8493e19c2dbaea01d1d
-----------------------------------------------------------
Generation: 1
Evaluation time: 6.52227
Reproduction time: 0.0
-----------------------------------------------------------
Generation: 2
Evaluation time: 1.18277
Reproduction time: 2.34574
-----------------------------------------------------------
Generation: 3
Evaluation time: 1.07503
Reproduction time: 0.22321
-----------------------------------------------------------
Generation: 4
Evaluation time: 1.09737
Reproduction time: 0.19315
-----------------------------------------------------------
Generation: 5
Evaluation time: 1.11872
Reproduction time: 0.16222
-----------------------------------------------------------
Generation: 6
Evaluation time: 1.21651
Reproduction time: 0.16106
-----------------------------------------------------------
Generation: 7
Evaluation time: 1.2215
Reproduction time: 0.11488
-----------------------------------------------------------
Generation: 8
Evaluation time: 1.2079
Reproduction time: 0.12138
-----------------------------------------------------------
Generation: 9
Evaluation time: 1.17376
Reproduction time: 0.12495
-----------------------------------------------------------
Generation: 10
Evaluation time: 1.23412
Reproduction time: 0.12512
-----------------------------------------------------------
Generation: 11
Evaluation time: 1.16587
Reproduction time: 0.51182
-----------------------------------------------------------
Generation: 12
Evaluation time: 1.1709
Reproduction time: 0.16957
-----------------------------------------------------------
Generation: 13
Evaluation time: 1.20686
Reproduction time: 0.15905
-----------------------------------------------------------
Generation: 14
Evaluation time: 1.22908
Reproduction time: 0.15961
-----------------------------------------------------------
Generation: 15
Evaluation time: 1.20471
Reproduction time: 0.15997
-----------------------------------------------------------
Generation: 16
Evaluation time: 1.17974
Reproduction time: 0.14201
-----------------------------------------------------------
Generation: 17
Evaluation time: 1.18737
Reproduction time: 0.14235
-----------------------------------------------------------
Generation: 18
Evaluation time: 1.24796
Reproduction time: 0.17918
-----------------------------------------------------------
Generation: 19
Evaluation time: 1.18491
Reproduction time: 0.13562
-----------------------------------------------------------
Generation: 20
Evaluation time: 1.20259
Reproduction time: 0.19162
-----------------------------------------------------------
Generation: 21
Evaluation time: 1.23546
Reproduction time: 0.50741
-----------------------------------------------------------
Generation: 22
Evaluation time: 1.19252
Reproduction time: 0.20701
-----------------------------------------------------------
Generation: 23
Evaluation time: 1.19294
Reproduction time: 0.16274
-----------------------------------------------------------
Generation: 24
Evaluation time: 1.2164
Reproduction time: 0.1665
-----------------------------------------------------------
Generation: 25
Evaluation time: 1.23948
Reproduction time: 0.16175
-----------------------------------------------------------
Generation: 26
Evaluation time: 1.20462
Reproduction time: 0.15577
-----------------------------------------------------------
Generation: 27
Evaluation time: 1.2525
Reproduction time: 0.17781
-----------------------------------------------------------
Generation: 28
Evaluation time: 1.24939
Reproduction time: 0.11241
-----------------------------------------------------------
Generation: 29
Evaluation time: 1.20771
Reproduction time: 0.19633
-----------------------------------------------------------
Generation: 30
Evaluation time: 1.21595
Reproduction time: 0.19745
-----------------------------------------------------------
Generation: 31
Evaluation time: 1.20981
Reproduction time: 0.47522
-----------------------------------------------------------
Generation: 32
Evaluation time: 1.21687
Reproduction time: 0.19746
-----------------------------------------------------------
Generation: 33
Evaluation time: 1.28169
Reproduction time: 0.17131
-----------------------------------------------------------
Generation: 34
Evaluation time: 1.29668
Reproduction time: 0.17307
-----------------------------------------------------------
Generation: 35
Evaluation time: 1.23307
Reproduction time: 0.10777
-----------------------------------------------------------
Generation: 36
Evaluation time: 1.19219
Reproduction time: 0.17128
-----------------------------------------------------------
Generation: 37
Evaluation time: 1.26988
Reproduction time: 0.17643
-----------------------------------------------------------
Generation: 38
Evaluation time: 1.25081
Reproduction time: 0.13845
-----------------------------------------------------------
Generation: 39
Evaluation time: 1.31012
Reproduction time: 0.20409
-----------------------------------------------------------
Generation: 40
Evaluation time: 1.33092
Reproduction time: 0.19581
-----------------------------------------------------------
Generation: 41
Evaluation time: 1.26177
Reproduction time: 0.54011
-----------------------------------------------------------
Generation: 42
Evaluation time: 1.23609
Reproduction time: 0.20079
-----------------------------------------------------------
Generation: 43
Evaluation time: 1.27642
Reproduction time: 0.16357
-----------------------------------------------------------
Generation: 44
Evaluation time: 1.27843
Reproduction time: 0.16847
-----------------------------------------------------------
Generation: 45
Evaluation time: 1.28255
Reproduction time: 0.14484
-----------------------------------------------------------
Generation: 46
Evaluation time: 1.34535
Reproduction time: 0.15305
-----------------------------------------------------------
Generation: 47
Evaluation time: 1.30448
Reproduction time: 0.17556
-----------------------------------------------------------
Generation: 48
Evaluation time: 1.25074
Reproduction time: 0.17897
-----------------------------------------------------------
Generation: 49
Evaluation time: 1.32712
Reproduction time: 0.13497
-----------------------------------------------------------
Generation: 50
Evaluation time: 1.38276
Reproduction time: 0.19455
-----------------------------------------------------------
Generation: 51
Evaluation time: 1.25248
Reproduction time: 0.42886
-----------------------------------------------------------
Generation: 52
Evaluation time: 1.35837
Reproduction time: 0.20593
-----------------------------------------------------------
Generation: 53
Evaluation time: 1.32196
Reproduction time: 0.17054
-----------------------------------------------------------
Generation: 54
Evaluation time: 1.37502
Reproduction time: 0.15439
-----------------------------------------------------------
Generation: 55
Evaluation time: 1.32412
Reproduction time: 0.15048
-----------------------------------------------------------
Generation: 56
Evaluation time: 1.29314
Reproduction time: 0.15479
-----------------------------------------------------------
Generation: 57
Evaluation time: 1.27363
Reproduction time: 0.17777
-----------------------------------------------------------
Generation: 58
Evaluation time: 1.38025
Reproduction time: 0.11187
-----------------------------------------------------------
Generation: 59
Evaluation time: 1.32243
Reproduction time: 0.19124
-----------------------------------------------------------
Generation: 60
Evaluation time: 1.29475
Reproduction time: 0.12798
-----------------------------------------------------------
Generation: 61
Evaluation time: 1.33375
Reproduction time: 0.49366
-----------------------------------------------------------
Generation: 62
Evaluation time: 1.26144
Reproduction time: 0.20034
-----------------------------------------------------------
Generation: 63
Evaluation time: 1.33366
Reproduction time: 0.17449
-----------------------------------------------------------
Generation: 64
Evaluation time: 1.34005
Reproduction time: 0.15632
-----------------------------------------------------------
Generation: 65
Evaluation time: 1.34749
Reproduction time: 0.17565
-----------------------------------------------------------
Generation: 66
Evaluation time: 1.33152
Reproduction time: 0.15901
-----------------------------------------------------------
Generation: 67
Evaluation time: 1.30239
Reproduction time: 0.16559
-----------------------------------------------------------
Generation: 68
Evaluation time: 1.31394
Reproduction time: 0.16811
-----------------------------------------------------------
Generation: 69
Evaluation time: 1.34831
Reproduction time: 0.16759
-----------------------------------------------------------
Generation: 70
Evaluation time: 1.4199
Reproduction time: 0.12918
-----------------------------------------------------------
Generation: 71
Evaluation time: 1.3723
Reproduction time: 0.51616
-----------------------------------------------------------
Generation: 72
Evaluation time: 1.33151
Reproduction time: 0.19537
-----------------------------------------------------------
Generation: 73
Evaluation time: 1.33107
Reproduction time: 0.1511
-----------------------------------------------------------
Generation: 74
Evaluation time: 1.32096
Reproduction time: 0.15822
-----------------------------------------------------------
Generation: 75
Evaluation time: 1.35164
Reproduction time: 0.14734
-----------------------------------------------------------
Generation: 76
Evaluation time: 1.28516
Reproduction time: 0.15736
-----------------------------------------------------------
Generation: 77
Evaluation time: 1.41152
Reproduction time: 0.1849
-----------------------------------------------------------
Generation: 78
Evaluation time: 1.33684
Reproduction time: 0.18491
-----------------------------------------------------------
Generation: 79
Evaluation time: 1.40938
Reproduction time: 0.18372
-----------------------------------------------------------
Generation: 80
Evaluation time: 1.34623
Reproduction time: 0.18366
-----------------------------------------------------------
Generation: 81
Evaluation time: 1.29402
Reproduction time: 0.50489
-----------------------------------------------------------
Generation: 82
Evaluation time: 1.3064
Reproduction time: 0.19061
-----------------------------------------------------------
Generation: 83
Evaluation time: 1.4174
Reproduction time: 0.14656
-----------------------------------------------------------
Generation: 84
Evaluation time: 1.32578
Reproduction time: 0.14811
-----------------------------------------------------------
Generation: 85
Evaluation time: 1.30492
Reproduction time: 0.15771
-----------------------------------------------------------
Generation: 86
Evaluation time: 1.38403
Reproduction time: 0.15096
-----------------------------------------------------------
Generation: 87
Evaluation time: 1.43857
Reproduction time: 0.16588
-----------------------------------------------------------
Generation: 88
Evaluation time: 1.42529
Reproduction time: 0.18064
-----------------------------------------------------------
Generation: 89
Evaluation time: 1.41236
Reproduction time: 0.18508
-----------------------------------------------------------
Generation: 90
Evaluation time: 1.47301
Reproduction time: 0.13342
-----------------------------------------------------------
Generation: 91
Evaluation time: 1.36942
Reproduction time: 0.50244
-----------------------------------------------------------
Generation: 92
Evaluation time: 1.4243
Reproduction time: 0.19928
-----------------------------------------------------------
Generation: 93
Evaluation time: 1.43048
Reproduction time: 0.17133
-----------------------------------------------------------
Generation: 94
Evaluation time: 1.39982
Reproduction time: 0.16872
-----------------------------------------------------------
Generation: 95
Evaluation time: 1.41876
Reproduction time: 0.1424
-----------------------------------------------------------
Generation: 96
Evaluation time: 1.40624
Reproduction time: 0.17011
-----------------------------------------------------------
Generation: 97
Evaluation time: 1.44719
Reproduction time: 0.16315
-----------------------------------------------------------
Generation: 98
Evaluation time: 1.44965
Reproduction time: 0.1236
-----------------------------------------------------------
Generation: 99
Evaluation time: 1.39983
Reproduction time: 0.20261
-----------------------------------------------------------
Generation: 100
Evaluation time: 1.37531
Reproduction time: 0.19023
-----------------------------------------------------------
Generation: 101
Evaluation time: 1.34212
Reproduction time: 0.46928
-----------------------------------------------------------
Generation: 102
Evaluation time: 1.39078
Reproduction time: 0.19398
-----------------------------------------------------------
Generation: 103
Evaluation time: 1.36727
Reproduction time: 0.18084
-----------------------------------------------------------
Generation: 104
Evaluation time: 1.36611
Reproduction time: 0.16497
-----------------------------------------------------------
Generation: 105
Evaluation time: 1.44959
Reproduction time: 0.15379
-----------------------------------------------------------
Generation: 106
Evaluation time: 1.45267
Reproduction time: 0.16219
-----------------------------------------------------------
Generation: 107
Evaluation time: 1.42242
Reproduction time: 0.11459
-----------------------------------------------------------
Generation: 108
Evaluation time: 1.44828
Reproduction time: 0.19386
-----------------------------------------------------------
Generation: 109
Evaluation time: 1.31434
Reproduction time: 0.17727
