1c90485afd1ba8c3eab46f1aabc344801b60eeda
loaded counters
loaded genotypes
loaded phenotypes
loaded individuals
loaded species
loaded criteria
loaded evaluators
loaded replacers
loaded selectors
loaded recombiners
loaded mutators
loaded species creators
loaded metrics
loaded domains
loaded matches
loaded matchmakers
loaded observers
loaded results
loaded environments
loaded interactions
loaded jobs
loaded performers
loaded measurements
loaded states
loaded reporters
loaded archivers
loaded ecosystems
loaded names
loaded configurations
-----------------------------------------------------------
Generation: 1
Evaluation time: 3.43989
Reproduction time: 0.0
-----------------------------------------------------------
Generation: 2
Evaluation time: 0.52701
Reproduction time: 1.95645
-----------------------------------------------------------
Generation: 3
Evaluation time: 0.44117
Reproduction time: 0.13212
-----------------------------------------------------------
Generation: 4
Evaluation time: 0.44103
Reproduction time: 0.10804
-----------------------------------------------------------
Generation: 5
Evaluation time: 0.45032
Reproduction time: 0.14248
-----------------------------------------------------------
Generation: 6
Evaluation time: 0.44194
Reproduction time: 0.10233
-----------------------------------------------------------
Generation: 7
Evaluation time: 0.42373
Reproduction time: 0.1276
-----------------------------------------------------------
Generation: 8
Evaluation time: 0.45918
Reproduction time: 0.1349
-----------------------------------------------------------
Generation: 9
Evaluation time: 0.4676
Reproduction time: 0.09316
-----------------------------------------------------------
Generation: 10
Evaluation time: 0.48135
Reproduction time: 0.14248
-----------------------------------------------------------
Generation: 11
Evaluation time: 0.44967
Reproduction time: 0.32664
-----------------------------------------------------------
Generation: 12
Evaluation time: 0.44728
Reproduction time: 0.14437
-----------------------------------------------------------
Generation: 13
Evaluation time: 0.45362
Reproduction time: 0.1136
-----------------------------------------------------------
Generation: 14
Evaluation time: 0.46202
Reproduction time: 0.11618
-----------------------------------------------------------
Generation: 15
Evaluation time: 0.47415
Reproduction time: 0.12564
-----------------------------------------------------------
Generation: 16
Evaluation time: 0.46352
Reproduction time: 0.12932
-----------------------------------------------------------
Generation: 17
Evaluation time: 0.47359
Reproduction time: 0.12612
-----------------------------------------------------------
Generation: 18
Evaluation time: 0.47724
Reproduction time: 0.1419
-----------------------------------------------------------
Generation: 19
Evaluation time: 0.46729
Reproduction time: 0.14599
-----------------------------------------------------------
Generation: 20
Evaluation time: 0.46847
Reproduction time: 0.1421
-----------------------------------------------------------
Generation: 21
Evaluation time: 0.44796
Reproduction time: 0.31276
-----------------------------------------------------------
Generation: 22
Evaluation time: 0.45988
Reproduction time: 0.11469
-----------------------------------------------------------
Generation: 23
Evaluation time: 0.46078
Reproduction time: 0.12179
-----------------------------------------------------------
Generation: 24
Evaluation time: 0.46471
Reproduction time: 0.13131
-----------------------------------------------------------
Generation: 25
Evaluation time: 0.46636
Reproduction time: 0.12426
-----------------------------------------------------------
Generation: 26
Evaluation time: 0.4626
Reproduction time: 0.13521
-----------------------------------------------------------
Generation: 27
Evaluation time: 0.48406
Reproduction time: 0.12894
-----------------------------------------------------------
Generation: 28
Evaluation time: 0.47214
Reproduction time: 0.09953
-----------------------------------------------------------
Generation: 29
Evaluation time: 0.48522
Reproduction time: 0.10572
-----------------------------------------------------------
Generation: 30
Evaluation time: 0.47385
Reproduction time: 0.13893
-----------------------------------------------------------
Generation: 31
Evaluation time: 0.45249
Reproduction time: 0.29198
-----------------------------------------------------------
Generation: 32
Evaluation time: 0.44752
Reproduction time: 0.13856
-----------------------------------------------------------
Generation: 33
Evaluation time: 0.45499
Reproduction time: 0.12336
-----------------------------------------------------------
Generation: 34
Evaluation time: 0.455
Reproduction time: 0.12249
-----------------------------------------------------------
Generation: 35
Evaluation time: 0.4528
Reproduction time: 0.14548
-----------------------------------------------------------
Generation: 36
Evaluation time: 0.47044
Reproduction time: 0.12544
-----------------------------------------------------------
Generation: 37
Evaluation time: 0.46954
Reproduction time: 0.10367
-----------------------------------------------------------
Generation: 38
Evaluation time: 0.468
Reproduction time: 0.1238
-----------------------------------------------------------
Generation: 39
Evaluation time: 0.47531
Reproduction time: 0.13718
-----------------------------------------------------------
Generation: 40
Evaluation time: 0.46923
Reproduction time: 0.12899
-----------------------------------------------------------
Generation: 41
Evaluation time: 0.45014
Reproduction time: 0.29571
-----------------------------------------------------------
Generation: 42
Evaluation time: 0.44853
Reproduction time: 0.14243
-----------------------------------------------------------
Generation: 43
Evaluation time: 0.44981
Reproduction time: 0.12354
-----------------------------------------------------------
Generation: 44
Evaluation time: 0.47219
Reproduction time: 0.12126
-----------------------------------------------------------
Generation: 45
Evaluation time: 0.46528
Reproduction time: 0.12587
-----------------------------------------------------------
Generation: 46
Evaluation time: 0.47912
Reproduction time: 0.13219
-----------------------------------------------------------
Generation: 47
Evaluation time: 0.47229
Reproduction time: 0.10425
-----------------------------------------------------------
Generation: 48
Evaluation time: 0.46881
Reproduction time: 0.13052
-----------------------------------------------------------
Generation: 49
Evaluation time: 0.45954
Reproduction time: 0.1439
-----------------------------------------------------------
Generation: 50
Evaluation time: 0.47128
Reproduction time: 0.12842
-----------------------------------------------------------
Generation: 51
Evaluation time: 0.44511
Reproduction time: 0.33092
-----------------------------------------------------------
Generation: 52
Evaluation time: 0.43367
Reproduction time: 0.12206
-----------------------------------------------------------
Generation: 53
Evaluation time: 0.45565
Reproduction time: 0.13938
-----------------------------------------------------------
Generation: 54
Evaluation time: 0.45948
Reproduction time: 0.11588
-----------------------------------------------------------
Generation: 55
Evaluation time: 0.46985
Reproduction time: 0.12283
-----------------------------------------------------------
Generation: 56
Evaluation time: 0.48319
Reproduction time: 0.12938
-----------------------------------------------------------
Generation: 57
Evaluation time: 0.47573
Reproduction time: 0.09749
-----------------------------------------------------------
Generation: 58
Evaluation time: 0.47941
Reproduction time: 0.14048
-----------------------------------------------------------
Generation: 59
Evaluation time: 0.4639
Reproduction time: 0.1068
-----------------------------------------------------------
Generation: 60
Evaluation time: 0.4723
Reproduction time: 0.13561
-----------------------------------------------------------
Generation: 61
Evaluation time: 0.44634
Reproduction time: 0.33786
-----------------------------------------------------------
Generation: 62
Evaluation time: 0.43417
Reproduction time: 0.13289
-----------------------------------------------------------
Generation: 63
Evaluation time: 0.44825
Reproduction time: 0.13724
-----------------------------------------------------------
Generation: 64
Evaluation time: 0.46892
Reproduction time: 0.12146
-----------------------------------------------------------
Generation: 65
Evaluation time: 0.46617
Reproduction time: 0.12959
-----------------------------------------------------------
Generation: 66
Evaluation time: 0.4783
Reproduction time: 0.13095
-----------------------------------------------------------
Generation: 67
Evaluation time: 0.47492
Reproduction time: 0.08999
-----------------------------------------------------------
Generation: 68
Evaluation time: 0.47774
Reproduction time: 0.13905
-----------------------------------------------------------
Generation: 69
Evaluation time: 0.46285
Reproduction time: 0.10617
-----------------------------------------------------------
Generation: 70
Evaluation time: 0.47101
Reproduction time: 0.13566
-----------------------------------------------------------
Generation: 71
Evaluation time: 0.44971
Reproduction time: 0.3387
-----------------------------------------------------------
Generation: 72
Evaluation time: 0.43486
Reproduction time: 0.12924
-----------------------------------------------------------
Generation: 73
Evaluation time: 0.45435
Reproduction time: 0.13773
-----------------------------------------------------------
Generation: 74
Evaluation time: 0.46288
Reproduction time: 0.12355
-----------------------------------------------------------
Generation: 75
Evaluation time: 0.46523
Reproduction time: 0.12661
-----------------------------------------------------------
Generation: 76
Evaluation time: 0.48759
Reproduction time: 0.12724
-----------------------------------------------------------
Generation: 77
Evaluation time: 0.47673
Reproduction time: 0.09323
-----------------------------------------------------------
Generation: 78
Evaluation time: 0.47906
Reproduction time: 0.13912
-----------------------------------------------------------
Generation: 79
Evaluation time: 0.46386
Reproduction time: 0.1048
-----------------------------------------------------------
Generation: 80
Evaluation time: 0.47333
Reproduction time: 0.13417
-----------------------------------------------------------
Generation: 81
Evaluation time: 0.46698
Reproduction time: 0.33529
-----------------------------------------------------------
Generation: 82
Evaluation time: 0.44041
Reproduction time: 0.12991
-----------------------------------------------------------
Generation: 83
Evaluation time: 0.46026
Reproduction time: 0.13922
-----------------------------------------------------------
Generation: 84
Evaluation time: 0.47663
Reproduction time: 0.11616
-----------------------------------------------------------
Generation: 85
Evaluation time: 0.47583
Reproduction time: 0.12514
-----------------------------------------------------------
Generation: 86
Evaluation time: 0.48816
Reproduction time: 0.12831
-----------------------------------------------------------
Generation: 87
Evaluation time: 0.48612
Reproduction time: 0.10097
-----------------------------------------------------------
Generation: 88
Evaluation time: 0.47388
Reproduction time: 0.14011
-----------------------------------------------------------
Generation: 89
Evaluation time: 0.4908
Reproduction time: 0.10634
-----------------------------------------------------------
Generation: 90
Evaluation time: 0.47005
Reproduction time: 0.09179
-----------------------------------------------------------
Generation: 91
Evaluation time: 0.44889
Reproduction time: 0.33332
-----------------------------------------------------------
Generation: 92
Evaluation time: 0.43425
Reproduction time: 0.12339
-----------------------------------------------------------
Generation: 93
Evaluation time: 0.45061
Reproduction time: 0.13276
-----------------------------------------------------------
Generation: 94
Evaluation time: 0.46663
Reproduction time: 0.14484
-----------------------------------------------------------
Generation: 95
Evaluation time: 0.46564
Reproduction time: 0.13404
