dc43e6b329e33066069be8493e19c2dbaea01d1d
-----------------------------------------------------------
Generation: 1
Evaluation time: 1.53808
Reproduction time: 0.0
-----------------------------------------------------------
Generation: 2
Evaluation time: 0.05076
Reproduction time: 2.07254
-----------------------------------------------------------
Generation: 3
Evaluation time: 0.04661
Reproduction time: 0.17402
-----------------------------------------------------------
Generation: 4
Evaluation time: 0.04618
Reproduction time: 0.18771
-----------------------------------------------------------
Generation: 5
Evaluation time: 0.08136
Reproduction time: 0.16442
-----------------------------------------------------------
Generation: 6
Evaluation time: 0.07524
Reproduction time: 0.12319
-----------------------------------------------------------
Generation: 7
Evaluation time: 0.07029
Reproduction time: 0.14169
-----------------------------------------------------------
Generation: 8
Evaluation time: 0.06041
Reproduction time: 0.14844
-----------------------------------------------------------
Generation: 9
Evaluation time: 0.05828
Reproduction time: 0.13898
-----------------------------------------------------------
Generation: 10
Evaluation time: 0.04923
Reproduction time: 0.18125
-----------------------------------------------------------
Generation: 11
Evaluation time: 0.04138
Reproduction time: 0.44003
-----------------------------------------------------------
Generation: 12
Evaluation time: 0.04233
Reproduction time: 0.24178
-----------------------------------------------------------
Generation: 13
Evaluation time: 0.04265
Reproduction time: 0.22523
-----------------------------------------------------------
Generation: 14
Evaluation time: 0.05384
Reproduction time: 0.2052
-----------------------------------------------------------
Generation: 15
Evaluation time: 0.06586
Reproduction time: 0.17139
-----------------------------------------------------------
Generation: 16
Evaluation time: 0.0445
Reproduction time: 0.17518
-----------------------------------------------------------
Generation: 17
Evaluation time: 0.04296
Reproduction time: 0.20093
-----------------------------------------------------------
Generation: 18
Evaluation time: 0.06028
Reproduction time: 0.18949
-----------------------------------------------------------
Generation: 19
Evaluation time: 0.07785
Reproduction time: 0.18034
-----------------------------------------------------------
Generation: 20
Evaluation time: 0.04398
Reproduction time: 0.16105
-----------------------------------------------------------
Generation: 21
Evaluation time: 0.06344
Reproduction time: 0.36529
-----------------------------------------------------------
Generation: 22
Evaluation time: 0.06514
Reproduction time: 0.19262
-----------------------------------------------------------
Generation: 23
Evaluation time: 0.0447
Reproduction time: 0.20061
-----------------------------------------------------------
Generation: 24
Evaluation time: 0.04422
Reproduction time: 0.2047
-----------------------------------------------------------
Generation: 25
Evaluation time: 0.05914
Reproduction time: 0.2077
-----------------------------------------------------------
Generation: 26
Evaluation time: 0.0438
Reproduction time: 0.22118
-----------------------------------------------------------
Generation: 27
Evaluation time: 0.06881
Reproduction time: 0.19368
-----------------------------------------------------------
Generation: 28
Evaluation time: 0.07281
Reproduction time: 0.18902
-----------------------------------------------------------
Generation: 29
Evaluation time: 0.04623
Reproduction time: 0.18395
-----------------------------------------------------------
Generation: 30
Evaluation time: 0.0602
Reproduction time: 0.1925
-----------------------------------------------------------
Generation: 31
Evaluation time: 0.06307
Reproduction time: 0.35932
-----------------------------------------------------------
Generation: 32
Evaluation time: 0.04126
Reproduction time: 0.19908
-----------------------------------------------------------
Generation: 33
Evaluation time: 0.06924
Reproduction time: 0.19434
-----------------------------------------------------------
Generation: 34
Evaluation time: 0.06573
Reproduction time: 0.1828
-----------------------------------------------------------
Generation: 35
Evaluation time: 0.05472
Reproduction time: 0.1983
-----------------------------------------------------------
Generation: 36
Evaluation time: 0.04269
Reproduction time: 0.22648
-----------------------------------------------------------
Generation: 37
Evaluation time: 0.04139
Reproduction time: 0.21143
-----------------------------------------------------------
Generation: 38
Evaluation time: 0.04158
Reproduction time: 0.21765
-----------------------------------------------------------
Generation: 39
Evaluation time: 0.04236
Reproduction time: 0.20641
-----------------------------------------------------------
Generation: 40
Evaluation time: 0.04227
Reproduction time: 0.21274
-----------------------------------------------------------
Generation: 41
Evaluation time: 0.03821
Reproduction time: 0.37299
-----------------------------------------------------------
Generation: 42
Evaluation time: 0.05655
Reproduction time: 0.19972
-----------------------------------------------------------
Generation: 43
Evaluation time: 0.06038
Reproduction time: 0.17602
-----------------------------------------------------------
Generation: 44
Evaluation time: 0.05941
Reproduction time: 0.16232
-----------------------------------------------------------
Generation: 45
Evaluation time: 0.04658
Reproduction time: 0.19618
-----------------------------------------------------------
Generation: 46
Evaluation time: 0.04519
Reproduction time: 0.20878
-----------------------------------------------------------
Generation: 47
Evaluation time: 0.04506
Reproduction time: 0.20661
-----------------------------------------------------------
Generation: 48
Evaluation time: 0.04567
Reproduction time: 0.19568
-----------------------------------------------------------
Generation: 49
Evaluation time: 0.04671
Reproduction time: 0.18937
-----------------------------------------------------------
Generation: 50
Evaluation time: 0.04527
Reproduction time: 0.19572
-----------------------------------------------------------
Generation: 51
Evaluation time: 0.06276
Reproduction time: 0.33695
-----------------------------------------------------------
Generation: 52
Evaluation time: 0.06401
Reproduction time: 0.20596
-----------------------------------------------------------
Generation: 53
Evaluation time: 0.04671
Reproduction time: 0.20156
-----------------------------------------------------------
Generation: 54
Evaluation time: 0.06939
Reproduction time: 0.19859
-----------------------------------------------------------
Generation: 55
Evaluation time: 0.06644
Reproduction time: 0.17949
-----------------------------------------------------------
Generation: 56
Evaluation time: 0.06245
Reproduction time: 0.17925
-----------------------------------------------------------
Generation: 57
Evaluation time: 0.06147
Reproduction time: 0.19247
-----------------------------------------------------------
Generation: 58
Evaluation time: 0.04622
Reproduction time: 0.22417
-----------------------------------------------------------
Generation: 59
Evaluation time: 0.07033
Reproduction time: 0.18742
-----------------------------------------------------------
Generation: 60
Evaluation time: 0.04832
Reproduction time: 0.18096
-----------------------------------------------------------
Generation: 61
Evaluation time: 0.04214
Reproduction time: 0.3579
-----------------------------------------------------------
Generation: 62
Evaluation time: 0.04568
Reproduction time: 0.22945
-----------------------------------------------------------
Generation: 63
Evaluation time: 0.06408
Reproduction time: 0.20011
-----------------------------------------------------------
Generation: 64
Evaluation time: 0.05916
Reproduction time: 0.16824
-----------------------------------------------------------
Generation: 65
Evaluation time: 0.04538
Reproduction time: 0.1989
-----------------------------------------------------------
Generation: 66
Evaluation time: 0.06281
Reproduction time: 0.19707
-----------------------------------------------------------
Generation: 67
Evaluation time: 0.0563
Reproduction time: 0.17379
-----------------------------------------------------------
Generation: 68
Evaluation time: 0.04485
Reproduction time: 0.1918
-----------------------------------------------------------
Generation: 69
Evaluation time: 0.04528
Reproduction time: 0.20342
-----------------------------------------------------------
Generation: 70
Evaluation time: 0.04514
Reproduction time: 0.19741
-----------------------------------------------------------
Generation: 71
Evaluation time: 0.03801
Reproduction time: 0.36997
-----------------------------------------------------------
Generation: 72
Evaluation time: 0.04814
Reproduction time: 0.20389
-----------------------------------------------------------
Generation: 73
Evaluation time: 0.05446
Reproduction time: 0.18914
-----------------------------------------------------------
Generation: 74
Evaluation time: 0.04525
Reproduction time: 0.18879
-----------------------------------------------------------
Generation: 75
Evaluation time: 0.05967
Reproduction time: 0.1706
-----------------------------------------------------------
Generation: 76
Evaluation time: 0.06815
Reproduction time: 0.16524
-----------------------------------------------------------
Generation: 77
Evaluation time: 0.04628
Reproduction time: 0.17442
-----------------------------------------------------------
Generation: 78
Evaluation time: 0.04559
Reproduction time: 0.20674
-----------------------------------------------------------
Generation: 79
Evaluation time: 0.06239
Reproduction time: 0.17935
-----------------------------------------------------------
Generation: 80
Evaluation time: 0.04564
Reproduction time: 0.17461
-----------------------------------------------------------
Generation: 81
Evaluation time: 0.06041
Reproduction time: 0.34028
-----------------------------------------------------------
Generation: 82
Evaluation time: 0.06855
Reproduction time: 0.1944
-----------------------------------------------------------
Generation: 83
Evaluation time: 0.04783
Reproduction time: 0.19007
-----------------------------------------------------------
Generation: 84
Evaluation time: 0.0644
Reproduction time: 0.19581
-----------------------------------------------------------
Generation: 85
Evaluation time: 0.06028
Reproduction time: 0.17526
-----------------------------------------------------------
Generation: 86
Evaluation time: 0.04792
Reproduction time: 0.198
-----------------------------------------------------------
Generation: 87
Evaluation time: 0.06717
Reproduction time: 0.17249
-----------------------------------------------------------
Generation: 88
Evaluation time: 0.078
Reproduction time: 0.16592
-----------------------------------------------------------
Generation: 89
Evaluation time: 0.07458
Reproduction time: 0.16789
-----------------------------------------------------------
Generation: 90
Evaluation time: 0.04747
Reproduction time: 0.1648
-----------------------------------------------------------
Generation: 91
Evaluation time: 0.03803
Reproduction time: 0.36303
-----------------------------------------------------------
Generation: 92
Evaluation time: 0.04458
Reproduction time: 0.23215
-----------------------------------------------------------
Generation: 93
Evaluation time: 0.04513
Reproduction time: 0.20802
-----------------------------------------------------------
Generation: 94
Evaluation time: 0.07137
Reproduction time: 0.18783
-----------------------------------------------------------
Generation: 95
Evaluation time: 0.04767
Reproduction time: 0.16291
-----------------------------------------------------------
Generation: 96
Evaluation time: 0.0628
Reproduction time: 0.17466
-----------------------------------------------------------
Generation: 97
Evaluation time: 0.08037
Reproduction time: 0.17505
-----------------------------------------------------------
Generation: 98
Evaluation time: 0.04817
Reproduction time: 0.14813
-----------------------------------------------------------
Generation: 99
Evaluation time: 0.06537
Reproduction time: 0.16885
-----------------------------------------------------------
Generation: 100
Evaluation time: 0.08609
Reproduction time: 0.16931
-----------------------------------------------------------
Generation: 101
Evaluation time: 0.03796
Reproduction time: 0.33636
-----------------------------------------------------------
Generation: 102
Evaluation time: 0.05084
Reproduction time: 0.20508
-----------------------------------------------------------
Generation: 103
Evaluation time: 0.05521
Reproduction time: 0.18744
-----------------------------------------------------------
Generation: 104
Evaluation time: 0.05448
Reproduction time: 0.19256
-----------------------------------------------------------
Generation: 105
Evaluation time: 0.07035
Reproduction time: 0.19236
-----------------------------------------------------------
Generation: 106
Evaluation time: 0.07743
Reproduction time: 0.17359
-----------------------------------------------------------
Generation: 107
Evaluation time: 0.04758
Reproduction time: 0.17017
-----------------------------------------------------------
Generation: 108
Evaluation time: 0.06971
Reproduction time: 0.18458
-----------------------------------------------------------
Generation: 109
Evaluation time: 0.04591
Reproduction time: 0.17753
-----------------------------------------------------------
Generation: 110
Evaluation time: 0.07035
Reproduction time: 0.18868
-----------------------------------------------------------
Generation: 111
Evaluation time: 0.04463
Reproduction time: 0.30216
-----------------------------------------------------------
Generation: 112
Evaluation time: 0.06795
Reproduction time: 0.21138
-----------------------------------------------------------
Generation: 113
Evaluation time: 0.0487
Reproduction time: 0.17068
-----------------------------------------------------------
Generation: 114
Evaluation time: 0.04827
Reproduction time: 0.19708
-----------------------------------------------------------
Generation: 115
Evaluation time: 0.06865
Reproduction time: 0.18248
-----------------------------------------------------------
Generation: 116
Evaluation time: 0.06527
Reproduction time: 0.16469
-----------------------------------------------------------
Generation: 117
Evaluation time: 0.07534
Reproduction time: 0.17277
-----------------------------------------------------------
Generation: 118
Evaluation time: 0.07387
Reproduction time: 0.17465
-----------------------------------------------------------
Generation: 119
Evaluation time: 0.04694
Reproduction time: 0.17804
-----------------------------------------------------------
Generation: 120
Evaluation time: 0.04586
Reproduction time: 0.19827
-----------------------------------------------------------
Generation: 121
Evaluation time: 0.06358
Reproduction time: 0.34483
-----------------------------------------------------------
Generation: 122
Evaluation time: 0.04526
Reproduction time: 0.17409
-----------------------------------------------------------
Generation: 123
Evaluation time: 0.06918
Reproduction time: 0.19201
-----------------------------------------------------------
Generation: 124
Evaluation time: 0.06773
Reproduction time: 0.17439
-----------------------------------------------------------
Generation: 125
Evaluation time: 0.06365
Reproduction time: 0.16802
-----------------------------------------------------------
Generation: 126
Evaluation time: 0.0591
Reproduction time: 0.17326
-----------------------------------------------------------
Generation: 127
Evaluation time: 0.04561
Reproduction time: 0.17604
-----------------------------------------------------------
Generation: 128
Evaluation time: 0.0457
Reproduction time: 0.18188
-----------------------------------------------------------
Generation: 129
Evaluation time: 0.0457
Reproduction time: 0.18612
-----------------------------------------------------------
Generation: 130
Evaluation time: 0.04561
Reproduction time: 0.20143
-----------------------------------------------------------
Generation: 131
Evaluation time: 0.03771
Reproduction time: 0.38305
-----------------------------------------------------------
Generation: 132
Evaluation time: 0.0513
Reproduction time: 0.19173
-----------------------------------------------------------
Generation: 133
Evaluation time: 0.05315
Reproduction time: 0.19201
-----------------------------------------------------------
Generation: 134
Evaluation time: 0.07111
Reproduction time: 0.18343
-----------------------------------------------------------
Generation: 135
Evaluation time: 0.07721
Reproduction time: 0.17087
-----------------------------------------------------------
Generation: 136
Evaluation time: 0.04624
Reproduction time: 0.14491
-----------------------------------------------------------
Generation: 137
Evaluation time: 0.06622
Reproduction time: 0.17677
-----------------------------------------------------------
Generation: 138
Evaluation time: 0.04607
Reproduction time: 0.15527
-----------------------------------------------------------
Generation: 139
Evaluation time: 0.06745
Reproduction time: 0.18214
-----------------------------------------------------------
Generation: 140
Evaluation time: 0.04447
Reproduction time: 0.16095
-----------------------------------------------------------
Generation: 141
Evaluation time: 0.06243
Reproduction time: 0.36834
-----------------------------------------------------------
Generation: 142
Evaluation time: 0.04458
Reproduction time: 0.2111
-----------------------------------------------------------
Generation: 143
Evaluation time: 0.04631
Reproduction time: 0.20699
-----------------------------------------------------------
Generation: 144
Evaluation time: 0.07359
Reproduction time: 0.17785
-----------------------------------------------------------
Generation: 145
Evaluation time: 0.04659
Reproduction time: 0.16949
-----------------------------------------------------------
Generation: 146
Evaluation time: 0.0719
Reproduction time: 0.15356
-----------------------------------------------------------
Generation: 147
Evaluation time: 0.07685
Reproduction time: 0.16255
-----------------------------------------------------------
Generation: 148
Evaluation time: 0.04627
Reproduction time: 0.17445
-----------------------------------------------------------
Generation: 149
Evaluation time: 0.04598
Reproduction time: 0.22535
-----------------------------------------------------------
Generation: 150
Evaluation time: 0.06353
Reproduction time: 0.16684
-----------------------------------------------------------
Generation: 151
Evaluation time: 0.0411
Reproduction time: 0.35393
-----------------------------------------------------------
Generation: 152
Evaluation time: 0.04546
Reproduction time: 0.22491
-----------------------------------------------------------
Generation: 153
Evaluation time: 0.04599
Reproduction time: 0.18701
-----------------------------------------------------------
Generation: 154
Evaluation time: 0.07123
Reproduction time: 0.16634
-----------------------------------------------------------
Generation: 155
Evaluation time: 0.04744
Reproduction time: 0.16882
-----------------------------------------------------------
Generation: 156
Evaluation time: 0.04653
Reproduction time: 0.17275
-----------------------------------------------------------
Generation: 157
Evaluation time: 0.0634
Reproduction time: 0.18159
-----------------------------------------------------------
Generation: 158
Evaluation time: 0.07861
Reproduction time: 0.1538
-----------------------------------------------------------
Generation: 159
Evaluation time: 0.04833
Reproduction time: 0.16357
-----------------------------------------------------------
Generation: 160
Evaluation time: 0.06348
Reproduction time: 0.16755
-----------------------------------------------------------
Generation: 161
Evaluation time: 0.06036
Reproduction time: 0.35278
-----------------------------------------------------------
Generation: 162
Evaluation time: 0.06729
Reproduction time: 0.19355
-----------------------------------------------------------
Generation: 163
Evaluation time: 0.05662
Reproduction time: 0.18152
-----------------------------------------------------------
Generation: 164
Evaluation time: 0.04611
Reproduction time: 0.19909
-----------------------------------------------------------
Generation: 165
Evaluation time: 0.04632
Reproduction time: 0.21102
-----------------------------------------------------------
Generation: 166
Evaluation time: 0.04552
Reproduction time: 0.2095
-----------------------------------------------------------
Generation: 167
Evaluation time: 0.04521
Reproduction time: 0.20808
-----------------------------------------------------------
Generation: 168
Evaluation time: 0.04602
Reproduction time: 0.20611
-----------------------------------------------------------
Generation: 169
Evaluation time: 0.04603
Reproduction time: 0.18753
-----------------------------------------------------------
Generation: 170
Evaluation time: 0.04633
Reproduction time: 0.1968
-----------------------------------------------------------
Generation: 171
Evaluation time: 0.06519
Reproduction time: 0.34016
-----------------------------------------------------------
Generation: 172
Evaluation time: 0.05039
Reproduction time: 0.18632
-----------------------------------------------------------
Generation: 173
Evaluation time: 0.04511
Reproduction time: 0.20764
-----------------------------------------------------------
Generation: 174
Evaluation time: 0.05764
Reproduction time: 0.19805
-----------------------------------------------------------
Generation: 175
Evaluation time: 0.04676
Reproduction time: 0.20594
-----------------------------------------------------------
Generation: 176
Evaluation time: 0.04639
Reproduction time: 0.19644
-----------------------------------------------------------
Generation: 177
Evaluation time: 0.0461
Reproduction time: 0.2106
-----------------------------------------------------------
Generation: 178
Evaluation time: 0.04591
Reproduction time: 0.21256
-----------------------------------------------------------
Generation: 179
Evaluation time: 0.04621
Reproduction time: 0.21271
-----------------------------------------------------------
Generation: 180
Evaluation time: 0.04553
Reproduction time: 0.20925
-----------------------------------------------------------
Generation: 181
Evaluation time: 0.03842
Reproduction time: 0.36242
-----------------------------------------------------------
Generation: 182
Evaluation time: 0.04869
Reproduction time: 0.21257
-----------------------------------------------------------
Generation: 183
Evaluation time: 0.05292
Reproduction time: 0.2094
-----------------------------------------------------------
Generation: 184
Evaluation time: 0.05366
Reproduction time: 0.21218
-----------------------------------------------------------
Generation: 185
Evaluation time: 0.0537
Reproduction time: 0.22131
-----------------------------------------------------------
Generation: 186
Evaluation time: 0.07496
Reproduction time: 0.19432
-----------------------------------------------------------
Generation: 187
Evaluation time: 0.04655
Reproduction time: 0.16435
-----------------------------------------------------------
Generation: 188
Evaluation time: 0.06687
Reproduction time: 0.18663
-----------------------------------------------------------
Generation: 189
Evaluation time: 0.04614
Reproduction time: 0.16547
-----------------------------------------------------------
Generation: 190
Evaluation time: 0.03724
Reproduction time: 0.17657
-----------------------------------------------------------
Generation: 191
Evaluation time: 0.06472
Reproduction time: 0.36414
-----------------------------------------------------------
Generation: 192
Evaluation time: 0.06937
Reproduction time: 0.18521
-----------------------------------------------------------
Generation: 193
Evaluation time: 0.04699
Reproduction time: 0.19606
-----------------------------------------------------------
Generation: 194
Evaluation time: 0.06931
Reproduction time: 0.20114
-----------------------------------------------------------
Generation: 195
Evaluation time: 0.04676
Reproduction time: 0.22589
-----------------------------------------------------------
Generation: 196
Evaluation time: 0.0488
Reproduction time: 0.21694
-----------------------------------------------------------
Generation: 197
Evaluation time: 0.07074
Reproduction time: 0.17979
-----------------------------------------------------------
Generation: 198
Evaluation time: 0.04934
Reproduction time: 0.17576
-----------------------------------------------------------
Generation: 199
Evaluation time: 0.0769
Reproduction time: 0.18176
-----------------------------------------------------------
Generation: 200
Evaluation time: 0.04847
Reproduction time: 0.1666
-----------------------------------------------------------
Generation: 201
Evaluation time: 0.06517
Reproduction time: 0.3594
-----------------------------------------------------------
Generation: 202
Evaluation time: 0.07104
Reproduction time: 0.17277
-----------------------------------------------------------
Generation: 203
Evaluation time: 0.04748
Reproduction time: 0.19613
-----------------------------------------------------------
Generation: 204
Evaluation time: 0.05615
Reproduction time: 0.21215
-----------------------------------------------------------
Generation: 205
Evaluation time: 0.0467
Reproduction time: 0.22219
-----------------------------------------------------------
Generation: 206
Evaluation time: 0.04732
Reproduction time: 0.22032
-----------------------------------------------------------
Generation: 207
Evaluation time: 0.04668
Reproduction time: 0.20675
-----------------------------------------------------------
Generation: 208
Evaluation time: 0.04633
Reproduction time: 0.23218
-----------------------------------------------------------
Generation: 209
Evaluation time: 0.04609
Reproduction time: 0.21698
-----------------------------------------------------------
Generation: 210
Evaluation time: 0.04674
Reproduction time: 0.21592
-----------------------------------------------------------
Generation: 211
Evaluation time: 0.03859
Reproduction time: 0.37851
-----------------------------------------------------------
Generation: 212
Evaluation time: 0.04973
Reproduction time: 0.21895
-----------------------------------------------------------
Generation: 213
Evaluation time: 0.05618
Reproduction time: 0.19698
-----------------------------------------------------------
Generation: 214
Evaluation time: 0.07445
Reproduction time: 0.19499
-----------------------------------------------------------
Generation: 215
Evaluation time: 0.07477
Reproduction time: 0.17453
-----------------------------------------------------------
Generation: 216
Evaluation time: 0.04737
Reproduction time: 0.16011
-----------------------------------------------------------
Generation: 217
Evaluation time: 0.07004
Reproduction time: 0.18131
-----------------------------------------------------------
Generation: 218
Evaluation time: 0.0462
Reproduction time: 0.17546
-----------------------------------------------------------
Generation: 219
Evaluation time: 0.06145
Reproduction time: 0.17694
-----------------------------------------------------------
Generation: 220
Evaluation time: 0.07471
Reproduction time: 0.16554
-----------------------------------------------------------
Generation: 221
Evaluation time: 0.03862
Reproduction time: 0.33761
-----------------------------------------------------------
Generation: 222
Evaluation time: 0.05753
Reproduction time: 0.21096
-----------------------------------------------------------
Generation: 223
Evaluation time: 0.04597
Reproduction time: 0.20567
-----------------------------------------------------------
Generation: 224
Evaluation time: 0.04612
Reproduction time: 0.1958
-----------------------------------------------------------
Generation: 225
Evaluation time: 0.04558
Reproduction time: 0.1934
-----------------------------------------------------------
Generation: 226
Evaluation time: 0.04591
Reproduction time: 0.19957
-----------------------------------------------------------
Generation: 227
Evaluation time: 0.04604
Reproduction time: 0.1905
-----------------------------------------------------------
Generation: 228
Evaluation time: 0.04605
Reproduction time: 0.19755
-----------------------------------------------------------
Generation: 229
Evaluation time: 0.04657
Reproduction time: 0.19267
-----------------------------------------------------------
Generation: 230
Evaluation time: 0.04616
Reproduction time: 0.19955
-----------------------------------------------------------
Generation: 231
Evaluation time: 0.0629
Reproduction time: 0.34213
-----------------------------------------------------------
Generation: 232
Evaluation time: 0.0645
Reproduction time: 0.20249
-----------------------------------------------------------
Generation: 233
Evaluation time: 0.07023
Reproduction time: 0.212
-----------------------------------------------------------
Generation: 234
Evaluation time: 0.07514
Reproduction time: 0.1962
-----------------------------------------------------------
Generation: 235
Evaluation time: 0.08029
Reproduction time: 0.18497
-----------------------------------------------------------
Generation: 236
Evaluation time: 0.04836
Reproduction time: 0.18245
-----------------------------------------------------------
Generation: 237
Evaluation time: 0.04794
Reproduction time: 0.22011
-----------------------------------------------------------
Generation: 238
Evaluation time: 0.07179
Reproduction time: 0.19418
-----------------------------------------------------------
Generation: 239
Evaluation time: 0.04758
Reproduction time: 0.17558
-----------------------------------------------------------
Generation: 240
Evaluation time: 0.04812
Reproduction time: 0.2008
-----------------------------------------------------------
Generation: 241
Evaluation time: 0.06347
Reproduction time: 0.36939
-----------------------------------------------------------
Generation: 242
Evaluation time: 0.06157
Reproduction time: 0.20294
-----------------------------------------------------------
Generation: 243
Evaluation time: 0.07514
Reproduction time: 0.21084
-----------------------------------------------------------
Generation: 244
Evaluation time: 0.07362
Reproduction time: 0.19708
-----------------------------------------------------------
Generation: 245
Evaluation time: 0.0753
Reproduction time: 0.18573
-----------------------------------------------------------
Generation: 246
Evaluation time: 0.05103
Reproduction time: 0.16981
-----------------------------------------------------------
Generation: 247
Evaluation time: 0.0472
Reproduction time: 0.20155
-----------------------------------------------------------
Generation: 248
Evaluation time: 0.06688
Reproduction time: 0.16517
-----------------------------------------------------------
Generation: 249
Evaluation time: 0.07201
Reproduction time: 0.1748
-----------------------------------------------------------
Generation: 250
Evaluation time: 0.07124
Reproduction time: 0.18136
-----------------------------------------------------------
Generation: 251
Evaluation time: 0.06498
Reproduction time: 0.3551
-----------------------------------------------------------
Generation: 252
Evaluation time: 0.073
Reproduction time: 0.19827
-----------------------------------------------------------
Generation: 253
Evaluation time: 0.05956
Reproduction time: 0.18597
-----------------------------------------------------------
Generation: 254
Evaluation time: 0.06252
Reproduction time: 0.17034
-----------------------------------------------------------
Generation: 255
Evaluation time: 0.04549
Reproduction time: 0.20514
-----------------------------------------------------------
Generation: 256
Evaluation time: 0.04625
Reproduction time: 0.20488
-----------------------------------------------------------
Generation: 257
Evaluation time: 0.0458
Reproduction time: 0.2065
-----------------------------------------------------------
Generation: 258
Evaluation time: 0.04612
Reproduction time: 0.202
-----------------------------------------------------------
Generation: 259
Evaluation time: 0.04571
Reproduction time: 0.21379
-----------------------------------------------------------
Generation: 260
Evaluation time: 0.07042
Reproduction time: 0.20316
-----------------------------------------------------------
Generation: 261
Evaluation time: 0.06504
Reproduction time: 0.3508
-----------------------------------------------------------
Generation: 262
Evaluation time: 0.07161
Reproduction time: 0.20507
-----------------------------------------------------------
Generation: 263
Evaluation time: 0.06955
Reproduction time: 0.17621
-----------------------------------------------------------
Generation: 264
Evaluation time: 0.06511
Reproduction time: 0.17688
-----------------------------------------------------------
Generation: 265
Evaluation time: 0.04753
Reproduction time: 0.20937
-----------------------------------------------------------
Generation: 266
Evaluation time: 0.06399
Reproduction time: 0.1763
-----------------------------------------------------------
Generation: 267
Evaluation time: 0.06112
Reproduction time: 0.18299
-----------------------------------------------------------
Generation: 268
Evaluation time: 0.04731
Reproduction time: 0.20522
-----------------------------------------------------------
Generation: 269
Evaluation time: 0.06515
Reproduction time: 0.17254
-----------------------------------------------------------
Generation: 270
Evaluation time: 0.07026
Reproduction time: 0.17454
-----------------------------------------------------------
Generation: 271
Evaluation time: 0.06408
Reproduction time: 0.35925
-----------------------------------------------------------
Generation: 272
Evaluation time: 0.04548
Reproduction time: 0.20216
-----------------------------------------------------------
Generation: 273
Evaluation time: 0.07437
Reproduction time: 0.20276
-----------------------------------------------------------
Generation: 274
Evaluation time: 0.06911
Reproduction time: 0.16207
-----------------------------------------------------------
Generation: 275
Evaluation time: 0.06241
Reproduction time: 0.19038
-----------------------------------------------------------
Generation: 276
Evaluation time: 0.04679
Reproduction time: 0.20601
-----------------------------------------------------------
Generation: 277
Evaluation time: 0.06303
Reproduction time: 0.19161
-----------------------------------------------------------
Generation: 278
Evaluation time: 0.07284
Reproduction time: 0.18154
-----------------------------------------------------------
Generation: 279
Evaluation time: 0.07364
Reproduction time: 0.18799
-----------------------------------------------------------
Generation: 280
Evaluation time: 0.04655
Reproduction time: 0.18287
-----------------------------------------------------------
Generation: 281
Evaluation time: 0.04305
Reproduction time: 0.35772
-----------------------------------------------------------
Generation: 282
Evaluation time: 0.04519
Reproduction time: 0.22471
-----------------------------------------------------------
Generation: 283
Evaluation time: 0.06724
Reproduction time: 0.19719
-----------------------------------------------------------
Generation: 284
Evaluation time: 0.06014
Reproduction time: 0.17262
-----------------------------------------------------------
Generation: 285
Evaluation time: 0.04633
Reproduction time: 0.20694
-----------------------------------------------------------
Generation: 286
Evaluation time: 0.05973
Reproduction time: 0.2155
-----------------------------------------------------------
Generation: 287
Evaluation time: 0.04637
Reproduction time: 0.22125
-----------------------------------------------------------
Generation: 288
Evaluation time: 0.04618
Reproduction time: 0.21266
-----------------------------------------------------------
Generation: 289
Evaluation time: 0.04609
Reproduction time: 0.21805
-----------------------------------------------------------
Generation: 290
Evaluation time: 0.0459
Reproduction time: 0.22495
-----------------------------------------------------------
Generation: 291
Evaluation time: 0.03829
Reproduction time: 0.38786
-----------------------------------------------------------
Generation: 292
Evaluation time: 0.05171
Reproduction time: 0.20454
-----------------------------------------------------------
Generation: 293
Evaluation time: 0.07132
Reproduction time: 0.20151
-----------------------------------------------------------
Generation: 294
Evaluation time: 0.06708
Reproduction time: 0.17711
-----------------------------------------------------------
Generation: 295
Evaluation time: 0.08349
Reproduction time: 0.17618
-----------------------------------------------------------
Generation: 296
Evaluation time: 0.04773
Reproduction time: 0.18196
-----------------------------------------------------------
Generation: 297
Evaluation time: 0.06337
Reproduction time: 0.18205
-----------------------------------------------------------
Generation: 298
Evaluation time: 0.04648
Reproduction time: 0.17992
-----------------------------------------------------------
Generation: 299
Evaluation time: 0.04638
Reproduction time: 0.2099
-----------------------------------------------------------
Generation: 300
Evaluation time: 0.07039
Reproduction time: 0.17214
-----------------------------------------------------------
Generation: 301
Evaluation time: 0.0629
Reproduction time: 0.31279
-----------------------------------------------------------
Generation: 302
Evaluation time: 0.0709
Reproduction time: 0.19428
-----------------------------------------------------------
Generation: 303
Evaluation time: 0.072
Reproduction time: 0.19785
-----------------------------------------------------------
Generation: 304
Evaluation time: 0.06404
Reproduction time: 0.17763
-----------------------------------------------------------
Generation: 305
Evaluation time: 0.06458
Reproduction time: 0.17547
-----------------------------------------------------------
Generation: 306
Evaluation time: 0.04841
Reproduction time: 0.21444
-----------------------------------------------------------
Generation: 307
Evaluation time: 0.065
Reproduction time: 0.17757
-----------------------------------------------------------
Generation: 308
Evaluation time: 0.07217
Reproduction time: 0.18257
-----------------------------------------------------------
Generation: 309
Evaluation time: 0.07601
Reproduction time: 0.17499
-----------------------------------------------------------
Generation: 310
Evaluation time: 0.08078
Reproduction time: 0.1662
-----------------------------------------------------------
Generation: 311
Evaluation time: 0.06574
Reproduction time: 0.30492
-----------------------------------------------------------
Generation: 312
Evaluation time: 0.05419
Reproduction time: 0.19439
-----------------------------------------------------------
Generation: 313
Evaluation time: 0.04459
Reproduction time: 0.21612
-----------------------------------------------------------
Generation: 314
Evaluation time: 0.04808
Reproduction time: 0.2135
-----------------------------------------------------------
Generation: 315
Evaluation time: 0.046
Reproduction time: 0.21714
-----------------------------------------------------------
Generation: 316
Evaluation time: 0.04754
Reproduction time: 0.2068
-----------------------------------------------------------
Generation: 317
Evaluation time: 0.04732
Reproduction time: 0.20781
-----------------------------------------------------------
Generation: 318
Evaluation time: 0.04692
Reproduction time: 0.20745
-----------------------------------------------------------
Generation: 319
Evaluation time: 0.04673
Reproduction time: 0.20606
-----------------------------------------------------------
Generation: 320
Evaluation time: 0.04669
Reproduction time: 0.2136
-----------------------------------------------------------
Generation: 321
Evaluation time: 0.04285
Reproduction time: 0.35071
-----------------------------------------------------------
Generation: 322
Evaluation time: 0.04657
Reproduction time: 0.21499
-----------------------------------------------------------
Generation: 323
Evaluation time: 0.06525
Reproduction time: 0.19822
-----------------------------------------------------------
Generation: 324
Evaluation time: 0.06051
Reproduction time: 0.17194
-----------------------------------------------------------
Generation: 325
Evaluation time: 0.04528
Reproduction time: 0.19686
-----------------------------------------------------------
Generation: 326
Evaluation time: 0.05812
Reproduction time: 0.20397
-----------------------------------------------------------
Generation: 327
Evaluation time: 0.04662
Reproduction time: 0.21289
-----------------------------------------------------------
Generation: 328
Evaluation time: 0.06239
Reproduction time: 0.18915
-----------------------------------------------------------
Generation: 329
Evaluation time: 0.06675
Reproduction time: 0.18999
-----------------------------------------------------------
Generation: 330
Evaluation time: 0.07913
Reproduction time: 0.18835
-----------------------------------------------------------
Generation: 331
Evaluation time: 0.03861
Reproduction time: 0.37511
-----------------------------------------------------------
Generation: 332
Evaluation time: 0.04908
Reproduction time: 0.21317
-----------------------------------------------------------
Generation: 333
Evaluation time: 0.05589
Reproduction time: 0.19576
-----------------------------------------------------------
Generation: 334
Evaluation time: 0.06974
Reproduction time: 0.20408
-----------------------------------------------------------
Generation: 335
Evaluation time: 0.0733
Reproduction time: 0.18905
-----------------------------------------------------------
Generation: 336
Evaluation time: 0.04786
Reproduction time: 0.1777
-----------------------------------------------------------
Generation: 337
Evaluation time: 0.06675
Reproduction time: 0.18216
-----------------------------------------------------------
Generation: 338
Evaluation time: 0.04651
Reproduction time: 0.16488
-----------------------------------------------------------
Generation: 339
Evaluation time: 0.04631
Reproduction time: 0.21478
-----------------------------------------------------------
Generation: 340
Evaluation time: 0.03731
Reproduction time: 0.17871
-----------------------------------------------------------
Generation: 341
Evaluation time: 0.06371
Reproduction time: 0.35062
-----------------------------------------------------------
Generation: 342
Evaluation time: 0.06984
Reproduction time: 0.20441
-----------------------------------------------------------
Generation: 343
Evaluation time: 0.04705
Reproduction time: 0.19663
-----------------------------------------------------------
Generation: 344
Evaluation time: 0.07113
Reproduction time: 0.20297
-----------------------------------------------------------
Generation: 345
Evaluation time: 0.06346
Reproduction time: 0.17837
-----------------------------------------------------------
Generation: 346
Evaluation time: 0.06338
Reproduction time: 0.16311
-----------------------------------------------------------
Generation: 347
Evaluation time: 0.06306
Reproduction time: 0.16471
-----------------------------------------------------------
Generation: 348
Evaluation time: 0.04738
Reproduction time: 0.21719
-----------------------------------------------------------
Generation: 349
Evaluation time: 0.06466
Reproduction time: 0.18285
-----------------------------------------------------------
Generation: 350
Evaluation time: 0.07813
Reproduction time: 0.1834
-----------------------------------------------------------
Generation: 351
Evaluation time: 0.0381
Reproduction time: 0.37996
-----------------------------------------------------------
Generation: 352
Evaluation time: 0.04996
Reproduction time: 0.2006
-----------------------------------------------------------
Generation: 353
Evaluation time: 0.07314
Reproduction time: 0.20187
-----------------------------------------------------------
Generation: 354
Evaluation time: 0.07669
Reproduction time: 0.17778
-----------------------------------------------------------
Generation: 355
Evaluation time: 0.04728
Reproduction time: 0.16981
-----------------------------------------------------------
Generation: 356
Evaluation time: 0.06369
Reproduction time: 0.16677
-----------------------------------------------------------
Generation: 357
Evaluation time: 0.08467
Reproduction time: 0.17861
-----------------------------------------------------------
Generation: 358
Evaluation time: 0.04818
Reproduction time: 0.16837
-----------------------------------------------------------
Generation: 359
Evaluation time: 0.06263
Reproduction time: 0.18631
-----------------------------------------------------------
Generation: 360
Evaluation time: 0.07433
Reproduction time: 0.18384
-----------------------------------------------------------
Generation: 361
Evaluation time: 0.06335
Reproduction time: 0.33564
-----------------------------------------------------------
Generation: 362
Evaluation time: 0.04773
Reproduction time: 0.21392
-----------------------------------------------------------
Generation: 363
Evaluation time: 0.04455
Reproduction time: 0.19684
-----------------------------------------------------------
Generation: 364
Evaluation time: 0.04591
Reproduction time: 0.20533
-----------------------------------------------------------
Generation: 365
Evaluation time: 0.0452
Reproduction time: 0.20632
-----------------------------------------------------------
Generation: 366
Evaluation time: 0.0456
Reproduction time: 0.19885
-----------------------------------------------------------
Generation: 367
Evaluation time: 0.0461
Reproduction time: 0.21691
-----------------------------------------------------------
Generation: 368
Evaluation time: 0.04499
Reproduction time: 0.2213
-----------------------------------------------------------
Generation: 369
Evaluation time: 0.04466
Reproduction time: 0.21039
-----------------------------------------------------------
Generation: 370
Evaluation time: 0.04439
Reproduction time: 0.2077
-----------------------------------------------------------
Generation: 371
Evaluation time: 0.0426
Reproduction time: 0.34046
-----------------------------------------------------------
Generation: 372
Evaluation time: 0.04497
Reproduction time: 0.2125
-----------------------------------------------------------
Generation: 373
Evaluation time: 0.06594
Reproduction time: 0.18771
-----------------------------------------------------------
Generation: 374
Evaluation time: 0.04614
Reproduction time: 0.22001
-----------------------------------------------------------
Generation: 375
Evaluation time: 0.04571
Reproduction time: 0.22146
-----------------------------------------------------------
Generation: 376
Evaluation time: 0.06601
Reproduction time: 0.18747
-----------------------------------------------------------
Generation: 377
Evaluation time: 0.08161
Reproduction time: 0.17688
-----------------------------------------------------------
Generation: 378
Evaluation time: 0.04819
Reproduction time: 0.16669
-----------------------------------------------------------
Generation: 379
Evaluation time: 0.06846
Reproduction time: 0.17077
-----------------------------------------------------------
Generation: 380
Evaluation time: 0.04666
Reproduction time: 0.15979
-----------------------------------------------------------
Generation: 381
Evaluation time: 0.06345
Reproduction time: 0.34009
-----------------------------------------------------------
Generation: 382
Evaluation time: 0.07205
Reproduction time: 0.19086
-----------------------------------------------------------
Generation: 383
Evaluation time: 0.04585
Reproduction time: 0.19872
-----------------------------------------------------------
Generation: 384
Evaluation time: 0.06485
Reproduction time: 0.18893
-----------------------------------------------------------
Generation: 385
Evaluation time: 0.04792
Reproduction time: 0.19057
-----------------------------------------------------------
Generation: 386
Evaluation time: 0.0639
Reproduction time: 0.1746
-----------------------------------------------------------
Generation: 387
Evaluation time: 0.07442
Reproduction time: 0.17513
-----------------------------------------------------------
Generation: 388
Evaluation time: 0.08215
Reproduction time: 0.16513
-----------------------------------------------------------
Generation: 389
Evaluation time: 0.04951
Reproduction time: 0.17071
-----------------------------------------------------------
Generation: 390
Evaluation time: 0.04679
Reproduction time: 0.21864
-----------------------------------------------------------
Generation: 391
Evaluation time: 0.06051
Reproduction time: 0.36738
-----------------------------------------------------------
Generation: 392
Evaluation time: 0.05216
Reproduction time: 0.17848
-----------------------------------------------------------
Generation: 393
Evaluation time: 0.05765
Reproduction time: 0.16497
-----------------------------------------------------------
Generation: 394
Evaluation time: 0.05719
Reproduction time: 0.16561
-----------------------------------------------------------
Generation: 395
Evaluation time: 0.05811
Reproduction time: 0.17244
-----------------------------------------------------------
Generation: 396
Evaluation time: 0.05673
Reproduction time: 0.16523
-----------------------------------------------------------
Generation: 397
Evaluation time: 0.05833
Reproduction time: 0.16527
-----------------------------------------------------------
Generation: 398
Evaluation time: 0.0579
Reproduction time: 0.17011
-----------------------------------------------------------
Generation: 399
Evaluation time: 0.05858
Reproduction time: 0.1713
-----------------------------------------------------------
Generation: 400
Evaluation time: 0.05935
Reproduction time: 0.16971
-----------------------------------------------------------
Generation: 401
Evaluation time: 0.06419
Reproduction time: 0.33958
-----------------------------------------------------------
Generation: 402
Evaluation time: 0.07525
Reproduction time: 0.19812
-----------------------------------------------------------
Generation: 403
Evaluation time: 0.0476
Reproduction time: 0.19429
-----------------------------------------------------------
Generation: 404
Evaluation time: 0.04672
Reproduction time: 0.18922
-----------------------------------------------------------
Generation: 405
Evaluation time: 0.04694
Reproduction time: 0.20801
-----------------------------------------------------------
Generation: 406
Evaluation time: 0.07154
Reproduction time: 0.17605
-----------------------------------------------------------
Generation: 407
Evaluation time: 0.04763
Reproduction time: 0.16968
-----------------------------------------------------------
Generation: 408
Evaluation time: 0.04738
Reproduction time: 0.19583
-----------------------------------------------------------
Generation: 409
Evaluation time: 0.06945
Reproduction time: 0.17972
-----------------------------------------------------------
Generation: 410
Evaluation time: 0.07486
Reproduction time: 0.18211
-----------------------------------------------------------
Generation: 411
Evaluation time: 0.0386
Reproduction time: 0.38124
-----------------------------------------------------------
Generation: 412
Evaluation time: 0.05025
Reproduction time: 0.21866
-----------------------------------------------------------
Generation: 413
Evaluation time: 0.05429
Reproduction time: 0.20915
-----------------------------------------------------------
Generation: 414
Evaluation time: 0.0552
Reproduction time: 0.2093
-----------------------------------------------------------
Generation: 415
Evaluation time: 0.07114
Reproduction time: 0.20984
-----------------------------------------------------------
Generation: 416
Evaluation time: 0.07862
Reproduction time: 0.18793
-----------------------------------------------------------
Generation: 417
Evaluation time: 0.04784
Reproduction time: 0.17453
-----------------------------------------------------------
Generation: 418
Evaluation time: 0.03752
Reproduction time: 0.17697
-----------------------------------------------------------
Generation: 419
Evaluation time: 0.06064
Reproduction time: 0.1728
-----------------------------------------------------------
Generation: 420
Evaluation time: 0.04657
Reproduction time: 0.18938
-----------------------------------------------------------
Generation: 421
Evaluation time: 0.03777
Reproduction time: 0.37018
-----------------------------------------------------------
Generation: 422
Evaluation time: 0.05159
Reproduction time: 0.20393
-----------------------------------------------------------
Generation: 423
Evaluation time: 0.06729
Reproduction time: 0.20951
-----------------------------------------------------------
Generation: 424
Evaluation time: 0.06971
Reproduction time: 0.18217
-----------------------------------------------------------
Generation: 425
Evaluation time: 0.07366
Reproduction time: 0.18151
-----------------------------------------------------------
Generation: 426
Evaluation time: 0.04705
Reproduction time: 0.18696
-----------------------------------------------------------
Generation: 427
Evaluation time: 0.06088
Reproduction time: 0.17535
-----------------------------------------------------------
Generation: 428
Evaluation time: 0.07575
Reproduction time: 0.16917
-----------------------------------------------------------
Generation: 429
Evaluation time: 0.04723
Reproduction time: 0.14853
-----------------------------------------------------------
Generation: 430
Evaluation time: 0.04531
Reproduction time: 0.19528
-----------------------------------------------------------
Generation: 431
Evaluation time: 0.06283
Reproduction time: 0.3544
-----------------------------------------------------------
Generation: 432
Evaluation time: 0.0682
Reproduction time: 0.20063
-----------------------------------------------------------
Generation: 433
Evaluation time: 0.04848
Reproduction time: 0.19612
-----------------------------------------------------------
Generation: 434
Evaluation time: 0.04611
Reproduction time: 0.20689
-----------------------------------------------------------
Generation: 435
Evaluation time: 0.06659
Reproduction time: 0.20643
-----------------------------------------------------------
Generation: 436
Evaluation time: 0.04878
Reproduction time: 0.20731
-----------------------------------------------------------
Generation: 437
Evaluation time: 0.07274
Reproduction time: 0.19187
-----------------------------------------------------------
Generation: 438
Evaluation time: 0.08139
Reproduction time: 0.16921
-----------------------------------------------------------
Generation: 439
Evaluation time: 0.04826
Reproduction time: 0.17617
-----------------------------------------------------------
Generation: 440
Evaluation time: 0.06616
Reproduction time: 0.17958
-----------------------------------------------------------
Generation: 441
Evaluation time: 0.03866
Reproduction time: 0.37086
-----------------------------------------------------------
Generation: 442
Evaluation time: 0.04975
Reproduction time: 0.21313
-----------------------------------------------------------
Generation: 443
Evaluation time: 0.05447
Reproduction time: 0.20568
-----------------------------------------------------------
Generation: 444
Evaluation time: 0.05921
Reproduction time: 0.20207
-----------------------------------------------------------
Generation: 445
Evaluation time: 0.06362
Reproduction time: 0.17329
-----------------------------------------------------------
Generation: 446
Evaluation time: 0.04637
Reproduction time: 0.16927
-----------------------------------------------------------
Generation: 447
Evaluation time: 0.06118
Reproduction time: 0.17492
-----------------------------------------------------------
Generation: 448
Evaluation time: 0.04579
Reproduction time: 0.17491
-----------------------------------------------------------
Generation: 449
Evaluation time: 0.04549
Reproduction time: 0.2001
-----------------------------------------------------------
Generation: 450
Evaluation time: 0.03962
Reproduction time: 0.1707
-----------------------------------------------------------
Generation: 451
Evaluation time: 0.06173
Reproduction time: 0.33658
-----------------------------------------------------------
Generation: 452
Evaluation time: 0.06978
Reproduction time: 0.19531
-----------------------------------------------------------
Generation: 453
Evaluation time: 0.04848
Reproduction time: 0.20042
-----------------------------------------------------------
Generation: 454
Evaluation time: 0.04811
Reproduction time: 0.19995
-----------------------------------------------------------
Generation: 455
Evaluation time: 0.06919
Reproduction time: 0.1899
-----------------------------------------------------------
Generation: 456
Evaluation time: 0.06562
Reproduction time: 0.16732
-----------------------------------------------------------
Generation: 457
Evaluation time: 0.06666
Reproduction time: 0.16854
-----------------------------------------------------------
Generation: 458
Evaluation time: 0.06594
Reproduction time: 0.18087
-----------------------------------------------------------
Generation: 459
Evaluation time: 0.0637
Reproduction time: 0.17217
-----------------------------------------------------------
Generation: 460
Evaluation time: 0.06903
Reproduction time: 0.1879
-----------------------------------------------------------
Generation: 461
Evaluation time: 0.03771
Reproduction time: 0.37544
-----------------------------------------------------------
Generation: 462
Evaluation time: 0.0523
Reproduction time: 0.21113
-----------------------------------------------------------
Generation: 463
Evaluation time: 0.05446
Reproduction time: 0.19661
-----------------------------------------------------------
Generation: 464
Evaluation time: 0.05542
Reproduction time: 0.20701
-----------------------------------------------------------
Generation: 465
Evaluation time: 0.07196
Reproduction time: 0.19842
-----------------------------------------------------------
Generation: 466
Evaluation time: 0.0473
Reproduction time: 0.16997
-----------------------------------------------------------
Generation: 467
Evaluation time: 0.06117
Reproduction time: 0.14397
-----------------------------------------------------------
Generation: 468
Evaluation time: 0.04641
Reproduction time: 0.16641
-----------------------------------------------------------
Generation: 469
Evaluation time: 0.06983
Reproduction time: 0.16881
-----------------------------------------------------------
Generation: 470
Evaluation time: 0.04637
Reproduction time: 0.16526
-----------------------------------------------------------
Generation: 471
Evaluation time: 0.06349
Reproduction time: 0.36946
-----------------------------------------------------------
Generation: 472
Evaluation time: 0.04516
Reproduction time: 0.19712
-----------------------------------------------------------
Generation: 473
Evaluation time: 0.06232
Reproduction time: 0.20498
-----------------------------------------------------------
Generation: 474
Evaluation time: 0.06283
Reproduction time: 0.17702
-----------------------------------------------------------
Generation: 475
Evaluation time: 0.04638
Reproduction time: 0.18846
-----------------------------------------------------------
Generation: 476
Evaluation time: 0.06458
Reproduction time: 0.16485
-----------------------------------------------------------
Generation: 477
Evaluation time: 0.0654
Reproduction time: 0.16809
-----------------------------------------------------------
Generation: 478
Evaluation time: 0.06247
Reproduction time: 0.16944
-----------------------------------------------------------
Generation: 479
Evaluation time: 0.0663
Reproduction time: 0.16827
-----------------------------------------------------------
Generation: 480
Evaluation time: 0.06442
Reproduction time: 0.16935
-----------------------------------------------------------
Generation: 481
Evaluation time: 0.06527
Reproduction time: 0.35702
-----------------------------------------------------------
Generation: 482
Evaluation time: 0.07152
Reproduction time: 0.21376
-----------------------------------------------------------
Generation: 483
Evaluation time: 0.07019
Reproduction time: 0.17771
-----------------------------------------------------------
Generation: 484
Evaluation time: 0.06692
Reproduction time: 0.17792
-----------------------------------------------------------
Generation: 485
Evaluation time: 0.06124
Reproduction time: 0.16885
-----------------------------------------------------------
Generation: 486
Evaluation time: 0.04616
Reproduction time: 0.20112
-----------------------------------------------------------
Generation: 487
Evaluation time: 0.04613
Reproduction time: 0.20385
-----------------------------------------------------------
Generation: 488
Evaluation time: 0.04645
Reproduction time: 0.20479
-----------------------------------------------------------
Generation: 489
Evaluation time: 0.0468
Reproduction time: 0.21038
-----------------------------------------------------------
Generation: 490
Evaluation time: 0.04694
Reproduction time: 0.19711
-----------------------------------------------------------
Generation: 491
Evaluation time: 0.03833
Reproduction time: 0.36624
-----------------------------------------------------------
Generation: 492
Evaluation time: 0.04567
Reproduction time: 0.24041
-----------------------------------------------------------
Generation: 493
Evaluation time: 0.04761
Reproduction time: 0.213
-----------------------------------------------------------
Generation: 494
Evaluation time: 0.0675
Reproduction time: 0.21125
-----------------------------------------------------------
Generation: 495
Evaluation time: 0.06713
Reproduction time: 0.18911
-----------------------------------------------------------
Generation: 496
Evaluation time: 0.08386
Reproduction time: 0.1789
-----------------------------------------------------------
Generation: 497
Evaluation time: 0.04762
Reproduction time: 0.1721
-----------------------------------------------------------
Generation: 498
Evaluation time: 0.07435
Reproduction time: 0.1703
-----------------------------------------------------------
Generation: 499
Evaluation time: 0.04743
Reproduction time: 0.17224
-----------------------------------------------------------
Generation: 500
Evaluation time: 0.07449
Reproduction time: 0.17703
-----------------------------------------------------------
Generation: 501
Evaluation time: 0.03769
Reproduction time: 0.34283
-----------------------------------------------------------
Generation: 502
Evaluation time: 0.05494
Reproduction time: 0.20506
-----------------------------------------------------------
Generation: 503
Evaluation time: 0.04574
Reproduction time: 0.21276
-----------------------------------------------------------
Generation: 504
Evaluation time: 0.04476
Reproduction time: 0.21078
-----------------------------------------------------------
Generation: 505
Evaluation time: 0.04497
Reproduction time: 0.21343
-----------------------------------------------------------
Generation: 506
Evaluation time: 0.04616
Reproduction time: 0.18794
-----------------------------------------------------------
Generation: 507
Evaluation time: 0.04574
Reproduction time: 0.20329
-----------------------------------------------------------
Generation: 508
Evaluation time: 0.04565
Reproduction time: 0.20033
-----------------------------------------------------------
Generation: 509
Evaluation time: 0.04516
Reproduction time: 0.2043
-----------------------------------------------------------
Generation: 510
Evaluation time: 0.04622
Reproduction time: 0.20907
-----------------------------------------------------------
Generation: 511
Evaluation time: 0.03838
Reproduction time: 0.34818
-----------------------------------------------------------
Generation: 512
Evaluation time: 0.05417
Reproduction time: 0.1983
-----------------------------------------------------------
Generation: 513
Evaluation time: 0.04571
Reproduction time: 0.19096
-----------------------------------------------------------
Generation: 514
Evaluation time: 0.04544
Reproduction time: 0.18659
-----------------------------------------------------------
Generation: 515
Evaluation time: 0.04592
Reproduction time: 0.1981
-----------------------------------------------------------
Generation: 516
Evaluation time: 0.04511
Reproduction time: 0.18995
-----------------------------------------------------------
Generation: 517
Evaluation time: 0.04529
Reproduction time: 0.18939
-----------------------------------------------------------
Generation: 518
Evaluation time: 0.04585
Reproduction time: 0.18865
-----------------------------------------------------------
Generation: 519
Evaluation time: 0.0462
Reproduction time: 0.18275
-----------------------------------------------------------
Generation: 520
Evaluation time: 0.04632
Reproduction time: 0.20658
-----------------------------------------------------------
Generation: 521
Evaluation time: 0.06344
Reproduction time: 0.3489
-----------------------------------------------------------
Generation: 522
Evaluation time: 0.04532
Reproduction time: 0.19786
-----------------------------------------------------------
Generation: 523
Evaluation time: 0.04531
Reproduction time: 0.19778
-----------------------------------------------------------
Generation: 524
Evaluation time: 0.07391
Reproduction time: 0.18503
-----------------------------------------------------------
Generation: 525
Evaluation time: 0.07825
Reproduction time: 0.18166
-----------------------------------------------------------
Generation: 526
Evaluation time: 0.07609
Reproduction time: 0.18794
-----------------------------------------------------------
Generation: 527
Evaluation time: 0.07631
Reproduction time: 0.18752
-----------------------------------------------------------
Generation: 528
Evaluation time: 0.07736
Reproduction time: 0.18552
-----------------------------------------------------------
Generation: 529
Evaluation time: 0.04808
Reproduction time: 0.17345
-----------------------------------------------------------
Generation: 530
Evaluation time: 0.04707
Reproduction time: 0.21648
-----------------------------------------------------------
Generation: 531
Evaluation time: 0.04336
Reproduction time: 0.36971
-----------------------------------------------------------
Generation: 532
Evaluation time: 0.07282
Reproduction time: 0.23385
-----------------------------------------------------------
Generation: 533
Evaluation time: 0.05915
Reproduction time: 0.18687
-----------------------------------------------------------
Generation: 534
Evaluation time: 0.04618
Reproduction time: 0.20741
-----------------------------------------------------------
Generation: 535
Evaluation time: 0.04543
Reproduction time: 0.20969
-----------------------------------------------------------
Generation: 536
Evaluation time: 0.07238
Reproduction time: 0.19819
-----------------------------------------------------------
Generation: 537
Evaluation time: 0.07462
Reproduction time: 0.17399
-----------------------------------------------------------
Generation: 538
Evaluation time: 0.07861
Reproduction time: 0.18419
-----------------------------------------------------------
Generation: 539
Evaluation time: 0.04702
Reproduction time: 0.16963
-----------------------------------------------------------
Generation: 540
Evaluation time: 0.06188
Reproduction time: 0.17086
-----------------------------------------------------------
Generation: 541
Evaluation time: 0.06391
Reproduction time: 0.35209
-----------------------------------------------------------
Generation: 542
Evaluation time: 0.06973
Reproduction time: 0.2031
-----------------------------------------------------------
Generation: 543
Evaluation time: 0.04703
Reproduction time: 0.21292
-----------------------------------------------------------
Generation: 544
Evaluation time: 0.06026
Reproduction time: 0.21208
-----------------------------------------------------------
Generation: 545
Evaluation time: 0.04776
Reproduction time: 0.21776
-----------------------------------------------------------
Generation: 546
Evaluation time: 0.04763
Reproduction time: 0.21884
-----------------------------------------------------------
Generation: 547
Evaluation time: 0.04813
Reproduction time: 0.20436
-----------------------------------------------------------
Generation: 548
Evaluation time: 0.04821
Reproduction time: 0.21502
-----------------------------------------------------------
Generation: 549
Evaluation time: 0.04742
Reproduction time: 0.21221
