1c90485afd1ba8c3eab46f1aabc344801b60eeda
-----------------------------------------------------------
Generation: 1
Evaluation time: 5.75557
Reproduction time: 0.0
-----------------------------------------------------------
Generation: 2
Evaluation time: 0.89246
Reproduction time: 2.23677
-----------------------------------------------------------
Generation: 3
Evaluation time: 0.77692
Reproduction time: 0.17247
-----------------------------------------------------------
Generation: 4
Evaluation time: 0.78186
Reproduction time: 0.18228
-----------------------------------------------------------
Generation: 5
Evaluation time: 0.77378
Reproduction time: 0.17439
-----------------------------------------------------------
Generation: 6
Evaluation time: 0.78057
Reproduction time: 0.17038
-----------------------------------------------------------
Generation: 7
Evaluation time: 0.78655
Reproduction time: 0.17334
-----------------------------------------------------------
Generation: 8
Evaluation time: 0.77357
Reproduction time: 0.16887
-----------------------------------------------------------
Generation: 9
Evaluation time: 0.85648
Reproduction time: 0.15785
-----------------------------------------------------------
Generation: 10
Evaluation time: 0.86856
Reproduction time: 0.13318
-----------------------------------------------------------
Generation: 11
Evaluation time: 0.79627
Reproduction time: 0.45585
-----------------------------------------------------------
Generation: 12
Evaluation time: 0.75796
Reproduction time: 0.17127
-----------------------------------------------------------
Generation: 13
Evaluation time: 0.8186
Reproduction time: 0.18302
-----------------------------------------------------------
Generation: 14
Evaluation time: 0.86055
Reproduction time: 0.18506
-----------------------------------------------------------
Generation: 15
Evaluation time: 0.83733
Reproduction time: 0.18142
-----------------------------------------------------------
Generation: 16
Evaluation time: 0.78431
Reproduction time: 0.16855
-----------------------------------------------------------
Generation: 17
Evaluation time: 0.8117
Reproduction time: 0.17002
-----------------------------------------------------------
Generation: 18
Evaluation time: 0.79469
Reproduction time: 0.17943
-----------------------------------------------------------
Generation: 19
Evaluation time: 0.78897
Reproduction time: 0.18945
-----------------------------------------------------------
Generation: 20
Evaluation time: 0.86699
Reproduction time: 0.18493
-----------------------------------------------------------
Generation: 21
Evaluation time: 0.7938
Reproduction time: 0.40091
-----------------------------------------------------------
Generation: 22
Evaluation time: 0.8329
Reproduction time: 0.15451
-----------------------------------------------------------
Generation: 23
Evaluation time: 0.79868
Reproduction time: 0.16274
-----------------------------------------------------------
Generation: 24
Evaluation time: 0.78356
Reproduction time: 0.16118
-----------------------------------------------------------
Generation: 25
Evaluation time: 0.84552
Reproduction time: 0.16767
-----------------------------------------------------------
Generation: 26
Evaluation time: 0.81237
Reproduction time: 0.12756
-----------------------------------------------------------
Generation: 27
Evaluation time: 0.84342
Reproduction time: 0.18407
-----------------------------------------------------------
Generation: 28
Evaluation time: 0.82359
Reproduction time: 0.13939
-----------------------------------------------------------
Generation: 29
Evaluation time: 0.80407
Reproduction time: 0.19772
-----------------------------------------------------------
Generation: 30
Evaluation time: 0.79235
Reproduction time: 0.20604
-----------------------------------------------------------
Generation: 31
Evaluation time: 0.83695
Reproduction time: 0.47446
-----------------------------------------------------------
Generation: 32
Evaluation time: 0.81777
Reproduction time: 0.15854
-----------------------------------------------------------
Generation: 33
Evaluation time: 0.79967
Reproduction time: 0.16318
-----------------------------------------------------------
Generation: 34
Evaluation time: 0.80893
Reproduction time: 0.17083
-----------------------------------------------------------
Generation: 35
Evaluation time: 0.81693
Reproduction time: 0.16905
-----------------------------------------------------------
Generation: 36
Evaluation time: 0.85333
Reproduction time: 0.16862
-----------------------------------------------------------
Generation: 37
Evaluation time: 0.83177
Reproduction time: 0.12935
-----------------------------------------------------------
Generation: 38
Evaluation time: 0.80376
Reproduction time: 0.18701
-----------------------------------------------------------
Generation: 39
Evaluation time: 0.80158
Reproduction time: 0.19922
-----------------------------------------------------------
Generation: 40
Evaluation time: 0.79706
Reproduction time: 0.19074
-----------------------------------------------------------
Generation: 41
Evaluation time: 0.8084
Reproduction time: 0.44248
-----------------------------------------------------------
Generation: 42
Evaluation time: 0.82718
Reproduction time: 0.158
-----------------------------------------------------------
Generation: 43
Evaluation time: 0.80985
Reproduction time: 0.1603
-----------------------------------------------------------
Generation: 44
Evaluation time: 0.75779
Reproduction time: 0.15801
-----------------------------------------------------------
Generation: 45
Evaluation time: 0.82947
Reproduction time: 0.16831
-----------------------------------------------------------
Generation: 46
Evaluation time: 0.82105
Reproduction time: 0.11337
-----------------------------------------------------------
Generation: 47
Evaluation time: 0.83898
Reproduction time: 0.17024
-----------------------------------------------------------
Generation: 48
Evaluation time: 0.81306
Reproduction time: 0.17846
-----------------------------------------------------------
Generation: 49
Evaluation time: 0.8095
Reproduction time: 0.19032
-----------------------------------------------------------
Generation: 50
Evaluation time: 0.86192
Reproduction time: 0.15349
-----------------------------------------------------------
Generation: 51
Evaluation time: 0.81894
Reproduction time: 0.4355
-----------------------------------------------------------
Generation: 52
Evaluation time: 0.84895
Reproduction time: 0.19814
-----------------------------------------------------------
Generation: 53
Evaluation time: 0.80644
Reproduction time: 0.16425
-----------------------------------------------------------
Generation: 54
Evaluation time: 0.78772
Reproduction time: 0.17431
-----------------------------------------------------------
Generation: 55
Evaluation time: 0.78757
Reproduction time: 0.17332
-----------------------------------------------------------
Generation: 56
Evaluation time: 0.84774
Reproduction time: 0.17286
-----------------------------------------------------------
Generation: 57
Evaluation time: 0.8184
Reproduction time: 0.1302
-----------------------------------------------------------
Generation: 58
Evaluation time: 0.80308
Reproduction time: 0.1917
-----------------------------------------------------------
Generation: 59
Evaluation time: 0.85671
Reproduction time: 0.18364
-----------------------------------------------------------
Generation: 60
Evaluation time: 0.86131
Reproduction time: 0.13454
-----------------------------------------------------------
Generation: 61
Evaluation time: 0.81416
Reproduction time: 0.46184
-----------------------------------------------------------
Generation: 62
Evaluation time: 0.83806
Reproduction time: 0.16357
-----------------------------------------------------------
Generation: 63
Evaluation time: 0.79181
Reproduction time: 0.14728
-----------------------------------------------------------
Generation: 64
Evaluation time: 0.81895
Reproduction time: 0.16684
-----------------------------------------------------------
Generation: 65
Evaluation time: 0.81232
Reproduction time: 0.17539
-----------------------------------------------------------
Generation: 66
Evaluation time: 0.82862
Reproduction time: 0.13192
-----------------------------------------------------------
Generation: 67
Evaluation time: 0.80904
Reproduction time: 0.20476
-----------------------------------------------------------
Generation: 68
Evaluation time: 0.86819
Reproduction time: 0.19846
-----------------------------------------------------------
Generation: 69
Evaluation time: 0.86671
Reproduction time: 0.13048
-----------------------------------------------------------
Generation: 70
Evaluation time: 0.85709
Reproduction time: 0.14718
-----------------------------------------------------------
Generation: 71
Evaluation time: 0.83124
Reproduction time: 0.47967
-----------------------------------------------------------
Generation: 72
Evaluation time: 0.84474
Reproduction time: 0.16018
-----------------------------------------------------------
Generation: 73
Evaluation time: 0.8141
Reproduction time: 0.16777
-----------------------------------------------------------
Generation: 74
Evaluation time: 0.82467
Reproduction time: 0.15688
-----------------------------------------------------------
Generation: 75
Evaluation time: 0.79721
Reproduction time: 0.16263
-----------------------------------------------------------
Generation: 76
Evaluation time: 0.86438
Reproduction time: 0.1776
-----------------------------------------------------------
Generation: 77
Evaluation time: 0.83684
Reproduction time: 0.13775
-----------------------------------------------------------
Generation: 78
Evaluation time: 0.82159
Reproduction time: 0.1972
-----------------------------------------------------------
Generation: 79
Evaluation time: 0.8151
Reproduction time: 0.20535
-----------------------------------------------------------
Generation: 80
Evaluation time: 0.89716
Reproduction time: 0.14639
-----------------------------------------------------------
Generation: 81
Evaluation time: 0.83664
Reproduction time: 0.41894
-----------------------------------------------------------
Generation: 82
Evaluation time: 0.80194
Reproduction time: 0.18595
-----------------------------------------------------------
Generation: 83
Evaluation time: 0.82824
Reproduction time: 0.17413
-----------------------------------------------------------
Generation: 84
Evaluation time: 0.81755
Reproduction time: 0.16709
-----------------------------------------------------------
Generation: 85
Evaluation time: 0.81335
Reproduction time: 0.1707
-----------------------------------------------------------
Generation: 86
Evaluation time: 0.75806
Reproduction time: 0.17368
-----------------------------------------------------------
Generation: 87
Evaluation time: 0.8254
Reproduction time: 0.18238
-----------------------------------------------------------
Generation: 88
Evaluation time: 0.81794
Reproduction time: 0.19172
-----------------------------------------------------------
Generation: 89
Evaluation time: 0.81353
Reproduction time: 0.20182
-----------------------------------------------------------
Generation: 90
Evaluation time: 0.80691
Reproduction time: 0.19689
-----------------------------------------------------------
Generation: 91
Evaluation time: 0.8069
Reproduction time: 0.47282
-----------------------------------------------------------
Generation: 92
Evaluation time: 0.84997
Reproduction time: 0.1679
-----------------------------------------------------------
Generation: 93
Evaluation time: 0.84975
Reproduction time: 0.14626
-----------------------------------------------------------
Generation: 94
Evaluation time: 0.82719
Reproduction time: 0.16517
-----------------------------------------------------------
Generation: 95
Evaluation time: 0.79731
Reproduction time: 0.16578
-----------------------------------------------------------
Generation: 96
Evaluation time: 0.78875
Reproduction time: 0.1574
-----------------------------------------------------------
Generation: 97
Evaluation time: 0.8015
Reproduction time: 0.16951
-----------------------------------------------------------
Generation: 98
Evaluation time: 0.80416
Reproduction time: 0.19609
-----------------------------------------------------------
Generation: 99
Evaluation time: 0.86773
Reproduction time: 0.17266
-----------------------------------------------------------
Generation: 100
Evaluation time: 0.85212
Reproduction time: 0.13533
-----------------------------------------------------------
Generation: 101
Evaluation time: 0.81562
Reproduction time: 0.43717
