dc43e6b329e33066069be8493e19c2dbaea01d1d
-----------------------------------------------------------
Generation: 1
Evaluation time: 1.54153
Reproduction time: 0.0
-----------------------------------------------------------
Generation: 2
Evaluation time: 0.05232
Reproduction time: 2.07716
-----------------------------------------------------------
Generation: 3
Evaluation time: 0.04756
Reproduction time: 0.18117
-----------------------------------------------------------
Generation: 4
Evaluation time: 0.0466
Reproduction time: 0.18958
-----------------------------------------------------------
Generation: 5
Evaluation time: 0.08009
Reproduction time: 0.17941
-----------------------------------------------------------
Generation: 6
Evaluation time: 0.0804
Reproduction time: 0.13455
-----------------------------------------------------------
Generation: 7
Evaluation time: 0.07189
Reproduction time: 0.13398
-----------------------------------------------------------
Generation: 8
Evaluation time: 0.06566
Reproduction time: 0.14132
-----------------------------------------------------------
Generation: 9
Evaluation time: 0.06425
Reproduction time: 0.13738
-----------------------------------------------------------
Generation: 10
Evaluation time: 0.04922
Reproduction time: 0.17429
-----------------------------------------------------------
Generation: 11
Evaluation time: 0.0403
Reproduction time: 0.45698
-----------------------------------------------------------
Generation: 12
Evaluation time: 0.04241
Reproduction time: 0.24141
-----------------------------------------------------------
Generation: 13
Evaluation time: 0.04345
Reproduction time: 0.22507
-----------------------------------------------------------
Generation: 14
Evaluation time: 0.05445
Reproduction time: 0.21055
-----------------------------------------------------------
Generation: 15
Evaluation time: 0.07019
Reproduction time: 0.17326
-----------------------------------------------------------
Generation: 16
Evaluation time: 0.04567
Reproduction time: 0.17529
-----------------------------------------------------------
Generation: 17
Evaluation time: 0.04288
Reproduction time: 0.20335
-----------------------------------------------------------
Generation: 18
Evaluation time: 0.06262
Reproduction time: 0.18153
-----------------------------------------------------------
Generation: 19
Evaluation time: 0.04622
Reproduction time: 0.178
-----------------------------------------------------------
Generation: 20
Evaluation time: 0.04229
Reproduction time: 0.20184
-----------------------------------------------------------
Generation: 21
Evaluation time: 0.06368
Reproduction time: 0.38145
-----------------------------------------------------------
Generation: 22
Evaluation time: 0.06429
Reproduction time: 0.19973
-----------------------------------------------------------
Generation: 23
Evaluation time: 0.04423
Reproduction time: 0.20352
-----------------------------------------------------------
Generation: 24
Evaluation time: 0.04317
Reproduction time: 0.20727
-----------------------------------------------------------
Generation: 25
Evaluation time: 0.05937
Reproduction time: 0.20624
-----------------------------------------------------------
Generation: 26
Evaluation time: 0.0435
Reproduction time: 0.22339
-----------------------------------------------------------
Generation: 27
Evaluation time: 0.06866
Reproduction time: 0.19307
-----------------------------------------------------------
Generation: 28
Evaluation time: 0.07462
Reproduction time: 0.19374
-----------------------------------------------------------
Generation: 29
Evaluation time: 0.04671
Reproduction time: 0.19233
-----------------------------------------------------------
Generation: 30
Evaluation time: 0.06315
Reproduction time: 0.18444
-----------------------------------------------------------
Generation: 31
Evaluation time: 0.06334
Reproduction time: 0.37814
-----------------------------------------------------------
Generation: 32
Evaluation time: 0.03865
Reproduction time: 0.19995
-----------------------------------------------------------
Generation: 33
Evaluation time: 0.07014
Reproduction time: 0.20263
-----------------------------------------------------------
Generation: 34
Evaluation time: 0.06801
Reproduction time: 0.18023
-----------------------------------------------------------
Generation: 35
Evaluation time: 0.0559
Reproduction time: 0.19234
-----------------------------------------------------------
Generation: 36
Evaluation time: 0.04455
Reproduction time: 0.22375
-----------------------------------------------------------
Generation: 37
Evaluation time: 0.06158
Reproduction time: 0.19738
-----------------------------------------------------------
Generation: 38
Evaluation time: 0.0688
Reproduction time: 0.18907
-----------------------------------------------------------
Generation: 39
Evaluation time: 0.04458
Reproduction time: 0.17636
-----------------------------------------------------------
Generation: 40
Evaluation time: 0.06495
Reproduction time: 0.18263
-----------------------------------------------------------
Generation: 41
Evaluation time: 0.03883
Reproduction time: 0.38285
-----------------------------------------------------------
Generation: 42
Evaluation time: 0.05967
Reproduction time: 0.20257
-----------------------------------------------------------
Generation: 43
Evaluation time: 0.05957
Reproduction time: 0.17717
-----------------------------------------------------------
Generation: 44
Evaluation time: 0.0595
Reproduction time: 0.1744
-----------------------------------------------------------
Generation: 45
Evaluation time: 0.05708
Reproduction time: 0.17404
-----------------------------------------------------------
Generation: 46
Evaluation time: 0.04513
Reproduction time: 0.21104
-----------------------------------------------------------
Generation: 47
Evaluation time: 0.04584
Reproduction time: 0.21609
-----------------------------------------------------------
Generation: 48
Evaluation time: 0.04512
Reproduction time: 0.20845
-----------------------------------------------------------
Generation: 49
Evaluation time: 0.04663
Reproduction time: 0.19425
-----------------------------------------------------------
Generation: 50
Evaluation time: 0.04676
Reproduction time: 0.19344
-----------------------------------------------------------
Generation: 51
Evaluation time: 0.06344
Reproduction time: 0.34117
-----------------------------------------------------------
Generation: 52
Evaluation time: 0.06002
Reproduction time: 0.21038
-----------------------------------------------------------
Generation: 53
Evaluation time: 0.04467
Reproduction time: 0.20659
-----------------------------------------------------------
Generation: 54
Evaluation time: 0.06523
Reproduction time: 0.19786
-----------------------------------------------------------
Generation: 55
Evaluation time: 0.06021
Reproduction time: 0.18284
-----------------------------------------------------------
Generation: 56
Evaluation time: 0.05968
Reproduction time: 0.18444
-----------------------------------------------------------
Generation: 57
Evaluation time: 0.05822
Reproduction time: 0.1991
-----------------------------------------------------------
Generation: 58
Evaluation time: 0.05984
Reproduction time: 0.1891
-----------------------------------------------------------
Generation: 59
Evaluation time: 0.05702
Reproduction time: 0.1906
-----------------------------------------------------------
Generation: 60
Evaluation time: 0.04403
Reproduction time: 0.21429
-----------------------------------------------------------
Generation: 61
Evaluation time: 0.04373
Reproduction time: 0.36767
-----------------------------------------------------------
Generation: 62
Evaluation time: 0.04141
Reproduction time: 0.25139
-----------------------------------------------------------
Generation: 63
Evaluation time: 0.06429
Reproduction time: 0.20377
-----------------------------------------------------------
Generation: 64
Evaluation time: 0.05949
Reproduction time: 0.17732
-----------------------------------------------------------
Generation: 65
Evaluation time: 0.044
Reproduction time: 0.21119
-----------------------------------------------------------
Generation: 66
Evaluation time: 0.04265
Reproduction time: 0.20398
-----------------------------------------------------------
Generation: 67
Evaluation time: 0.04323
Reproduction time: 0.2073
-----------------------------------------------------------
Generation: 68
Evaluation time: 0.04372
Reproduction time: 0.20904
-----------------------------------------------------------
Generation: 69
Evaluation time: 0.04261
Reproduction time: 0.20684
-----------------------------------------------------------
Generation: 70
Evaluation time: 0.04299
Reproduction time: 0.21326
-----------------------------------------------------------
Generation: 71
Evaluation time: 0.03888
Reproduction time: 0.4019
-----------------------------------------------------------
Generation: 72
Evaluation time: 0.04812
Reproduction time: 0.22759
-----------------------------------------------------------
Generation: 73
Evaluation time: 0.05873
Reproduction time: 0.1999
-----------------------------------------------------------
Generation: 74
Evaluation time: 0.07232
Reproduction time: 0.20055
-----------------------------------------------------------
Generation: 75
Evaluation time: 0.07607
Reproduction time: 0.17563
-----------------------------------------------------------
Generation: 76
Evaluation time: 0.04646
Reproduction time: 0.17246
-----------------------------------------------------------
Generation: 77
Evaluation time: 0.06839
Reproduction time: 0.19225
-----------------------------------------------------------
Generation: 78
Evaluation time: 0.04649
Reproduction time: 0.17914
-----------------------------------------------------------
Generation: 79
Evaluation time: 0.07142
Reproduction time: 0.17636
-----------------------------------------------------------
Generation: 80
Evaluation time: 0.04718
Reproduction time: 0.15677
-----------------------------------------------------------
Generation: 81
Evaluation time: 0.06169
Reproduction time: 0.37422
-----------------------------------------------------------
Generation: 82
Evaluation time: 0.06613
Reproduction time: 0.20382
-----------------------------------------------------------
Generation: 83
Evaluation time: 0.04473
Reproduction time: 0.21081
-----------------------------------------------------------
Generation: 84
Evaluation time: 0.06339
Reproduction time: 0.20115
-----------------------------------------------------------
Generation: 85
Evaluation time: 0.05795
Reproduction time: 0.18155
-----------------------------------------------------------
Generation: 86
Evaluation time: 0.04548
Reproduction time: 0.21138
-----------------------------------------------------------
Generation: 87
Evaluation time: 0.06056
Reproduction time: 0.18042
-----------------------------------------------------------
Generation: 88
Evaluation time: 0.07741
Reproduction time: 0.18236
-----------------------------------------------------------
Generation: 89
Evaluation time: 0.07125
Reproduction time: 0.16981
-----------------------------------------------------------
Generation: 90
Evaluation time: 0.04588
Reproduction time: 0.18254
-----------------------------------------------------------
Generation: 91
Evaluation time: 0.03877
Reproduction time: 0.38326
-----------------------------------------------------------
Generation: 92
Evaluation time: 0.04042
Reproduction time: 0.23804
-----------------------------------------------------------
Generation: 93
Evaluation time: 0.04356
Reproduction time: 0.22399
-----------------------------------------------------------
Generation: 94
Evaluation time: 0.07222
Reproduction time: 0.21886
-----------------------------------------------------------
Generation: 95
Evaluation time: 0.04448
Reproduction time: 0.19305
-----------------------------------------------------------
Generation: 96
Evaluation time: 0.06083
Reproduction time: 0.1946
-----------------------------------------------------------
Generation: 97
Evaluation time: 0.08438
Reproduction time: 0.18998
-----------------------------------------------------------
Generation: 98
Evaluation time: 0.04594
Reproduction time: 0.17666
-----------------------------------------------------------
Generation: 99
Evaluation time: 0.06684
Reproduction time: 0.19662
-----------------------------------------------------------
Generation: 100
Evaluation time: 0.0443
Reproduction time: 0.18976
-----------------------------------------------------------
Generation: 101
Evaluation time: 0.03863
Reproduction time: 0.38363
-----------------------------------------------------------
Generation: 102
Evaluation time: 0.04714
Reproduction time: 0.21316
-----------------------------------------------------------
Generation: 103
Evaluation time: 0.05274
Reproduction time: 0.20658
-----------------------------------------------------------
Generation: 104
Evaluation time: 0.05336
Reproduction time: 0.21498
-----------------------------------------------------------
Generation: 105
Evaluation time: 0.06922
Reproduction time: 0.22002
-----------------------------------------------------------
Generation: 106
Evaluation time: 0.07816
Reproduction time: 0.18596
-----------------------------------------------------------
Generation: 107
Evaluation time: 0.04816
Reproduction time: 0.18524
-----------------------------------------------------------
Generation: 108
Evaluation time: 0.075
Reproduction time: 0.19201
-----------------------------------------------------------
Generation: 109
Evaluation time: 0.0487
Reproduction time: 0.19078
-----------------------------------------------------------
Generation: 110
Evaluation time: 0.04627
Reproduction time: 0.19028
-----------------------------------------------------------
Generation: 111
Evaluation time: 0.04287
Reproduction time: 0.36424
-----------------------------------------------------------
Generation: 112
Evaluation time: 0.04546
Reproduction time: 0.21985
-----------------------------------------------------------
Generation: 113
Evaluation time: 0.06921
Reproduction time: 0.19849
-----------------------------------------------------------
Generation: 114
Evaluation time: 0.06177
Reproduction time: 0.17534
-----------------------------------------------------------
Generation: 115
Evaluation time: 0.04661
Reproduction time: 0.20298
-----------------------------------------------------------
Generation: 116
Evaluation time: 0.04649
Reproduction time: 0.19881
-----------------------------------------------------------
Generation: 117
Evaluation time: 0.04708
Reproduction time: 0.20775
-----------------------------------------------------------
Generation: 118
Evaluation time: 0.04566
Reproduction time: 0.20715
-----------------------------------------------------------
Generation: 119
Evaluation time: 0.06213
Reproduction time: 0.20963
-----------------------------------------------------------
Generation: 120
Evaluation time: 0.06092
Reproduction time: 0.17241
-----------------------------------------------------------
Generation: 121
Evaluation time: 0.06565
Reproduction time: 0.35061
-----------------------------------------------------------
Generation: 122
Evaluation time: 0.06987
Reproduction time: 0.19525
-----------------------------------------------------------
Generation: 123
Evaluation time: 0.04857
Reproduction time: 0.19606
-----------------------------------------------------------
Generation: 124
Evaluation time: 0.04725
Reproduction time: 0.21266
-----------------------------------------------------------
Generation: 125
Evaluation time: 0.04669
Reproduction time: 0.21138
-----------------------------------------------------------
Generation: 126
Evaluation time: 0.06859
Reproduction time: 0.18147
-----------------------------------------------------------
Generation: 127
Evaluation time: 0.08089
Reproduction time: 0.17883
-----------------------------------------------------------
Generation: 128
Evaluation time: 0.04911
Reproduction time: 0.17074
-----------------------------------------------------------
Generation: 129
Evaluation time: 0.06648
Reproduction time: 0.18247
-----------------------------------------------------------
Generation: 130
Evaluation time: 0.06365
Reproduction time: 0.18829
-----------------------------------------------------------
Generation: 131
Evaluation time: 0.03873
Reproduction time: 0.37606
-----------------------------------------------------------
Generation: 132
Evaluation time: 0.04771
Reproduction time: 0.21461
-----------------------------------------------------------
Generation: 133
Evaluation time: 0.05293
Reproduction time: 0.20792
-----------------------------------------------------------
Generation: 134
Evaluation time: 0.07099
Reproduction time: 0.19953
-----------------------------------------------------------
Generation: 135
Evaluation time: 0.07857
Reproduction time: 0.18264
-----------------------------------------------------------
Generation: 136
Evaluation time: 0.0476
Reproduction time: 0.16261
-----------------------------------------------------------
Generation: 137
Evaluation time: 0.07291
Reproduction time: 0.17808
-----------------------------------------------------------
Generation: 138
Evaluation time: 0.04774
Reproduction time: 0.16445
-----------------------------------------------------------
Generation: 139
Evaluation time: 0.06953
Reproduction time: 0.18682
-----------------------------------------------------------
Generation: 140
Evaluation time: 0.04818
Reproduction time: 0.17022
-----------------------------------------------------------
Generation: 141
Evaluation time: 0.06103
Reproduction time: 0.37677
-----------------------------------------------------------
Generation: 142
Evaluation time: 0.04414
Reproduction time: 0.21448
-----------------------------------------------------------
Generation: 143
Evaluation time: 0.04694
Reproduction time: 0.2106
-----------------------------------------------------------
Generation: 144
Evaluation time: 0.07492
Reproduction time: 0.18226
-----------------------------------------------------------
Generation: 145
Evaluation time: 0.04799
Reproduction time: 0.16984
-----------------------------------------------------------
Generation: 146
Evaluation time: 0.07169
Reproduction time: 0.15372
-----------------------------------------------------------
Generation: 147
Evaluation time: 0.04665
Reproduction time: 0.16419
-----------------------------------------------------------
Generation: 148
Evaluation time: 0.06303
Reproduction time: 0.16601
-----------------------------------------------------------
Generation: 149
Evaluation time: 0.07705
Reproduction time: 0.1867
-----------------------------------------------------------
Generation: 150
Evaluation time: 0.04761
Reproduction time: 0.18107
-----------------------------------------------------------
Generation: 151
Evaluation time: 0.04047
Reproduction time: 0.35443
-----------------------------------------------------------
Generation: 152
Evaluation time: 0.06643
Reproduction time: 0.22987
-----------------------------------------------------------
Generation: 153
Evaluation time: 0.06207
Reproduction time: 0.17033
-----------------------------------------------------------
Generation: 154
Evaluation time: 0.06037
Reproduction time: 0.17283
-----------------------------------------------------------
Generation: 155
Evaluation time: 0.04608
Reproduction time: 0.20222
-----------------------------------------------------------
Generation: 156
Evaluation time: 0.04716
Reproduction time: 0.20462
-----------------------------------------------------------
Generation: 157
Evaluation time: 0.04645
Reproduction time: 0.20923
-----------------------------------------------------------
Generation: 158
Evaluation time: 0.04661
Reproduction time: 0.20307
-----------------------------------------------------------
Generation: 159
Evaluation time: 0.04662
Reproduction time: 0.20408
-----------------------------------------------------------
Generation: 160
Evaluation time: 0.04638
Reproduction time: 0.20408
-----------------------------------------------------------
Generation: 161
Evaluation time: 0.0615
Reproduction time: 0.36355
-----------------------------------------------------------
Generation: 162
Evaluation time: 0.06067
Reproduction time: 0.21251
-----------------------------------------------------------
Generation: 163
Evaluation time: 0.07488
Reproduction time: 0.21688
-----------------------------------------------------------
Generation: 164
Evaluation time: 0.0758
Reproduction time: 0.18452
-----------------------------------------------------------
Generation: 165
Evaluation time: 0.07958
Reproduction time: 0.17991
-----------------------------------------------------------
Generation: 166
Evaluation time: 0.05166
Reproduction time: 0.18191
-----------------------------------------------------------
Generation: 167
Evaluation time: 0.04802
Reproduction time: 0.21163
-----------------------------------------------------------
Generation: 168
Evaluation time: 0.06445
Reproduction time: 0.18759
-----------------------------------------------------------
Generation: 169
Evaluation time: 0.06926
Reproduction time: 0.17327
-----------------------------------------------------------
Generation: 170
Evaluation time: 0.07944
Reproduction time: 0.17416
-----------------------------------------------------------
Generation: 171
Evaluation time: 0.06492
Reproduction time: 0.3552
-----------------------------------------------------------
Generation: 172
Evaluation time: 0.07192
Reproduction time: 0.19801
-----------------------------------------------------------
Generation: 173
Evaluation time: 0.06483
Reproduction time: 0.17774
-----------------------------------------------------------
Generation: 174
Evaluation time: 0.04652
Reproduction time: 0.21226
-----------------------------------------------------------
Generation: 175
Evaluation time: 0.06658
Reproduction time: 0.17705
-----------------------------------------------------------
Generation: 176
Evaluation time: 0.07754
Reproduction time: 0.17744
-----------------------------------------------------------
Generation: 177
Evaluation time: 0.07667
Reproduction time: 0.1741
-----------------------------------------------------------
Generation: 178
Evaluation time: 0.05018
Reproduction time: 0.18226
-----------------------------------------------------------
Generation: 179
Evaluation time: 0.04727
Reproduction time: 0.22291
-----------------------------------------------------------
Generation: 180
Evaluation time: 0.06796
Reproduction time: 0.18852
-----------------------------------------------------------
Generation: 181
Evaluation time: 0.03841
Reproduction time: 0.3749
-----------------------------------------------------------
Generation: 182
Evaluation time: 0.04733
Reproduction time: 0.21588
-----------------------------------------------------------
Generation: 183
Evaluation time: 0.05184
Reproduction time: 0.20974
-----------------------------------------------------------
Generation: 184
Evaluation time: 0.05389
Reproduction time: 0.20783
-----------------------------------------------------------
Generation: 185
Evaluation time: 0.05411
Reproduction time: 0.20871
-----------------------------------------------------------
Generation: 186
Evaluation time: 0.071
Reproduction time: 0.19414
-----------------------------------------------------------
Generation: 187
Evaluation time: 0.04684
Reproduction time: 0.16638
-----------------------------------------------------------
Generation: 188
Evaluation time: 0.06862
Reproduction time: 0.18119
-----------------------------------------------------------
Generation: 189
Evaluation time: 0.04587
Reproduction time: 0.15824
-----------------------------------------------------------
Generation: 190
Evaluation time: 0.03836
Reproduction time: 0.17264
-----------------------------------------------------------
Generation: 191
Evaluation time: 0.06359
Reproduction time: 0.37241
-----------------------------------------------------------
Generation: 192
Evaluation time: 0.06951
Reproduction time: 0.20178
-----------------------------------------------------------
Generation: 193
Evaluation time: 0.04906
Reproduction time: 0.19954
-----------------------------------------------------------
Generation: 194
Evaluation time: 0.06967
Reproduction time: 0.20453
-----------------------------------------------------------
Generation: 195
Evaluation time: 0.05979
Reproduction time: 0.2099
-----------------------------------------------------------
Generation: 196
Evaluation time: 0.04865
Reproduction time: 0.21355
-----------------------------------------------------------
Generation: 197
Evaluation time: 0.07221
Reproduction time: 0.17894
-----------------------------------------------------------
Generation: 198
Evaluation time: 0.04881
Reproduction time: 0.17016
-----------------------------------------------------------
Generation: 199
Evaluation time: 0.04719
Reproduction time: 0.20202
-----------------------------------------------------------
Generation: 200
Evaluation time: 0.06782
Reproduction time: 0.17773
-----------------------------------------------------------
Generation: 201
Evaluation time: 0.06381
Reproduction time: 0.35155
-----------------------------------------------------------
Generation: 202
Evaluation time: 0.04422
Reproduction time: 0.20033
-----------------------------------------------------------
Generation: 203
Evaluation time: 0.06416
Reproduction time: 0.20763
-----------------------------------------------------------
Generation: 204
Evaluation time: 0.06233
Reproduction time: 0.18113
-----------------------------------------------------------
Generation: 205
Evaluation time: 0.04587
Reproduction time: 0.21724
-----------------------------------------------------------
Generation: 206
Evaluation time: 0.06347
Reproduction time: 0.19169
-----------------------------------------------------------
Generation: 207
Evaluation time: 0.08046
Reproduction time: 0.17555
-----------------------------------------------------------
Generation: 208
Evaluation time: 0.0764
Reproduction time: 0.18847
-----------------------------------------------------------
Generation: 209
Evaluation time: 0.04771
Reproduction time: 0.16662
-----------------------------------------------------------
Generation: 210
Evaluation time: 0.047
Reproduction time: 0.21533
-----------------------------------------------------------
Generation: 211
Evaluation time: 0.03832
Reproduction time: 0.38063
-----------------------------------------------------------
Generation: 212
Evaluation time: 0.04652
Reproduction time: 0.21023
-----------------------------------------------------------
Generation: 213
Evaluation time: 0.05607
Reproduction time: 0.20051
-----------------------------------------------------------
Generation: 214
Evaluation time: 0.0743
Reproduction time: 0.19445
-----------------------------------------------------------
Generation: 215
Evaluation time: 0.07611
Reproduction time: 0.17345
-----------------------------------------------------------
Generation: 216
Evaluation time: 0.04677
Reproduction time: 0.1617
-----------------------------------------------------------
Generation: 217
Evaluation time: 0.0689
Reproduction time: 0.18067
-----------------------------------------------------------
Generation: 218
Evaluation time: 0.04637
Reproduction time: 0.16699
-----------------------------------------------------------
Generation: 219
Evaluation time: 0.07144
Reproduction time: 0.17694
-----------------------------------------------------------
Generation: 220
Evaluation time: 0.04724
Reproduction time: 0.16924
-----------------------------------------------------------
Generation: 221
Evaluation time: 0.03833
Reproduction time: 0.37193
-----------------------------------------------------------
Generation: 222
Evaluation time: 0.05534
Reproduction time: 0.21254
-----------------------------------------------------------
Generation: 223
Evaluation time: 0.045
Reproduction time: 0.21359
-----------------------------------------------------------
Generation: 224
Evaluation time: 0.04607
Reproduction time: 0.21365
-----------------------------------------------------------
Generation: 225
Evaluation time: 0.04499
Reproduction time: 0.2063
-----------------------------------------------------------
Generation: 226
Evaluation time: 0.04451
Reproduction time: 0.20729
-----------------------------------------------------------
Generation: 227
Evaluation time: 0.06215
Reproduction time: 0.1598
-----------------------------------------------------------
Generation: 228
Evaluation time: 0.0759
Reproduction time: 0.16864
-----------------------------------------------------------
Generation: 229
Evaluation time: 0.04818
Reproduction time: 0.16759
-----------------------------------------------------------
Generation: 230
Evaluation time: 0.06672
Reproduction time: 0.17269
-----------------------------------------------------------
Generation: 231
Evaluation time: 0.06482
Reproduction time: 0.32483
-----------------------------------------------------------
Generation: 232
Evaluation time: 0.0655
Reproduction time: 0.21098
-----------------------------------------------------------
Generation: 233
Evaluation time: 0.07205
Reproduction time: 0.21347
-----------------------------------------------------------
Generation: 234
Evaluation time: 0.0785
Reproduction time: 0.18784
-----------------------------------------------------------
Generation: 235
Evaluation time: 0.08013
Reproduction time: 0.18276
-----------------------------------------------------------
Generation: 236
Evaluation time: 0.04727
Reproduction time: 0.18329
-----------------------------------------------------------
Generation: 237
Evaluation time: 0.04738
Reproduction time: 0.21856
-----------------------------------------------------------
Generation: 238
Evaluation time: 0.06846
Reproduction time: 0.19153
-----------------------------------------------------------
Generation: 239
Evaluation time: 0.04668
Reproduction time: 0.17254
-----------------------------------------------------------
Generation: 240
Evaluation time: 0.04613
Reproduction time: 0.20395
-----------------------------------------------------------
Generation: 241
Evaluation time: 0.06069
Reproduction time: 0.37341
-----------------------------------------------------------
Generation: 242
Evaluation time: 0.05998
Reproduction time: 0.21372
-----------------------------------------------------------
Generation: 243
Evaluation time: 0.07322
Reproduction time: 0.21418
-----------------------------------------------------------
Generation: 244
Evaluation time: 0.07418
Reproduction time: 0.1877
-----------------------------------------------------------
Generation: 245
Evaluation time: 0.0746
Reproduction time: 0.18013
-----------------------------------------------------------
Generation: 246
Evaluation time: 0.05072
Reproduction time: 0.16793
-----------------------------------------------------------
Generation: 247
Evaluation time: 0.06446
Reproduction time: 0.17371
-----------------------------------------------------------
Generation: 248
Evaluation time: 0.07104
Reproduction time: 0.16514
-----------------------------------------------------------
Generation: 249
Evaluation time: 0.07354
Reproduction time: 0.17454
-----------------------------------------------------------
Generation: 250
Evaluation time: 0.07376
Reproduction time: 0.17576
-----------------------------------------------------------
Generation: 251
Evaluation time: 0.06398
Reproduction time: 0.36133
-----------------------------------------------------------
Generation: 252
Evaluation time: 0.07034
Reproduction time: 0.20103
-----------------------------------------------------------
Generation: 253
Evaluation time: 0.06008
Reproduction time: 0.18106
-----------------------------------------------------------
Generation: 254
Evaluation time: 0.06429
Reproduction time: 0.17053
-----------------------------------------------------------
Generation: 255
Evaluation time: 0.04633
Reproduction time: 0.19372
-----------------------------------------------------------
Generation: 256
Evaluation time: 0.04678
Reproduction time: 0.20322
-----------------------------------------------------------
Generation: 257
Evaluation time: 0.04544
Reproduction time: 0.20257
-----------------------------------------------------------
Generation: 258
Evaluation time: 0.04647
Reproduction time: 0.2007
-----------------------------------------------------------
Generation: 259
Evaluation time: 0.0463
Reproduction time: 0.21032
-----------------------------------------------------------
Generation: 260
Evaluation time: 0.04659
Reproduction time: 0.19583
-----------------------------------------------------------
Generation: 261
Evaluation time: 0.06579
Reproduction time: 0.34798
-----------------------------------------------------------
Generation: 262
Evaluation time: 0.06885
Reproduction time: 0.20126
-----------------------------------------------------------
Generation: 263
Evaluation time: 0.04754
Reproduction time: 0.19649
-----------------------------------------------------------
Generation: 264
Evaluation time: 0.06968
Reproduction time: 0.20197
-----------------------------------------------------------
Generation: 265
Evaluation time: 0.04979
Reproduction time: 0.2131
-----------------------------------------------------------
Generation: 266
Evaluation time: 0.07189
Reproduction time: 0.17817
-----------------------------------------------------------
Generation: 267
Evaluation time: 0.08005
Reproduction time: 0.19221
-----------------------------------------------------------
Generation: 268
Evaluation time: 0.05
Reproduction time: 0.17249
-----------------------------------------------------------
Generation: 269
Evaluation time: 0.07062
Reproduction time: 0.17191
-----------------------------------------------------------
Generation: 270
Evaluation time: 0.08595
Reproduction time: 0.17903
-----------------------------------------------------------
Generation: 271
Evaluation time: 0.0662
Reproduction time: 0.3306
-----------------------------------------------------------
Generation: 272
Evaluation time: 0.06942
Reproduction time: 0.1905
-----------------------------------------------------------
Generation: 273
Evaluation time: 0.04788
Reproduction time: 0.19868
-----------------------------------------------------------
Generation: 274
Evaluation time: 0.0797
Reproduction time: 0.20657
-----------------------------------------------------------
Generation: 275
Evaluation time: 0.07114
Reproduction time: 0.17176
-----------------------------------------------------------
Generation: 276
Evaluation time: 0.07057
Reproduction time: 0.19201
-----------------------------------------------------------
Generation: 277
Evaluation time: 0.0699
Reproduction time: 0.18819
-----------------------------------------------------------
Generation: 278
Evaluation time: 0.07114
Reproduction time: 0.17997
-----------------------------------------------------------
Generation: 279
Evaluation time: 0.06723
Reproduction time: 0.18574
-----------------------------------------------------------
Generation: 280
Evaluation time: 0.06122
Reproduction time: 0.18896
-----------------------------------------------------------
Generation: 281
Evaluation time: 0.0426
Reproduction time: 0.36366
-----------------------------------------------------------
Generation: 282
Evaluation time: 0.0456
Reproduction time: 0.22596
-----------------------------------------------------------
Generation: 283
Evaluation time: 0.06758
Reproduction time: 0.2028
-----------------------------------------------------------
Generation: 284
Evaluation time: 0.06187
Reproduction time: 0.17649
-----------------------------------------------------------
Generation: 285
Evaluation time: 0.04608
Reproduction time: 0.20161
-----------------------------------------------------------
Generation: 286
Evaluation time: 0.04715
Reproduction time: 0.21364
-----------------------------------------------------------
Generation: 287
Evaluation time: 0.06133
Reproduction time: 0.21915
-----------------------------------------------------------
Generation: 288
Evaluation time: 0.04701
Reproduction time: 0.2174
-----------------------------------------------------------
Generation: 289
Evaluation time: 0.07606
Reproduction time: 0.18935
-----------------------------------------------------------
Generation: 290
Evaluation time: 0.04772
Reproduction time: 0.19548
-----------------------------------------------------------
Generation: 291
Evaluation time: 0.03835
Reproduction time: 0.37026
-----------------------------------------------------------
Generation: 292
Evaluation time: 0.05067
Reproduction time: 0.1945
-----------------------------------------------------------
Generation: 293
Evaluation time: 0.07298
Reproduction time: 0.19831
-----------------------------------------------------------
Generation: 294
Evaluation time: 0.06746
Reproduction time: 0.18414
-----------------------------------------------------------
Generation: 295
Evaluation time: 0.08252
Reproduction time: 0.17253
-----------------------------------------------------------
Generation: 296
Evaluation time: 0.04842
Reproduction time: 0.18258
-----------------------------------------------------------
Generation: 297
Evaluation time: 0.06608
Reproduction time: 0.18039
-----------------------------------------------------------
Generation: 298
Evaluation time: 0.04651
Reproduction time: 0.1727
-----------------------------------------------------------
Generation: 299
Evaluation time: 0.0465
Reproduction time: 0.20146
-----------------------------------------------------------
Generation: 300
Evaluation time: 0.07321
Reproduction time: 0.17029
-----------------------------------------------------------
Generation: 301
Evaluation time: 0.06264
Reproduction time: 0.31728
-----------------------------------------------------------
Generation: 302
Evaluation time: 0.05339
Reproduction time: 0.19521
-----------------------------------------------------------
Generation: 303
Evaluation time: 0.04624
Reproduction time: 0.22107
-----------------------------------------------------------
Generation: 304
Evaluation time: 0.04775
Reproduction time: 0.21594
-----------------------------------------------------------
Generation: 305
Evaluation time: 0.0469
Reproduction time: 0.21627
-----------------------------------------------------------
Generation: 306
Evaluation time: 0.06805
Reproduction time: 0.1892
-----------------------------------------------------------
Generation: 307
Evaluation time: 0.08026
Reproduction time: 0.17113
-----------------------------------------------------------
Generation: 308
Evaluation time: 0.04875
Reproduction time: 0.17834
-----------------------------------------------------------
Generation: 309
Evaluation time: 0.07041
Reproduction time: 0.17862
-----------------------------------------------------------
Generation: 310
Evaluation time: 0.08191
Reproduction time: 0.17266
-----------------------------------------------------------
Generation: 311
Evaluation time: 0.06334
Reproduction time: 0.32125
-----------------------------------------------------------
Generation: 312
Evaluation time: 0.07189
Reproduction time: 0.20226
-----------------------------------------------------------
Generation: 313
Evaluation time: 0.04566
Reproduction time: 0.20465
-----------------------------------------------------------
Generation: 314
Evaluation time: 0.07722
Reproduction time: 0.21297
-----------------------------------------------------------
Generation: 315
Evaluation time: 0.07473
Reproduction time: 0.17573
-----------------------------------------------------------
Generation: 316
Evaluation time: 0.08242
Reproduction time: 0.17587
-----------------------------------------------------------
Generation: 317
Evaluation time: 0.04879
Reproduction time: 0.17911
-----------------------------------------------------------
Generation: 318
Evaluation time: 0.06475
Reproduction time: 0.18101
-----------------------------------------------------------
Generation: 319
Evaluation time: 0.06128
Reproduction time: 0.17593
-----------------------------------------------------------
Generation: 320
Evaluation time: 0.04812
Reproduction time: 0.21194
-----------------------------------------------------------
Generation: 321
Evaluation time: 0.04355
Reproduction time: 0.36161
-----------------------------------------------------------
Generation: 322
Evaluation time: 0.0452
Reproduction time: 0.22527
-----------------------------------------------------------
Generation: 323
Evaluation time: 0.06597
Reproduction time: 0.20121
-----------------------------------------------------------
Generation: 324
Evaluation time: 0.06158
Reproduction time: 0.17215
-----------------------------------------------------------
Generation: 325
Evaluation time: 0.04691
Reproduction time: 0.18194
-----------------------------------------------------------
Generation: 326
Evaluation time: 0.04704
Reproduction time: 0.21121
-----------------------------------------------------------
Generation: 327
Evaluation time: 0.06921
Reproduction time: 0.20766
-----------------------------------------------------------
Generation: 328
Evaluation time: 0.06117
Reproduction time: 0.19424
-----------------------------------------------------------
Generation: 329
Evaluation time: 0.04769
Reproduction time: 0.22
-----------------------------------------------------------
Generation: 330
Evaluation time: 0.07167
Reproduction time: 0.19334
-----------------------------------------------------------
Generation: 331
Evaluation time: 0.03853
Reproduction time: 0.36499
-----------------------------------------------------------
Generation: 332
Evaluation time: 0.04788
Reproduction time: 0.21428
-----------------------------------------------------------
Generation: 333
Evaluation time: 0.05737
Reproduction time: 0.19569
-----------------------------------------------------------
Generation: 334
Evaluation time: 0.06889
Reproduction time: 0.19188
-----------------------------------------------------------
Generation: 335
Evaluation time: 0.0729
Reproduction time: 0.18127
-----------------------------------------------------------
Generation: 336
Evaluation time: 0.04919
Reproduction time: 0.1633
-----------------------------------------------------------
Generation: 337
Evaluation time: 0.06776
Reproduction time: 0.17959
-----------------------------------------------------------
Generation: 338
Evaluation time: 0.04661
Reproduction time: 0.15443
-----------------------------------------------------------
Generation: 339
Evaluation time: 0.04614
Reproduction time: 0.21203
-----------------------------------------------------------
Generation: 340
Evaluation time: 0.07255
Reproduction time: 0.17919
-----------------------------------------------------------
Generation: 341
Evaluation time: 0.06288
Reproduction time: 0.32723
-----------------------------------------------------------
Generation: 342
Evaluation time: 0.06779
Reproduction time: 0.20281
-----------------------------------------------------------
Generation: 343
Evaluation time: 0.04799
Reproduction time: 0.20072
-----------------------------------------------------------
Generation: 344
Evaluation time: 0.06082
Reproduction time: 0.19765
-----------------------------------------------------------
Generation: 345
Evaluation time: 0.04831
Reproduction time: 0.20836
-----------------------------------------------------------
Generation: 346
Evaluation time: 0.04721
Reproduction time: 0.19462
-----------------------------------------------------------
Generation: 347
Evaluation time: 0.04738
Reproduction time: 0.1986
-----------------------------------------------------------
Generation: 348
Evaluation time: 0.04705
Reproduction time: 0.21558
-----------------------------------------------------------
Generation: 349
Evaluation time: 0.04784
Reproduction time: 0.21003
-----------------------------------------------------------
Generation: 350
Evaluation time: 0.04694
Reproduction time: 0.20456
-----------------------------------------------------------
Generation: 351
Evaluation time: 0.03864
Reproduction time: 0.38099
-----------------------------------------------------------
Generation: 352
Evaluation time: 0.05095
Reproduction time: 0.20386
-----------------------------------------------------------
Generation: 353
Evaluation time: 0.07343
Reproduction time: 0.19786
-----------------------------------------------------------
Generation: 354
Evaluation time: 0.07518
Reproduction time: 0.16865
-----------------------------------------------------------
Generation: 355
Evaluation time: 0.04839
Reproduction time: 0.16003
-----------------------------------------------------------
Generation: 356
Evaluation time: 0.06646
Reproduction time: 0.17291
-----------------------------------------------------------
Generation: 357
Evaluation time: 0.0808
Reproduction time: 0.16986
-----------------------------------------------------------
Generation: 358
Evaluation time: 0.04726
Reproduction time: 0.17077
-----------------------------------------------------------
Generation: 359
Evaluation time: 0.0644
Reproduction time: 0.18545
-----------------------------------------------------------
Generation: 360
Evaluation time: 0.07655
Reproduction time: 0.18316
-----------------------------------------------------------
Generation: 361
Evaluation time: 0.06301
Reproduction time: 0.3231
-----------------------------------------------------------
Generation: 362
Evaluation time: 0.04788
Reproduction time: 0.21876
-----------------------------------------------------------
Generation: 363
Evaluation time: 0.04661
Reproduction time: 0.1874
-----------------------------------------------------------
Generation: 364
Evaluation time: 0.04753
Reproduction time: 0.19948
-----------------------------------------------------------
Generation: 365
Evaluation time: 0.04685
Reproduction time: 0.20625
-----------------------------------------------------------
Generation: 366
Evaluation time: 0.04636
Reproduction time: 0.20111
-----------------------------------------------------------
Generation: 367
Evaluation time: 0.04641
Reproduction time: 0.21695
-----------------------------------------------------------
Generation: 368
Evaluation time: 0.04743
Reproduction time: 0.22355
-----------------------------------------------------------
Generation: 369
Evaluation time: 0.04776
Reproduction time: 0.21542
-----------------------------------------------------------
Generation: 370
Evaluation time: 0.04686
Reproduction time: 0.20694
-----------------------------------------------------------
Generation: 371
Evaluation time: 0.0436
Reproduction time: 0.33961
-----------------------------------------------------------
Generation: 372
Evaluation time: 0.0454
Reproduction time: 0.21984
-----------------------------------------------------------
Generation: 373
Evaluation time: 0.06858
Reproduction time: 0.1941
-----------------------------------------------------------
Generation: 374
Evaluation time: 0.04787
Reproduction time: 0.21703
-----------------------------------------------------------
Generation: 375
Evaluation time: 0.06359
Reproduction time: 0.18571
-----------------------------------------------------------
Generation: 376
Evaluation time: 0.06441
Reproduction time: 0.19197
-----------------------------------------------------------
Generation: 377
Evaluation time: 0.06262
Reproduction time: 0.1748
-----------------------------------------------------------
Generation: 378
Evaluation time: 0.06417
Reproduction time: 0.17221
-----------------------------------------------------------
Generation: 379
Evaluation time: 0.0678
Reproduction time: 0.17106
-----------------------------------------------------------
Generation: 380
Evaluation time: 0.06973
Reproduction time: 0.1735
-----------------------------------------------------------
Generation: 381
Evaluation time: 0.06413
Reproduction time: 0.36411
-----------------------------------------------------------
Generation: 382
Evaluation time: 0.07331
Reproduction time: 0.19779
-----------------------------------------------------------
Generation: 383
Evaluation time: 0.059
Reproduction time: 0.17313
-----------------------------------------------------------
Generation: 384
Evaluation time: 0.04625
Reproduction time: 0.19963
-----------------------------------------------------------
Generation: 385
Evaluation time: 0.04651
Reproduction time: 0.19224
-----------------------------------------------------------
Generation: 386
Evaluation time: 0.04578
Reproduction time: 0.20007
-----------------------------------------------------------
Generation: 387
Evaluation time: 0.04719
Reproduction time: 0.19742
-----------------------------------------------------------
Generation: 388
Evaluation time: 0.04678
Reproduction time: 0.18752
-----------------------------------------------------------
Generation: 389
Evaluation time: 0.04704
Reproduction time: 0.19938
-----------------------------------------------------------
Generation: 390
Evaluation time: 0.05971
Reproduction time: 0.20484
-----------------------------------------------------------
Generation: 391
Evaluation time: 0.06041
Reproduction time: 0.367
-----------------------------------------------------------
Generation: 392
Evaluation time: 0.0522
Reproduction time: 0.17701
-----------------------------------------------------------
Generation: 393
Evaluation time: 0.05942
Reproduction time: 0.16382
-----------------------------------------------------------
Generation: 394
Evaluation time: 0.05819
Reproduction time: 0.1705
-----------------------------------------------------------
Generation: 395
Evaluation time: 0.05854
Reproduction time: 0.16777
-----------------------------------------------------------
Generation: 396
Evaluation time: 0.05698
Reproduction time: 0.16576
-----------------------------------------------------------
Generation: 397
Evaluation time: 0.05867
Reproduction time: 0.16865
-----------------------------------------------------------
Generation: 398
Evaluation time: 0.05933
Reproduction time: 0.16424
-----------------------------------------------------------
Generation: 399
Evaluation time: 0.05767
Reproduction time: 0.17249
-----------------------------------------------------------
Generation: 400
Evaluation time: 0.05672
Reproduction time: 0.16461
-----------------------------------------------------------
Generation: 401
Evaluation time: 0.06266
Reproduction time: 0.34078
-----------------------------------------------------------
Generation: 402
Evaluation time: 0.07312
Reproduction time: 0.19266
-----------------------------------------------------------
Generation: 403
Evaluation time: 0.04865
Reproduction time: 0.19393
-----------------------------------------------------------
Generation: 404
Evaluation time: 0.04819
Reproduction time: 0.19975
-----------------------------------------------------------
Generation: 405
Evaluation time: 0.04807
Reproduction time: 0.20948
-----------------------------------------------------------
Generation: 406
Evaluation time: 0.07323
Reproduction time: 0.17979
-----------------------------------------------------------
Generation: 407
Evaluation time: 0.04857
Reproduction time: 0.17397
-----------------------------------------------------------
Generation: 408
Evaluation time: 0.04787
Reproduction time: 0.20013
-----------------------------------------------------------
Generation: 409
Evaluation time: 0.06838
Reproduction time: 0.18174
-----------------------------------------------------------
Generation: 410
Evaluation time: 0.07332
Reproduction time: 0.18921
-----------------------------------------------------------
Generation: 411
Evaluation time: 0.03864
Reproduction time: 0.38467
-----------------------------------------------------------
Generation: 412
Evaluation time: 0.04864
Reproduction time: 0.21356
-----------------------------------------------------------
Generation: 413
Evaluation time: 0.05201
Reproduction time: 0.2162
-----------------------------------------------------------
Generation: 414
Evaluation time: 0.05421
Reproduction time: 0.21147
-----------------------------------------------------------
Generation: 415
Evaluation time: 0.0725
Reproduction time: 0.21103
-----------------------------------------------------------
Generation: 416
Evaluation time: 0.08059
Reproduction time: 0.1765
-----------------------------------------------------------
Generation: 417
Evaluation time: 0.04886
Reproduction time: 0.16635
-----------------------------------------------------------
Generation: 418
Evaluation time: 0.03781
Reproduction time: 0.17967
-----------------------------------------------------------
Generation: 419
Evaluation time: 0.06187
Reproduction time: 0.16855
-----------------------------------------------------------
Generation: 420
Evaluation time: 0.04673
Reproduction time: 0.17642
-----------------------------------------------------------
Generation: 421
Evaluation time: 0.03854
Reproduction time: 0.38105
-----------------------------------------------------------
Generation: 422
Evaluation time: 0.05063
Reproduction time: 0.20194
-----------------------------------------------------------
Generation: 423
Evaluation time: 0.07014
Reproduction time: 0.20588
-----------------------------------------------------------
Generation: 424
Evaluation time: 0.07153
Reproduction time: 0.17252
-----------------------------------------------------------
Generation: 425
Evaluation time: 0.07667
Reproduction time: 0.18038
-----------------------------------------------------------
Generation: 426
Evaluation time: 0.04643
Reproduction time: 0.19061
-----------------------------------------------------------
Generation: 427
Evaluation time: 0.06453
Reproduction time: 0.16663
-----------------------------------------------------------
Generation: 428
Evaluation time: 0.07669
Reproduction time: 0.16849
-----------------------------------------------------------
Generation: 429
Evaluation time: 0.0471
Reproduction time: 0.16514
-----------------------------------------------------------
Generation: 430
Evaluation time: 0.06419
Reproduction time: 0.17651
-----------------------------------------------------------
Generation: 431
Evaluation time: 0.06013
Reproduction time: 0.34879
-----------------------------------------------------------
Generation: 432
Evaluation time: 0.04423
Reproduction time: 0.19247
-----------------------------------------------------------
Generation: 433
Evaluation time: 0.07154
Reproduction time: 0.19117
-----------------------------------------------------------
Generation: 434
Evaluation time: 0.07142
Reproduction time: 0.17196
-----------------------------------------------------------
Generation: 435
Evaluation time: 0.06941
Reproduction time: 0.17272
-----------------------------------------------------------
Generation: 436
Evaluation time: 0.06361
Reproduction time: 0.17595
-----------------------------------------------------------
Generation: 437
Evaluation time: 0.04622
Reproduction time: 0.21959
-----------------------------------------------------------
Generation: 438
Evaluation time: 0.06374
Reproduction time: 0.1829
-----------------------------------------------------------
Generation: 439
Evaluation time: 0.07252
Reproduction time: 0.17739
-----------------------------------------------------------
Generation: 440
Evaluation time: 0.07519
Reproduction time: 0.16809
-----------------------------------------------------------
Generation: 441
Evaluation time: 0.0391
Reproduction time: 0.33374
-----------------------------------------------------------
Generation: 442
Evaluation time: 0.04887
Reproduction time: 0.22037
-----------------------------------------------------------
Generation: 443
Evaluation time: 0.05574
Reproduction time: 0.19702
-----------------------------------------------------------
Generation: 444
Evaluation time: 0.06357
Reproduction time: 0.18483
-----------------------------------------------------------
Generation: 445
Evaluation time: 0.06714
Reproduction time: 0.16518
-----------------------------------------------------------
Generation: 446
Evaluation time: 0.04774
Reproduction time: 0.17177
-----------------------------------------------------------
Generation: 447
Evaluation time: 0.06402
Reproduction time: 0.17098
-----------------------------------------------------------
Generation: 448
Evaluation time: 0.04626
Reproduction time: 0.16969
-----------------------------------------------------------
Generation: 449
Evaluation time: 0.06252
Reproduction time: 0.17182
-----------------------------------------------------------
Generation: 450
Evaluation time: 0.04705
Reproduction time: 0.15727
-----------------------------------------------------------
Generation: 451
Evaluation time: 0.0631
Reproduction time: 0.35111
-----------------------------------------------------------
Generation: 452
Evaluation time: 0.06783
Reproduction time: 0.19082
-----------------------------------------------------------
Generation: 453
Evaluation time: 0.04795
Reproduction time: 0.19622
-----------------------------------------------------------
Generation: 454
Evaluation time: 0.04767
Reproduction time: 0.19438
-----------------------------------------------------------
Generation: 455
Evaluation time: 0.06787
Reproduction time: 0.20213
-----------------------------------------------------------
Generation: 456
Evaluation time: 0.06308
Reproduction time: 0.17716
-----------------------------------------------------------
Generation: 457
Evaluation time: 0.06848
Reproduction time: 0.17463
-----------------------------------------------------------
Generation: 458
Evaluation time: 0.06608
Reproduction time: 0.18133
-----------------------------------------------------------
Generation: 459
Evaluation time: 0.06826
Reproduction time: 0.19034
-----------------------------------------------------------
Generation: 460
Evaluation time: 0.0719
Reproduction time: 0.18625
-----------------------------------------------------------
Generation: 461
Evaluation time: 0.0386
Reproduction time: 0.37961
-----------------------------------------------------------
Generation: 462
Evaluation time: 0.04936
Reproduction time: 0.20822
-----------------------------------------------------------
Generation: 463
Evaluation time: 0.05441
Reproduction time: 0.1985
-----------------------------------------------------------
Generation: 464
Evaluation time: 0.05533
Reproduction time: 0.20969
-----------------------------------------------------------
Generation: 465
Evaluation time: 0.07022
Reproduction time: 0.20882
-----------------------------------------------------------
Generation: 466
Evaluation time: 0.04846
Reproduction time: 0.16611
-----------------------------------------------------------
Generation: 467
Evaluation time: 0.06406
Reproduction time: 0.17288
-----------------------------------------------------------
Generation: 468
Evaluation time: 0.04624
Reproduction time: 0.16287
-----------------------------------------------------------
Generation: 469
Evaluation time: 0.03797
Reproduction time: 0.17288
-----------------------------------------------------------
Generation: 470
Evaluation time: 0.0652
Reproduction time: 0.17277
-----------------------------------------------------------
Generation: 471
Evaluation time: 0.06416
Reproduction time: 0.3156
-----------------------------------------------------------
Generation: 472
Evaluation time: 0.05471
Reproduction time: 0.19351
-----------------------------------------------------------
Generation: 473
Evaluation time: 0.04893
Reproduction time: 0.21339
-----------------------------------------------------------
Generation: 474
Evaluation time: 0.06412
Reproduction time: 0.19501
-----------------------------------------------------------
Generation: 475
Evaluation time: 0.06166
Reproduction time: 0.17335
-----------------------------------------------------------
Generation: 476
Evaluation time: 0.04874
Reproduction time: 0.20189
-----------------------------------------------------------
Generation: 477
Evaluation time: 0.04729
Reproduction time: 0.2077
-----------------------------------------------------------
Generation: 478
Evaluation time: 0.04762
Reproduction time: 0.20878
-----------------------------------------------------------
Generation: 479
Evaluation time: 0.07247
Reproduction time: 0.17165
-----------------------------------------------------------
Generation: 480
Evaluation time: 0.04912
Reproduction time: 0.14259
-----------------------------------------------------------
Generation: 481
Evaluation time: 0.06129
Reproduction time: 0.3558
-----------------------------------------------------------
Generation: 482
Evaluation time: 0.06849
Reproduction time: 0.20288
-----------------------------------------------------------
Generation: 483
Evaluation time: 0.04883
Reproduction time: 0.1948
-----------------------------------------------------------
Generation: 484
Evaluation time: 0.04997
Reproduction time: 0.20486
-----------------------------------------------------------
Generation: 485
Evaluation time: 0.0668
Reproduction time: 0.1966
-----------------------------------------------------------
Generation: 486
Evaluation time: 0.06216
Reproduction time: 0.17143
-----------------------------------------------------------
Generation: 487
Evaluation time: 0.04885
Reproduction time: 0.20454
-----------------------------------------------------------
Generation: 488
Evaluation time: 0.06713
Reproduction time: 0.17642
-----------------------------------------------------------
Generation: 489
Evaluation time: 0.07773
Reproduction time: 0.17691
-----------------------------------------------------------
Generation: 490
Evaluation time: 0.08388
Reproduction time: 0.18067
-----------------------------------------------------------
Generation: 491
Evaluation time: 0.03959
Reproduction time: 0.34472
-----------------------------------------------------------
Generation: 492
Evaluation time: 0.04527
Reproduction time: 0.2412
-----------------------------------------------------------
Generation: 493
Evaluation time: 0.04699
Reproduction time: 0.20479
-----------------------------------------------------------
Generation: 494
Evaluation time: 0.06526
Reproduction time: 0.20963
-----------------------------------------------------------
Generation: 495
Evaluation time: 0.06859
Reproduction time: 0.19298
-----------------------------------------------------------
Generation: 496
Evaluation time: 0.08217
Reproduction time: 0.18552
-----------------------------------------------------------
Generation: 497
Evaluation time: 0.04711
Reproduction time: 0.17564
-----------------------------------------------------------
Generation: 498
Evaluation time: 0.07392
Reproduction time: 0.17477
-----------------------------------------------------------
Generation: 499
Evaluation time: 0.04799
Reproduction time: 0.17608
-----------------------------------------------------------
Generation: 500
Evaluation time: 0.07351
Reproduction time: 0.18224
-----------------------------------------------------------
Generation: 501
Evaluation time: 0.03876
Reproduction time: 0.34385
-----------------------------------------------------------
Generation: 502
Evaluation time: 0.05441
Reproduction time: 0.21263
-----------------------------------------------------------
Generation: 503
Evaluation time: 0.04486
Reproduction time: 0.21784
-----------------------------------------------------------
Generation: 504
Evaluation time: 0.0458
Reproduction time: 0.22383
-----------------------------------------------------------
Generation: 505
Evaluation time: 0.04626
Reproduction time: 0.2065
-----------------------------------------------------------
Generation: 506
Evaluation time: 0.04643
Reproduction time: 0.19203
-----------------------------------------------------------
Generation: 507
Evaluation time: 0.04684
Reproduction time: 0.20517
-----------------------------------------------------------
Generation: 508
Evaluation time: 0.04673
Reproduction time: 0.19512
-----------------------------------------------------------
Generation: 509
Evaluation time: 0.04556
Reproduction time: 0.20876
-----------------------------------------------------------
Generation: 510
Evaluation time: 0.04621
Reproduction time: 0.20172
-----------------------------------------------------------
Generation: 511
Evaluation time: 0.03789
Reproduction time: 0.35428
-----------------------------------------------------------
Generation: 512
Evaluation time: 0.05244
Reproduction time: 0.19623
-----------------------------------------------------------
Generation: 513
Evaluation time: 0.04568
Reproduction time: 0.19552
-----------------------------------------------------------
