dc43e6b329e33066069be8493e19c2dbaea01d1d
-----------------------------------------------------------
Generation: 1
Evaluation time: 6.01549
Reproduction time: 0.0
-----------------------------------------------------------
Generation: 2
Evaluation time: 3.24576
Reproduction time: 5.63559
-----------------------------------------------------------
Generation: 3
Evaluation time: 2.96723
Reproduction time: 4.10675
-----------------------------------------------------------
Generation: 4
Evaluation time: 1.83379
Reproduction time: 4.3132
-----------------------------------------------------------
Generation: 5
Evaluation time: 2.70859
Reproduction time: 4.45488
-----------------------------------------------------------
Generation: 6
Evaluation time: 3.13162
Reproduction time: 4.15813
-----------------------------------------------------------
Generation: 7
Evaluation time: 1.82378
Reproduction time: 4.20502
-----------------------------------------------------------
Generation: 8
Evaluation time: 2.74495
Reproduction time: 4.52095
-----------------------------------------------------------
Generation: 9
Evaluation time: 1.98357
Reproduction time: 3.97924
-----------------------------------------------------------
Generation: 10
Evaluation time: 2.77745
Reproduction time: 4.34354
-----------------------------------------------------------
Generation: 11
Evaluation time: 3.11825
Reproduction time: 6.40648
-----------------------------------------------------------
Generation: 12
Evaluation time: 2.84346
Reproduction time: 4.90236
-----------------------------------------------------------
Generation: 13
Evaluation time: 2.79894
Reproduction time: 4.31895
-----------------------------------------------------------
Generation: 14
Evaluation time: 2.46721
Reproduction time: 4.25474
-----------------------------------------------------------
Generation: 15
Evaluation time: 2.69956
Reproduction time: 4.96969
-----------------------------------------------------------
Generation: 16
Evaluation time: 2.67593
Reproduction time: 4.22599
-----------------------------------------------------------
Generation: 17
Evaluation time: 1.93495
Reproduction time: 5.16967
-----------------------------------------------------------
Generation: 18
Evaluation time: 2.61346
Reproduction time: 4.33072
-----------------------------------------------------------
Generation: 19
Evaluation time: 2.6087
Reproduction time: 4.18798
-----------------------------------------------------------
Generation: 20
Evaluation time: 1.8721
Reproduction time: 5.06266
-----------------------------------------------------------
Generation: 21
Evaluation time: 2.93084
Reproduction time: 7.12588
-----------------------------------------------------------
Generation: 22
Evaluation time: 2.78105
Reproduction time: 4.81941
-----------------------------------------------------------
Generation: 23
Evaluation time: 2.75537
Reproduction time: 4.39341
-----------------------------------------------------------
Generation: 24
Evaluation time: 2.45107
Reproduction time: 4.29308
-----------------------------------------------------------
Generation: 25
Evaluation time: 2.78161
Reproduction time: 5.21688
-----------------------------------------------------------
Generation: 26
Evaluation time: 2.70355
Reproduction time: 4.33639
-----------------------------------------------------------
Generation: 27
Evaluation time: 1.87953
Reproduction time: 5.41737
-----------------------------------------------------------
Generation: 28
Evaluation time: 2.57902
Reproduction time: 4.5369
-----------------------------------------------------------
Generation: 29
Evaluation time: 2.58462
Reproduction time: 4.16623
-----------------------------------------------------------
Generation: 30
Evaluation time: 1.86889
Reproduction time: 5.25232
-----------------------------------------------------------
Generation: 31
Evaluation time: 2.9255
Reproduction time: 7.1782
-----------------------------------------------------------
Generation: 32
Evaluation time: 2.78421
Reproduction time: 4.70212
-----------------------------------------------------------
Generation: 33
Evaluation time: 2.73831
Reproduction time: 4.27971
-----------------------------------------------------------
Generation: 34
Evaluation time: 2.42215
Reproduction time: 4.28835
-----------------------------------------------------------
Generation: 35
Evaluation time: 2.72243
Reproduction time: 5.14971
-----------------------------------------------------------
Generation: 36
Evaluation time: 2.4907
Reproduction time: 4.24986
-----------------------------------------------------------
Generation: 37
Evaluation time: 1.8771
Reproduction time: 5.18811
-----------------------------------------------------------
Generation: 38
Evaluation time: 1.79172
Reproduction time: 5.51505
-----------------------------------------------------------
Generation: 39
Evaluation time: 2.49975
Reproduction time: 4.55329
-----------------------------------------------------------
Generation: 40
Evaluation time: 2.64722
Reproduction time: 4.26496
