dc43e6b329e33066069be8493e19c2dbaea01d1d
-----------------------------------------------------------
Generation: 1
Evaluation time: 6.49883
Reproduction time: 0.0
-----------------------------------------------------------
Generation: 2
Evaluation time: 1.14436
Reproduction time: 2.29605
-----------------------------------------------------------
Generation: 3
Evaluation time: 0.98408
Reproduction time: 0.21861
-----------------------------------------------------------
Generation: 4
Evaluation time: 1.05032
Reproduction time: 0.17561
-----------------------------------------------------------
Generation: 5
Evaluation time: 1.0854
Reproduction time: 0.17707
-----------------------------------------------------------
Generation: 6
Evaluation time: 1.15108
Reproduction time: 0.16112
-----------------------------------------------------------
Generation: 7
Evaluation time: 1.14081
Reproduction time: 0.13497
-----------------------------------------------------------
Generation: 8
Evaluation time: 1.1088
Reproduction time: 0.13575
-----------------------------------------------------------
Generation: 9
Evaluation time: 1.11192
Reproduction time: 0.12141
-----------------------------------------------------------
Generation: 10
Evaluation time: 1.13222
Reproduction time: 0.12273
-----------------------------------------------------------
Generation: 11
Evaluation time: 1.10473
Reproduction time: 0.47867
-----------------------------------------------------------
Generation: 12
Evaluation time: 1.14828
Reproduction time: 0.17203
-----------------------------------------------------------
Generation: 13
Evaluation time: 1.11583
Reproduction time: 0.15755
-----------------------------------------------------------
Generation: 14
Evaluation time: 1.15824
Reproduction time: 0.15683
-----------------------------------------------------------
Generation: 15
Evaluation time: 1.14061
Reproduction time: 0.15571
-----------------------------------------------------------
Generation: 16
Evaluation time: 1.13565
Reproduction time: 0.16356
-----------------------------------------------------------
Generation: 17
Evaluation time: 1.09794
Reproduction time: 0.17478
-----------------------------------------------------------
Generation: 18
Evaluation time: 1.13785
Reproduction time: 0.12333
-----------------------------------------------------------
Generation: 19
Evaluation time: 1.14972
Reproduction time: 0.18651
-----------------------------------------------------------
Generation: 20
Evaluation time: 1.15915
Reproduction time: 0.18806
-----------------------------------------------------------
Generation: 21
Evaluation time: 1.17966
Reproduction time: 0.46562
-----------------------------------------------------------
Generation: 22
Evaluation time: 1.16051
Reproduction time: 0.17746
-----------------------------------------------------------
Generation: 23
Evaluation time: 1.17351
Reproduction time: 0.1612
-----------------------------------------------------------
Generation: 24
Evaluation time: 1.12071
Reproduction time: 0.1495
-----------------------------------------------------------
Generation: 25
Evaluation time: 1.08535
Reproduction time: 0.15821
-----------------------------------------------------------
Generation: 26
Evaluation time: 1.19336
Reproduction time: 0.15581
-----------------------------------------------------------
Generation: 27
Evaluation time: 1.15478
Reproduction time: 0.15775
-----------------------------------------------------------
Generation: 28
Evaluation time: 1.19333
Reproduction time: 0.16459
-----------------------------------------------------------
Generation: 29
Evaluation time: 1.17636
Reproduction time: 0.11518
-----------------------------------------------------------
Generation: 30
Evaluation time: 1.0989
Reproduction time: 0.18704
-----------------------------------------------------------
Generation: 31
Evaluation time: 1.14148
Reproduction time: 0.49392
-----------------------------------------------------------
Generation: 32
Evaluation time: 1.20077
Reproduction time: 0.19867
-----------------------------------------------------------
Generation: 33
Evaluation time: 1.23869
Reproduction time: 0.15463
-----------------------------------------------------------
Generation: 34
Evaluation time: 1.1525
Reproduction time: 0.16838
-----------------------------------------------------------
Generation: 35
Evaluation time: 1.16336
Reproduction time: 0.16211
-----------------------------------------------------------
Generation: 36
Evaluation time: 1.2191
Reproduction time: 0.16131
-----------------------------------------------------------
Generation: 37
Evaluation time: 1.16432
Reproduction time: 0.11887
-----------------------------------------------------------
Generation: 38
Evaluation time: 1.20006
Reproduction time: 0.18308
-----------------------------------------------------------
Generation: 39
Evaluation time: 1.15122
Reproduction time: 0.18164
-----------------------------------------------------------
Generation: 40
Evaluation time: 1.15504
Reproduction time: 0.19644
-----------------------------------------------------------
Generation: 41
Evaluation time: 1.15683
Reproduction time: 0.48358
-----------------------------------------------------------
Generation: 42
Evaluation time: 1.19723
Reproduction time: 0.19627
-----------------------------------------------------------
Generation: 43
Evaluation time: 1.25939
Reproduction time: 0.17493
-----------------------------------------------------------
Generation: 44
Evaluation time: 1.17349
Reproduction time: 0.16524
-----------------------------------------------------------
Generation: 45
Evaluation time: 1.17139
Reproduction time: 0.16952
-----------------------------------------------------------
Generation: 46
Evaluation time: 1.15553
Reproduction time: 0.16681
-----------------------------------------------------------
Generation: 47
Evaluation time: 1.1536
Reproduction time: 0.17343
-----------------------------------------------------------
Generation: 48
Evaluation time: 1.16645
Reproduction time: 0.11942
-----------------------------------------------------------
Generation: 49
Evaluation time: 1.18149
Reproduction time: 0.18654
-----------------------------------------------------------
Generation: 50
Evaluation time: 1.1518
Reproduction time: 0.19356
-----------------------------------------------------------
Generation: 51
Evaluation time: 1.18136
Reproduction time: 0.49712
-----------------------------------------------------------
Generation: 52
Evaluation time: 1.18954
Reproduction time: 0.20483
-----------------------------------------------------------
Generation: 53
Evaluation time: 1.2003
Reproduction time: 0.16268
-----------------------------------------------------------
Generation: 54
Evaluation time: 1.23865
Reproduction time: 0.16183
-----------------------------------------------------------
Generation: 55
Evaluation time: 1.19797
Reproduction time: 0.16677
-----------------------------------------------------------
Generation: 56
Evaluation time: 1.27915
Reproduction time: 0.13004
-----------------------------------------------------------
Generation: 57
Evaluation time: 1.2255
Reproduction time: 0.12453
-----------------------------------------------------------
Generation: 58
Evaluation time: 1.19881
Reproduction time: 0.203
-----------------------------------------------------------
Generation: 59
Evaluation time: 1.11694
Reproduction time: 0.19898
-----------------------------------------------------------
Generation: 60
Evaluation time: 1.1889
Reproduction time: 0.19471
-----------------------------------------------------------
Generation: 61
Evaluation time: 1.17168
Reproduction time: 0.47218
-----------------------------------------------------------
Generation: 62
Evaluation time: 1.21116
Reproduction time: 0.19609
-----------------------------------------------------------
Generation: 63
Evaluation time: 1.26259
Reproduction time: 0.16444
-----------------------------------------------------------
Generation: 64
Evaluation time: 1.3057
Reproduction time: 0.1912
-----------------------------------------------------------
Generation: 65
Evaluation time: 1.26415
Reproduction time: 0.18465
-----------------------------------------------------------
Generation: 66
Evaluation time: 1.20607
Reproduction time: 0.18094
-----------------------------------------------------------
Generation: 67
Evaluation time: 1.27441
Reproduction time: 0.18492
-----------------------------------------------------------
Generation: 68
Evaluation time: 1.24049
Reproduction time: 0.14238
-----------------------------------------------------------
Generation: 69
Evaluation time: 1.20348
Reproduction time: 0.19444
-----------------------------------------------------------
Generation: 70
Evaluation time: 1.22352
Reproduction time: 0.21046
-----------------------------------------------------------
Generation: 71
Evaluation time: 1.28516
Reproduction time: 0.5059
-----------------------------------------------------------
Generation: 72
Evaluation time: 1.24009
Reproduction time: 0.21266
-----------------------------------------------------------
Generation: 73
Evaluation time: 1.27144
Reproduction time: 0.19259
-----------------------------------------------------------
Generation: 74
Evaluation time: 1.30313
Reproduction time: 0.17281
-----------------------------------------------------------
Generation: 75
Evaluation time: 1.2914
Reproduction time: 0.17179
-----------------------------------------------------------
Generation: 76
Evaluation time: 1.25572
Reproduction time: 0.16534
-----------------------------------------------------------
Generation: 77
Evaluation time: 1.28119
Reproduction time: 0.17943
-----------------------------------------------------------
Generation: 78
Evaluation time: 1.26955
Reproduction time: 0.13428
-----------------------------------------------------------
Generation: 79
Evaluation time: 1.24992
Reproduction time: 0.1999
-----------------------------------------------------------
Generation: 80
Evaluation time: 1.28042
Reproduction time: 0.13843
-----------------------------------------------------------
Generation: 81
Evaluation time: 1.26107
Reproduction time: 0.53901
-----------------------------------------------------------
Generation: 82
Evaluation time: 1.29684
Reproduction time: 0.1631
-----------------------------------------------------------
Generation: 83
Evaluation time: 1.33861
Reproduction time: 0.17252
-----------------------------------------------------------
Generation: 84
Evaluation time: 1.27597
Reproduction time: 0.17163
-----------------------------------------------------------
Generation: 85
Evaluation time: 1.26674
Reproduction time: 0.16549
-----------------------------------------------------------
Generation: 86
Evaluation time: 1.30703
Reproduction time: 0.18906
-----------------------------------------------------------
Generation: 87
Evaluation time: 1.29641
Reproduction time: 0.16782
-----------------------------------------------------------
Generation: 88
Evaluation time: 1.26245
Reproduction time: 0.12711
-----------------------------------------------------------
Generation: 89
Evaluation time: 1.21977
Reproduction time: 0.19711
-----------------------------------------------------------
Generation: 90
Evaluation time: 1.36649
Reproduction time: 0.18661
-----------------------------------------------------------
Generation: 91
Evaluation time: 1.28709
Reproduction time: 0.42351
-----------------------------------------------------------
Generation: 92
Evaluation time: 1.30189
Reproduction time: 0.20929
-----------------------------------------------------------
Generation: 93
Evaluation time: 1.30468
Reproduction time: 0.16371
-----------------------------------------------------------
Generation: 94
Evaluation time: 1.31923
Reproduction time: 0.1601
-----------------------------------------------------------
Generation: 95
Evaluation time: 1.28096
Reproduction time: 0.15798
-----------------------------------------------------------
Generation: 96
Evaluation time: 1.27256
Reproduction time: 0.17074
-----------------------------------------------------------
Generation: 97
Evaluation time: 1.25718
Reproduction time: 0.13059
-----------------------------------------------------------
Generation: 98
Evaluation time: 1.21308
Reproduction time: 0.18899
-----------------------------------------------------------
Generation: 99
Evaluation time: 1.26055
Reproduction time: 0.16857
-----------------------------------------------------------
Generation: 100
Evaluation time: 1.21477
Reproduction time: 0.11836
-----------------------------------------------------------
Generation: 101
Evaluation time: 1.19055
Reproduction time: 0.50513
-----------------------------------------------------------
Generation: 102
Evaluation time: 1.29148
Reproduction time: 0.21215
-----------------------------------------------------------
Generation: 103
Evaluation time: 1.28659
Reproduction time: 0.18425
-----------------------------------------------------------
Generation: 104
Evaluation time: 1.2628
Reproduction time: 0.17435
-----------------------------------------------------------
Generation: 105
Evaluation time: 1.25991
Reproduction time: 0.15925
-----------------------------------------------------------
Generation: 106
Evaluation time: 1.2323
Reproduction time: 0.16143
-----------------------------------------------------------
Generation: 107
Evaluation time: 1.25759
Reproduction time: 0.15423
-----------------------------------------------------------
Generation: 108
Evaluation time: 1.26772
Reproduction time: 0.11625
-----------------------------------------------------------
Generation: 109
Evaluation time: 1.25516
Reproduction time: 0.17118
-----------------------------------------------------------
Generation: 110
Evaluation time: 1.24271
Reproduction time: 0.18659
-----------------------------------------------------------
Generation: 111
Evaluation time: 1.23049
Reproduction time: 0.48351
-----------------------------------------------------------
Generation: 112
Evaluation time: 1.25471
Reproduction time: 0.20599
-----------------------------------------------------------
Generation: 113
Evaluation time: 1.25715
Reproduction time: 0.16155
-----------------------------------------------------------
Generation: 114
Evaluation time: 1.29173
Reproduction time: 0.18329
-----------------------------------------------------------
Generation: 115
Evaluation time: 1.30092
Reproduction time: 0.15934
-----------------------------------------------------------
Generation: 116
Evaluation time: 1.26422
Reproduction time: 0.16648
