dc43e6b329e33066069be8493e19c2dbaea01d1d
-----------------------------------------------------------
Generation: 1
Evaluation time: 5.81236
Reproduction time: 0.0
-----------------------------------------------------------
Generation: 2
Evaluation time: 3.09769
Reproduction time: 5.41558
-----------------------------------------------------------
Generation: 3
Evaluation time: 2.7854
Reproduction time: 4.12394
-----------------------------------------------------------
Generation: 4
Evaluation time: 1.81898
Reproduction time: 4.36488
-----------------------------------------------------------
Generation: 5
Evaluation time: 2.69411
Reproduction time: 4.38575
-----------------------------------------------------------
Generation: 6
Evaluation time: 3.01181
Reproduction time: 4.10634
-----------------------------------------------------------
Generation: 7
Evaluation time: 1.82006
Reproduction time: 4.30112
-----------------------------------------------------------
Generation: 8
Evaluation time: 2.76327
Reproduction time: 4.54231
-----------------------------------------------------------
Generation: 9
Evaluation time: 1.82691
Reproduction time: 4.00412
-----------------------------------------------------------
Generation: 10
Evaluation time: 2.90519
Reproduction time: 4.49853
-----------------------------------------------------------
Generation: 11
Evaluation time: 3.03834
Reproduction time: 6.32845
-----------------------------------------------------------
Generation: 12
Evaluation time: 2.75811
Reproduction time: 4.97955
-----------------------------------------------------------
Generation: 13
Evaluation time: 2.74601
Reproduction time: 4.31138
-----------------------------------------------------------
Generation: 14
Evaluation time: 2.51604
Reproduction time: 4.18283
-----------------------------------------------------------
Generation: 15
Evaluation time: 2.65288
Reproduction time: 4.89904
-----------------------------------------------------------
Generation: 16
Evaluation time: 2.72841
Reproduction time: 4.18641
-----------------------------------------------------------
Generation: 17
Evaluation time: 1.93012
Reproduction time: 5.09078
-----------------------------------------------------------
Generation: 18
Evaluation time: 2.50101
Reproduction time: 4.43965
-----------------------------------------------------------
Generation: 19
Evaluation time: 2.60101
Reproduction time: 4.20924
-----------------------------------------------------------
Generation: 20
Evaluation time: 1.92722
Reproduction time: 5.09099
-----------------------------------------------------------
Generation: 21
Evaluation time: 3.05819
Reproduction time: 6.6944
-----------------------------------------------------------
Generation: 22
Evaluation time: 2.65387
Reproduction time: 4.79784
-----------------------------------------------------------
Generation: 23
Evaluation time: 2.63609
Reproduction time: 4.49524
-----------------------------------------------------------
Generation: 24
Evaluation time: 2.41987
Reproduction time: 4.42403
-----------------------------------------------------------
Generation: 25
Evaluation time: 2.58416
Reproduction time: 5.11891
-----------------------------------------------------------
Generation: 26
Evaluation time: 2.47079
Reproduction time: 4.43217
-----------------------------------------------------------
Generation: 27
Evaluation time: 1.72744
Reproduction time: 5.46955
-----------------------------------------------------------
Generation: 28
Evaluation time: 2.37662
Reproduction time: 4.40764
-----------------------------------------------------------
Generation: 29
Evaluation time: 2.44537
Reproduction time: 4.35251
-----------------------------------------------------------
Generation: 30
Evaluation time: 1.72663
Reproduction time: 5.22627
-----------------------------------------------------------
Generation: 31
Evaluation time: 3.01792
Reproduction time: 6.77765
-----------------------------------------------------------
Generation: 32
Evaluation time: 2.68763
Reproduction time: 4.82851
-----------------------------------------------------------
Generation: 33
Evaluation time: 2.64622
Reproduction time: 4.32915
-----------------------------------------------------------
Generation: 34
Evaluation time: 2.37506
Reproduction time: 4.28964
-----------------------------------------------------------
Generation: 35
Evaluation time: 2.60382
Reproduction time: 5.18437
-----------------------------------------------------------
Generation: 36
Evaluation time: 2.54012
Reproduction time: 4.30613
-----------------------------------------------------------
Generation: 37
Evaluation time: 1.73617
Reproduction time: 5.36814
-----------------------------------------------------------
Generation: 38
Evaluation time: 2.38395
Reproduction time: 4.3241
-----------------------------------------------------------
Generation: 39
Evaluation time: 2.55753
Reproduction time: 4.28925
-----------------------------------------------------------
Generation: 40
Evaluation time: 1.75295
Reproduction time: 5.28855
