dc43e6b329e33066069be8493e19c2dbaea01d1d
-----------------------------------------------------------
Generation: 1
Evaluation time: 5.86626
Reproduction time: 0.0
-----------------------------------------------------------
Generation: 2
Evaluation time: 3.13928
Reproduction time: 5.49021
-----------------------------------------------------------
Generation: 3
Evaluation time: 2.73162
Reproduction time: 4.09187
-----------------------------------------------------------
Generation: 4
Evaluation time: 1.80111
Reproduction time: 4.33324
-----------------------------------------------------------
Generation: 5
Evaluation time: 2.65557
Reproduction time: 4.36277
-----------------------------------------------------------
Generation: 6
Evaluation time: 3.0299
Reproduction time: 4.11889
-----------------------------------------------------------
Generation: 7
Evaluation time: 1.81092
Reproduction time: 4.37023
-----------------------------------------------------------
Generation: 8
Evaluation time: 2.76962
Reproduction time: 4.55204
-----------------------------------------------------------
Generation: 9
Evaluation time: 1.86864
Reproduction time: 4.05273
-----------------------------------------------------------
Generation: 10
Evaluation time: 2.8452
Reproduction time: 4.49636
-----------------------------------------------------------
Generation: 11
Evaluation time: 3.02745
Reproduction time: 6.42255
-----------------------------------------------------------
Generation: 12
Evaluation time: 2.7384
Reproduction time: 4.91716
-----------------------------------------------------------
Generation: 13
Evaluation time: 2.74918
Reproduction time: 4.33798
-----------------------------------------------------------
Generation: 14
Evaluation time: 2.48155
Reproduction time: 4.16244
-----------------------------------------------------------
Generation: 15
Evaluation time: 2.67745
Reproduction time: 4.93792
-----------------------------------------------------------
Generation: 16
Evaluation time: 2.67525
Reproduction time: 4.18933
-----------------------------------------------------------
Generation: 17
Evaluation time: 2.78076
Reproduction time: 4.9915
-----------------------------------------------------------
Generation: 18
Evaluation time: 2.91801
Reproduction time: 4.40419
-----------------------------------------------------------
Generation: 19
Evaluation time: 3.11262
Reproduction time: 4.28419
-----------------------------------------------------------
Generation: 20
Evaluation time: 1.78814
Reproduction time: 4.38989
-----------------------------------------------------------
Generation: 21
Evaluation time: 2.97308
Reproduction time: 6.85818
-----------------------------------------------------------
Generation: 22
Evaluation time: 2.71241
Reproduction time: 4.72588
-----------------------------------------------------------
Generation: 23
Evaluation time: 2.72695
Reproduction time: 4.31577
-----------------------------------------------------------
Generation: 24
Evaluation time: 2.39214
Reproduction time: 4.23753
-----------------------------------------------------------
Generation: 25
Evaluation time: 2.64692
Reproduction time: 4.95912
-----------------------------------------------------------
Generation: 26
Evaluation time: 2.53582
Reproduction time: 4.31826
-----------------------------------------------------------
Generation: 27
Evaluation time: 1.7259
Reproduction time: 5.26982
-----------------------------------------------------------
Generation: 28
Evaluation time: 2.46135
Reproduction time: 4.496
-----------------------------------------------------------
Generation: 29
Evaluation time: 2.54105
Reproduction time: 4.29556
-----------------------------------------------------------
Generation: 30
Evaluation time: 1.73016
Reproduction time: 5.1158
-----------------------------------------------------------
Generation: 31
Evaluation time: 3.02272
Reproduction time: 6.84204
-----------------------------------------------------------
Generation: 32
Evaluation time: 2.69373
Reproduction time: 4.84495
-----------------------------------------------------------
Generation: 33
Evaluation time: 2.58471
Reproduction time: 4.42358
-----------------------------------------------------------
Generation: 34
Evaluation time: 2.36486
Reproduction time: 4.45596
-----------------------------------------------------------
Generation: 35
Evaluation time: 2.60745
Reproduction time: 5.1942
-----------------------------------------------------------
Generation: 36
Evaluation time: 2.52705
Reproduction time: 4.4821
-----------------------------------------------------------
Generation: 37
Evaluation time: 1.76663
Reproduction time: 5.46348
-----------------------------------------------------------
Generation: 38
Evaluation time: 2.41919
Reproduction time: 4.53898
-----------------------------------------------------------
Generation: 39
Evaluation time: 2.45968
Reproduction time: 4.33884
-----------------------------------------------------------
Generation: 40
Evaluation time: 1.80253
Reproduction time: 5.37294
