dc43e6b329e33066069be8493e19c2dbaea01d1d
-----------------------------------------------------------
Generation: 1
Evaluation time: 1.53899
Reproduction time: 0.0
-----------------------------------------------------------
Generation: 2
Evaluation time: 0.05149
Reproduction time: 2.08788
-----------------------------------------------------------
Generation: 3
Evaluation time: 0.04649
Reproduction time: 0.18515
-----------------------------------------------------------
Generation: 4
Evaluation time: 0.04608
Reproduction time: 0.18889
-----------------------------------------------------------
Generation: 5
Evaluation time: 0.07974
Reproduction time: 0.17467
-----------------------------------------------------------
Generation: 6
Evaluation time: 0.08259
Reproduction time: 0.13522
-----------------------------------------------------------
Generation: 7
Evaluation time: 0.07229
Reproduction time: 0.13544
-----------------------------------------------------------
Generation: 8
Evaluation time: 0.06582
Reproduction time: 0.14297
-----------------------------------------------------------
Generation: 9
Evaluation time: 0.06103
Reproduction time: 0.13387
-----------------------------------------------------------
Generation: 10
Evaluation time: 0.04839
Reproduction time: 0.18148
-----------------------------------------------------------
Generation: 11
Evaluation time: 0.04109
Reproduction time: 0.43996
-----------------------------------------------------------
Generation: 12
Evaluation time: 0.04219
Reproduction time: 0.24386
-----------------------------------------------------------
Generation: 13
Evaluation time: 0.04267
Reproduction time: 0.23183
-----------------------------------------------------------
Generation: 14
Evaluation time: 0.05646
Reproduction time: 0.21127
-----------------------------------------------------------
Generation: 15
Evaluation time: 0.07242
Reproduction time: 0.17496
-----------------------------------------------------------
Generation: 16
Evaluation time: 0.04438
Reproduction time: 0.17814
-----------------------------------------------------------
Generation: 17
Evaluation time: 0.04304
Reproduction time: 0.20408
-----------------------------------------------------------
Generation: 18
Evaluation time: 0.06164
Reproduction time: 0.18088
-----------------------------------------------------------
Generation: 19
Evaluation time: 0.0469
Reproduction time: 0.18193
-----------------------------------------------------------
Generation: 20
Evaluation time: 0.04111
Reproduction time: 0.20663
-----------------------------------------------------------
Generation: 21
Evaluation time: 0.06378
Reproduction time: 0.37818
-----------------------------------------------------------
Generation: 22
Evaluation time: 0.06307
Reproduction time: 0.20437
-----------------------------------------------------------
Generation: 23
Evaluation time: 0.04412
Reproduction time: 0.20424
-----------------------------------------------------------
Generation: 24
Evaluation time: 0.04334
Reproduction time: 0.20514
-----------------------------------------------------------
Generation: 25
Evaluation time: 0.0594
Reproduction time: 0.20723
-----------------------------------------------------------
Generation: 26
Evaluation time: 0.04422
Reproduction time: 0.22093
-----------------------------------------------------------
Generation: 27
Evaluation time: 0.06719
Reproduction time: 0.19626
-----------------------------------------------------------
Generation: 28
Evaluation time: 0.07293
Reproduction time: 0.18914
-----------------------------------------------------------
Generation: 29
Evaluation time: 0.04517
Reproduction time: 0.18998
-----------------------------------------------------------
Generation: 30
Evaluation time: 0.06229
Reproduction time: 0.18334
-----------------------------------------------------------
Generation: 31
Evaluation time: 0.06357
Reproduction time: 0.36976
-----------------------------------------------------------
Generation: 32
Evaluation time: 0.0386
Reproduction time: 0.20381
-----------------------------------------------------------
Generation: 33
Evaluation time: 0.0713
Reproduction time: 0.20254
-----------------------------------------------------------
Generation: 34
Evaluation time: 0.07003
Reproduction time: 0.18444
-----------------------------------------------------------
Generation: 35
Evaluation time: 0.05684
Reproduction time: 0.19162
-----------------------------------------------------------
Generation: 36
Evaluation time: 0.04398
Reproduction time: 0.22119
-----------------------------------------------------------
Generation: 37
Evaluation time: 0.06447
Reproduction time: 0.19258
-----------------------------------------------------------
Generation: 38
Evaluation time: 0.07158
Reproduction time: 0.18778
-----------------------------------------------------------
Generation: 39
Evaluation time: 0.04387
Reproduction time: 0.17552
-----------------------------------------------------------
Generation: 40
Evaluation time: 0.06344
Reproduction time: 0.18318
-----------------------------------------------------------
Generation: 41
Evaluation time: 0.03849
Reproduction time: 0.38621
-----------------------------------------------------------
Generation: 42
Evaluation time: 0.05964
Reproduction time: 0.20331
-----------------------------------------------------------
Generation: 43
Evaluation time: 0.06014
Reproduction time: 0.18391
-----------------------------------------------------------
Generation: 44
Evaluation time: 0.0586
Reproduction time: 0.17911
-----------------------------------------------------------
Generation: 45
Evaluation time: 0.05962
Reproduction time: 0.17628
-----------------------------------------------------------
Generation: 46
Evaluation time: 0.04511
Reproduction time: 0.21649
-----------------------------------------------------------
Generation: 47
Evaluation time: 0.04561
Reproduction time: 0.21891
-----------------------------------------------------------
Generation: 48
Evaluation time: 0.04656
Reproduction time: 0.20508
-----------------------------------------------------------
Generation: 49
Evaluation time: 0.04571
Reproduction time: 0.19669
-----------------------------------------------------------
Generation: 50
Evaluation time: 0.04612
Reproduction time: 0.19636
-----------------------------------------------------------
Generation: 51
Evaluation time: 0.06483
Reproduction time: 0.33914
-----------------------------------------------------------
Generation: 52
Evaluation time: 0.06019
Reproduction time: 0.21048
-----------------------------------------------------------
Generation: 53
Evaluation time: 0.04462
Reproduction time: 0.20997
-----------------------------------------------------------
Generation: 54
Evaluation time: 0.06783
Reproduction time: 0.19939
-----------------------------------------------------------
Generation: 55
Evaluation time: 0.0634
Reproduction time: 0.18243
-----------------------------------------------------------
Generation: 56
Evaluation time: 0.06104
Reproduction time: 0.19248
-----------------------------------------------------------
Generation: 57
Evaluation time: 0.05891
Reproduction time: 0.20701
-----------------------------------------------------------
Generation: 58
Evaluation time: 0.05806
Reproduction time: 0.19508
-----------------------------------------------------------
Generation: 59
Evaluation time: 0.05774
Reproduction time: 0.19799
-----------------------------------------------------------
Generation: 60
Evaluation time: 0.04394
Reproduction time: 0.21152
-----------------------------------------------------------
Generation: 61
Evaluation time: 0.04403
Reproduction time: 0.36427
-----------------------------------------------------------
Generation: 62
Evaluation time: 0.0408
Reproduction time: 0.23201
-----------------------------------------------------------
Generation: 63
Evaluation time: 0.06388
Reproduction time: 0.20336
-----------------------------------------------------------
Generation: 64
Evaluation time: 0.0578
Reproduction time: 0.18256
-----------------------------------------------------------
Generation: 65
Evaluation time: 0.04295
Reproduction time: 0.21936
-----------------------------------------------------------
Generation: 66
Evaluation time: 0.04209
Reproduction time: 0.20774
-----------------------------------------------------------
Generation: 67
Evaluation time: 0.04227
Reproduction time: 0.21312
-----------------------------------------------------------
Generation: 68
Evaluation time: 0.04301
Reproduction time: 0.21201
-----------------------------------------------------------
Generation: 69
Evaluation time: 0.04312
Reproduction time: 0.20991
-----------------------------------------------------------
Generation: 70
Evaluation time: 0.04287
Reproduction time: 0.21652
-----------------------------------------------------------
Generation: 71
Evaluation time: 0.03789
Reproduction time: 0.39822
-----------------------------------------------------------
Generation: 72
Evaluation time: 0.04789
Reproduction time: 0.22407
-----------------------------------------------------------
Generation: 73
Evaluation time: 0.0568
Reproduction time: 0.20111
-----------------------------------------------------------
Generation: 74
Evaluation time: 0.07245
Reproduction time: 0.19858
-----------------------------------------------------------
Generation: 75
Evaluation time: 0.07765
Reproduction time: 0.1772
-----------------------------------------------------------
Generation: 76
Evaluation time: 0.04657
Reproduction time: 0.17298
-----------------------------------------------------------
Generation: 77
Evaluation time: 0.06743
Reproduction time: 0.16873
-----------------------------------------------------------
Generation: 78
Evaluation time: 0.04662
Reproduction time: 0.18232
-----------------------------------------------------------
Generation: 79
Evaluation time: 0.07336
Reproduction time: 0.16649
-----------------------------------------------------------
Generation: 80
Evaluation time: 0.04689
Reproduction time: 0.16938
-----------------------------------------------------------
Generation: 81
Evaluation time: 0.06274
Reproduction time: 0.37177
-----------------------------------------------------------
Generation: 82
Evaluation time: 0.06332
Reproduction time: 0.2068
-----------------------------------------------------------
Generation: 83
Evaluation time: 0.0441
Reproduction time: 0.20769
-----------------------------------------------------------
Generation: 84
Evaluation time: 0.06406
Reproduction time: 0.20403
-----------------------------------------------------------
Generation: 85
Evaluation time: 0.05809
Reproduction time: 0.18008
-----------------------------------------------------------
Generation: 86
Evaluation time: 0.05794
Reproduction time: 0.17929
-----------------------------------------------------------
Generation: 87
Evaluation time: 0.04657
Reproduction time: 0.20956
-----------------------------------------------------------
Generation: 88
Evaluation time: 0.06341
Reproduction time: 0.17421
-----------------------------------------------------------
Generation: 89
Evaluation time: 0.07624
Reproduction time: 0.18587
-----------------------------------------------------------
Generation: 90
Evaluation time: 0.07334
Reproduction time: 0.17737
-----------------------------------------------------------
Generation: 91
Evaluation time: 0.03947
Reproduction time: 0.35731
-----------------------------------------------------------
Generation: 92
Evaluation time: 0.04042
Reproduction time: 0.23779
-----------------------------------------------------------
Generation: 93
Evaluation time: 0.04367
Reproduction time: 0.22975
-----------------------------------------------------------
Generation: 94
Evaluation time: 0.07339
Reproduction time: 0.1976
-----------------------------------------------------------
Generation: 95
Evaluation time: 0.04463
Reproduction time: 0.19502
-----------------------------------------------------------
Generation: 96
Evaluation time: 0.06113
Reproduction time: 0.1996
-----------------------------------------------------------
Generation: 97
Evaluation time: 0.08776
Reproduction time: 0.19199
-----------------------------------------------------------
Generation: 98
Evaluation time: 0.04484
Reproduction time: 0.17381
-----------------------------------------------------------
Generation: 99
Evaluation time: 0.06516
Reproduction time: 0.20164
-----------------------------------------------------------
Generation: 100
Evaluation time: 0.04522
Reproduction time: 0.18709
-----------------------------------------------------------
Generation: 101
Evaluation time: 0.03925
Reproduction time: 0.38283
-----------------------------------------------------------
Generation: 102
Evaluation time: 0.04815
Reproduction time: 0.21404
-----------------------------------------------------------
Generation: 103
Evaluation time: 0.0541
Reproduction time: 0.20049
-----------------------------------------------------------
Generation: 104
Evaluation time: 0.0535
Reproduction time: 0.21061
-----------------------------------------------------------
Generation: 105
Evaluation time: 0.0701
Reproduction time: 0.20933
-----------------------------------------------------------
Generation: 106
Evaluation time: 0.0765
Reproduction time: 0.18412
-----------------------------------------------------------
Generation: 107
Evaluation time: 0.04635
Reproduction time: 0.17806
-----------------------------------------------------------
Generation: 108
Evaluation time: 0.06884
Reproduction time: 0.18975
-----------------------------------------------------------
Generation: 109
Evaluation time: 0.04711
Reproduction time: 0.1902
-----------------------------------------------------------
Generation: 110
Evaluation time: 0.0468
Reproduction time: 0.18634
-----------------------------------------------------------
Generation: 111
Evaluation time: 0.04325
Reproduction time: 0.36668
-----------------------------------------------------------
Generation: 112
Evaluation time: 0.04489
Reproduction time: 0.22441
-----------------------------------------------------------
Generation: 113
Evaluation time: 0.06935
Reproduction time: 0.19982
-----------------------------------------------------------
Generation: 114
Evaluation time: 0.06178
Reproduction time: 0.17636
-----------------------------------------------------------
Generation: 115
Evaluation time: 0.04573
Reproduction time: 0.20702
-----------------------------------------------------------
Generation: 116
Evaluation time: 0.04626
Reproduction time: 0.20494
-----------------------------------------------------------
Generation: 117
Evaluation time: 0.04703
Reproduction time: 0.2118
-----------------------------------------------------------
Generation: 118
Evaluation time: 0.04651
Reproduction time: 0.20455
-----------------------------------------------------------
Generation: 119
Evaluation time: 0.06554
Reproduction time: 0.21302
-----------------------------------------------------------
Generation: 120
Evaluation time: 0.06162
Reproduction time: 0.17383
-----------------------------------------------------------
Generation: 121
Evaluation time: 0.06448
Reproduction time: 0.35744
-----------------------------------------------------------
Generation: 122
Evaluation time: 0.06801
Reproduction time: 0.19939
-----------------------------------------------------------
Generation: 123
Evaluation time: 0.0469
Reproduction time: 0.20105
-----------------------------------------------------------
Generation: 124
Evaluation time: 0.04725
Reproduction time: 0.21477
-----------------------------------------------------------
Generation: 125
Evaluation time: 0.04656
Reproduction time: 0.21607
-----------------------------------------------------------
Generation: 126
Evaluation time: 0.06982
Reproduction time: 0.18595
-----------------------------------------------------------
Generation: 127
Evaluation time: 0.08042
Reproduction time: 0.17734
-----------------------------------------------------------
Generation: 128
Evaluation time: 0.04911
Reproduction time: 0.17424
-----------------------------------------------------------
Generation: 129
Evaluation time: 0.06449
Reproduction time: 0.17945
-----------------------------------------------------------
Generation: 130
Evaluation time: 0.06516
Reproduction time: 0.18424
-----------------------------------------------------------
Generation: 131
Evaluation time: 0.03816
Reproduction time: 0.38198
-----------------------------------------------------------
Generation: 132
Evaluation time: 0.0473
Reproduction time: 0.21455
-----------------------------------------------------------
Generation: 133
Evaluation time: 0.05357
Reproduction time: 0.21489
-----------------------------------------------------------
Generation: 134
Evaluation time: 0.07064
Reproduction time: 0.19997
-----------------------------------------------------------
Generation: 135
Evaluation time: 0.07455
Reproduction time: 0.18089
-----------------------------------------------------------
Generation: 136
Evaluation time: 0.04761
Reproduction time: 0.15674
-----------------------------------------------------------
Generation: 137
Evaluation time: 0.07177
Reproduction time: 0.18123
-----------------------------------------------------------
Generation: 138
Evaluation time: 0.04658
Reproduction time: 0.15444
-----------------------------------------------------------
Generation: 139
Evaluation time: 0.07329
Reproduction time: 0.18284
-----------------------------------------------------------
Generation: 140
Evaluation time: 0.04788
Reproduction time: 0.16829
-----------------------------------------------------------
Generation: 141
Evaluation time: 0.06278
Reproduction time: 0.38191
-----------------------------------------------------------
Generation: 142
Evaluation time: 0.04393
Reproduction time: 0.21607
-----------------------------------------------------------
Generation: 143
Evaluation time: 0.04639
Reproduction time: 0.21318
-----------------------------------------------------------
Generation: 144
Evaluation time: 0.07299
Reproduction time: 0.18847
-----------------------------------------------------------
Generation: 145
Evaluation time: 0.04693
Reproduction time: 0.17926
-----------------------------------------------------------
Generation: 146
Evaluation time: 0.0712
Reproduction time: 0.17037
-----------------------------------------------------------
Generation: 147
Evaluation time: 0.04712
Reproduction time: 0.16896
-----------------------------------------------------------
Generation: 148
Evaluation time: 0.06245
Reproduction time: 0.17099
-----------------------------------------------------------
Generation: 149
Evaluation time: 0.0747
Reproduction time: 0.19064
-----------------------------------------------------------
Generation: 150
Evaluation time: 0.04713
Reproduction time: 0.18253
-----------------------------------------------------------
Generation: 151
Evaluation time: 0.04039
Reproduction time: 0.36068
-----------------------------------------------------------
Generation: 152
Evaluation time: 0.0687
Reproduction time: 0.22901
-----------------------------------------------------------
Generation: 153
Evaluation time: 0.06222
Reproduction time: 0.16657
-----------------------------------------------------------
Generation: 154
Evaluation time: 0.06185
Reproduction time: 0.1756
-----------------------------------------------------------
Generation: 155
Evaluation time: 0.04711
Reproduction time: 0.20771
-----------------------------------------------------------
Generation: 156
Evaluation time: 0.047
Reproduction time: 0.20498
-----------------------------------------------------------
Generation: 157
Evaluation time: 0.04638
Reproduction time: 0.20901
-----------------------------------------------------------
Generation: 158
Evaluation time: 0.04582
Reproduction time: 0.20747
-----------------------------------------------------------
Generation: 159
Evaluation time: 0.04691
Reproduction time: 0.2065
-----------------------------------------------------------
Generation: 160
Evaluation time: 0.04704
Reproduction time: 0.19505
-----------------------------------------------------------
Generation: 161
Evaluation time: 0.06335
Reproduction time: 0.36567
-----------------------------------------------------------
Generation: 162
Evaluation time: 0.06465
Reproduction time: 0.2176
-----------------------------------------------------------
Generation: 163
Evaluation time: 0.07337
Reproduction time: 0.21423
-----------------------------------------------------------
Generation: 164
Evaluation time: 0.0743
Reproduction time: 0.19647
-----------------------------------------------------------
Generation: 165
Evaluation time: 0.07637
Reproduction time: 0.18252
-----------------------------------------------------------
Generation: 166
Evaluation time: 0.05077
Reproduction time: 0.19413
-----------------------------------------------------------
Generation: 167
Evaluation time: 0.04654
Reproduction time: 0.22788
-----------------------------------------------------------
Generation: 168
Evaluation time: 0.06763
Reproduction time: 0.18824
-----------------------------------------------------------
Generation: 169
Evaluation time: 0.07044
Reproduction time: 0.17422
-----------------------------------------------------------
Generation: 170
Evaluation time: 0.07894
Reproduction time: 0.1701
-----------------------------------------------------------
Generation: 171
Evaluation time: 0.06343
Reproduction time: 0.35508
-----------------------------------------------------------
Generation: 172
Evaluation time: 0.07047
Reproduction time: 0.20008
-----------------------------------------------------------
Generation: 173
Evaluation time: 0.06422
Reproduction time: 0.17583
-----------------------------------------------------------
Generation: 174
Evaluation time: 0.04652
Reproduction time: 0.21725
-----------------------------------------------------------
Generation: 175
Evaluation time: 0.06957
Reproduction time: 0.18272
-----------------------------------------------------------
Generation: 176
Evaluation time: 0.07815
Reproduction time: 0.1766
-----------------------------------------------------------
Generation: 177
Evaluation time: 0.07647
Reproduction time: 0.18076
-----------------------------------------------------------
Generation: 178
Evaluation time: 0.04911
Reproduction time: 0.18907
-----------------------------------------------------------
Generation: 179
Evaluation time: 0.0471
Reproduction time: 0.21848
-----------------------------------------------------------
Generation: 180
Evaluation time: 0.06331
Reproduction time: 0.17028
-----------------------------------------------------------
Generation: 181
Evaluation time: 0.03836
Reproduction time: 0.36833
-----------------------------------------------------------
Generation: 182
Evaluation time: 0.0466
Reproduction time: 0.21154
-----------------------------------------------------------
Generation: 183
Evaluation time: 0.05229
Reproduction time: 0.20594
-----------------------------------------------------------
Generation: 184
Evaluation time: 0.05436
Reproduction time: 0.19251
-----------------------------------------------------------
Generation: 185
Evaluation time: 0.05372
Reproduction time: 0.21124
-----------------------------------------------------------
Generation: 186
Evaluation time: 0.06888
Reproduction time: 0.18525
-----------------------------------------------------------
Generation: 187
Evaluation time: 0.045
Reproduction time: 0.16416
-----------------------------------------------------------
Generation: 188
Evaluation time: 0.06623
Reproduction time: 0.18239
-----------------------------------------------------------
Generation: 189
Evaluation time: 0.0454
Reproduction time: 0.16387
-----------------------------------------------------------
Generation: 190
Evaluation time: 0.03724
Reproduction time: 0.16674
-----------------------------------------------------------
Generation: 191
Evaluation time: 0.06352
Reproduction time: 0.34105
-----------------------------------------------------------
Generation: 192
Evaluation time: 0.06824
Reproduction time: 0.19189
-----------------------------------------------------------
Generation: 193
Evaluation time: 0.04654
Reproduction time: 0.19752
-----------------------------------------------------------
Generation: 194
Evaluation time: 0.07168
Reproduction time: 0.19907
-----------------------------------------------------------
Generation: 195
Evaluation time: 0.06015
Reproduction time: 0.18945
-----------------------------------------------------------
Generation: 196
Evaluation time: 0.04822
Reproduction time: 0.20896
-----------------------------------------------------------
Generation: 197
Evaluation time: 0.07276
Reproduction time: 0.183
-----------------------------------------------------------
Generation: 198
Evaluation time: 0.04788
Reproduction time: 0.15896
-----------------------------------------------------------
Generation: 199
Evaluation time: 0.04724
Reproduction time: 0.20064
-----------------------------------------------------------
Generation: 200
Evaluation time: 0.06522
Reproduction time: 0.17384
-----------------------------------------------------------
Generation: 201
Evaluation time: 0.06366
Reproduction time: 0.3507
-----------------------------------------------------------
Generation: 202
Evaluation time: 0.04398
Reproduction time: 0.19526
-----------------------------------------------------------
Generation: 203
Evaluation time: 0.06411
Reproduction time: 0.20464
-----------------------------------------------------------
Generation: 204
Evaluation time: 0.06029
Reproduction time: 0.17651
-----------------------------------------------------------
Generation: 205
Evaluation time: 0.04667
Reproduction time: 0.19795
-----------------------------------------------------------
Generation: 206
Evaluation time: 0.06206
Reproduction time: 0.19005
-----------------------------------------------------------
Generation: 207
Evaluation time: 0.07867
Reproduction time: 0.17497
-----------------------------------------------------------
Generation: 208
Evaluation time: 0.07486
Reproduction time: 0.19479
-----------------------------------------------------------
Generation: 209
Evaluation time: 0.04756
Reproduction time: 0.19174
-----------------------------------------------------------
Generation: 210
Evaluation time: 0.04638
Reproduction time: 0.22329
-----------------------------------------------------------
Generation: 211
Evaluation time: 0.03832
Reproduction time: 0.37746
-----------------------------------------------------------
Generation: 212
Evaluation time: 0.04674
Reproduction time: 0.20285
-----------------------------------------------------------
Generation: 213
Evaluation time: 0.05525
Reproduction time: 0.19687
-----------------------------------------------------------
Generation: 214
Evaluation time: 0.07358
Reproduction time: 0.17628
-----------------------------------------------------------
Generation: 215
Evaluation time: 0.07609
Reproduction time: 0.17693
-----------------------------------------------------------
Generation: 216
Evaluation time: 0.04628
Reproduction time: 0.1715
-----------------------------------------------------------
Generation: 217
Evaluation time: 0.06812
Reproduction time: 0.17765
-----------------------------------------------------------
Generation: 218
Evaluation time: 0.04644
Reproduction time: 0.1617
-----------------------------------------------------------
Generation: 219
Evaluation time: 0.0693
Reproduction time: 0.1763
-----------------------------------------------------------
Generation: 220
Evaluation time: 0.04773
Reproduction time: 0.15175
-----------------------------------------------------------
Generation: 221
Evaluation time: 0.03861
Reproduction time: 0.36482
-----------------------------------------------------------
Generation: 222
Evaluation time: 0.0559
Reproduction time: 0.21382
-----------------------------------------------------------
Generation: 223
Evaluation time: 0.04698
Reproduction time: 0.2089
-----------------------------------------------------------
Generation: 224
Evaluation time: 0.04665
Reproduction time: 0.21194
-----------------------------------------------------------
Generation: 225
Evaluation time: 0.04546
Reproduction time: 0.20356
-----------------------------------------------------------
Generation: 226
Evaluation time: 0.0456
Reproduction time: 0.20355
-----------------------------------------------------------
Generation: 227
Evaluation time: 0.06213
Reproduction time: 0.15965
-----------------------------------------------------------
Generation: 228
Evaluation time: 0.0726
Reproduction time: 0.168
-----------------------------------------------------------
Generation: 229
Evaluation time: 0.04626
Reproduction time: 0.14474
-----------------------------------------------------------
Generation: 230
Evaluation time: 0.06785
Reproduction time: 0.16204
-----------------------------------------------------------
Generation: 231
Evaluation time: 0.06382
Reproduction time: 0.31939
-----------------------------------------------------------
Generation: 232
Evaluation time: 0.06816
Reproduction time: 0.19665
-----------------------------------------------------------
Generation: 233
Evaluation time: 0.07129
Reproduction time: 0.2136
-----------------------------------------------------------
Generation: 234
Evaluation time: 0.0785
Reproduction time: 0.18906
-----------------------------------------------------------
Generation: 235
Evaluation time: 0.08017
Reproduction time: 0.17806
-----------------------------------------------------------
Generation: 236
Evaluation time: 0.04756
Reproduction time: 0.1767
-----------------------------------------------------------
Generation: 237
Evaluation time: 0.04723
Reproduction time: 0.20623
-----------------------------------------------------------
Generation: 238
Evaluation time: 0.07168
Reproduction time: 0.18787
-----------------------------------------------------------
Generation: 239
Evaluation time: 0.04677
Reproduction time: 0.16549
-----------------------------------------------------------
Generation: 240
Evaluation time: 0.0467
Reproduction time: 0.19514
-----------------------------------------------------------
Generation: 241
Evaluation time: 0.06202
Reproduction time: 0.37317
-----------------------------------------------------------
Generation: 242
Evaluation time: 0.06148
Reproduction time: 0.20809
-----------------------------------------------------------
Generation: 243
Evaluation time: 0.0735
Reproduction time: 0.2077
-----------------------------------------------------------
Generation: 244
Evaluation time: 0.07312
Reproduction time: 0.19354
-----------------------------------------------------------
Generation: 245
Evaluation time: 0.0751
Reproduction time: 0.18187
-----------------------------------------------------------
Generation: 246
Evaluation time: 0.05039
Reproduction time: 0.17587
-----------------------------------------------------------
Generation: 247
Evaluation time: 0.06299
Reproduction time: 0.16021
-----------------------------------------------------------
Generation: 248
Evaluation time: 0.07046
Reproduction time: 0.17045
-----------------------------------------------------------
Generation: 249
Evaluation time: 0.07197
Reproduction time: 0.17342
-----------------------------------------------------------
Generation: 250
Evaluation time: 0.07388
Reproduction time: 0.17875
-----------------------------------------------------------
Generation: 251
Evaluation time: 0.06351
Reproduction time: 0.35412
-----------------------------------------------------------
Generation: 252
Evaluation time: 0.07141
Reproduction time: 0.20056
-----------------------------------------------------------
Generation: 253
Evaluation time: 0.05954
Reproduction time: 0.18
-----------------------------------------------------------
Generation: 254
Evaluation time: 0.06034
Reproduction time: 0.17592
-----------------------------------------------------------
Generation: 255
Evaluation time: 0.04543
Reproduction time: 0.19663
-----------------------------------------------------------
Generation: 256
Evaluation time: 0.04573
Reproduction time: 0.20396
-----------------------------------------------------------
Generation: 257
Evaluation time: 0.04598
Reproduction time: 0.20254
-----------------------------------------------------------
Generation: 258
Evaluation time: 0.04614
Reproduction time: 0.20008
-----------------------------------------------------------
Generation: 259
Evaluation time: 0.04565
Reproduction time: 0.20487
-----------------------------------------------------------
Generation: 260
Evaluation time: 0.04595
Reproduction time: 0.19052
-----------------------------------------------------------
Generation: 261
Evaluation time: 0.06255
Reproduction time: 0.34821
-----------------------------------------------------------
Generation: 262
Evaluation time: 0.06686
Reproduction time: 0.20178
-----------------------------------------------------------
Generation: 263
Evaluation time: 0.04678
Reproduction time: 0.19717
-----------------------------------------------------------
Generation: 264
Evaluation time: 0.06845
Reproduction time: 0.20077
-----------------------------------------------------------
Generation: 265
Evaluation time: 0.04832
Reproduction time: 0.21259
-----------------------------------------------------------
Generation: 266
Evaluation time: 0.06853
Reproduction time: 0.18116
-----------------------------------------------------------
Generation: 267
Evaluation time: 0.07623
Reproduction time: 0.19908
-----------------------------------------------------------
Generation: 268
Evaluation time: 0.04911
Reproduction time: 0.16718
-----------------------------------------------------------
Generation: 269
Evaluation time: 0.06734
Reproduction time: 0.16656
-----------------------------------------------------------
Generation: 270
Evaluation time: 0.08238
Reproduction time: 0.1665
-----------------------------------------------------------
Generation: 271
Evaluation time: 0.06423
Reproduction time: 0.29213
-----------------------------------------------------------
Generation: 272
Evaluation time: 0.06979
Reproduction time: 0.19372
-----------------------------------------------------------
Generation: 273
Evaluation time: 0.04773
Reproduction time: 0.19775
-----------------------------------------------------------
Generation: 274
Evaluation time: 0.07648
Reproduction time: 0.2028
-----------------------------------------------------------
Generation: 275
Evaluation time: 0.07039
Reproduction time: 0.18015
-----------------------------------------------------------
Generation: 276
Evaluation time: 0.07055
Reproduction time: 0.18747
-----------------------------------------------------------
Generation: 277
Evaluation time: 0.06857
Reproduction time: 0.19087
-----------------------------------------------------------
Generation: 278
Evaluation time: 0.07429
Reproduction time: 0.17424
-----------------------------------------------------------
Generation: 279
Evaluation time: 0.06534
Reproduction time: 0.18172
-----------------------------------------------------------
Generation: 280
Evaluation time: 0.06288
Reproduction time: 0.17212
-----------------------------------------------------------
Generation: 281
Evaluation time: 0.04301
Reproduction time: 0.35412
-----------------------------------------------------------
Generation: 282
Evaluation time: 0.04467
Reproduction time: 0.22473
-----------------------------------------------------------
Generation: 283
Evaluation time: 0.06463
Reproduction time: 0.19479
-----------------------------------------------------------
Generation: 284
Evaluation time: 0.06015
Reproduction time: 0.17281
-----------------------------------------------------------
Generation: 285
Evaluation time: 0.04603
Reproduction time: 0.20054
-----------------------------------------------------------
Generation: 286
Evaluation time: 0.04553
Reproduction time: 0.21296
-----------------------------------------------------------
Generation: 287
Evaluation time: 0.05887
Reproduction time: 0.21603
-----------------------------------------------------------
Generation: 288
Evaluation time: 0.04665
Reproduction time: 0.21333
-----------------------------------------------------------
Generation: 289
Evaluation time: 0.0696
Reproduction time: 0.18824
-----------------------------------------------------------
Generation: 290
Evaluation time: 0.04654
Reproduction time: 0.16852
-----------------------------------------------------------
Generation: 291
Evaluation time: 0.03838
Reproduction time: 0.36264
-----------------------------------------------------------
Generation: 292
Evaluation time: 0.04905
Reproduction time: 0.20174
-----------------------------------------------------------
Generation: 293
Evaluation time: 0.07068
Reproduction time: 0.19662
-----------------------------------------------------------
Generation: 294
Evaluation time: 0.06321
Reproduction time: 0.17728
-----------------------------------------------------------
Generation: 295
Evaluation time: 0.07823
Reproduction time: 0.17984
-----------------------------------------------------------
Generation: 296
Evaluation time: 0.04613
Reproduction time: 0.17665
-----------------------------------------------------------
Generation: 297
Evaluation time: 0.06157
Reproduction time: 0.17671
-----------------------------------------------------------
Generation: 298
Evaluation time: 0.04532
Reproduction time: 0.17142
-----------------------------------------------------------
Generation: 299
Evaluation time: 0.04482
Reproduction time: 0.20605
-----------------------------------------------------------
Generation: 300
Evaluation time: 0.07251
Reproduction time: 0.16687
-----------------------------------------------------------
Generation: 301
Evaluation time: 0.06128
Reproduction time: 0.30422
-----------------------------------------------------------
Generation: 302
Evaluation time: 0.05433
Reproduction time: 0.19448
-----------------------------------------------------------
Generation: 303
Evaluation time: 0.04569
Reproduction time: 0.22324
-----------------------------------------------------------
Generation: 304
Evaluation time: 0.04714
Reproduction time: 0.21415
-----------------------------------------------------------
Generation: 305
Evaluation time: 0.04566
Reproduction time: 0.21197
-----------------------------------------------------------
Generation: 306
Evaluation time: 0.06605
Reproduction time: 0.17843
-----------------------------------------------------------
Generation: 307
Evaluation time: 0.07986
Reproduction time: 0.17667
-----------------------------------------------------------
Generation: 308
Evaluation time: 0.04605
Reproduction time: 0.17835
-----------------------------------------------------------
Generation: 309
Evaluation time: 0.06441
Reproduction time: 0.17771
-----------------------------------------------------------
Generation: 310
Evaluation time: 0.04778
Reproduction time: 0.1651
-----------------------------------------------------------
Generation: 311
Evaluation time: 0.06382
Reproduction time: 0.34066
-----------------------------------------------------------
Generation: 312
Evaluation time: 0.07212
Reproduction time: 0.19485
-----------------------------------------------------------
Generation: 313
Evaluation time: 0.0454
Reproduction time: 0.20367
-----------------------------------------------------------
Generation: 314
Evaluation time: 0.07398
Reproduction time: 0.2094
-----------------------------------------------------------
Generation: 315
Evaluation time: 0.07131
Reproduction time: 0.17944
-----------------------------------------------------------
Generation: 316
Evaluation time: 0.0816
Reproduction time: 0.17073
-----------------------------------------------------------
Generation: 317
Evaluation time: 0.04826
Reproduction time: 0.1556
-----------------------------------------------------------
Generation: 318
Evaluation time: 0.06392
Reproduction time: 0.1663
-----------------------------------------------------------
Generation: 319
Evaluation time: 0.0605
Reproduction time: 0.17452
-----------------------------------------------------------
Generation: 320
Evaluation time: 0.04788
Reproduction time: 0.20173
-----------------------------------------------------------
Generation: 321
Evaluation time: 0.04228
Reproduction time: 0.35539
-----------------------------------------------------------
Generation: 322
Evaluation time: 0.04524
Reproduction time: 0.22349
-----------------------------------------------------------
Generation: 323
Evaluation time: 0.06403
Reproduction time: 0.19464
-----------------------------------------------------------
Generation: 324
Evaluation time: 0.06066
Reproduction time: 0.17413
-----------------------------------------------------------
Generation: 325
Evaluation time: 0.0462
Reproduction time: 0.20003
-----------------------------------------------------------
Generation: 326
Evaluation time: 0.0453
Reproduction time: 0.20862
-----------------------------------------------------------
Generation: 327
Evaluation time: 0.06594
Reproduction time: 0.19936
-----------------------------------------------------------
Generation: 328
Evaluation time: 0.06042
Reproduction time: 0.18632
-----------------------------------------------------------
Generation: 329
Evaluation time: 0.04586
Reproduction time: 0.21348
-----------------------------------------------------------
Generation: 330
Evaluation time: 0.07046
Reproduction time: 0.18121
-----------------------------------------------------------
Generation: 331
Evaluation time: 0.03814
Reproduction time: 0.35244
-----------------------------------------------------------
Generation: 332
Evaluation time: 0.04746
Reproduction time: 0.21221
-----------------------------------------------------------
Generation: 333
Evaluation time: 0.05459
Reproduction time: 0.18682
-----------------------------------------------------------
Generation: 334
Evaluation time: 0.0675
Reproduction time: 0.17484
-----------------------------------------------------------
Generation: 335
Evaluation time: 0.07267
Reproduction time: 0.18165
-----------------------------------------------------------
Generation: 336
Evaluation time: 0.04709
Reproduction time: 0.17462
-----------------------------------------------------------
Generation: 337
Evaluation time: 0.06511
Reproduction time: 0.1725
-----------------------------------------------------------
Generation: 338
Evaluation time: 0.04682
Reproduction time: 0.15935
-----------------------------------------------------------
Generation: 339
Evaluation time: 0.04636
Reproduction time: 0.20376
-----------------------------------------------------------
Generation: 340
Evaluation time: 0.07329
Reproduction time: 0.17523
-----------------------------------------------------------
Generation: 341
Evaluation time: 0.06283
Reproduction time: 0.31138
-----------------------------------------------------------
Generation: 342
Evaluation time: 0.06879
Reproduction time: 0.20068
-----------------------------------------------------------
Generation: 343
Evaluation time: 0.0486
Reproduction time: 0.1933
-----------------------------------------------------------
Generation: 344
Evaluation time: 0.06097
Reproduction time: 0.19245
-----------------------------------------------------------
Generation: 345
Evaluation time: 0.04663
Reproduction time: 0.2035
-----------------------------------------------------------
Generation: 346
Evaluation time: 0.0461
Reproduction time: 0.19728
-----------------------------------------------------------
Generation: 347
Evaluation time: 0.04736
Reproduction time: 0.20057
-----------------------------------------------------------
Generation: 348
Evaluation time: 0.04646
Reproduction time: 0.2093
-----------------------------------------------------------
Generation: 349
Evaluation time: 0.04631
Reproduction time: 0.19913
-----------------------------------------------------------
Generation: 350
Evaluation time: 0.04666
Reproduction time: 0.19569
-----------------------------------------------------------
Generation: 351
Evaluation time: 0.03819
Reproduction time: 0.36362
-----------------------------------------------------------
Generation: 352
Evaluation time: 0.04889
Reproduction time: 0.2003
-----------------------------------------------------------
Generation: 353
Evaluation time: 0.07158
Reproduction time: 0.17555
-----------------------------------------------------------
Generation: 354
Evaluation time: 0.07635
Reproduction time: 0.17037
-----------------------------------------------------------
Generation: 355
Evaluation time: 0.04821
Reproduction time: 0.14961
-----------------------------------------------------------
Generation: 356
Evaluation time: 0.06278
Reproduction time: 0.17137
-----------------------------------------------------------
Generation: 357
Evaluation time: 0.0778
Reproduction time: 0.17068
-----------------------------------------------------------
Generation: 358
Evaluation time: 0.04689
Reproduction time: 0.16794
-----------------------------------------------------------
Generation: 359
Evaluation time: 0.06222
Reproduction time: 0.17449
-----------------------------------------------------------
Generation: 360
Evaluation time: 0.07826
Reproduction time: 0.16721
-----------------------------------------------------------
Generation: 361
Evaluation time: 0.061
Reproduction time: 0.32816
-----------------------------------------------------------
Generation: 362
Evaluation time: 0.05367
Reproduction time: 0.18717
-----------------------------------------------------------
Generation: 363
Evaluation time: 0.04539
Reproduction time: 0.19068
-----------------------------------------------------------
Generation: 364
Evaluation time: 0.04612
Reproduction time: 0.20279
-----------------------------------------------------------
Generation: 365
Evaluation time: 0.04449
Reproduction time: 0.20183
-----------------------------------------------------------
Generation: 366
Evaluation time: 0.0462
Reproduction time: 0.1997
-----------------------------------------------------------
Generation: 367
Evaluation time: 0.04628
Reproduction time: 0.20798
-----------------------------------------------------------
Generation: 368
Evaluation time: 0.04592
Reproduction time: 0.20342
-----------------------------------------------------------
Generation: 369
Evaluation time: 0.04681
Reproduction time: 0.19977
-----------------------------------------------------------
Generation: 370
Evaluation time: 0.04672
Reproduction time: 0.18348
-----------------------------------------------------------
Generation: 371
Evaluation time: 0.04312
Reproduction time: 0.32126
-----------------------------------------------------------
Generation: 372
Evaluation time: 0.04506
Reproduction time: 0.21605
-----------------------------------------------------------
Generation: 373
Evaluation time: 0.06714
Reproduction time: 0.198
-----------------------------------------------------------
Generation: 374
Evaluation time: 0.04703
Reproduction time: 0.21294
-----------------------------------------------------------
Generation: 375
Evaluation time: 0.06346
Reproduction time: 0.19285
-----------------------------------------------------------
Generation: 376
Evaluation time: 0.06232
Reproduction time: 0.1888
-----------------------------------------------------------
Generation: 377
Evaluation time: 0.06612
Reproduction time: 0.1745
-----------------------------------------------------------
Generation: 378
Evaluation time: 0.0655
Reproduction time: 0.17256
-----------------------------------------------------------
Generation: 379
Evaluation time: 0.07155
Reproduction time: 0.17136
-----------------------------------------------------------
Generation: 380
Evaluation time: 0.07692
Reproduction time: 0.16608
-----------------------------------------------------------
Generation: 381
Evaluation time: 0.06139
Reproduction time: 0.32413
-----------------------------------------------------------
Generation: 382
Evaluation time: 0.04449
Reproduction time: 0.19381
-----------------------------------------------------------
Generation: 383
Evaluation time: 0.07181
Reproduction time: 0.2013
-----------------------------------------------------------
Generation: 384
Evaluation time: 0.07436
Reproduction time: 0.17654
-----------------------------------------------------------
Generation: 385
Evaluation time: 0.07862
Reproduction time: 0.17351
-----------------------------------------------------------
Generation: 386
Evaluation time: 0.07553
Reproduction time: 0.17337
-----------------------------------------------------------
Generation: 387
Evaluation time: 0.07768
Reproduction time: 0.17328
-----------------------------------------------------------
Generation: 388
Evaluation time: 0.04687
Reproduction time: 0.17208
-----------------------------------------------------------
Generation: 389
Evaluation time: 0.04731
Reproduction time: 0.21151
-----------------------------------------------------------
Generation: 390
Evaluation time: 0.04705
Reproduction time: 0.21252
-----------------------------------------------------------
Generation: 391
Evaluation time: 0.05923
Reproduction time: 0.34674
-----------------------------------------------------------
Generation: 392
Evaluation time: 0.05041
Reproduction time: 0.17794
-----------------------------------------------------------
Generation: 393
Evaluation time: 0.05672
Reproduction time: 0.17112
-----------------------------------------------------------
Generation: 394
Evaluation time: 0.05742
Reproduction time: 0.17105
-----------------------------------------------------------
Generation: 395
Evaluation time: 0.05697
Reproduction time: 0.1672
-----------------------------------------------------------
Generation: 396
Evaluation time: 0.05553
Reproduction time: 0.17146
-----------------------------------------------------------
Generation: 397
Evaluation time: 0.05779
Reproduction time: 0.16655
-----------------------------------------------------------
Generation: 398
Evaluation time: 0.05565
Reproduction time: 0.16631
-----------------------------------------------------------
Generation: 399
Evaluation time: 0.05584
Reproduction time: 0.16649
-----------------------------------------------------------
Generation: 400
Evaluation time: 0.05609
Reproduction time: 0.16315
-----------------------------------------------------------
Generation: 401
Evaluation time: 0.06102
Reproduction time: 0.34246
-----------------------------------------------------------
Generation: 402
Evaluation time: 0.06901
Reproduction time: 0.19336
-----------------------------------------------------------
Generation: 403
Evaluation time: 0.04777
Reproduction time: 0.18878
-----------------------------------------------------------
Generation: 404
Evaluation time: 0.0476
Reproduction time: 0.2014
-----------------------------------------------------------
Generation: 405
Evaluation time: 0.04648
Reproduction time: 0.21072
-----------------------------------------------------------
Generation: 406
Evaluation time: 0.07042
Reproduction time: 0.18479
-----------------------------------------------------------
Generation: 407
Evaluation time: 0.04718
Reproduction time: 0.1802
-----------------------------------------------------------
Generation: 408
Evaluation time: 0.0465
Reproduction time: 0.18564
-----------------------------------------------------------
Generation: 409
Evaluation time: 0.06547
Reproduction time: 0.18055
-----------------------------------------------------------
Generation: 410
Evaluation time: 0.07149
Reproduction time: 0.18304
-----------------------------------------------------------
Generation: 411
Evaluation time: 0.03825
Reproduction time: 0.37686
-----------------------------------------------------------
Generation: 412
Evaluation time: 0.04742
Reproduction time: 0.21423
-----------------------------------------------------------
Generation: 413
Evaluation time: 0.05278
Reproduction time: 0.2099
-----------------------------------------------------------
Generation: 414
Evaluation time: 0.05486
Reproduction time: 0.21305
-----------------------------------------------------------
Generation: 415
Evaluation time: 0.06857
Reproduction time: 0.21368
-----------------------------------------------------------
Generation: 416
Evaluation time: 0.07706
Reproduction time: 0.18455
-----------------------------------------------------------
Generation: 417
Evaluation time: 0.04758
Reproduction time: 0.16604
-----------------------------------------------------------
Generation: 418
Evaluation time: 0.0379
Reproduction time: 0.17415
-----------------------------------------------------------
Generation: 419
Evaluation time: 0.06054
Reproduction time: 0.17345
-----------------------------------------------------------
Generation: 420
Evaluation time: 0.0459
Reproduction time: 0.15372
-----------------------------------------------------------
Generation: 421
Evaluation time: 0.0387
Reproduction time: 0.37294
-----------------------------------------------------------
Generation: 422
Evaluation time: 0.05021
Reproduction time: 0.19636
-----------------------------------------------------------
Generation: 423
Evaluation time: 0.06979
Reproduction time: 0.19644
-----------------------------------------------------------
Generation: 424
Evaluation time: 0.06988
Reproduction time: 0.17146
-----------------------------------------------------------
Generation: 425
Evaluation time: 0.07576
Reproduction time: 0.18247
-----------------------------------------------------------
Generation: 426
Evaluation time: 0.04676
Reproduction time: 0.17612
-----------------------------------------------------------
Generation: 427
Evaluation time: 0.06347
Reproduction time: 0.17116
-----------------------------------------------------------
Generation: 428
Evaluation time: 0.07599
Reproduction time: 0.16819
-----------------------------------------------------------
Generation: 429
Evaluation time: 0.04702
Reproduction time: 0.1433
-----------------------------------------------------------
Generation: 430
Evaluation time: 0.06448
Reproduction time: 0.16486
-----------------------------------------------------------
Generation: 431
Evaluation time: 0.05963
Reproduction time: 0.34381
-----------------------------------------------------------
Generation: 432
Evaluation time: 0.04352
Reproduction time: 0.18795
-----------------------------------------------------------
Generation: 433
Evaluation time: 0.07041
Reproduction time: 0.18834
-----------------------------------------------------------
Generation: 434
Evaluation time: 0.06907
Reproduction time: 0.17697
-----------------------------------------------------------
Generation: 435
Evaluation time: 0.067
Reproduction time: 0.17861
-----------------------------------------------------------
Generation: 436
Evaluation time: 0.05979
Reproduction time: 0.17966
-----------------------------------------------------------
Generation: 437
Evaluation time: 0.04533
Reproduction time: 0.21493
-----------------------------------------------------------
Generation: 438
Evaluation time: 0.06517
Reproduction time: 0.18399
-----------------------------------------------------------
Generation: 439
Evaluation time: 0.07307
Reproduction time: 0.17791
-----------------------------------------------------------
Generation: 440
Evaluation time: 0.0486
Reproduction time: 0.17245
-----------------------------------------------------------
Generation: 441
Evaluation time: 0.03796
Reproduction time: 0.37302
-----------------------------------------------------------
Generation: 442
Evaluation time: 0.04561
Reproduction time: 0.21312
-----------------------------------------------------------
Generation: 443
Evaluation time: 0.05227
Reproduction time: 0.20498
-----------------------------------------------------------
Generation: 444
Evaluation time: 0.05919
Reproduction time: 0.184
-----------------------------------------------------------
Generation: 445
Evaluation time: 0.06091
Reproduction time: 0.17116
-----------------------------------------------------------
Generation: 446
Evaluation time: 0.0454
Reproduction time: 0.17085
-----------------------------------------------------------
Generation: 447
Evaluation time: 0.04483
Reproduction time: 0.1961
-----------------------------------------------------------
Generation: 448
Evaluation time: 0.06627
Reproduction time: 0.18064
-----------------------------------------------------------
Generation: 449
Evaluation time: 0.04618
Reproduction time: 0.17149
-----------------------------------------------------------
Generation: 450
Evaluation time: 0.06748
Reproduction time: 0.15309
-----------------------------------------------------------
Generation: 451
Evaluation time: 0.05996
Reproduction time: 0.31432
-----------------------------------------------------------
Generation: 452
Evaluation time: 0.04338
Reproduction time: 0.18524
-----------------------------------------------------------
Generation: 453
Evaluation time: 0.04764
Reproduction time: 0.17025
-----------------------------------------------------------
Generation: 454
Evaluation time: 0.04585
Reproduction time: 0.19111
-----------------------------------------------------------
Generation: 455
Evaluation time: 0.04643
Reproduction time: 0.19421
-----------------------------------------------------------
Generation: 456
Evaluation time: 0.04706
Reproduction time: 0.19549
-----------------------------------------------------------
Generation: 457
Evaluation time: 0.04705
Reproduction time: 0.19574
-----------------------------------------------------------
Generation: 458
Evaluation time: 0.04593
Reproduction time: 0.19528
-----------------------------------------------------------
Generation: 459
Evaluation time: 0.04681
Reproduction time: 0.20479
-----------------------------------------------------------
Generation: 460
Evaluation time: 0.04618
Reproduction time: 0.2018
-----------------------------------------------------------
Generation: 461
Evaluation time: 0.03813
Reproduction time: 0.35876
-----------------------------------------------------------
Generation: 462
Evaluation time: 0.05095
Reproduction time: 0.2061
-----------------------------------------------------------
Generation: 463
Evaluation time: 0.05269
Reproduction time: 0.20579
-----------------------------------------------------------
Generation: 464
Evaluation time: 0.0541
Reproduction time: 0.20912
-----------------------------------------------------------
Generation: 465
Evaluation time: 0.06929
Reproduction time: 0.20315
-----------------------------------------------------------
Generation: 466
Evaluation time: 0.04768
Reproduction time: 0.16744
-----------------------------------------------------------
Generation: 467
Evaluation time: 0.06036
Reproduction time: 0.16563
-----------------------------------------------------------
Generation: 468
Evaluation time: 0.04643
Reproduction time: 0.15821
-----------------------------------------------------------
Generation: 469
Evaluation time: 0.03769
Reproduction time: 0.17672
-----------------------------------------------------------
Generation: 470
Evaluation time: 0.06625
Reproduction time: 0.16464
-----------------------------------------------------------
Generation: 471
Evaluation time: 0.06335
Reproduction time: 0.2992
-----------------------------------------------------------
Generation: 472
Evaluation time: 0.05546
Reproduction time: 0.19367
-----------------------------------------------------------
Generation: 473
Evaluation time: 0.04757
Reproduction time: 0.21625
-----------------------------------------------------------
Generation: 474
Evaluation time: 0.06397
Reproduction time: 0.19795
-----------------------------------------------------------
Generation: 475
Evaluation time: 0.06123
Reproduction time: 0.17397
-----------------------------------------------------------
Generation: 476
Evaluation time: 0.06263
Reproduction time: 0.16905
-----------------------------------------------------------
Generation: 477
Evaluation time: 0.06264
Reproduction time: 0.17254
-----------------------------------------------------------
Generation: 478
Evaluation time: 0.06606
Reproduction time: 0.1719
-----------------------------------------------------------
Generation: 479
Evaluation time: 0.07146
Reproduction time: 0.17737
-----------------------------------------------------------
Generation: 480
Evaluation time: 0.08195
Reproduction time: 0.17452
-----------------------------------------------------------
Generation: 481
Evaluation time: 0.06454
Reproduction time: 0.29447
-----------------------------------------------------------
Generation: 482
Evaluation time: 0.06676
Reproduction time: 0.20326
-----------------------------------------------------------
Generation: 483
Evaluation time: 0.04615
Reproduction time: 0.19413
-----------------------------------------------------------
Generation: 484
Evaluation time: 0.05625
Reproduction time: 0.2016
-----------------------------------------------------------
Generation: 485
Evaluation time: 0.04716
Reproduction time: 0.20799
-----------------------------------------------------------
Generation: 486
Evaluation time: 0.0464
Reproduction time: 0.19938
-----------------------------------------------------------
Generation: 487
Evaluation time: 0.04692
Reproduction time: 0.19255
-----------------------------------------------------------
Generation: 488
Evaluation time: 0.04646
Reproduction time: 0.20179
-----------------------------------------------------------
Generation: 489
Evaluation time: 0.04697
Reproduction time: 0.20501
-----------------------------------------------------------
Generation: 490
Evaluation time: 0.04738
Reproduction time: 0.19262
-----------------------------------------------------------
Generation: 491
Evaluation time: 0.03824
Reproduction time: 0.36323
-----------------------------------------------------------
Generation: 492
Evaluation time: 0.04298
Reproduction time: 0.23461
-----------------------------------------------------------
Generation: 493
Evaluation time: 0.04655
Reproduction time: 0.21791
-----------------------------------------------------------
Generation: 494
Evaluation time: 0.06434
Reproduction time: 0.211
-----------------------------------------------------------
Generation: 495
Evaluation time: 0.06538
Reproduction time: 0.18996
-----------------------------------------------------------
Generation: 496
Evaluation time: 0.08335
Reproduction time: 0.18728
-----------------------------------------------------------
Generation: 497
Evaluation time: 0.04615
Reproduction time: 0.1754
-----------------------------------------------------------
Generation: 498
Evaluation time: 0.06851
Reproduction time: 0.17763
-----------------------------------------------------------
Generation: 499
Evaluation time: 0.04621
Reproduction time: 0.16281
-----------------------------------------------------------
Generation: 500
Evaluation time: 0.07122
Reproduction time: 0.1709
-----------------------------------------------------------
Generation: 501
Evaluation time: 0.03852
Reproduction time: 0.34498
-----------------------------------------------------------
Generation: 502
Evaluation time: 0.05297
Reproduction time: 0.2135
-----------------------------------------------------------
Generation: 503
Evaluation time: 0.04578
Reproduction time: 0.21544
-----------------------------------------------------------
Generation: 504
Evaluation time: 0.04575
Reproduction time: 0.22002
-----------------------------------------------------------
Generation: 505
Evaluation time: 0.04496
Reproduction time: 0.22867
-----------------------------------------------------------
Generation: 506
Evaluation time: 0.04445
Reproduction time: 0.19987
-----------------------------------------------------------
Generation: 507
Evaluation time: 0.04454
Reproduction time: 0.19647
-----------------------------------------------------------
Generation: 508
Evaluation time: 0.04535
Reproduction time: 0.20385
-----------------------------------------------------------
Generation: 509
Evaluation time: 0.04513
Reproduction time: 0.21202
-----------------------------------------------------------
Generation: 510
Evaluation time: 0.04693
Reproduction time: 0.22082
-----------------------------------------------------------
Generation: 511
Evaluation time: 0.03876
Reproduction time: 0.36219
-----------------------------------------------------------
Generation: 512
Evaluation time: 0.05267
Reproduction time: 0.19601
-----------------------------------------------------------
Generation: 513
Evaluation time: 0.04556
Reproduction time: 0.19391
-----------------------------------------------------------
Generation: 514
Evaluation time: 0.04647
Reproduction time: 0.19154
-----------------------------------------------------------
Generation: 515
Evaluation time: 0.04554
Reproduction time: 0.19999
-----------------------------------------------------------
Generation: 516
Evaluation time: 0.04535
Reproduction time: 0.17447
-----------------------------------------------------------
Generation: 517
Evaluation time: 0.04613
Reproduction time: 0.18927
-----------------------------------------------------------
Generation: 518
Evaluation time: 0.04623
Reproduction time: 0.19204
-----------------------------------------------------------
Generation: 519
Evaluation time: 0.04723
Reproduction time: 0.18953
-----------------------------------------------------------
Generation: 520
Evaluation time: 0.04698
Reproduction time: 0.20438
-----------------------------------------------------------
Generation: 521
Evaluation time: 0.06135
Reproduction time: 0.34669
-----------------------------------------------------------
Generation: 522
Evaluation time: 0.04404
Reproduction time: 0.21089
-----------------------------------------------------------
Generation: 523
Evaluation time: 0.04668
Reproduction time: 0.21884
-----------------------------------------------------------
Generation: 524
Evaluation time: 0.07098
Reproduction time: 0.18719
-----------------------------------------------------------
Generation: 525
Evaluation time: 0.04615
Reproduction time: 0.18486
-----------------------------------------------------------
Generation: 526
Evaluation time: 0.04627
Reproduction time: 0.21267
-----------------------------------------------------------
Generation: 527
Evaluation time: 0.07053
Reproduction time: 0.1955
-----------------------------------------------------------
Generation: 528
Evaluation time: 0.04802
Reproduction time: 0.17727
-----------------------------------------------------------
Generation: 529
Evaluation time: 0.07376
Reproduction time: 0.17429
-----------------------------------------------------------
Generation: 530
Evaluation time: 0.04808
Reproduction time: 0.17087
-----------------------------------------------------------
Generation: 531
Evaluation time: 0.04259
Reproduction time: 0.3677
-----------------------------------------------------------
Generation: 532
Evaluation time: 0.07366
Reproduction time: 0.233
-----------------------------------------------------------
Generation: 533
Evaluation time: 0.05897
Reproduction time: 0.17465
-----------------------------------------------------------
Generation: 534
Evaluation time: 0.04593
Reproduction time: 0.21926
-----------------------------------------------------------
Generation: 535
Evaluation time: 0.06247
Reproduction time: 0.18098
-----------------------------------------------------------
Generation: 536
Evaluation time: 0.07095
Reproduction time: 0.16685
-----------------------------------------------------------
Generation: 537
Evaluation time: 0.07565
Reproduction time: 0.17108
-----------------------------------------------------------
Generation: 538
Evaluation time: 0.07543
Reproduction time: 0.1672
-----------------------------------------------------------
Generation: 539
Evaluation time: 0.04923
Reproduction time: 0.16501
-----------------------------------------------------------
Generation: 540
Evaluation time: 0.04668
Reproduction time: 0.20986
-----------------------------------------------------------
Generation: 541
Evaluation time: 0.06262
Reproduction time: 0.36873
-----------------------------------------------------------
Generation: 542
Evaluation time: 0.06838
Reproduction time: 0.20519
-----------------------------------------------------------
Generation: 543
Evaluation time: 0.04826
Reproduction time: 0.20841
-----------------------------------------------------------
Generation: 544
Evaluation time: 0.05712
Reproduction time: 0.2078
-----------------------------------------------------------
Generation: 545
Evaluation time: 0.04685
Reproduction time: 0.22814
-----------------------------------------------------------
Generation: 546
Evaluation time: 0.04696
Reproduction time: 0.21644
-----------------------------------------------------------
Generation: 547
Evaluation time: 0.04669
Reproduction time: 0.2088
-----------------------------------------------------------
Generation: 548
Evaluation time: 0.0474
Reproduction time: 0.21763
