dc43e6b329e33066069be8493e19c2dbaea01d1d
-----------------------------------------------------------
Generation: 1
Evaluation time: 6.5041
Reproduction time: 0.0
-----------------------------------------------------------
Generation: 2
Evaluation time: 1.13508
Reproduction time: 2.33113
-----------------------------------------------------------
Generation: 3
Evaluation time: 1.00959
Reproduction time: 0.21491
-----------------------------------------------------------
Generation: 4
Evaluation time: 1.0345
Reproduction time: 0.17443
-----------------------------------------------------------
Generation: 5
Evaluation time: 1.11176
Reproduction time: 0.16553
-----------------------------------------------------------
Generation: 6
Evaluation time: 1.14043
Reproduction time: 0.12813
-----------------------------------------------------------
Generation: 7
Evaluation time: 1.12939
Reproduction time: 0.14103
-----------------------------------------------------------
Generation: 8
Evaluation time: 1.17735
Reproduction time: 0.13614
-----------------------------------------------------------
Generation: 9
Evaluation time: 1.12387
Reproduction time: 0.14704
-----------------------------------------------------------
Generation: 10
Evaluation time: 1.10189
Reproduction time: 0.14064
-----------------------------------------------------------
Generation: 11
Evaluation time: 1.13664
Reproduction time: 0.52868
-----------------------------------------------------------
Generation: 12
Evaluation time: 1.1657
Reproduction time: 0.17394
-----------------------------------------------------------
Generation: 13
Evaluation time: 1.18467
Reproduction time: 0.16288
-----------------------------------------------------------
Generation: 14
Evaluation time: 1.12341
Reproduction time: 0.16703
-----------------------------------------------------------
Generation: 15
Evaluation time: 1.08489
Reproduction time: 0.15934
-----------------------------------------------------------
Generation: 16
Evaluation time: 1.09495
Reproduction time: 0.17106
-----------------------------------------------------------
Generation: 17
Evaluation time: 1.14819
Reproduction time: 0.16453
-----------------------------------------------------------
Generation: 18
Evaluation time: 1.19779
Reproduction time: 0.11425
-----------------------------------------------------------
Generation: 19
Evaluation time: 1.09794
Reproduction time: 0.12512
-----------------------------------------------------------
Generation: 20
Evaluation time: 1.08782
Reproduction time: 0.18622
-----------------------------------------------------------
Generation: 21
Evaluation time: 1.11332
Reproduction time: 0.49136
-----------------------------------------------------------
Generation: 22
Evaluation time: 1.10672
Reproduction time: 0.20318
-----------------------------------------------------------
Generation: 23
Evaluation time: 1.151
Reproduction time: 0.17683
-----------------------------------------------------------
Generation: 24
Evaluation time: 1.13099
Reproduction time: 0.17094
-----------------------------------------------------------
Generation: 25
Evaluation time: 1.14896
Reproduction time: 0.18415
-----------------------------------------------------------
Generation: 26
Evaluation time: 1.22426
Reproduction time: 0.17164
-----------------------------------------------------------
Generation: 27
Evaluation time: 1.16173
Reproduction time: 0.13448
-----------------------------------------------------------
Generation: 28
Evaluation time: 1.15782
Reproduction time: 0.19318
-----------------------------------------------------------
Generation: 29
Evaluation time: 1.13134
Reproduction time: 0.19039
-----------------------------------------------------------
Generation: 30
Evaluation time: 1.11814
Reproduction time: 0.1981
-----------------------------------------------------------
Generation: 31
Evaluation time: 1.13843
Reproduction time: 0.50158
-----------------------------------------------------------
Generation: 32
Evaluation time: 1.12798
Reproduction time: 0.20104
-----------------------------------------------------------
Generation: 33
Evaluation time: 1.20515
Reproduction time: 0.16918
-----------------------------------------------------------
Generation: 34
Evaluation time: 1.18878
Reproduction time: 0.18226
-----------------------------------------------------------
Generation: 35
Evaluation time: 1.12688
Reproduction time: 0.15776
-----------------------------------------------------------
Generation: 36
Evaluation time: 1.115
Reproduction time: 0.1678
-----------------------------------------------------------
Generation: 37
Evaluation time: 1.21087
Reproduction time: 0.17505
-----------------------------------------------------------
Generation: 38
Evaluation time: 1.21458
Reproduction time: 0.1281
-----------------------------------------------------------
Generation: 39
Evaluation time: 1.22907
Reproduction time: 0.18066
-----------------------------------------------------------
Generation: 40
Evaluation time: 1.19637
Reproduction time: 0.12966
-----------------------------------------------------------
Generation: 41
Evaluation time: 1.16815
Reproduction time: 0.51401
-----------------------------------------------------------
Generation: 42
Evaluation time: 1.21936
Reproduction time: 0.17144
-----------------------------------------------------------
Generation: 43
Evaluation time: 1.23293
Reproduction time: 0.15948
-----------------------------------------------------------
Generation: 44
Evaluation time: 1.19517
Reproduction time: 0.16309
-----------------------------------------------------------
Generation: 45
Evaluation time: 1.18414
Reproduction time: 0.15946
-----------------------------------------------------------
Generation: 46
Evaluation time: 1.23253
Reproduction time: 0.15773
-----------------------------------------------------------
Generation: 47
Evaluation time: 1.22223
Reproduction time: 0.13908
-----------------------------------------------------------
Generation: 48
Evaluation time: 1.24234
Reproduction time: 0.17317
-----------------------------------------------------------
Generation: 49
Evaluation time: 1.18495
Reproduction time: 0.19794
-----------------------------------------------------------
Generation: 50
Evaluation time: 1.2444
Reproduction time: 0.19748
-----------------------------------------------------------
Generation: 51
Evaluation time: 1.20593
Reproduction time: 0.46522
-----------------------------------------------------------
Generation: 52
Evaluation time: 1.19093
Reproduction time: 0.21618
-----------------------------------------------------------
Generation: 53
Evaluation time: 1.1966
Reproduction time: 0.18633
-----------------------------------------------------------
Generation: 54
Evaluation time: 1.19381
Reproduction time: 0.17373
-----------------------------------------------------------
Generation: 55
Evaluation time: 1.28879
Reproduction time: 0.17398
-----------------------------------------------------------
Generation: 56
Evaluation time: 1.23052
Reproduction time: 0.1363
-----------------------------------------------------------
Generation: 57
Evaluation time: 1.24123
Reproduction time: 0.17699
-----------------------------------------------------------
Generation: 58
Evaluation time: 1.25405
Reproduction time: 0.18529
-----------------------------------------------------------
Generation: 59
Evaluation time: 1.30561
Reproduction time: 0.13232
-----------------------------------------------------------
Generation: 60
Evaluation time: 1.29249
Reproduction time: 0.20425
-----------------------------------------------------------
Generation: 61
Evaluation time: 1.24187
Reproduction time: 0.47529
-----------------------------------------------------------
Generation: 62
Evaluation time: 1.26466
Reproduction time: 0.19053
-----------------------------------------------------------
Generation: 63
Evaluation time: 1.25287
Reproduction time: 0.1655
-----------------------------------------------------------
Generation: 64
Evaluation time: 1.27835
Reproduction time: 0.17072
-----------------------------------------------------------
Generation: 65
Evaluation time: 1.24468
Reproduction time: 0.16859
-----------------------------------------------------------
Generation: 66
Evaluation time: 1.26824
Reproduction time: 0.17076
-----------------------------------------------------------
Generation: 67
Evaluation time: 1.25144
Reproduction time: 0.16268
-----------------------------------------------------------
Generation: 68
Evaluation time: 1.17796
Reproduction time: 0.15917
-----------------------------------------------------------
Generation: 69
Evaluation time: 1.25862
Reproduction time: 0.15834
-----------------------------------------------------------
Generation: 70
Evaluation time: 1.24507
Reproduction time: 0.12944
-----------------------------------------------------------
Generation: 71
Evaluation time: 1.27049
Reproduction time: 0.53719
-----------------------------------------------------------
Generation: 72
Evaluation time: 1.27877
Reproduction time: 0.18131
-----------------------------------------------------------
Generation: 73
Evaluation time: 1.3165
Reproduction time: 0.18665
-----------------------------------------------------------
Generation: 74
Evaluation time: 1.30325
Reproduction time: 0.16556
-----------------------------------------------------------
Generation: 75
Evaluation time: 1.29436
Reproduction time: 0.16279
-----------------------------------------------------------
Generation: 76
Evaluation time: 1.24027
Reproduction time: 0.13177
-----------------------------------------------------------
Generation: 77
Evaluation time: 1.24988
Reproduction time: 0.15753
-----------------------------------------------------------
Generation: 78
Evaluation time: 1.24921
Reproduction time: 0.15786
-----------------------------------------------------------
Generation: 79
Evaluation time: 1.33414
Reproduction time: 0.1538
-----------------------------------------------------------
Generation: 80
Evaluation time: 1.33801
Reproduction time: 0.11429
-----------------------------------------------------------
Generation: 81
Evaluation time: 1.34213
Reproduction time: 0.44768
-----------------------------------------------------------
Generation: 82
Evaluation time: 1.32478
Reproduction time: 0.17301
-----------------------------------------------------------
Generation: 83
Evaluation time: 1.37925
Reproduction time: 0.16187
-----------------------------------------------------------
Generation: 84
Evaluation time: 1.31208
Reproduction time: 0.16157
-----------------------------------------------------------
Generation: 85
Evaluation time: 1.31402
Reproduction time: 0.15192
-----------------------------------------------------------
Generation: 86
Evaluation time: 1.28215
Reproduction time: 0.16991
-----------------------------------------------------------
Generation: 87
Evaluation time: 1.25722
Reproduction time: 0.1391
-----------------------------------------------------------
Generation: 88
Evaluation time: 1.28942
Reproduction time: 0.16767
-----------------------------------------------------------
Generation: 89
Evaluation time: 1.29068
Reproduction time: 0.1824
-----------------------------------------------------------
Generation: 90
Evaluation time: 1.32587
Reproduction time: 0.19129
-----------------------------------------------------------
Generation: 91
Evaluation time: 1.29424
Reproduction time: 0.45589
-----------------------------------------------------------
Generation: 92
Evaluation time: 1.2912
Reproduction time: 0.21511
-----------------------------------------------------------
Generation: 93
Evaluation time: 1.36112
Reproduction time: 0.17359
-----------------------------------------------------------
Generation: 94
Evaluation time: 1.32579
Reproduction time: 0.16433
-----------------------------------------------------------
Generation: 95
Evaluation time: 1.34209
Reproduction time: 0.15284
-----------------------------------------------------------
Generation: 96
Evaluation time: 1.31135
Reproduction time: 0.16861
-----------------------------------------------------------
Generation: 97
Evaluation time: 1.33618
Reproduction time: 0.14662
-----------------------------------------------------------
Generation: 98
Evaluation time: 1.3549
Reproduction time: 0.18135
-----------------------------------------------------------
Generation: 99
Evaluation time: 1.27432
Reproduction time: 0.12429
-----------------------------------------------------------
Generation: 100
Evaluation time: 1.27174
Reproduction time: 0.18585
-----------------------------------------------------------
Generation: 101
Evaluation time: 1.31474
Reproduction time: 0.54915
-----------------------------------------------------------
Generation: 102
Evaluation time: 1.24587
Reproduction time: 0.17627
-----------------------------------------------------------
Generation: 103
Evaluation time: 1.34777
Reproduction time: 0.16929
-----------------------------------------------------------
Generation: 104
Evaluation time: 1.29637
Reproduction time: 0.17053
-----------------------------------------------------------
Generation: 105
Evaluation time: 1.34928
Reproduction time: 0.15515
-----------------------------------------------------------
Generation: 106
Evaluation time: 1.31847
Reproduction time: 0.16244
-----------------------------------------------------------
Generation: 107
Evaluation time: 1.33869
Reproduction time: 0.16511
-----------------------------------------------------------
Generation: 108
Evaluation time: 1.32375
Reproduction time: 0.12435
-----------------------------------------------------------
Generation: 109
Evaluation time: 1.27047
Reproduction time: 0.19346
-----------------------------------------------------------
Generation: 110
Evaluation time: 1.28569
Reproduction time: 0.19334
-----------------------------------------------------------
Generation: 111
Evaluation time: 1.29364
Reproduction time: 0.50777
-----------------------------------------------------------
Generation: 112
Evaluation time: 1.33762
Reproduction time: 0.16807
-----------------------------------------------------------
Generation: 113
Evaluation time: 1.37367
Reproduction time: 0.16317
-----------------------------------------------------------
Generation: 114
Evaluation time: 1.33915
Reproduction time: 0.17834
-----------------------------------------------------------
Generation: 115
Evaluation time: 1.25732
Reproduction time: 0.16075
