1c90485afd1ba8c3eab46f1aabc344801b60eeda
-----------------------------------------------------------
Generation: 1
Evaluation time: 5.69384
Reproduction time: 0.0
-----------------------------------------------------------
Generation: 2
Evaluation time: 0.88213
Reproduction time: 2.30904
-----------------------------------------------------------
Generation: 3
Evaluation time: 0.78039
Reproduction time: 0.16284
-----------------------------------------------------------
Generation: 4
Evaluation time: 0.80402
Reproduction time: 0.16378
-----------------------------------------------------------
Generation: 5
Evaluation time: 0.78789
Reproduction time: 0.10783
-----------------------------------------------------------
Generation: 6
Evaluation time: 0.79194
Reproduction time: 0.16232
-----------------------------------------------------------
Generation: 7
Evaluation time: 0.79627
Reproduction time: 0.16677
-----------------------------------------------------------
Generation: 8
Evaluation time: 0.84664
Reproduction time: 0.12205
-----------------------------------------------------------
Generation: 9
Evaluation time: 0.80041
Reproduction time: 0.12979
-----------------------------------------------------------
Generation: 10
Evaluation time: 0.79654
Reproduction time: 0.16889
-----------------------------------------------------------
Generation: 11
Evaluation time: 0.81645
Reproduction time: 0.47029
-----------------------------------------------------------
Generation: 12
Evaluation time: 0.79735
Reproduction time: 0.16271
-----------------------------------------------------------
Generation: 13
Evaluation time: 0.82813
Reproduction time: 0.17255
-----------------------------------------------------------
Generation: 14
Evaluation time: 0.81679
Reproduction time: 0.17097
-----------------------------------------------------------
Generation: 15
Evaluation time: 0.83543
Reproduction time: 0.16327
-----------------------------------------------------------
Generation: 16
Evaluation time: 0.85678
Reproduction time: 0.16808
-----------------------------------------------------------
Generation: 17
Evaluation time: 0.83801
Reproduction time: 0.12633
-----------------------------------------------------------
Generation: 18
Evaluation time: 0.86603
Reproduction time: 0.19051
-----------------------------------------------------------
Generation: 19
Evaluation time: 0.84523
Reproduction time: 0.14702
-----------------------------------------------------------
Generation: 20
Evaluation time: 0.87128
Reproduction time: 0.18542
-----------------------------------------------------------
Generation: 21
Evaluation time: 0.8407
Reproduction time: 0.3955
-----------------------------------------------------------
Generation: 22
Evaluation time: 0.81435
Reproduction time: 0.19493
-----------------------------------------------------------
Generation: 23
Evaluation time: 0.80095
Reproduction time: 0.18538
-----------------------------------------------------------
Generation: 24
Evaluation time: 0.81327
Reproduction time: 0.16055
-----------------------------------------------------------
Generation: 25
Evaluation time: 0.79218
Reproduction time: 0.16073
-----------------------------------------------------------
Generation: 26
Evaluation time: 0.86203
Reproduction time: 0.15757
-----------------------------------------------------------
Generation: 27
Evaluation time: 0.88192
Reproduction time: 0.12525
-----------------------------------------------------------
Generation: 28
Evaluation time: 0.83249
Reproduction time: 0.1868
-----------------------------------------------------------
Generation: 29
Evaluation time: 0.80824
Reproduction time: 0.17908
-----------------------------------------------------------
Generation: 30
Evaluation time: 0.84687
Reproduction time: 0.13973
-----------------------------------------------------------
Generation: 31
Evaluation time: 0.84479
Reproduction time: 0.42045
-----------------------------------------------------------
Generation: 32
Evaluation time: 0.88514
Reproduction time: 0.19521
-----------------------------------------------------------
Generation: 33
Evaluation time: 0.8086
Reproduction time: 0.16047
-----------------------------------------------------------
Generation: 34
Evaluation time: 0.82131
Reproduction time: 0.17144
-----------------------------------------------------------
Generation: 35
Evaluation time: 0.76085
Reproduction time: 0.15543
-----------------------------------------------------------
Generation: 36
Evaluation time: 0.84617
Reproduction time: 0.15688
-----------------------------------------------------------
Generation: 37
Evaluation time: 0.83646
Reproduction time: 0.16502
-----------------------------------------------------------
Generation: 38
Evaluation time: 0.79982
Reproduction time: 0.18152
-----------------------------------------------------------
Generation: 39
Evaluation time: 0.79204
Reproduction time: 0.18265
-----------------------------------------------------------
Generation: 40
Evaluation time: 0.80258
Reproduction time: 0.19422
-----------------------------------------------------------
Generation: 41
Evaluation time: 0.83865
Reproduction time: 0.42343
-----------------------------------------------------------
Generation: 42
Evaluation time: 0.87657
Reproduction time: 0.19443
-----------------------------------------------------------
Generation: 43
Evaluation time: 0.83457
Reproduction time: 0.16347
-----------------------------------------------------------
Generation: 44
Evaluation time: 0.80923
Reproduction time: 0.15813
-----------------------------------------------------------
Generation: 45
Evaluation time: 0.84074
Reproduction time: 0.15714
-----------------------------------------------------------
Generation: 46
Evaluation time: 0.79349
Reproduction time: 0.16242
-----------------------------------------------------------
Generation: 47
Evaluation time: 0.85096
Reproduction time: 0.17633
-----------------------------------------------------------
Generation: 48
Evaluation time: 0.84263
Reproduction time: 0.14169
-----------------------------------------------------------
Generation: 49
Evaluation time: 0.80485
Reproduction time: 0.20236
-----------------------------------------------------------
Generation: 50
Evaluation time: 0.7865
Reproduction time: 0.18342
-----------------------------------------------------------
Generation: 51
Evaluation time: 0.81699
Reproduction time: 0.46473
-----------------------------------------------------------
Generation: 52
Evaluation time: 0.8302
Reproduction time: 0.18573
-----------------------------------------------------------
Generation: 53
Evaluation time: 0.86932
Reproduction time: 0.16305
-----------------------------------------------------------
Generation: 54
Evaluation time: 0.83529
Reproduction time: 0.17396
-----------------------------------------------------------
Generation: 55
Evaluation time: 0.83136
Reproduction time: 0.1754
-----------------------------------------------------------
Generation: 56
Evaluation time: 0.80344
Reproduction time: 0.16458
-----------------------------------------------------------
Generation: 57
Evaluation time: 0.88435
Reproduction time: 0.18818
-----------------------------------------------------------
Generation: 58
Evaluation time: 0.85455
Reproduction time: 0.13507
-----------------------------------------------------------
Generation: 59
Evaluation time: 0.8015
Reproduction time: 0.19695
-----------------------------------------------------------
Generation: 60
Evaluation time: 0.8754
Reproduction time: 0.20354
-----------------------------------------------------------
Generation: 61
Evaluation time: 0.81401
Reproduction time: 0.40535
-----------------------------------------------------------
Generation: 62
Evaluation time: 0.8333
Reproduction time: 0.17217
-----------------------------------------------------------
Generation: 63
Evaluation time: 0.86226
Reproduction time: 0.19147
-----------------------------------------------------------
Generation: 64
Evaluation time: 0.80327
Reproduction time: 0.15354
-----------------------------------------------------------
Generation: 65
Evaluation time: 0.8397
Reproduction time: 0.13821
-----------------------------------------------------------
Generation: 66
Evaluation time: 0.87486
Reproduction time: 0.12496
-----------------------------------------------------------
Generation: 67
Evaluation time: 0.81089
Reproduction time: 0.17985
-----------------------------------------------------------
Generation: 68
Evaluation time: 0.75985
Reproduction time: 0.19291
-----------------------------------------------------------
Generation: 69
Evaluation time: 0.794
Reproduction time: 0.19321
-----------------------------------------------------------
Generation: 70
Evaluation time: 0.80601
Reproduction time: 0.18898
-----------------------------------------------------------
Generation: 71
Evaluation time: 0.82126
Reproduction time: 0.47723
-----------------------------------------------------------
Generation: 72
Evaluation time: 0.86412
Reproduction time: 0.18751
-----------------------------------------------------------
Generation: 73
Evaluation time: 0.84047
Reproduction time: 0.16918
-----------------------------------------------------------
Generation: 74
Evaluation time: 0.86011
Reproduction time: 0.16568
-----------------------------------------------------------
Generation: 75
Evaluation time: 0.82077
Reproduction time: 0.17413
-----------------------------------------------------------
Generation: 76
Evaluation time: 0.7918
Reproduction time: 0.1696
-----------------------------------------------------------
Generation: 77
Evaluation time: 0.83355
Reproduction time: 0.17565
-----------------------------------------------------------
Generation: 78
Evaluation time: 0.79962
Reproduction time: 0.18186
-----------------------------------------------------------
Generation: 79
Evaluation time: 0.86702
Reproduction time: 0.19289
-----------------------------------------------------------
Generation: 80
Evaluation time: 0.91033
Reproduction time: 0.14864
-----------------------------------------------------------
Generation: 81
Evaluation time: 0.81249
Reproduction time: 0.48464
-----------------------------------------------------------
Generation: 82
Evaluation time: 0.87666
Reproduction time: 0.19432
-----------------------------------------------------------
Generation: 83
Evaluation time: 0.84696
Reproduction time: 0.1664
-----------------------------------------------------------
Generation: 84
Evaluation time: 0.83334
Reproduction time: 0.17587
-----------------------------------------------------------
Generation: 85
Evaluation time: 0.81391
Reproduction time: 0.17336
-----------------------------------------------------------
Generation: 86
Evaluation time: 0.79947
Reproduction time: 0.16722
-----------------------------------------------------------
Generation: 87
Evaluation time: 0.83677
Reproduction time: 0.17741
-----------------------------------------------------------
Generation: 88
Evaluation time: 0.80501
Reproduction time: 0.17619
-----------------------------------------------------------
Generation: 89
Evaluation time: 0.87348
Reproduction time: 0.19431
-----------------------------------------------------------
Generation: 90
Evaluation time: 0.86596
Reproduction time: 0.14966
-----------------------------------------------------------
Generation: 91
Evaluation time: 0.8126
Reproduction time: 0.47648
-----------------------------------------------------------
Generation: 92
Evaluation time: 0.86735
Reproduction time: 0.17363
-----------------------------------------------------------
Generation: 93
Evaluation time: 0.86644
Reproduction time: 0.17984
-----------------------------------------------------------
Generation: 94
Evaluation time: 0.80702
Reproduction time: 0.16011
-----------------------------------------------------------
Generation: 95
Evaluation time: 0.82281
Reproduction time: 0.16616
-----------------------------------------------------------
Generation: 96
Evaluation time: 0.79559
Reproduction time: 0.17237
-----------------------------------------------------------
Generation: 97
Evaluation time: 0.83064
Reproduction time: 0.16688
-----------------------------------------------------------
Generation: 98
Evaluation time: 0.79927
Reproduction time: 0.1744
-----------------------------------------------------------
Generation: 99
Evaluation time: 0.8412
Reproduction time: 0.19667
-----------------------------------------------------------
Generation: 100
Evaluation time: 0.85812
Reproduction time: 0.13882
