dc43e6b329e33066069be8493e19c2dbaea01d1d
-----------------------------------------------------------
Generation: 1
Evaluation time: 5.85465
Reproduction time: 0.0
-----------------------------------------------------------
Generation: 2
Evaluation time: 3.05877
Reproduction time: 5.47246
-----------------------------------------------------------
Generation: 3
Evaluation time: 2.76321
Reproduction time: 4.07273
-----------------------------------------------------------
Generation: 4
Evaluation time: 1.80388
Reproduction time: 4.31589
-----------------------------------------------------------
Generation: 5
Evaluation time: 2.67932
Reproduction time: 4.42572
-----------------------------------------------------------
Generation: 6
Evaluation time: 3.01316
Reproduction time: 4.14454
-----------------------------------------------------------
Generation: 7
Evaluation time: 1.79839
Reproduction time: 4.36036
-----------------------------------------------------------
Generation: 8
Evaluation time: 2.72114
Reproduction time: 4.58954
-----------------------------------------------------------
Generation: 9
Evaluation time: 1.79714
Reproduction time: 4.03618
-----------------------------------------------------------
Generation: 10
Evaluation time: 2.86609
Reproduction time: 4.48438
-----------------------------------------------------------
Generation: 11
Evaluation time: 3.00148
Reproduction time: 6.4157
-----------------------------------------------------------
Generation: 12
Evaluation time: 2.66192
Reproduction time: 4.9254
-----------------------------------------------------------
Generation: 13
Evaluation time: 2.69512
Reproduction time: 4.34731
-----------------------------------------------------------
Generation: 14
Evaluation time: 2.46856
Reproduction time: 4.20761
-----------------------------------------------------------
Generation: 15
Evaluation time: 2.62364
Reproduction time: 4.9486
-----------------------------------------------------------
Generation: 16
Evaluation time: 2.68674
Reproduction time: 4.24555
-----------------------------------------------------------
Generation: 17
Evaluation time: 2.77774
Reproduction time: 4.96686
-----------------------------------------------------------
Generation: 18
Evaluation time: 2.89364
Reproduction time: 4.38243
-----------------------------------------------------------
Generation: 19
Evaluation time: 3.06958
Reproduction time: 4.31088
-----------------------------------------------------------
Generation: 20
Evaluation time: 1.78734
Reproduction time: 4.5738
-----------------------------------------------------------
Generation: 21
Evaluation time: 2.92084
Reproduction time: 6.81871
-----------------------------------------------------------
Generation: 22
Evaluation time: 2.6018
Reproduction time: 4.72662
-----------------------------------------------------------
Generation: 23
Evaluation time: 2.681
Reproduction time: 4.41119
-----------------------------------------------------------
Generation: 24
Evaluation time: 2.41876
Reproduction time: 4.27408
-----------------------------------------------------------
Generation: 25
Evaluation time: 2.55968
Reproduction time: 4.93711
-----------------------------------------------------------
Generation: 26
Evaluation time: 2.49762
Reproduction time: 4.42163
-----------------------------------------------------------
Generation: 27
Evaluation time: 1.73334
Reproduction time: 5.34522
-----------------------------------------------------------
Generation: 28
Evaluation time: 2.42027
Reproduction time: 4.43289
-----------------------------------------------------------
Generation: 29
Evaluation time: 2.48052
Reproduction time: 4.33751
-----------------------------------------------------------
Generation: 30
Evaluation time: 1.73747
Reproduction time: 5.21998
-----------------------------------------------------------
Generation: 31
Evaluation time: 3.05935
Reproduction time: 6.84909
-----------------------------------------------------------
Generation: 32
Evaluation time: 2.71051
Reproduction time: 4.86509
-----------------------------------------------------------
Generation: 33
Evaluation time: 2.59849
Reproduction time: 4.41519
-----------------------------------------------------------
Generation: 34
Evaluation time: 2.39834
Reproduction time: 4.39589
-----------------------------------------------------------
Generation: 35
Evaluation time: 2.63078
Reproduction time: 5.24027
-----------------------------------------------------------
Generation: 36
Evaluation time: 2.57222
Reproduction time: 4.45644
-----------------------------------------------------------
Generation: 37
Evaluation time: 1.77742
Reproduction time: 5.44759
-----------------------------------------------------------
Generation: 38
Evaluation time: 2.44103
Reproduction time: 4.52929
-----------------------------------------------------------
Generation: 39
Evaluation time: 2.46158
Reproduction time: 4.30866
-----------------------------------------------------------
Generation: 40
Evaluation time: 1.80648
Reproduction time: 5.34741
