1c90485afd1ba8c3eab46f1aabc344801b60eeda
-----------------------------------------------------------
Generation: 1
Evaluation time: 5.78157
Reproduction time: 0.0
-----------------------------------------------------------
Generation: 2
Evaluation time: 0.90524
Reproduction time: 2.26273
-----------------------------------------------------------
Generation: 3
Evaluation time: 0.76541
Reproduction time: 0.17576
-----------------------------------------------------------
Generation: 4
Evaluation time: 0.80722
Reproduction time: 0.21403
-----------------------------------------------------------
Generation: 5
Evaluation time: 0.77868
Reproduction time: 0.12629
-----------------------------------------------------------
Generation: 6
Evaluation time: 0.77742
Reproduction time: 0.15497
-----------------------------------------------------------
Generation: 7
Evaluation time: 0.77609
Reproduction time: 0.15867
-----------------------------------------------------------
Generation: 8
Evaluation time: 0.8063
Reproduction time: 0.14046
-----------------------------------------------------------
Generation: 9
Evaluation time: 0.78869
Reproduction time: 0.12401
-----------------------------------------------------------
Generation: 10
Evaluation time: 0.78549
Reproduction time: 0.17369
-----------------------------------------------------------
Generation: 11
Evaluation time: 0.82367
Reproduction time: 0.49231
-----------------------------------------------------------
Generation: 12
Evaluation time: 0.77073
Reproduction time: 0.16101
-----------------------------------------------------------
Generation: 13
Evaluation time: 0.82563
Reproduction time: 0.1785
-----------------------------------------------------------
Generation: 14
Evaluation time: 0.83458
Reproduction time: 0.18215
-----------------------------------------------------------
Generation: 15
Evaluation time: 0.80524
Reproduction time: 0.16341
-----------------------------------------------------------
Generation: 16
Evaluation time: 0.8614
Reproduction time: 0.16983
-----------------------------------------------------------
Generation: 17
Evaluation time: 0.83145
Reproduction time: 0.12407
-----------------------------------------------------------
Generation: 18
Evaluation time: 0.83201
Reproduction time: 0.17429
-----------------------------------------------------------
Generation: 19
Evaluation time: 0.78638
Reproduction time: 0.16874
-----------------------------------------------------------
Generation: 20
Evaluation time: 0.82362
Reproduction time: 0.18496
-----------------------------------------------------------
Generation: 21
Evaluation time: 0.82482
Reproduction time: 0.42575
-----------------------------------------------------------
Generation: 22
Evaluation time: 0.86928
Reproduction time: 0.16681
-----------------------------------------------------------
Generation: 23
Evaluation time: 0.80632
Reproduction time: 0.15789
-----------------------------------------------------------
Generation: 24
Evaluation time: 0.79545
Reproduction time: 0.14125
-----------------------------------------------------------
Generation: 25
Evaluation time: 0.82609
Reproduction time: 0.14492
-----------------------------------------------------------
Generation: 26
Evaluation time: 0.81565
Reproduction time: 0.12946
-----------------------------------------------------------
Generation: 27
Evaluation time: 0.84185
Reproduction time: 0.1797
-----------------------------------------------------------
Generation: 28
Evaluation time: 0.78529
Reproduction time: 0.18052
-----------------------------------------------------------
Generation: 29
Evaluation time: 0.8445
Reproduction time: 0.18088
-----------------------------------------------------------
Generation: 30
Evaluation time: 0.8076
Reproduction time: 0.18456
-----------------------------------------------------------
Generation: 31
Evaluation time: 0.87234
Reproduction time: 0.45292
-----------------------------------------------------------
Generation: 32
Evaluation time: 0.82712
Reproduction time: 0.16576
-----------------------------------------------------------
Generation: 33
Evaluation time: 0.80073
Reproduction time: 0.16997
-----------------------------------------------------------
Generation: 34
Evaluation time: 0.81987
Reproduction time: 0.1434
-----------------------------------------------------------
Generation: 35
Evaluation time: 0.82626
Reproduction time: 0.16384
-----------------------------------------------------------
Generation: 36
Evaluation time: 0.82359
Reproduction time: 0.17031
-----------------------------------------------------------
Generation: 37
Evaluation time: 0.78487
Reproduction time: 0.16753
-----------------------------------------------------------
Generation: 38
Evaluation time: 0.80972
Reproduction time: 0.17047
-----------------------------------------------------------
Generation: 39
Evaluation time: 0.83275
Reproduction time: 0.17058
-----------------------------------------------------------
Generation: 40
Evaluation time: 0.79176
Reproduction time: 0.1792
-----------------------------------------------------------
Generation: 41
Evaluation time: 0.83257
Reproduction time: 0.42543
-----------------------------------------------------------
Generation: 42
Evaluation time: 0.83209
Reproduction time: 0.18465
-----------------------------------------------------------
Generation: 43
Evaluation time: 0.79034
Reproduction time: 0.17627
-----------------------------------------------------------
Generation: 44
Evaluation time: 0.74946
Reproduction time: 0.1755
-----------------------------------------------------------
Generation: 45
Evaluation time: 0.82243
Reproduction time: 0.1672
-----------------------------------------------------------
Generation: 46
Evaluation time: 0.85608
Reproduction time: 0.16554
-----------------------------------------------------------
Generation: 47
Evaluation time: 0.78919
Reproduction time: 0.17556
-----------------------------------------------------------
Generation: 48
Evaluation time: 0.8924
Reproduction time: 0.18566
-----------------------------------------------------------
Generation: 49
Evaluation time: 0.87972
Reproduction time: 0.12501
-----------------------------------------------------------
Generation: 50
Evaluation time: 0.86285
Reproduction time: 0.133
-----------------------------------------------------------
Generation: 51
Evaluation time: 0.80203
Reproduction time: 0.49853
-----------------------------------------------------------
Generation: 52
Evaluation time: 0.84273
Reproduction time: 0.16509
-----------------------------------------------------------
Generation: 53
Evaluation time: 0.83836
Reproduction time: 0.15757
-----------------------------------------------------------
Generation: 54
Evaluation time: 0.79114
Reproduction time: 0.16799
-----------------------------------------------------------
Generation: 55
Evaluation time: 0.77839
Reproduction time: 0.15946
-----------------------------------------------------------
Generation: 56
Evaluation time: 0.8133
Reproduction time: 0.16741
-----------------------------------------------------------
Generation: 57
Evaluation time: 0.80399
Reproduction time: 0.18098
-----------------------------------------------------------
Generation: 58
Evaluation time: 0.81465
Reproduction time: 0.20285
-----------------------------------------------------------
Generation: 59
Evaluation time: 0.86358
Reproduction time: 0.18956
-----------------------------------------------------------
Generation: 60
Evaluation time: 0.86395
Reproduction time: 0.13546
-----------------------------------------------------------
Generation: 61
Evaluation time: 0.85096
Reproduction time: 0.43219
-----------------------------------------------------------
Generation: 62
Evaluation time: 0.83183
Reproduction time: 0.17584
-----------------------------------------------------------
Generation: 63
Evaluation time: 0.84207
Reproduction time: 0.18205
-----------------------------------------------------------
Generation: 64
Evaluation time: 0.83724
Reproduction time: 0.16758
-----------------------------------------------------------
Generation: 65
Evaluation time: 0.8105
Reproduction time: 0.17265
-----------------------------------------------------------
Generation: 66
Evaluation time: 0.84955
Reproduction time: 0.12173
-----------------------------------------------------------
Generation: 67
Evaluation time: 0.8202
Reproduction time: 0.17745
-----------------------------------------------------------
Generation: 68
Evaluation time: 0.79657
Reproduction time: 0.18931
-----------------------------------------------------------
Generation: 69
Evaluation time: 0.86308
Reproduction time: 0.18874
-----------------------------------------------------------
Generation: 70
Evaluation time: 0.86106
Reproduction time: 0.12697
-----------------------------------------------------------
Generation: 71
Evaluation time: 0.81944
Reproduction time: 0.42674
-----------------------------------------------------------
Generation: 72
Evaluation time: 0.86508
Reproduction time: 0.182
-----------------------------------------------------------
Generation: 73
Evaluation time: 0.82259
Reproduction time: 0.1589
-----------------------------------------------------------
Generation: 74
Evaluation time: 0.87178
Reproduction time: 0.16431
-----------------------------------------------------------
Generation: 75
Evaluation time: 0.80228
Reproduction time: 0.16806
-----------------------------------------------------------
Generation: 76
Evaluation time: 0.83286
Reproduction time: 0.17144
-----------------------------------------------------------
Generation: 77
Evaluation time: 0.79065
Reproduction time: 0.1632
-----------------------------------------------------------
Generation: 78
Evaluation time: 0.82888
Reproduction time: 0.1699
-----------------------------------------------------------
Generation: 79
Evaluation time: 0.83133
Reproduction time: 0.17526
-----------------------------------------------------------
Generation: 80
Evaluation time: 0.83877
Reproduction time: 0.19669
-----------------------------------------------------------
Generation: 81
Evaluation time: 0.83797
Reproduction time: 0.42033
-----------------------------------------------------------
Generation: 82
Evaluation time: 0.89604
Reproduction time: 0.18787
-----------------------------------------------------------
Generation: 83
Evaluation time: 0.81302
Reproduction time: 0.17543
-----------------------------------------------------------
Generation: 84
Evaluation time: 0.80391
Reproduction time: 0.14841
-----------------------------------------------------------
Generation: 85
Evaluation time: 0.78604
Reproduction time: 0.15207
-----------------------------------------------------------
Generation: 86
Evaluation time: 0.86326
Reproduction time: 0.1475
-----------------------------------------------------------
Generation: 87
Evaluation time: 0.89464
Reproduction time: 0.12327
-----------------------------------------------------------
Generation: 88
Evaluation time: 0.84524
Reproduction time: 0.17695
-----------------------------------------------------------
Generation: 89
Evaluation time: 0.79252
Reproduction time: 0.17267
-----------------------------------------------------------
Generation: 90
Evaluation time: 0.80928
Reproduction time: 0.18616
-----------------------------------------------------------
Generation: 91
Evaluation time: 0.82681
Reproduction time: 0.42717
-----------------------------------------------------------
Generation: 92
Evaluation time: 0.88168
Reproduction time: 0.18368
-----------------------------------------------------------
Generation: 93
Evaluation time: 0.86127
Reproduction time: 0.16002
-----------------------------------------------------------
Generation: 94
Evaluation time: 0.82481
Reproduction time: 0.16119
-----------------------------------------------------------
Generation: 95
Evaluation time: 0.83064
Reproduction time: 0.15631
-----------------------------------------------------------
Generation: 96
Evaluation time: 0.7959
Reproduction time: 0.16271
-----------------------------------------------------------
Generation: 97
Evaluation time: 0.86696
Reproduction time: 0.18263
-----------------------------------------------------------
Generation: 98
Evaluation time: 0.85165
Reproduction time: 0.13728
-----------------------------------------------------------
Generation: 99
Evaluation time: 0.8154
Reproduction time: 0.19025
-----------------------------------------------------------
Generation: 100
Evaluation time: 0.80609
Reproduction time: 0.19055
-----------------------------------------------------------
Generation: 101
Evaluation time: 0.81992
Reproduction time: 0.41363
