dc43e6b329e33066069be8493e19c2dbaea01d1d
-----------------------------------------------------------
Generation: 1
Evaluation time: 5.97085
Reproduction time: 0.0
-----------------------------------------------------------
Generation: 2
Evaluation time: 3.23751
Reproduction time: 5.66005
-----------------------------------------------------------
Generation: 3
Evaluation time: 2.87677
Reproduction time: 4.10611
-----------------------------------------------------------
Generation: 4
Evaluation time: 1.79233
Reproduction time: 4.28519
-----------------------------------------------------------
Generation: 5
Evaluation time: 2.55515
Reproduction time: 4.32057
-----------------------------------------------------------
Generation: 6
Evaluation time: 2.92635
Reproduction time: 4.1506
-----------------------------------------------------------
Generation: 7
Evaluation time: 1.77474
Reproduction time: 4.3431
-----------------------------------------------------------
Generation: 8
Evaluation time: 2.64606
Reproduction time: 4.55606
-----------------------------------------------------------
Generation: 9
Evaluation time: 1.80999
Reproduction time: 4.14318
-----------------------------------------------------------
Generation: 10
Evaluation time: 2.81662
Reproduction time: 4.52333
-----------------------------------------------------------
Generation: 11
Evaluation time: 3.01208
Reproduction time: 6.37248
-----------------------------------------------------------
Generation: 12
Evaluation time: 2.71484
Reproduction time: 4.93765
-----------------------------------------------------------
Generation: 13
Evaluation time: 2.71333
Reproduction time: 4.39237
-----------------------------------------------------------
Generation: 14
Evaluation time: 2.49769
Reproduction time: 4.23678
-----------------------------------------------------------
Generation: 15
Evaluation time: 2.65537
Reproduction time: 5.10302
-----------------------------------------------------------
Generation: 16
Evaluation time: 2.69363
Reproduction time: 4.21605
-----------------------------------------------------------
Generation: 17
Evaluation time: 1.89524
Reproduction time: 5.21063
-----------------------------------------------------------
Generation: 18
Evaluation time: 2.55382
Reproduction time: 4.39438
-----------------------------------------------------------
Generation: 19
Evaluation time: 2.56696
Reproduction time: 4.24675
-----------------------------------------------------------
Generation: 20
Evaluation time: 1.86839
Reproduction time: 5.28618
-----------------------------------------------------------
Generation: 21
Evaluation time: 2.92932
Reproduction time: 7.09943
-----------------------------------------------------------
Generation: 22
Evaluation time: 2.76163
Reproduction time: 4.87281
-----------------------------------------------------------
Generation: 23
Evaluation time: 2.72517
Reproduction time: 4.43301
-----------------------------------------------------------
Generation: 24
Evaluation time: 2.45804
Reproduction time: 4.34015
-----------------------------------------------------------
Generation: 25
Evaluation time: 2.72134
Reproduction time: 5.19158
-----------------------------------------------------------
Generation: 26
Evaluation time: 2.56672
Reproduction time: 4.35931
-----------------------------------------------------------
Generation: 27
Evaluation time: 1.75448
Reproduction time: 5.34206
-----------------------------------------------------------
Generation: 28
Evaluation time: 2.46799
Reproduction time: 4.58384
-----------------------------------------------------------
Generation: 29
Evaluation time: 2.52412
Reproduction time: 4.22107
-----------------------------------------------------------
Generation: 30
Evaluation time: 1.81565
Reproduction time: 5.22454
-----------------------------------------------------------
Generation: 31
Evaluation time: 2.99869
Reproduction time: 7.20663
-----------------------------------------------------------
Generation: 32
Evaluation time: 2.82677
Reproduction time: 4.7569
-----------------------------------------------------------
Generation: 33
Evaluation time: 2.77549
Reproduction time: 4.28076
-----------------------------------------------------------
Generation: 34
Evaluation time: 2.45744
Reproduction time: 4.24623
-----------------------------------------------------------
Generation: 35
Evaluation time: 2.73916
Reproduction time: 5.078
-----------------------------------------------------------
Generation: 36
Evaluation time: 2.5342
Reproduction time: 4.19995
-----------------------------------------------------------
Generation: 37
Evaluation time: 2.96607
Reproduction time: 5.19245
-----------------------------------------------------------
Generation: 38
Evaluation time: 1.85428
Reproduction time: 4.50585
-----------------------------------------------------------
Generation: 39
Evaluation time: 2.61203
Reproduction time: 4.56766
-----------------------------------------------------------
Generation: 40
Evaluation time: 2.61908
Reproduction time: 4.19516
