dc43e6b329e33066069be8493e19c2dbaea01d1d
-----------------------------------------------------------
Generation: 1
Evaluation time: 6.46989
Reproduction time: 0.0
-----------------------------------------------------------
Generation: 2
Evaluation time: 1.13296
Reproduction time: 2.33775
-----------------------------------------------------------
Generation: 3
Evaluation time: 1.0123
Reproduction time: 0.22346
-----------------------------------------------------------
Generation: 4
Evaluation time: 1.03788
Reproduction time: 0.18628
-----------------------------------------------------------
Generation: 5
Evaluation time: 1.05113
Reproduction time: 0.17481
-----------------------------------------------------------
Generation: 6
Evaluation time: 1.1255
Reproduction time: 0.17399
-----------------------------------------------------------
Generation: 7
Evaluation time: 1.13739
Reproduction time: 0.12632
-----------------------------------------------------------
Generation: 8
Evaluation time: 1.19973
Reproduction time: 0.13746
-----------------------------------------------------------
Generation: 9
Evaluation time: 1.10947
Reproduction time: 0.13708
-----------------------------------------------------------
Generation: 10
Evaluation time: 1.12238
Reproduction time: 0.13971
-----------------------------------------------------------
Generation: 11
Evaluation time: 1.1021
Reproduction time: 0.51332
-----------------------------------------------------------
Generation: 12
Evaluation time: 1.10684
Reproduction time: 0.17118
-----------------------------------------------------------
Generation: 13
Evaluation time: 1.11084
Reproduction time: 0.16038
-----------------------------------------------------------
Generation: 14
Evaluation time: 1.16661
Reproduction time: 0.16739
-----------------------------------------------------------
Generation: 15
Evaluation time: 1.08945
Reproduction time: 0.17396
-----------------------------------------------------------
Generation: 16
Evaluation time: 1.10737
Reproduction time: 0.17561
-----------------------------------------------------------
Generation: 17
Evaluation time: 1.18858
Reproduction time: 0.17282
-----------------------------------------------------------
Generation: 18
Evaluation time: 1.15372
Reproduction time: 0.17983
-----------------------------------------------------------
Generation: 19
Evaluation time: 1.13372
Reproduction time: 0.11438
-----------------------------------------------------------
Generation: 20
Evaluation time: 1.15067
Reproduction time: 0.18736
-----------------------------------------------------------
Generation: 21
Evaluation time: 1.17887
Reproduction time: 0.46988
-----------------------------------------------------------
Generation: 22
Evaluation time: 1.14179
Reproduction time: 0.21362
-----------------------------------------------------------
Generation: 23
Evaluation time: 1.17165
Reproduction time: 0.15919
-----------------------------------------------------------
Generation: 24
Evaluation time: 1.15734
Reproduction time: 0.15849
-----------------------------------------------------------
Generation: 25
Evaluation time: 1.16314
Reproduction time: 0.16046
-----------------------------------------------------------
Generation: 26
Evaluation time: 1.16641
Reproduction time: 0.17458
-----------------------------------------------------------
Generation: 27
Evaluation time: 1.14139
Reproduction time: 0.17225
-----------------------------------------------------------
Generation: 28
Evaluation time: 1.19712
Reproduction time: 0.13034
-----------------------------------------------------------
Generation: 29
Evaluation time: 1.12079
Reproduction time: 0.13041
-----------------------------------------------------------
Generation: 30
Evaluation time: 1.15994
Reproduction time: 0.1849
-----------------------------------------------------------
Generation: 31
Evaluation time: 1.15163
Reproduction time: 0.52733
-----------------------------------------------------------
Generation: 32
Evaluation time: 1.16341
Reproduction time: 0.20187
-----------------------------------------------------------
Generation: 33
Evaluation time: 1.23059
Reproduction time: 0.15127
-----------------------------------------------------------
Generation: 34
Evaluation time: 1.19562
Reproduction time: 0.16105
-----------------------------------------------------------
Generation: 35
Evaluation time: 1.19473
Reproduction time: 0.17179
-----------------------------------------------------------
Generation: 36
Evaluation time: 1.13558
Reproduction time: 0.15674
-----------------------------------------------------------
Generation: 37
Evaluation time: 1.18181
Reproduction time: 0.13236
-----------------------------------------------------------
Generation: 38
Evaluation time: 1.22062
Reproduction time: 0.11483
-----------------------------------------------------------
Generation: 39
Evaluation time: 1.26598
Reproduction time: 0.12546
-----------------------------------------------------------
Generation: 40
Evaluation time: 1.30677
Reproduction time: 0.13849
-----------------------------------------------------------
Generation: 41
Evaluation time: 1.19288
Reproduction time: 0.45936
-----------------------------------------------------------
Generation: 42
Evaluation time: 1.11641
Reproduction time: 0.1978
-----------------------------------------------------------
Generation: 43
Evaluation time: 1.18678
Reproduction time: 0.16273
-----------------------------------------------------------
Generation: 44
Evaluation time: 1.20865
Reproduction time: 0.16309
-----------------------------------------------------------
Generation: 45
Evaluation time: 1.18418
Reproduction time: 0.16186
-----------------------------------------------------------
Generation: 46
Evaluation time: 1.25583
Reproduction time: 0.17188
-----------------------------------------------------------
Generation: 47
Evaluation time: 1.24689
Reproduction time: 0.1686
-----------------------------------------------------------
Generation: 48
Evaluation time: 1.14402
Reproduction time: 0.17641
-----------------------------------------------------------
Generation: 49
Evaluation time: 1.14965
Reproduction time: 0.18421
-----------------------------------------------------------
Generation: 50
Evaluation time: 1.21322
Reproduction time: 0.17399
-----------------------------------------------------------
Generation: 51
Evaluation time: 1.19369
Reproduction time: 0.47587
-----------------------------------------------------------
Generation: 52
Evaluation time: 1.22396
Reproduction time: 0.19159
-----------------------------------------------------------
Generation: 53
Evaluation time: 1.2114
Reproduction time: 0.16637
-----------------------------------------------------------
Generation: 54
Evaluation time: 1.21148
Reproduction time: 0.17463
-----------------------------------------------------------
Generation: 55
Evaluation time: 1.15933
Reproduction time: 0.16503
-----------------------------------------------------------
Generation: 56
Evaluation time: 1.18272
Reproduction time: 0.15913
-----------------------------------------------------------
Generation: 57
Evaluation time: 1.24451
Reproduction time: 0.17464
-----------------------------------------------------------
Generation: 58
Evaluation time: 1.25669
Reproduction time: 0.18325
-----------------------------------------------------------
Generation: 59
Evaluation time: 1.20989
Reproduction time: 0.17567
-----------------------------------------------------------
Generation: 60
Evaluation time: 1.20265
Reproduction time: 0.1945
-----------------------------------------------------------
Generation: 61
Evaluation time: 1.21363
Reproduction time: 0.50083
-----------------------------------------------------------
Generation: 62
Evaluation time: 1.2497
Reproduction time: 0.20391
-----------------------------------------------------------
Generation: 63
Evaluation time: 1.24116
Reproduction time: 0.18657
-----------------------------------------------------------
Generation: 64
Evaluation time: 1.27
Reproduction time: 0.17735
-----------------------------------------------------------
Generation: 65
Evaluation time: 1.27474
Reproduction time: 0.17378
-----------------------------------------------------------
Generation: 66
Evaluation time: 1.2197
Reproduction time: 0.17277
-----------------------------------------------------------
Generation: 67
Evaluation time: 1.28007
Reproduction time: 0.18992
-----------------------------------------------------------
Generation: 68
Evaluation time: 1.26882
Reproduction time: 0.1423
-----------------------------------------------------------
Generation: 69
Evaluation time: 1.24639
Reproduction time: 0.19007
-----------------------------------------------------------
Generation: 70
Evaluation time: 1.24915
Reproduction time: 0.13162
-----------------------------------------------------------
Generation: 71
Evaluation time: 1.2278
Reproduction time: 0.51347
-----------------------------------------------------------
Generation: 72
Evaluation time: 1.24792
Reproduction time: 0.21046
-----------------------------------------------------------
Generation: 73
Evaluation time: 1.27941
Reproduction time: 0.18364
-----------------------------------------------------------
Generation: 74
Evaluation time: 1.31501
Reproduction time: 0.1901
-----------------------------------------------------------
Generation: 75
Evaluation time: 1.28885
Reproduction time: 0.17446
-----------------------------------------------------------
Generation: 76
Evaluation time: 1.26085
Reproduction time: 0.16411
-----------------------------------------------------------
Generation: 77
Evaluation time: 1.29344
Reproduction time: 0.19037
-----------------------------------------------------------
Generation: 78
Evaluation time: 1.27155
Reproduction time: 0.11973
-----------------------------------------------------------
Generation: 79
Evaluation time: 1.29886
Reproduction time: 0.19361
-----------------------------------------------------------
Generation: 80
Evaluation time: 1.31412
Reproduction time: 0.13303
-----------------------------------------------------------
Generation: 81
Evaluation time: 1.29019
Reproduction time: 0.49625
-----------------------------------------------------------
Generation: 82
Evaluation time: 1.2998
Reproduction time: 0.21513
-----------------------------------------------------------
Generation: 83
Evaluation time: 1.3458
Reproduction time: 0.16742
-----------------------------------------------------------
Generation: 84
Evaluation time: 1.32799
Reproduction time: 0.17102
-----------------------------------------------------------
Generation: 85
Evaluation time: 1.3179
Reproduction time: 0.17236
-----------------------------------------------------------
Generation: 86
Evaluation time: 1.25683
Reproduction time: 0.16926
-----------------------------------------------------------
Generation: 87
Evaluation time: 1.33721
Reproduction time: 0.18078
-----------------------------------------------------------
Generation: 88
Evaluation time: 1.30838
Reproduction time: 0.13611
-----------------------------------------------------------
Generation: 89
Evaluation time: 1.27295
Reproduction time: 0.20104
-----------------------------------------------------------
Generation: 90
Evaluation time: 1.25189
Reproduction time: 0.20437
-----------------------------------------------------------
Generation: 91
Evaluation time: 1.25663
Reproduction time: 0.49741
-----------------------------------------------------------
Generation: 92
Evaluation time: 1.27534
Reproduction time: 0.20841
-----------------------------------------------------------
Generation: 93
Evaluation time: 1.30751
Reproduction time: 0.16378
-----------------------------------------------------------
Generation: 94
Evaluation time: 1.26345
Reproduction time: 0.15768
-----------------------------------------------------------
Generation: 95
Evaluation time: 1.25319
Reproduction time: 0.14636
-----------------------------------------------------------
Generation: 96
Evaluation time: 1.31606
Reproduction time: 0.18316
-----------------------------------------------------------
Generation: 97
Evaluation time: 1.29924
Reproduction time: 0.17089
-----------------------------------------------------------
Generation: 98
Evaluation time: 1.32564
Reproduction time: 0.18167
-----------------------------------------------------------
Generation: 99
Evaluation time: 1.3619
Reproduction time: 0.12833
-----------------------------------------------------------
Generation: 100
Evaluation time: 1.33892
Reproduction time: 0.20924
-----------------------------------------------------------
Generation: 101
Evaluation time: 1.33819
Reproduction time: 0.51285
-----------------------------------------------------------
Generation: 102
Evaluation time: 1.379
Reproduction time: 0.20386
-----------------------------------------------------------
Generation: 103
Evaluation time: 1.33797
Reproduction time: 0.17389
-----------------------------------------------------------
Generation: 104
Evaluation time: 1.34126
Reproduction time: 0.16506
-----------------------------------------------------------
Generation: 105
Evaluation time: 1.30278
Reproduction time: 0.11628
-----------------------------------------------------------
Generation: 106
Evaluation time: 1.27984
Reproduction time: 0.1625
-----------------------------------------------------------
Generation: 107
Evaluation time: 1.35842
Reproduction time: 0.17089
-----------------------------------------------------------
Generation: 108
Evaluation time: 1.35824
Reproduction time: 0.13755
-----------------------------------------------------------
Generation: 109
Evaluation time: 1.34867
Reproduction time: 0.20085
-----------------------------------------------------------
Generation: 110
Evaluation time: 1.34863
Reproduction time: 0.19033
-----------------------------------------------------------
Generation: 111
Evaluation time: 1.30588
Reproduction time: 0.45954
-----------------------------------------------------------
Generation: 112
Evaluation time: 1.31551
Reproduction time: 0.21913
-----------------------------------------------------------
Generation: 113
Evaluation time: 1.29894
Reproduction time: 0.16253
-----------------------------------------------------------
Generation: 114
Evaluation time: 1.32578
Reproduction time: 0.16143
-----------------------------------------------------------
Generation: 115
Evaluation time: 1.27105
Reproduction time: 0.14957
