1c90485afd1ba8c3eab46f1aabc344801b60eeda
-----------------------------------------------------------
Generation: 1
Evaluation time: 5.72599
Reproduction time: 0.0
-----------------------------------------------------------
Generation: 2
Evaluation time: 0.90644
Reproduction time: 2.24828
-----------------------------------------------------------
Generation: 3
Evaluation time: 0.81969
Reproduction time: 0.13878
-----------------------------------------------------------
Generation: 4
Evaluation time: 0.80226
Reproduction time: 0.11633
-----------------------------------------------------------
Generation: 5
Evaluation time: 0.77876
Reproduction time: 0.17734
-----------------------------------------------------------
Generation: 6
Evaluation time: 0.78779
Reproduction time: 0.17537
-----------------------------------------------------------
Generation: 7
Evaluation time: 0.79677
Reproduction time: 0.13266
-----------------------------------------------------------
Generation: 8
Evaluation time: 0.78801
Reproduction time: 0.17274
-----------------------------------------------------------
Generation: 9
Evaluation time: 0.80662
Reproduction time: 0.17271
-----------------------------------------------------------
Generation: 10
Evaluation time: 0.80004
Reproduction time: 0.1367
-----------------------------------------------------------
Generation: 11
Evaluation time: 0.7911
Reproduction time: 0.5144
-----------------------------------------------------------
Generation: 12
Evaluation time: 0.78085
Reproduction time: 0.17156
-----------------------------------------------------------
Generation: 13
Evaluation time: 0.81092
Reproduction time: 0.18109
-----------------------------------------------------------
Generation: 14
Evaluation time: 0.85218
Reproduction time: 0.18251
-----------------------------------------------------------
Generation: 15
Evaluation time: 0.81009
Reproduction time: 0.19209
-----------------------------------------------------------
Generation: 16
Evaluation time: 0.78805
Reproduction time: 0.17325
-----------------------------------------------------------
Generation: 17
Evaluation time: 0.8077
Reproduction time: 0.16495
-----------------------------------------------------------
Generation: 18
Evaluation time: 0.78398
Reproduction time: 0.17715
-----------------------------------------------------------
Generation: 19
Evaluation time: 0.8505
Reproduction time: 0.18591
-----------------------------------------------------------
Generation: 20
Evaluation time: 0.84868
Reproduction time: 0.13624
-----------------------------------------------------------
Generation: 21
Evaluation time: 0.83494
Reproduction time: 0.46343
-----------------------------------------------------------
Generation: 22
Evaluation time: 0.83474
Reproduction time: 0.16435
-----------------------------------------------------------
Generation: 23
Evaluation time: 0.81523
Reproduction time: 0.15609
-----------------------------------------------------------
Generation: 24
Evaluation time: 0.80243
Reproduction time: 0.15566
-----------------------------------------------------------
Generation: 25
Evaluation time: 0.81986
Reproduction time: 0.14491
-----------------------------------------------------------
Generation: 26
Evaluation time: 0.86109
Reproduction time: 0.12289
-----------------------------------------------------------
Generation: 27
Evaluation time: 0.82521
Reproduction time: 0.17678
-----------------------------------------------------------
Generation: 28
Evaluation time: 0.78992
Reproduction time: 0.17002
-----------------------------------------------------------
Generation: 29
Evaluation time: 0.78903
Reproduction time: 0.18403
-----------------------------------------------------------
Generation: 30
Evaluation time: 0.84389
Reproduction time: 0.13822
-----------------------------------------------------------
Generation: 31
Evaluation time: 0.82143
Reproduction time: 0.40404
-----------------------------------------------------------
Generation: 32
Evaluation time: 0.87267
Reproduction time: 0.1898
-----------------------------------------------------------
Generation: 33
Evaluation time: 0.79095
Reproduction time: 0.16647
-----------------------------------------------------------
Generation: 34
Evaluation time: 0.79271
Reproduction time: 0.16706
-----------------------------------------------------------
Generation: 35
Evaluation time: 0.75002
Reproduction time: 0.15134
-----------------------------------------------------------
Generation: 36
Evaluation time: 0.78338
Reproduction time: 0.15148
-----------------------------------------------------------
Generation: 37
Evaluation time: 0.85571
Reproduction time: 0.15388
-----------------------------------------------------------
Generation: 38
Evaluation time: 0.85137
Reproduction time: 0.16268
-----------------------------------------------------------
Generation: 39
Evaluation time: 0.83718
Reproduction time: 0.17452
-----------------------------------------------------------
Generation: 40
Evaluation time: 0.8032
Reproduction time: 0.16879
-----------------------------------------------------------
Generation: 41
Evaluation time: 0.82315
Reproduction time: 0.416
-----------------------------------------------------------
Generation: 42
Evaluation time: 0.86908
Reproduction time: 0.19081
-----------------------------------------------------------
Generation: 43
Evaluation time: 0.82401
Reproduction time: 0.16057
-----------------------------------------------------------
Generation: 44
Evaluation time: 0.86183
Reproduction time: 0.1694
-----------------------------------------------------------
Generation: 45
Evaluation time: 0.79951
Reproduction time: 0.15085
-----------------------------------------------------------
Generation: 46
Evaluation time: 0.84627
Reproduction time: 0.16438
-----------------------------------------------------------
Generation: 47
Evaluation time: 0.8206
Reproduction time: 0.12816
-----------------------------------------------------------
Generation: 48
Evaluation time: 0.81525
Reproduction time: 0.18965
-----------------------------------------------------------
Generation: 49
Evaluation time: 0.82412
Reproduction time: 0.19518
-----------------------------------------------------------
Generation: 50
Evaluation time: 0.80439
Reproduction time: 0.16182
-----------------------------------------------------------
Generation: 51
Evaluation time: 0.854
Reproduction time: 0.46583
-----------------------------------------------------------
Generation: 52
Evaluation time: 0.84009
Reproduction time: 0.17485
-----------------------------------------------------------
Generation: 53
Evaluation time: 0.84069
Reproduction time: 0.19229
-----------------------------------------------------------
Generation: 54
Evaluation time: 0.81798
Reproduction time: 0.17831
-----------------------------------------------------------
Generation: 55
Evaluation time: 0.83244
Reproduction time: 0.16933
-----------------------------------------------------------
Generation: 56
Evaluation time: 0.84269
Reproduction time: 0.17295
-----------------------------------------------------------
Generation: 57
Evaluation time: 0.79022
Reproduction time: 0.1729
-----------------------------------------------------------
Generation: 58
Evaluation time: 0.85438
Reproduction time: 0.18895
-----------------------------------------------------------
Generation: 59
Evaluation time: 0.80864
Reproduction time: 0.19557
-----------------------------------------------------------
Generation: 60
Evaluation time: 0.81614
Reproduction time: 0.20189
-----------------------------------------------------------
Generation: 61
Evaluation time: 0.82362
Reproduction time: 0.45871
-----------------------------------------------------------
Generation: 62
Evaluation time: 0.87104
Reproduction time: 0.17511
-----------------------------------------------------------
Generation: 63
Evaluation time: 0.87155
Reproduction time: 0.1706
-----------------------------------------------------------
Generation: 64
Evaluation time: 0.79875
Reproduction time: 0.15687
-----------------------------------------------------------
Generation: 65
Evaluation time: 0.83974
Reproduction time: 0.15869
-----------------------------------------------------------
Generation: 66
Evaluation time: 0.81475
Reproduction time: 0.16129
-----------------------------------------------------------
Generation: 67
Evaluation time: 0.81971
Reproduction time: 0.1836
-----------------------------------------------------------
Generation: 68
Evaluation time: 0.77155
Reproduction time: 0.17391
-----------------------------------------------------------
Generation: 69
Evaluation time: 0.81025
Reproduction time: 0.18906
-----------------------------------------------------------
Generation: 70
Evaluation time: 0.86241
Reproduction time: 0.13142
-----------------------------------------------------------
Generation: 71
Evaluation time: 0.87228
Reproduction time: 0.4197
-----------------------------------------------------------
Generation: 72
Evaluation time: 0.83745
Reproduction time: 0.16401
-----------------------------------------------------------
Generation: 73
Evaluation time: 0.82685
Reproduction time: 0.16604
-----------------------------------------------------------
Generation: 74
Evaluation time: 0.82909
Reproduction time: 0.16786
-----------------------------------------------------------
Generation: 75
Evaluation time: 0.8065
Reproduction time: 0.16553
-----------------------------------------------------------
Generation: 76
Evaluation time: 0.84726
Reproduction time: 0.16795
-----------------------------------------------------------
Generation: 77
Evaluation time: 0.8056
Reproduction time: 0.17321
-----------------------------------------------------------
Generation: 78
Evaluation time: 0.78618
Reproduction time: 0.18537
-----------------------------------------------------------
Generation: 79
Evaluation time: 0.87985
Reproduction time: 0.18553
-----------------------------------------------------------
Generation: 80
Evaluation time: 0.86999
Reproduction time: 0.13488
-----------------------------------------------------------
Generation: 81
Evaluation time: 0.83805
Reproduction time: 0.39203
-----------------------------------------------------------
Generation: 82
Evaluation time: 0.80606
Reproduction time: 0.17372
-----------------------------------------------------------
Generation: 83
Evaluation time: 0.82043
Reproduction time: 0.18126
-----------------------------------------------------------
Generation: 84
Evaluation time: 0.80407
Reproduction time: 0.15138
-----------------------------------------------------------
Generation: 85
Evaluation time: 0.78997
Reproduction time: 0.15623
-----------------------------------------------------------
Generation: 86
Evaluation time: 0.83203
Reproduction time: 0.16415
-----------------------------------------------------------
Generation: 87
Evaluation time: 0.81765
Reproduction time: 0.16156
-----------------------------------------------------------
Generation: 88
Evaluation time: 0.81014
Reproduction time: 0.17663
-----------------------------------------------------------
Generation: 89
Evaluation time: 0.80547
Reproduction time: 0.17343
-----------------------------------------------------------
Generation: 90
Evaluation time: 0.80918
Reproduction time: 0.18041
-----------------------------------------------------------
Generation: 91
Evaluation time: 0.85783
Reproduction time: 0.46713
-----------------------------------------------------------
Generation: 92
Evaluation time: 0.82522
Reproduction time: 0.15831
-----------------------------------------------------------
Generation: 93
Evaluation time: 0.82998
Reproduction time: 0.17349
-----------------------------------------------------------
Generation: 94
Evaluation time: 0.81309
Reproduction time: 0.14957
-----------------------------------------------------------
Generation: 95
Evaluation time: 0.83127
Reproduction time: 0.1732
-----------------------------------------------------------
Generation: 96
Evaluation time: 0.83232
Reproduction time: 0.19747
-----------------------------------------------------------
Generation: 97
Evaluation time: 0.79769
Reproduction time: 0.19835
-----------------------------------------------------------
Generation: 98
Evaluation time: 0.79093
Reproduction time: 0.19036
-----------------------------------------------------------
Generation: 99
Evaluation time: 0.85498
Reproduction time: 0.15297
-----------------------------------------------------------
Generation: 100
Evaluation time: 0.83128
Reproduction time: 0.13054
-----------------------------------------------------------
Generation: 101
Evaluation time: 0.80596
Reproduction time: 0.39176
