dc43e6b329e33066069be8493e19c2dbaea01d1d
-----------------------------------------------------------
Generation: 1
Evaluation time: 1.5421
Reproduction time: 0.0
-----------------------------------------------------------
Generation: 2
Evaluation time: 0.05084
Reproduction time: 2.0772
-----------------------------------------------------------
Generation: 3
Evaluation time: 0.04783
Reproduction time: 0.17377
-----------------------------------------------------------
Generation: 4
Evaluation time: 0.04685
Reproduction time: 0.18163
-----------------------------------------------------------
Generation: 5
Evaluation time: 0.07745
Reproduction time: 0.1796
-----------------------------------------------------------
Generation: 6
Evaluation time: 0.07941
Reproduction time: 0.13626
-----------------------------------------------------------
Generation: 7
Evaluation time: 0.0692
Reproduction time: 0.14
-----------------------------------------------------------
Generation: 8
Evaluation time: 0.06597
Reproduction time: 0.14766
-----------------------------------------------------------
Generation: 9
Evaluation time: 0.06243
Reproduction time: 0.1314
-----------------------------------------------------------
Generation: 10
Evaluation time: 0.0491
Reproduction time: 0.17438
-----------------------------------------------------------
Generation: 11
Evaluation time: 0.04031
Reproduction time: 0.45939
-----------------------------------------------------------
Generation: 12
Evaluation time: 0.04294
Reproduction time: 0.2369
-----------------------------------------------------------
Generation: 13
Evaluation time: 0.04351
Reproduction time: 0.214
-----------------------------------------------------------
Generation: 14
Evaluation time: 0.05464
Reproduction time: 0.20446
-----------------------------------------------------------
Generation: 15
Evaluation time: 0.06845
Reproduction time: 0.17474
-----------------------------------------------------------
Generation: 16
Evaluation time: 0.04542
Reproduction time: 0.17572
-----------------------------------------------------------
Generation: 17
Evaluation time: 0.04323
Reproduction time: 0.1863
-----------------------------------------------------------
Generation: 18
Evaluation time: 0.06152
Reproduction time: 0.1722
-----------------------------------------------------------
Generation: 19
Evaluation time: 0.04617
Reproduction time: 0.17289
-----------------------------------------------------------
Generation: 20
Evaluation time: 0.04189
Reproduction time: 0.19838
-----------------------------------------------------------
Generation: 21
Evaluation time: 0.06522
Reproduction time: 0.37698
-----------------------------------------------------------
Generation: 22
Evaluation time: 0.06314
Reproduction time: 0.20267
-----------------------------------------------------------
Generation: 23
Evaluation time: 0.0437
Reproduction time: 0.19463
-----------------------------------------------------------
Generation: 24
Evaluation time: 0.04295
Reproduction time: 0.19911
-----------------------------------------------------------
Generation: 25
Evaluation time: 0.05974
Reproduction time: 0.19996
-----------------------------------------------------------
Generation: 26
Evaluation time: 0.04393
Reproduction time: 0.22721
-----------------------------------------------------------
Generation: 27
Evaluation time: 0.06695
Reproduction time: 0.19987
-----------------------------------------------------------
Generation: 28
Evaluation time: 0.07484
Reproduction time: 0.18303
-----------------------------------------------------------
Generation: 29
Evaluation time: 0.04558
Reproduction time: 0.19028
-----------------------------------------------------------
Generation: 30
Evaluation time: 0.06143
Reproduction time: 0.18158
-----------------------------------------------------------
Generation: 31
Evaluation time: 0.06247
Reproduction time: 0.37506
-----------------------------------------------------------
Generation: 32
Evaluation time: 0.03932
Reproduction time: 0.20442
-----------------------------------------------------------
Generation: 33
Evaluation time: 0.07088
Reproduction time: 0.20433
-----------------------------------------------------------
Generation: 34
Evaluation time: 0.06606
Reproduction time: 0.18508
-----------------------------------------------------------
Generation: 35
Evaluation time: 0.05703
Reproduction time: 0.1917
-----------------------------------------------------------
Generation: 36
Evaluation time: 0.04198
Reproduction time: 0.22115
-----------------------------------------------------------
Generation: 37
Evaluation time: 0.06177
Reproduction time: 0.19588
-----------------------------------------------------------
Generation: 38
Evaluation time: 0.07722
Reproduction time: 0.18737
-----------------------------------------------------------
Generation: 39
Evaluation time: 0.0443
Reproduction time: 0.1745
-----------------------------------------------------------
Generation: 40
Evaluation time: 0.0643
Reproduction time: 0.1791
-----------------------------------------------------------
Generation: 41
Evaluation time: 0.03836
Reproduction time: 0.37957
-----------------------------------------------------------
Generation: 42
Evaluation time: 0.05869
Reproduction time: 0.20157
-----------------------------------------------------------
Generation: 43
Evaluation time: 0.05942
Reproduction time: 0.16859
-----------------------------------------------------------
Generation: 44
Evaluation time: 0.0599
Reproduction time: 0.17103
-----------------------------------------------------------
Generation: 45
Evaluation time: 0.04528
Reproduction time: 0.19425
-----------------------------------------------------------
Generation: 46
Evaluation time: 0.04468
Reproduction time: 0.21827
-----------------------------------------------------------
Generation: 47
Evaluation time: 0.04504
Reproduction time: 0.21977
-----------------------------------------------------------
Generation: 48
Evaluation time: 0.04543
Reproduction time: 0.21118
-----------------------------------------------------------
Generation: 49
Evaluation time: 0.04584
Reproduction time: 0.19422
-----------------------------------------------------------
Generation: 50
Evaluation time: 0.04543
Reproduction time: 0.19906
-----------------------------------------------------------
Generation: 51
Evaluation time: 0.063
Reproduction time: 0.34824
-----------------------------------------------------------
Generation: 52
Evaluation time: 0.05939
Reproduction time: 0.21034
-----------------------------------------------------------
Generation: 53
Evaluation time: 0.04344
Reproduction time: 0.21045
-----------------------------------------------------------
Generation: 54
Evaluation time: 0.06601
Reproduction time: 0.20067
-----------------------------------------------------------
Generation: 55
Evaluation time: 0.06119
Reproduction time: 0.17027
-----------------------------------------------------------
Generation: 56
Evaluation time: 0.06036
Reproduction time: 0.18858
-----------------------------------------------------------
Generation: 57
Evaluation time: 0.05862
Reproduction time: 0.19022
-----------------------------------------------------------
Generation: 58
Evaluation time: 0.05784
Reproduction time: 0.19477
-----------------------------------------------------------
Generation: 59
Evaluation time: 0.04497
Reproduction time: 0.21626
-----------------------------------------------------------
Generation: 60
Evaluation time: 0.04317
Reproduction time: 0.22805
-----------------------------------------------------------
Generation: 61
Evaluation time: 0.04352
Reproduction time: 0.37761
-----------------------------------------------------------
Generation: 62
Evaluation time: 0.04873
Reproduction time: 0.20255
-----------------------------------------------------------
Generation: 63
Evaluation time: 0.04309
Reproduction time: 0.19816
-----------------------------------------------------------
Generation: 64
Evaluation time: 0.04355
Reproduction time: 0.19672
-----------------------------------------------------------
Generation: 65
Evaluation time: 0.04214
Reproduction time: 0.20295
-----------------------------------------------------------
Generation: 66
Evaluation time: 0.04227
Reproduction time: 0.19849
-----------------------------------------------------------
Generation: 67
Evaluation time: 0.04181
Reproduction time: 0.19166
-----------------------------------------------------------
Generation: 68
Evaluation time: 0.04222
Reproduction time: 0.2036
-----------------------------------------------------------
Generation: 69
Evaluation time: 0.04261
Reproduction time: 0.20501
-----------------------------------------------------------
Generation: 70
Evaluation time: 0.04252
Reproduction time: 0.20731
-----------------------------------------------------------
Generation: 71
Evaluation time: 0.03826
Reproduction time: 0.38145
-----------------------------------------------------------
Generation: 72
Evaluation time: 0.04452
Reproduction time: 0.21376
-----------------------------------------------------------
Generation: 73
Evaluation time: 0.04892
Reproduction time: 0.19513
-----------------------------------------------------------
Generation: 74
Evaluation time: 0.06525
Reproduction time: 0.19442
-----------------------------------------------------------
Generation: 75
Evaluation time: 0.07496
Reproduction time: 0.17036
-----------------------------------------------------------
Generation: 76
Evaluation time: 0.04316
Reproduction time: 0.16783
-----------------------------------------------------------
Generation: 77
Evaluation time: 0.06219
Reproduction time: 0.18391
-----------------------------------------------------------
Generation: 78
Evaluation time: 0.04298
Reproduction time: 0.17472
-----------------------------------------------------------
Generation: 79
Evaluation time: 0.06465
Reproduction time: 0.17116
-----------------------------------------------------------
Generation: 80
Evaluation time: 0.04407
Reproduction time: 0.17257
-----------------------------------------------------------
Generation: 81
Evaluation time: 0.06118
Reproduction time: 0.3666
-----------------------------------------------------------
Generation: 82
Evaluation time: 0.0642
Reproduction time: 0.20147
-----------------------------------------------------------
Generation: 83
Evaluation time: 0.04376
Reproduction time: 0.20477
-----------------------------------------------------------
Generation: 84
Evaluation time: 0.05898
Reproduction time: 0.20109
-----------------------------------------------------------
Generation: 85
Evaluation time: 0.05777
Reproduction time: 0.17688
-----------------------------------------------------------
Generation: 86
Evaluation time: 0.04402
Reproduction time: 0.19595
-----------------------------------------------------------
Generation: 87
Evaluation time: 0.06032
Reproduction time: 0.17582
-----------------------------------------------------------
Generation: 88
Evaluation time: 0.07494
Reproduction time: 0.1685
-----------------------------------------------------------
Generation: 89
Evaluation time: 0.0695
Reproduction time: 0.17913
-----------------------------------------------------------
Generation: 90
Evaluation time: 0.04516
Reproduction time: 0.17598
-----------------------------------------------------------
Generation: 91
Evaluation time: 0.03825
Reproduction time: 0.3712
-----------------------------------------------------------
Generation: 92
Evaluation time: 0.04073
Reproduction time: 0.23354
-----------------------------------------------------------
Generation: 93
Evaluation time: 0.04292
Reproduction time: 0.22121
-----------------------------------------------------------
Generation: 94
Evaluation time: 0.07129
Reproduction time: 0.19739
-----------------------------------------------------------
Generation: 95
Evaluation time: 0.04474
Reproduction time: 0.17954
-----------------------------------------------------------
Generation: 96
Evaluation time: 0.06049
Reproduction time: 0.18168
-----------------------------------------------------------
Generation: 97
Evaluation time: 0.08396
Reproduction time: 0.18237
-----------------------------------------------------------
Generation: 98
Evaluation time: 0.04544
Reproduction time: 0.17279
-----------------------------------------------------------
Generation: 99
Evaluation time: 0.06265
Reproduction time: 0.19172
-----------------------------------------------------------
Generation: 100
Evaluation time: 0.04334
Reproduction time: 0.17945
-----------------------------------------------------------
Generation: 101
Evaluation time: 0.03871
Reproduction time: 0.36811
-----------------------------------------------------------
Generation: 102
Evaluation time: 0.04755
Reproduction time: 0.20744
-----------------------------------------------------------
Generation: 103
Evaluation time: 0.05256
Reproduction time: 0.20076
-----------------------------------------------------------
Generation: 104
Evaluation time: 0.05466
Reproduction time: 0.20892
-----------------------------------------------------------
Generation: 105
Evaluation time: 0.06975
Reproduction time: 0.20539
-----------------------------------------------------------
Generation: 106
Evaluation time: 0.07751
Reproduction time: 0.17947
-----------------------------------------------------------
Generation: 107
Evaluation time: 0.04705
Reproduction time: 0.17702
-----------------------------------------------------------
Generation: 108
Evaluation time: 0.07459
Reproduction time: 0.18812
-----------------------------------------------------------
Generation: 109
Evaluation time: 0.04768
Reproduction time: 0.1872
-----------------------------------------------------------
Generation: 110
Evaluation time: 0.04584
Reproduction time: 0.18938
-----------------------------------------------------------
Generation: 111
Evaluation time: 0.04261
Reproduction time: 0.34684
-----------------------------------------------------------
Generation: 112
Evaluation time: 0.04474
Reproduction time: 0.22263
-----------------------------------------------------------
Generation: 113
Evaluation time: 0.06673
Reproduction time: 0.19563
-----------------------------------------------------------
Generation: 114
Evaluation time: 0.06157
Reproduction time: 0.1754
-----------------------------------------------------------
Generation: 115
Evaluation time: 0.04597
Reproduction time: 0.19613
-----------------------------------------------------------
Generation: 116
Evaluation time: 0.04562
Reproduction time: 0.18682
-----------------------------------------------------------
Generation: 117
Evaluation time: 0.04616
Reproduction time: 0.20368
-----------------------------------------------------------
Generation: 118
Evaluation time: 0.04714
Reproduction time: 0.20607
-----------------------------------------------------------
Generation: 119
Evaluation time: 0.05885
Reproduction time: 0.21133
-----------------------------------------------------------
Generation: 120
Evaluation time: 0.06094
Reproduction time: 0.1731
-----------------------------------------------------------
Generation: 121
Evaluation time: 0.06486
Reproduction time: 0.33809
-----------------------------------------------------------
Generation: 122
Evaluation time: 0.06803
Reproduction time: 0.19673
-----------------------------------------------------------
Generation: 123
Evaluation time: 0.04789
Reproduction time: 0.19307
-----------------------------------------------------------
Generation: 124
Evaluation time: 0.04711
Reproduction time: 0.19777
-----------------------------------------------------------
Generation: 125
Evaluation time: 0.04665
Reproduction time: 0.20936
-----------------------------------------------------------
Generation: 126
Evaluation time: 0.06669
Reproduction time: 0.17464
-----------------------------------------------------------
Generation: 127
Evaluation time: 0.0789
Reproduction time: 0.17088
-----------------------------------------------------------
Generation: 128
Evaluation time: 0.04879
Reproduction time: 0.14821
-----------------------------------------------------------
Generation: 129
Evaluation time: 0.0643
Reproduction time: 0.17675
-----------------------------------------------------------
Generation: 130
Evaluation time: 0.06283
Reproduction time: 0.1842
-----------------------------------------------------------
Generation: 131
Evaluation time: 0.03866
Reproduction time: 0.37377
-----------------------------------------------------------
Generation: 132
Evaluation time: 0.04792
Reproduction time: 0.21441
-----------------------------------------------------------
Generation: 133
Evaluation time: 0.05341
Reproduction time: 0.20815
-----------------------------------------------------------
Generation: 134
Evaluation time: 0.07114
Reproduction time: 0.18973
-----------------------------------------------------------
Generation: 135
Evaluation time: 0.07552
Reproduction time: 0.18002
-----------------------------------------------------------
Generation: 136
Evaluation time: 0.04775
Reproduction time: 0.16697
-----------------------------------------------------------
Generation: 137
Evaluation time: 0.06918
Reproduction time: 0.17518
-----------------------------------------------------------
Generation: 138
Evaluation time: 0.04766
Reproduction time: 0.16982
-----------------------------------------------------------
Generation: 139
Evaluation time: 0.07119
Reproduction time: 0.17905
-----------------------------------------------------------
Generation: 140
Evaluation time: 0.04717
Reproduction time: 0.16073
-----------------------------------------------------------
Generation: 141
Evaluation time: 0.06069
Reproduction time: 0.36769
-----------------------------------------------------------
Generation: 142
Evaluation time: 0.04386
Reproduction time: 0.2118
-----------------------------------------------------------
Generation: 143
Evaluation time: 0.04715
Reproduction time: 0.21022
-----------------------------------------------------------
Generation: 144
Evaluation time: 0.0721
Reproduction time: 0.1837
-----------------------------------------------------------
Generation: 145
Evaluation time: 0.04772
Reproduction time: 0.16779
-----------------------------------------------------------
Generation: 146
Evaluation time: 0.06713
Reproduction time: 0.16398
-----------------------------------------------------------
Generation: 147
Evaluation time: 0.0455
Reproduction time: 0.14424
-----------------------------------------------------------
Generation: 148
Evaluation time: 0.06151
Reproduction time: 0.16384
-----------------------------------------------------------
Generation: 149
Evaluation time: 0.07435
Reproduction time: 0.17604
-----------------------------------------------------------
Generation: 150
Evaluation time: 0.07602
Reproduction time: 0.17763
-----------------------------------------------------------
Generation: 151
Evaluation time: 0.04083
Reproduction time: 0.3189
-----------------------------------------------------------
Generation: 152
Evaluation time: 0.06657
Reproduction time: 0.21512
-----------------------------------------------------------
Generation: 153
Evaluation time: 0.06218
Reproduction time: 0.16353
-----------------------------------------------------------
Generation: 154
Evaluation time: 0.06005
Reproduction time: 0.17117
-----------------------------------------------------------
Generation: 155
Evaluation time: 0.04676
Reproduction time: 0.20018
-----------------------------------------------------------
Generation: 156
Evaluation time: 0.04637
Reproduction time: 0.19919
-----------------------------------------------------------
Generation: 157
Evaluation time: 0.04619
Reproduction time: 0.20642
-----------------------------------------------------------
Generation: 158
Evaluation time: 0.04579
Reproduction time: 0.19878
-----------------------------------------------------------
Generation: 159
Evaluation time: 0.04631
Reproduction time: 0.19395
-----------------------------------------------------------
Generation: 160
Evaluation time: 0.04601
Reproduction time: 0.19873
-----------------------------------------------------------
Generation: 161
Evaluation time: 0.06053
Reproduction time: 0.35069
-----------------------------------------------------------
Generation: 162
Evaluation time: 0.05987
Reproduction time: 0.20932
-----------------------------------------------------------
Generation: 163
Evaluation time: 0.07337
Reproduction time: 0.20666
-----------------------------------------------------------
Generation: 164
Evaluation time: 0.07299
Reproduction time: 0.19107
-----------------------------------------------------------
Generation: 165
Evaluation time: 0.07468
Reproduction time: 0.16716
-----------------------------------------------------------
Generation: 166
Evaluation time: 0.05089
Reproduction time: 0.18573
-----------------------------------------------------------
Generation: 167
Evaluation time: 0.04834
Reproduction time: 0.20655
-----------------------------------------------------------
Generation: 168
Evaluation time: 0.04732
Reproduction time: 0.20195
-----------------------------------------------------------
Generation: 169
Evaluation time: 0.07104
Reproduction time: 0.17628
-----------------------------------------------------------
Generation: 170
Evaluation time: 0.04798
Reproduction time: 0.15519
-----------------------------------------------------------
Generation: 171
Evaluation time: 0.06306
Reproduction time: 0.3553
-----------------------------------------------------------
Generation: 172
Evaluation time: 0.04851
Reproduction time: 0.18495
-----------------------------------------------------------
Generation: 173
Evaluation time: 0.04627
Reproduction time: 0.22106
-----------------------------------------------------------
Generation: 174
Evaluation time: 0.05567
Reproduction time: 0.20379
-----------------------------------------------------------
Generation: 175
Evaluation time: 0.04721
Reproduction time: 0.21151
-----------------------------------------------------------
Generation: 176
Evaluation time: 0.04642
Reproduction time: 0.20645
-----------------------------------------------------------
Generation: 177
Evaluation time: 0.04605
Reproduction time: 0.20602
-----------------------------------------------------------
Generation: 178
Evaluation time: 0.04658
Reproduction time: 0.21657
-----------------------------------------------------------
Generation: 179
Evaluation time: 0.04757
Reproduction time: 0.20928
-----------------------------------------------------------
Generation: 180
Evaluation time: 0.04652
Reproduction time: 0.20105
-----------------------------------------------------------
Generation: 181
Evaluation time: 0.03798
Reproduction time: 0.34952
-----------------------------------------------------------
Generation: 182
Evaluation time: 0.04632
Reproduction time: 0.21358
-----------------------------------------------------------
Generation: 183
Evaluation time: 0.05191
Reproduction time: 0.20646
-----------------------------------------------------------
Generation: 184
Evaluation time: 0.05261
Reproduction time: 0.215
-----------------------------------------------------------
Generation: 185
Evaluation time: 0.05367
Reproduction time: 0.21556
-----------------------------------------------------------
Generation: 186
Evaluation time: 0.07173
Reproduction time: 0.1946
-----------------------------------------------------------
Generation: 187
Evaluation time: 0.04531
Reproduction time: 0.16718
-----------------------------------------------------------
Generation: 188
Evaluation time: 0.06803
Reproduction time: 0.17506
-----------------------------------------------------------
Generation: 189
Evaluation time: 0.04629
Reproduction time: 0.16267
-----------------------------------------------------------
Generation: 190
Evaluation time: 0.03774
Reproduction time: 0.17107
-----------------------------------------------------------
Generation: 191
Evaluation time: 0.06175
Reproduction time: 0.3757
-----------------------------------------------------------
Generation: 192
Evaluation time: 0.0685
Reproduction time: 0.19898
-----------------------------------------------------------
Generation: 193
Evaluation time: 0.04876
Reproduction time: 0.20182
-----------------------------------------------------------
Generation: 194
Evaluation time: 0.07182
Reproduction time: 0.20566
-----------------------------------------------------------
Generation: 195
Evaluation time: 0.0597
Reproduction time: 0.19575
-----------------------------------------------------------
Generation: 196
Evaluation time: 0.04553
Reproduction time: 0.21843
-----------------------------------------------------------
Generation: 197
Evaluation time: 0.07197
Reproduction time: 0.1817
-----------------------------------------------------------
Generation: 198
Evaluation time: 0.04843
Reproduction time: 0.17159
-----------------------------------------------------------
Generation: 199
Evaluation time: 0.04785
Reproduction time: 0.19477
-----------------------------------------------------------
Generation: 200
Evaluation time: 0.0693
Reproduction time: 0.17342
-----------------------------------------------------------
Generation: 201
Evaluation time: 0.06465
Reproduction time: 0.36216
-----------------------------------------------------------
Generation: 202
Evaluation time: 0.04436
Reproduction time: 0.20279
-----------------------------------------------------------
Generation: 203
Evaluation time: 0.06252
Reproduction time: 0.20706
-----------------------------------------------------------
Generation: 204
Evaluation time: 0.06013
Reproduction time: 0.1936
-----------------------------------------------------------
Generation: 205
Evaluation time: 0.04632
Reproduction time: 0.21933
-----------------------------------------------------------
Generation: 206
Evaluation time: 0.06486
Reproduction time: 0.1906
-----------------------------------------------------------
Generation: 207
Evaluation time: 0.07733
Reproduction time: 0.17477
-----------------------------------------------------------
Generation: 208
Evaluation time: 0.07529
Reproduction time: 0.18956
-----------------------------------------------------------
Generation: 209
Evaluation time: 0.04756
Reproduction time: 0.17303
-----------------------------------------------------------
Generation: 210
Evaluation time: 0.0466
Reproduction time: 0.22259
-----------------------------------------------------------
Generation: 211
Evaluation time: 0.03846
Reproduction time: 0.38626
-----------------------------------------------------------
Generation: 212
Evaluation time: 0.04647
Reproduction time: 0.21609
-----------------------------------------------------------
Generation: 213
Evaluation time: 0.05534
Reproduction time: 0.20196
-----------------------------------------------------------
Generation: 214
Evaluation time: 0.07332
Reproduction time: 0.19569
-----------------------------------------------------------
Generation: 215
Evaluation time: 0.07631
Reproduction time: 0.17785
-----------------------------------------------------------
Generation: 216
Evaluation time: 0.04529
Reproduction time: 0.1691
-----------------------------------------------------------
Generation: 217
Evaluation time: 0.07019
Reproduction time: 0.18558
-----------------------------------------------------------
Generation: 218
Evaluation time: 0.04697
Reproduction time: 0.1634
-----------------------------------------------------------
Generation: 219
Evaluation time: 0.07366
Reproduction time: 0.16138
-----------------------------------------------------------
Generation: 220
Evaluation time: 0.04639
Reproduction time: 0.17422
-----------------------------------------------------------
Generation: 221
Evaluation time: 0.03848
Reproduction time: 0.37479
-----------------------------------------------------------
Generation: 222
Evaluation time: 0.0543
Reproduction time: 0.21599
-----------------------------------------------------------
Generation: 223
Evaluation time: 0.04556
Reproduction time: 0.22148
-----------------------------------------------------------
Generation: 224
Evaluation time: 0.04648
Reproduction time: 0.22181
-----------------------------------------------------------
Generation: 225
Evaluation time: 0.04704
Reproduction time: 0.20557
-----------------------------------------------------------
Generation: 226
Evaluation time: 0.04665
Reproduction time: 0.20641
-----------------------------------------------------------
Generation: 227
Evaluation time: 0.06427
Reproduction time: 0.14961
-----------------------------------------------------------
Generation: 228
Evaluation time: 0.07518
Reproduction time: 0.17294
-----------------------------------------------------------
Generation: 229
Evaluation time: 0.0481
Reproduction time: 0.16243
-----------------------------------------------------------
Generation: 230
Evaluation time: 0.06824
Reproduction time: 0.17153
-----------------------------------------------------------
Generation: 231
Evaluation time: 0.06397
Reproduction time: 0.33435
-----------------------------------------------------------
Generation: 232
Evaluation time: 0.0661
Reproduction time: 0.20997
-----------------------------------------------------------
Generation: 233
Evaluation time: 0.07295
Reproduction time: 0.21887
-----------------------------------------------------------
Generation: 234
Evaluation time: 0.07838
Reproduction time: 0.19608
-----------------------------------------------------------
Generation: 235
Evaluation time: 0.08138
Reproduction time: 0.18537
-----------------------------------------------------------
Generation: 236
Evaluation time: 0.0472
Reproduction time: 0.1894
-----------------------------------------------------------
Generation: 237
Evaluation time: 0.04779
Reproduction time: 0.22802
-----------------------------------------------------------
Generation: 238
Evaluation time: 0.06891
Reproduction time: 0.19545
-----------------------------------------------------------
Generation: 239
Evaluation time: 0.04841
Reproduction time: 0.16972
-----------------------------------------------------------
Generation: 240
Evaluation time: 0.04719
Reproduction time: 0.19624
-----------------------------------------------------------
Generation: 241
Evaluation time: 0.06199
Reproduction time: 0.37696
-----------------------------------------------------------
Generation: 242
Evaluation time: 0.06002
Reproduction time: 0.2121
-----------------------------------------------------------
Generation: 243
Evaluation time: 0.07356
Reproduction time: 0.20789
-----------------------------------------------------------
Generation: 244
Evaluation time: 0.0726
Reproduction time: 0.19321
-----------------------------------------------------------
Generation: 245
Evaluation time: 0.07522
Reproduction time: 0.18785
-----------------------------------------------------------
Generation: 246
Evaluation time: 0.05011
Reproduction time: 0.17327
-----------------------------------------------------------
Generation: 247
Evaluation time: 0.04767
Reproduction time: 0.18957
-----------------------------------------------------------
Generation: 248
Evaluation time: 0.06746
Reproduction time: 0.16379
-----------------------------------------------------------
Generation: 249
Evaluation time: 0.07202
Reproduction time: 0.17116
-----------------------------------------------------------
Generation: 250
Evaluation time: 0.07243
Reproduction time: 0.17405
-----------------------------------------------------------
Generation: 251
Evaluation time: 0.06446
Reproduction time: 0.36432
-----------------------------------------------------------
Generation: 252
Evaluation time: 0.07076
Reproduction time: 0.20349
-----------------------------------------------------------
Generation: 253
Evaluation time: 0.05857
Reproduction time: 0.1837
-----------------------------------------------------------
Generation: 254
Evaluation time: 0.06226
Reproduction time: 0.17052
-----------------------------------------------------------
Generation: 255
Evaluation time: 0.04703
Reproduction time: 0.2021
-----------------------------------------------------------
Generation: 256
Evaluation time: 0.04612
Reproduction time: 0.20811
-----------------------------------------------------------
Generation: 257
Evaluation time: 0.04647
Reproduction time: 0.20453
-----------------------------------------------------------
Generation: 258
Evaluation time: 0.04656
Reproduction time: 0.20484
-----------------------------------------------------------
Generation: 259
Evaluation time: 0.04755
Reproduction time: 0.21178
-----------------------------------------------------------
Generation: 260
Evaluation time: 0.04638
Reproduction time: 0.20342
-----------------------------------------------------------
Generation: 261
Evaluation time: 0.06442
Reproduction time: 0.33263
-----------------------------------------------------------
Generation: 262
Evaluation time: 0.0681
Reproduction time: 0.2017
-----------------------------------------------------------
Generation: 263
Evaluation time: 0.04788
Reproduction time: 0.20045
-----------------------------------------------------------
Generation: 264
Evaluation time: 0.07071
Reproduction time: 0.20432
-----------------------------------------------------------
Generation: 265
Evaluation time: 0.05002
Reproduction time: 0.21615
-----------------------------------------------------------
Generation: 266
Evaluation time: 0.07172
Reproduction time: 0.17966
-----------------------------------------------------------
Generation: 267
Evaluation time: 0.07721
Reproduction time: 0.18471
-----------------------------------------------------------
Generation: 268
Evaluation time: 0.04956
Reproduction time: 0.17425
-----------------------------------------------------------
Generation: 269
Evaluation time: 0.06881
Reproduction time: 0.16415
-----------------------------------------------------------
Generation: 270
Evaluation time: 0.0831
Reproduction time: 0.16012
-----------------------------------------------------------
Generation: 271
Evaluation time: 0.06515
Reproduction time: 0.32711
-----------------------------------------------------------
Generation: 272
Evaluation time: 0.06966
Reproduction time: 0.19869
-----------------------------------------------------------
Generation: 273
Evaluation time: 0.04707
Reproduction time: 0.19809
-----------------------------------------------------------
Generation: 274
Evaluation time: 0.08001
Reproduction time: 0.20805
-----------------------------------------------------------
Generation: 275
Evaluation time: 0.0727
Reproduction time: 0.17394
-----------------------------------------------------------
Generation: 276
Evaluation time: 0.07328
Reproduction time: 0.18932
-----------------------------------------------------------
Generation: 277
Evaluation time: 0.06937
Reproduction time: 0.18866
-----------------------------------------------------------
Generation: 278
Evaluation time: 0.07152
Reproduction time: 0.17514
-----------------------------------------------------------
Generation: 279
Evaluation time: 0.06775
Reproduction time: 0.18724
-----------------------------------------------------------
Generation: 280
Evaluation time: 0.06351
Reproduction time: 0.18151
-----------------------------------------------------------
Generation: 281
Evaluation time: 0.04276
Reproduction time: 0.36742
-----------------------------------------------------------
Generation: 282
Evaluation time: 0.04501
Reproduction time: 0.22588
-----------------------------------------------------------
Generation: 283
Evaluation time: 0.06687
Reproduction time: 0.2009
-----------------------------------------------------------
Generation: 284
Evaluation time: 0.06291
Reproduction time: 0.1706
-----------------------------------------------------------
Generation: 285
Evaluation time: 0.04578
Reproduction time: 0.20142
-----------------------------------------------------------
Generation: 286
Evaluation time: 0.04612
Reproduction time: 0.21463
-----------------------------------------------------------
Generation: 287
Evaluation time: 0.05943
Reproduction time: 0.21856
-----------------------------------------------------------
Generation: 288
Evaluation time: 0.04563
Reproduction time: 0.21337
-----------------------------------------------------------
Generation: 289
Evaluation time: 0.06548
Reproduction time: 0.16926
-----------------------------------------------------------
Generation: 290
Evaluation time: 0.082
Reproduction time: 0.19033
-----------------------------------------------------------
Generation: 291
Evaluation time: 0.03871
Reproduction time: 0.35375
-----------------------------------------------------------
Generation: 292
Evaluation time: 0.05106
Reproduction time: 0.21244
-----------------------------------------------------------
Generation: 293
Evaluation time: 0.07182
Reproduction time: 0.21346
-----------------------------------------------------------
Generation: 294
Evaluation time: 0.0672
Reproduction time: 0.19366
-----------------------------------------------------------
Generation: 295
Evaluation time: 0.07868
Reproduction time: 0.17758
-----------------------------------------------------------
Generation: 296
Evaluation time: 0.04951
Reproduction time: 0.17592
-----------------------------------------------------------
Generation: 297
Evaluation time: 0.06293
Reproduction time: 0.18767
-----------------------------------------------------------
Generation: 298
Evaluation time: 0.08482
Reproduction time: 0.17244
-----------------------------------------------------------
Generation: 299
Evaluation time: 0.04975
Reproduction time: 0.17537
-----------------------------------------------------------
Generation: 300
Evaluation time: 0.06908
Reproduction time: 0.17455
-----------------------------------------------------------
Generation: 301
Evaluation time: 0.05985
Reproduction time: 0.35121
-----------------------------------------------------------
Generation: 302
Evaluation time: 0.04416
Reproduction time: 0.19596
-----------------------------------------------------------
Generation: 303
Evaluation time: 0.04585
Reproduction time: 0.20951
-----------------------------------------------------------
Generation: 304
Evaluation time: 0.04661
Reproduction time: 0.20861
-----------------------------------------------------------
Generation: 305
Evaluation time: 0.04688
Reproduction time: 0.20484
-----------------------------------------------------------
Generation: 306
Evaluation time: 0.04695
Reproduction time: 0.20648
-----------------------------------------------------------
Generation: 307
Evaluation time: 0.04726
Reproduction time: 0.19834
-----------------------------------------------------------
Generation: 308
Evaluation time: 0.0473
Reproduction time: 0.20277
-----------------------------------------------------------
Generation: 309
Evaluation time: 0.04668
Reproduction time: 0.20054
-----------------------------------------------------------
Generation: 310
Evaluation time: 0.04616
Reproduction time: 0.1993
-----------------------------------------------------------
Generation: 311
Evaluation time: 0.06306
Reproduction time: 0.34886
-----------------------------------------------------------
Generation: 312
Evaluation time: 0.06957
Reproduction time: 0.20036
-----------------------------------------------------------
Generation: 313
Evaluation time: 0.04475
Reproduction time: 0.20479
-----------------------------------------------------------
Generation: 314
Evaluation time: 0.07688
Reproduction time: 0.21338
-----------------------------------------------------------
Generation: 315
Evaluation time: 0.07334
Reproduction time: 0.1737
-----------------------------------------------------------
Generation: 316
Evaluation time: 0.07902
Reproduction time: 0.16728
-----------------------------------------------------------
Generation: 317
Evaluation time: 0.04758
Reproduction time: 0.17256
-----------------------------------------------------------
Generation: 318
Evaluation time: 0.06284
Reproduction time: 0.17408
-----------------------------------------------------------
Generation: 319
Evaluation time: 0.06083
Reproduction time: 0.17851
-----------------------------------------------------------
Generation: 320
Evaluation time: 0.04892
Reproduction time: 0.20535
-----------------------------------------------------------
Generation: 321
Evaluation time: 0.044
Reproduction time: 0.35751
-----------------------------------------------------------
Generation: 322
Evaluation time: 0.04491
Reproduction time: 0.22968
-----------------------------------------------------------
Generation: 323
Evaluation time: 0.06605
Reproduction time: 0.2054
-----------------------------------------------------------
Generation: 324
Evaluation time: 0.0602
Reproduction time: 0.17657
-----------------------------------------------------------
Generation: 325
Evaluation time: 0.04687
Reproduction time: 0.19929
-----------------------------------------------------------
Generation: 326
Evaluation time: 0.04656
Reproduction time: 0.21249
-----------------------------------------------------------
Generation: 327
Evaluation time: 0.06781
Reproduction time: 0.20493
-----------------------------------------------------------
Generation: 328
Evaluation time: 0.06036
Reproduction time: 0.18764
-----------------------------------------------------------
Generation: 329
Evaluation time: 0.04649
Reproduction time: 0.21785
-----------------------------------------------------------
Generation: 330
Evaluation time: 0.06548
Reproduction time: 0.19254
-----------------------------------------------------------
Generation: 331
Evaluation time: 0.03795
Reproduction time: 0.37968
-----------------------------------------------------------
Generation: 332
Evaluation time: 0.04688
Reproduction time: 0.21554
-----------------------------------------------------------
Generation: 333
Evaluation time: 0.05501
Reproduction time: 0.19869
-----------------------------------------------------------
Generation: 334
Evaluation time: 0.06846
Reproduction time: 0.19759
-----------------------------------------------------------
Generation: 335
Evaluation time: 0.0721
Reproduction time: 0.17997
-----------------------------------------------------------
Generation: 336
Evaluation time: 0.04663
Reproduction time: 0.16964
-----------------------------------------------------------
Generation: 337
Evaluation time: 0.06939
Reproduction time: 0.17815
-----------------------------------------------------------
Generation: 338
Evaluation time: 0.04559
Reproduction time: 0.16004
-----------------------------------------------------------
Generation: 339
Evaluation time: 0.06901
Reproduction time: 0.18208
-----------------------------------------------------------
Generation: 340
Evaluation time: 0.04662
Reproduction time: 0.16138
-----------------------------------------------------------
Generation: 341
Evaluation time: 0.06257
Reproduction time: 0.34505
-----------------------------------------------------------
Generation: 342
Evaluation time: 0.06841
Reproduction time: 0.20001
-----------------------------------------------------------
Generation: 343
Evaluation time: 0.04696
Reproduction time: 0.19181
-----------------------------------------------------------
Generation: 344
Evaluation time: 0.04769
Reproduction time: 0.20426
-----------------------------------------------------------
Generation: 345
Evaluation time: 0.06886
Reproduction time: 0.20574
-----------------------------------------------------------
Generation: 346
Evaluation time: 0.06751
Reproduction time: 0.17397
-----------------------------------------------------------
Generation: 347
Evaluation time: 0.06953
Reproduction time: 0.17463
-----------------------------------------------------------
Generation: 348
Evaluation time: 0.07023
Reproduction time: 0.19078
-----------------------------------------------------------
Generation: 349
Evaluation time: 0.07745
Reproduction time: 0.18095
-----------------------------------------------------------
Generation: 350
Evaluation time: 0.07607
Reproduction time: 0.1798
-----------------------------------------------------------
Generation: 351
Evaluation time: 0.03992
Reproduction time: 0.35682
-----------------------------------------------------------
Generation: 352
Evaluation time: 0.04838
Reproduction time: 0.19727
-----------------------------------------------------------
Generation: 353
Evaluation time: 0.04559
Reproduction time: 0.1959
-----------------------------------------------------------
Generation: 354
Evaluation time: 0.04582
Reproduction time: 0.19995
-----------------------------------------------------------
Generation: 355
Evaluation time: 0.04562
Reproduction time: 0.1951
-----------------------------------------------------------
Generation: 356
Evaluation time: 0.0448
Reproduction time: 0.19404
-----------------------------------------------------------
Generation: 357
Evaluation time: 0.04611
Reproduction time: 0.18737
-----------------------------------------------------------
Generation: 358
Evaluation time: 0.04552
Reproduction time: 0.19147
-----------------------------------------------------------
Generation: 359
Evaluation time: 0.04558
Reproduction time: 0.20963
-----------------------------------------------------------
Generation: 360
Evaluation time: 0.04517
Reproduction time: 0.20387
-----------------------------------------------------------
Generation: 361
Evaluation time: 0.05977
Reproduction time: 0.35854
-----------------------------------------------------------
Generation: 362
Evaluation time: 0.0445
Reproduction time: 0.21741
-----------------------------------------------------------
Generation: 363
Evaluation time: 0.04311
Reproduction time: 0.19946
-----------------------------------------------------------
Generation: 364
Evaluation time: 0.04534
Reproduction time: 0.20329
-----------------------------------------------------------
Generation: 365
Evaluation time: 0.04449
Reproduction time: 0.21148
-----------------------------------------------------------
Generation: 366
Evaluation time: 0.04524
Reproduction time: 0.20689
-----------------------------------------------------------
Generation: 367
Evaluation time: 0.04575
Reproduction time: 0.21877
-----------------------------------------------------------
Generation: 368
Evaluation time: 0.04486
Reproduction time: 0.2186
-----------------------------------------------------------
Generation: 369
Evaluation time: 0.04581
Reproduction time: 0.21478
-----------------------------------------------------------
Generation: 370
Evaluation time: 0.04489
Reproduction time: 0.21944
-----------------------------------------------------------
Generation: 371
Evaluation time: 0.04444
Reproduction time: 0.35209
-----------------------------------------------------------
Generation: 372
Evaluation time: 0.04377
Reproduction time: 0.22987
-----------------------------------------------------------
Generation: 373
Evaluation time: 0.06609
Reproduction time: 0.20617
-----------------------------------------------------------
Generation: 374
Evaluation time: 0.04645
Reproduction time: 0.22418
-----------------------------------------------------------
Generation: 375
Evaluation time: 0.06097
Reproduction time: 0.19535
-----------------------------------------------------------
Generation: 376
Evaluation time: 0.06107
Reproduction time: 0.19017
-----------------------------------------------------------
Generation: 377
Evaluation time: 0.06075
Reproduction time: 0.19009
-----------------------------------------------------------
Generation: 378
Evaluation time: 0.06214
Reproduction time: 0.17821
-----------------------------------------------------------
Generation: 379
Evaluation time: 0.06478
Reproduction time: 0.17489
-----------------------------------------------------------
Generation: 380
Evaluation time: 0.0682
Reproduction time: 0.17261
-----------------------------------------------------------
Generation: 381
Evaluation time: 0.06427
Reproduction time: 0.35465
-----------------------------------------------------------
Generation: 382
Evaluation time: 0.07309
Reproduction time: 0.20198
-----------------------------------------------------------
Generation: 383
Evaluation time: 0.05741
Reproduction time: 0.17157
-----------------------------------------------------------
Generation: 384
Evaluation time: 0.04579
Reproduction time: 0.1797
-----------------------------------------------------------
Generation: 385
Evaluation time: 0.0455
Reproduction time: 0.19149
-----------------------------------------------------------
Generation: 386
Evaluation time: 0.04594
Reproduction time: 0.20612
-----------------------------------------------------------
Generation: 387
Evaluation time: 0.04524
Reproduction time: 0.20067
-----------------------------------------------------------
Generation: 388
Evaluation time: 0.04627
Reproduction time: 0.19869
-----------------------------------------------------------
Generation: 389
Evaluation time: 0.04562
Reproduction time: 0.20719
-----------------------------------------------------------
Generation: 390
Evaluation time: 0.05977
Reproduction time: 0.21
-----------------------------------------------------------
Generation: 391
Evaluation time: 0.06153
Reproduction time: 0.37462
-----------------------------------------------------------
Generation: 392
Evaluation time: 0.05358
Reproduction time: 0.18117
-----------------------------------------------------------
Generation: 393
Evaluation time: 0.05687
Reproduction time: 0.17585
-----------------------------------------------------------
Generation: 394
Evaluation time: 0.05726
Reproduction time: 0.17223
-----------------------------------------------------------
Generation: 395
Evaluation time: 0.05614
Reproduction time: 0.17563
-----------------------------------------------------------
Generation: 396
Evaluation time: 0.05701
Reproduction time: 0.17533
-----------------------------------------------------------
Generation: 397
Evaluation time: 0.05714
Reproduction time: 0.16881
-----------------------------------------------------------
Generation: 398
Evaluation time: 0.05621
Reproduction time: 0.17546
-----------------------------------------------------------
Generation: 399
Evaluation time: 0.05622
Reproduction time: 0.17263
-----------------------------------------------------------
Generation: 400
Evaluation time: 0.05706
Reproduction time: 0.17306
-----------------------------------------------------------
Generation: 401
Evaluation time: 0.06415
Reproduction time: 0.34817
-----------------------------------------------------------
Generation: 402
Evaluation time: 0.06907
Reproduction time: 0.19641
-----------------------------------------------------------
Generation: 403
Evaluation time: 0.04686
Reproduction time: 0.19041
-----------------------------------------------------------
Generation: 404
Evaluation time: 0.04748
Reproduction time: 0.2036
-----------------------------------------------------------
Generation: 405
Evaluation time: 0.0464
Reproduction time: 0.21056
-----------------------------------------------------------
Generation: 406
Evaluation time: 0.07103
Reproduction time: 0.1615
-----------------------------------------------------------
Generation: 407
Evaluation time: 0.04703
Reproduction time: 0.17252
-----------------------------------------------------------
Generation: 408
Evaluation time: 0.04652
Reproduction time: 0.19139
-----------------------------------------------------------
Generation: 409
Evaluation time: 0.0656
Reproduction time: 0.18243
-----------------------------------------------------------
Generation: 410
Evaluation time: 0.0735
Reproduction time: 0.1937
-----------------------------------------------------------
Generation: 411
Evaluation time: 0.0385
Reproduction time: 0.38679
-----------------------------------------------------------
Generation: 412
Evaluation time: 0.05139
Reproduction time: 0.21917
-----------------------------------------------------------
Generation: 413
Evaluation time: 0.05391
Reproduction time: 0.21463
-----------------------------------------------------------
Generation: 414
Evaluation time: 0.05265
Reproduction time: 0.20731
-----------------------------------------------------------
Generation: 415
Evaluation time: 0.06775
Reproduction time: 0.22414
-----------------------------------------------------------
Generation: 416
Evaluation time: 0.07511
Reproduction time: 0.18712
-----------------------------------------------------------
Generation: 417
Evaluation time: 0.04587
Reproduction time: 0.17904
-----------------------------------------------------------
Generation: 418
Evaluation time: 0.0383
Reproduction time: 0.1758
-----------------------------------------------------------
Generation: 419
Evaluation time: 0.06076
Reproduction time: 0.1697
-----------------------------------------------------------
Generation: 420
Evaluation time: 0.04536
Reproduction time: 0.17715
-----------------------------------------------------------
Generation: 421
Evaluation time: 0.03801
Reproduction time: 0.37503
-----------------------------------------------------------
Generation: 422
Evaluation time: 0.05124
Reproduction time: 0.18953
-----------------------------------------------------------
Generation: 423
Evaluation time: 0.07039
Reproduction time: 0.18134
-----------------------------------------------------------
Generation: 424
Evaluation time: 0.07071
Reproduction time: 0.17022
-----------------------------------------------------------
Generation: 425
Evaluation time: 0.07481
Reproduction time: 0.17197
-----------------------------------------------------------
Generation: 426
Evaluation time: 0.0468
Reproduction time: 0.18792
-----------------------------------------------------------
Generation: 427
Evaluation time: 0.06398
Reproduction time: 0.17227
-----------------------------------------------------------
Generation: 428
Evaluation time: 0.07553
Reproduction time: 0.16597
-----------------------------------------------------------
Generation: 429
Evaluation time: 0.04652
Reproduction time: 0.1653
-----------------------------------------------------------
Generation: 430
Evaluation time: 0.06505
Reproduction time: 0.17529
-----------------------------------------------------------
Generation: 431
Evaluation time: 0.06079
Reproduction time: 0.34345
-----------------------------------------------------------
Generation: 432
Evaluation time: 0.04341
Reproduction time: 0.19208
-----------------------------------------------------------
Generation: 433
Evaluation time: 0.07031
Reproduction time: 0.19333
-----------------------------------------------------------
Generation: 434
Evaluation time: 0.0703
Reproduction time: 0.17333
-----------------------------------------------------------
Generation: 435
Evaluation time: 0.06846
Reproduction time: 0.17757
-----------------------------------------------------------
Generation: 436
Evaluation time: 0.06086
Reproduction time: 0.18236
-----------------------------------------------------------
Generation: 437
Evaluation time: 0.04683
Reproduction time: 0.21425
-----------------------------------------------------------
Generation: 438
Evaluation time: 0.06286
Reproduction time: 0.18633
-----------------------------------------------------------
Generation: 439
Evaluation time: 0.07545
Reproduction time: 0.18028
-----------------------------------------------------------
Generation: 440
Evaluation time: 0.07438
Reproduction time: 0.18395
-----------------------------------------------------------
Generation: 441
Evaluation time: 0.03908
Reproduction time: 0.33996
-----------------------------------------------------------
Generation: 442
Evaluation time: 0.0493
Reproduction time: 0.21514
-----------------------------------------------------------
Generation: 443
Evaluation time: 0.05378
Reproduction time: 0.20532
-----------------------------------------------------------
Generation: 444
Evaluation time: 0.06108
Reproduction time: 0.19477
-----------------------------------------------------------
Generation: 445
Evaluation time: 0.06448
Reproduction time: 0.14797
-----------------------------------------------------------
Generation: 446
Evaluation time: 0.04773
Reproduction time: 0.17332
-----------------------------------------------------------
Generation: 447
Evaluation time: 0.06398
Reproduction time: 0.1747
-----------------------------------------------------------
Generation: 448
Evaluation time: 0.04771
Reproduction time: 0.17857
-----------------------------------------------------------
Generation: 449
Evaluation time: 0.04674
Reproduction time: 0.20847
-----------------------------------------------------------
Generation: 450
Evaluation time: 0.04004
Reproduction time: 0.17307
-----------------------------------------------------------
Generation: 451
Evaluation time: 0.06192
Reproduction time: 0.35502
-----------------------------------------------------------
Generation: 452
Evaluation time: 0.06806
Reproduction time: 0.19434
-----------------------------------------------------------
Generation: 453
Evaluation time: 0.04885
Reproduction time: 0.19488
-----------------------------------------------------------
Generation: 454
Evaluation time: 0.04702
Reproduction time: 0.19655
-----------------------------------------------------------
Generation: 455
Evaluation time: 0.06746
Reproduction time: 0.18921
-----------------------------------------------------------
Generation: 456
Evaluation time: 0.06309
Reproduction time: 0.17553
-----------------------------------------------------------
Generation: 457
Evaluation time: 0.06866
Reproduction time: 0.16968
-----------------------------------------------------------
Generation: 458
Evaluation time: 0.06653
Reproduction time: 0.17607
-----------------------------------------------------------
Generation: 459
Evaluation time: 0.06708
Reproduction time: 0.18895
-----------------------------------------------------------
Generation: 460
Evaluation time: 0.07113
Reproduction time: 0.18295
-----------------------------------------------------------
Generation: 461
Evaluation time: 0.03858
Reproduction time: 0.3877
-----------------------------------------------------------
Generation: 462
Evaluation time: 0.04911
Reproduction time: 0.20594
-----------------------------------------------------------
Generation: 463
Evaluation time: 0.05239
Reproduction time: 0.20468
-----------------------------------------------------------
Generation: 464
Evaluation time: 0.05375
Reproduction time: 0.20803
-----------------------------------------------------------
Generation: 465
Evaluation time: 0.069
Reproduction time: 0.20569
-----------------------------------------------------------
Generation: 466
Evaluation time: 0.04686
Reproduction time: 0.17352
-----------------------------------------------------------
Generation: 467
Evaluation time: 0.06315
Reproduction time: 0.16787
-----------------------------------------------------------
Generation: 468
Evaluation time: 0.0462
Reproduction time: 0.16928
-----------------------------------------------------------
Generation: 469
Evaluation time: 0.0378
Reproduction time: 0.17676
-----------------------------------------------------------
Generation: 470
Evaluation time: 0.0663
Reproduction time: 0.18044
-----------------------------------------------------------
Generation: 471
Evaluation time: 0.06434
Reproduction time: 0.32474
-----------------------------------------------------------
Generation: 472
Evaluation time: 0.05635
Reproduction time: 0.19813
-----------------------------------------------------------
Generation: 473
Evaluation time: 0.04787
Reproduction time: 0.22049
-----------------------------------------------------------
Generation: 474
Evaluation time: 0.06274
Reproduction time: 0.19636
-----------------------------------------------------------
Generation: 475
Evaluation time: 0.0615
Reproduction time: 0.17356
-----------------------------------------------------------
Generation: 476
Evaluation time: 0.04803
Reproduction time: 0.20066
-----------------------------------------------------------
Generation: 477
Evaluation time: 0.04703
Reproduction time: 0.20813
-----------------------------------------------------------
Generation: 478
Evaluation time: 0.04715
Reproduction time: 0.21003
-----------------------------------------------------------
Generation: 479
Evaluation time: 0.07236
Reproduction time: 0.17516
-----------------------------------------------------------
Generation: 480
Evaluation time: 0.04773
Reproduction time: 0.16471
-----------------------------------------------------------
Generation: 481
Evaluation time: 0.06366
Reproduction time: 0.35226
-----------------------------------------------------------
Generation: 482
Evaluation time: 0.06962
Reproduction time: 0.20533
-----------------------------------------------------------
Generation: 483
Evaluation time: 0.04774
Reproduction time: 0.19959
-----------------------------------------------------------
Generation: 484
Evaluation time: 0.04768
Reproduction time: 0.21588
-----------------------------------------------------------
Generation: 485
Evaluation time: 0.06406
Reproduction time: 0.20467
-----------------------------------------------------------
Generation: 486
Evaluation time: 0.06087
Reproduction time: 0.17535
-----------------------------------------------------------
Generation: 487
Evaluation time: 0.04844
Reproduction time: 0.21088
-----------------------------------------------------------
Generation: 488
Evaluation time: 0.06748
Reproduction time: 0.17765
-----------------------------------------------------------
Generation: 489
Evaluation time: 0.07618
Reproduction time: 0.18381
-----------------------------------------------------------
Generation: 490
Evaluation time: 0.08326
Reproduction time: 0.17951
-----------------------------------------------------------
Generation: 491
Evaluation time: 0.04055
Reproduction time: 0.34902
-----------------------------------------------------------
Generation: 492
Evaluation time: 0.04465
Reproduction time: 0.24012
-----------------------------------------------------------
Generation: 493
Evaluation time: 0.04729
Reproduction time: 0.21926
-----------------------------------------------------------
Generation: 494
Evaluation time: 0.06495
Reproduction time: 0.2155
-----------------------------------------------------------
Generation: 495
Evaluation time: 0.06946
Reproduction time: 0.19128
-----------------------------------------------------------
Generation: 496
Evaluation time: 0.08214
Reproduction time: 0.18664
-----------------------------------------------------------
Generation: 497
Evaluation time: 0.04871
Reproduction time: 0.1787
-----------------------------------------------------------
Generation: 498
Evaluation time: 0.07678
Reproduction time: 0.17227
-----------------------------------------------------------
Generation: 499
Evaluation time: 0.04742
Reproduction time: 0.17009
-----------------------------------------------------------
Generation: 500
Evaluation time: 0.07497
Reproduction time: 0.17498
-----------------------------------------------------------
Generation: 501
Evaluation time: 0.06716
Reproduction time: 0.35225
-----------------------------------------------------------
Generation: 502
Evaluation time: 0.05323
Reproduction time: 0.2146
-----------------------------------------------------------
Generation: 503
Evaluation time: 0.04493
Reproduction time: 0.21853
-----------------------------------------------------------
Generation: 504
Evaluation time: 0.04499
Reproduction time: 0.20624
-----------------------------------------------------------
Generation: 505
Evaluation time: 0.04593
Reproduction time: 0.2125
-----------------------------------------------------------
Generation: 506
Evaluation time: 0.0452
Reproduction time: 0.19638
-----------------------------------------------------------
Generation: 507
Evaluation time: 0.04686
Reproduction time: 0.2014
-----------------------------------------------------------
Generation: 508
Evaluation time: 0.0458
Reproduction time: 0.19808
-----------------------------------------------------------
Generation: 509
Evaluation time: 0.04463
Reproduction time: 0.20845
-----------------------------------------------------------
Generation: 510
Evaluation time: 0.04532
Reproduction time: 0.21502
-----------------------------------------------------------
Generation: 511
Evaluation time: 0.03867
Reproduction time: 0.35239
-----------------------------------------------------------
Generation: 512
Evaluation time: 0.05258
Reproduction time: 0.19137
-----------------------------------------------------------
Generation: 513
Evaluation time: 0.04579
Reproduction time: 0.18465
-----------------------------------------------------------
Generation: 514
Evaluation time: 0.04535
Reproduction time: 0.18568
-----------------------------------------------------------
Generation: 515
Evaluation time: 0.04555
Reproduction time: 0.192
-----------------------------------------------------------
Generation: 516
Evaluation time: 0.04594
Reproduction time: 0.18337
-----------------------------------------------------------
Generation: 517
Evaluation time: 0.04713
Reproduction time: 0.20107
-----------------------------------------------------------
Generation: 518
Evaluation time: 0.04574
Reproduction time: 0.19464
-----------------------------------------------------------
Generation: 519
Evaluation time: 0.04603
Reproduction time: 0.19307
-----------------------------------------------------------
Generation: 520
Evaluation time: 0.04578
Reproduction time: 0.20045
-----------------------------------------------------------
Generation: 521
Evaluation time: 0.06265
Reproduction time: 0.33912
-----------------------------------------------------------
Generation: 522
Evaluation time: 0.04457
Reproduction time: 0.20226
-----------------------------------------------------------
Generation: 523
Evaluation time: 0.04661
Reproduction time: 0.21768
-----------------------------------------------------------
Generation: 524
Evaluation time: 0.07149
Reproduction time: 0.1854
-----------------------------------------------------------
Generation: 525
Evaluation time: 0.04698
Reproduction time: 0.18368
-----------------------------------------------------------
Generation: 526
Evaluation time: 0.04663
Reproduction time: 0.2135
-----------------------------------------------------------
Generation: 527
Evaluation time: 0.07251
Reproduction time: 0.18674
-----------------------------------------------------------
Generation: 528
Evaluation time: 0.04662
Reproduction time: 0.18824
-----------------------------------------------------------
Generation: 529
Evaluation time: 0.07178
Reproduction time: 0.17653
-----------------------------------------------------------
Generation: 530
Evaluation time: 0.0466
Reproduction time: 0.17242
-----------------------------------------------------------
Generation: 531
Evaluation time: 0.04261
Reproduction time: 0.37136
-----------------------------------------------------------
Generation: 532
Evaluation time: 0.07066
Reproduction time: 0.23442
-----------------------------------------------------------
Generation: 533
Evaluation time: 0.05727
Reproduction time: 0.18479
-----------------------------------------------------------
Generation: 534
Evaluation time: 0.04744
Reproduction time: 0.22545
-----------------------------------------------------------
Generation: 535
Evaluation time: 0.06141
Reproduction time: 0.17708
-----------------------------------------------------------
Generation: 536
Evaluation time: 0.07062
Reproduction time: 0.17672
-----------------------------------------------------------
Generation: 537
Evaluation time: 0.07404
Reproduction time: 0.17538
-----------------------------------------------------------
Generation: 538
Evaluation time: 0.08221
Reproduction time: 0.1793
-----------------------------------------------------------
Generation: 539
Evaluation time: 0.04795
Reproduction time: 0.16128
-----------------------------------------------------------
Generation: 540
Evaluation time: 0.06298
Reproduction time: 0.17665
-----------------------------------------------------------
Generation: 541
Evaluation time: 0.06206
Reproduction time: 0.36061
-----------------------------------------------------------
Generation: 542
Evaluation time: 0.07019
Reproduction time: 0.2006
-----------------------------------------------------------
Generation: 543
Evaluation time: 0.04826
Reproduction time: 0.21039
-----------------------------------------------------------
Generation: 544
Evaluation time: 0.0569
Reproduction time: 0.20538
-----------------------------------------------------------
Generation: 545
Evaluation time: 0.04789
Reproduction time: 0.2162
