1c90485afd1ba8c3eab46f1aabc344801b60eeda
-----------------------------------------------------------
Generation: 1
Evaluation time: 5.70656
Reproduction time: 0.0
-----------------------------------------------------------
Generation: 2
Evaluation time: 0.92375
Reproduction time: 2.27911
-----------------------------------------------------------
Generation: 3
Evaluation time: 0.78965
Reproduction time: 0.1742
-----------------------------------------------------------
Generation: 4
Evaluation time: 0.80662
Reproduction time: 0.17043
-----------------------------------------------------------
Generation: 5
Evaluation time: 0.7933
Reproduction time: 0.12168
-----------------------------------------------------------
Generation: 6
Evaluation time: 0.78653
Reproduction time: 0.1692
-----------------------------------------------------------
Generation: 7
Evaluation time: 0.79344
Reproduction time: 0.18197
-----------------------------------------------------------
Generation: 8
Evaluation time: 0.83054
Reproduction time: 0.11707
-----------------------------------------------------------
Generation: 9
Evaluation time: 0.79497
Reproduction time: 0.12899
-----------------------------------------------------------
Generation: 10
Evaluation time: 0.78475
Reproduction time: 0.18705
-----------------------------------------------------------
Generation: 11
Evaluation time: 0.82417
Reproduction time: 0.50228
-----------------------------------------------------------
Generation: 12
Evaluation time: 0.80179
Reproduction time: 0.17265
-----------------------------------------------------------
Generation: 13
Evaluation time: 0.83293
Reproduction time: 0.18723
-----------------------------------------------------------
Generation: 14
Evaluation time: 0.8216
Reproduction time: 0.1669
-----------------------------------------------------------
Generation: 15
Evaluation time: 0.84208
Reproduction time: 0.16309
-----------------------------------------------------------
Generation: 16
Evaluation time: 0.79603
Reproduction time: 0.16947
-----------------------------------------------------------
Generation: 17
Evaluation time: 0.8336
Reproduction time: 0.16477
-----------------------------------------------------------
Generation: 18
Evaluation time: 0.80542
Reproduction time: 0.17446
-----------------------------------------------------------
Generation: 19
Evaluation time: 0.80184
Reproduction time: 0.18513
-----------------------------------------------------------
Generation: 20
Evaluation time: 0.79896
Reproduction time: 0.17039
-----------------------------------------------------------
Generation: 21
Evaluation time: 0.80049
Reproduction time: 0.41509
-----------------------------------------------------------
Generation: 22
Evaluation time: 0.85121
Reproduction time: 0.15794
-----------------------------------------------------------
Generation: 23
Evaluation time: 0.77174
Reproduction time: 0.16256
-----------------------------------------------------------
Generation: 24
Evaluation time: 0.80296
Reproduction time: 0.14999
-----------------------------------------------------------
Generation: 25
Evaluation time: 0.83713
Reproduction time: 0.15836
-----------------------------------------------------------
Generation: 26
Evaluation time: 0.78231
Reproduction time: 0.15921
-----------------------------------------------------------
Generation: 27
Evaluation time: 0.82005
Reproduction time: 0.16957
-----------------------------------------------------------
Generation: 28
Evaluation time: 0.79854
Reproduction time: 0.18048
-----------------------------------------------------------
Generation: 29
Evaluation time: 0.79787
Reproduction time: 0.19988
-----------------------------------------------------------
Generation: 30
Evaluation time: 0.79063
Reproduction time: 0.17174
-----------------------------------------------------------
Generation: 31
Evaluation time: 0.82441
Reproduction time: 0.4349
-----------------------------------------------------------
Generation: 32
Evaluation time: 0.85692
Reproduction time: 0.17598
-----------------------------------------------------------
Generation: 33
Evaluation time: 0.82223
Reproduction time: 0.18972
-----------------------------------------------------------
Generation: 34
Evaluation time: 0.8079
Reproduction time: 0.17099
-----------------------------------------------------------
Generation: 35
Evaluation time: 0.85425
Reproduction time: 0.15868
-----------------------------------------------------------
Generation: 36
Evaluation time: 0.83028
Reproduction time: 0.11402
-----------------------------------------------------------
Generation: 37
Evaluation time: 0.82448
Reproduction time: 0.1755
-----------------------------------------------------------
Generation: 38
Evaluation time: 0.80061
Reproduction time: 0.18556
-----------------------------------------------------------
Generation: 39
Evaluation time: 0.80761
Reproduction time: 0.19769
-----------------------------------------------------------
Generation: 40
Evaluation time: 0.8028
Reproduction time: 0.18249
-----------------------------------------------------------
Generation: 41
Evaluation time: 0.81941
Reproduction time: 0.46957
-----------------------------------------------------------
Generation: 42
Evaluation time: 0.79904
Reproduction time: 0.18767
-----------------------------------------------------------
Generation: 43
Evaluation time: 0.82058
Reproduction time: 0.18491
-----------------------------------------------------------
Generation: 44
Evaluation time: 0.79223
Reproduction time: 0.16602
-----------------------------------------------------------
Generation: 45
Evaluation time: 0.83743
Reproduction time: 0.16962
-----------------------------------------------------------
Generation: 46
Evaluation time: 0.77915
Reproduction time: 0.16063
-----------------------------------------------------------
Generation: 47
Evaluation time: 0.8101
Reproduction time: 0.18048
-----------------------------------------------------------
Generation: 48
Evaluation time: 0.86564
Reproduction time: 0.17698
-----------------------------------------------------------
Generation: 49
Evaluation time: 0.8545
Reproduction time: 0.12961
-----------------------------------------------------------
Generation: 50
Evaluation time: 0.80276
Reproduction time: 0.18513
-----------------------------------------------------------
Generation: 51
Evaluation time: 0.80331
Reproduction time: 0.49061
-----------------------------------------------------------
Generation: 52
Evaluation time: 0.87173
Reproduction time: 0.18631
-----------------------------------------------------------
Generation: 53
Evaluation time: 0.82425
Reproduction time: 0.16624
-----------------------------------------------------------
Generation: 54
Evaluation time: 0.80972
Reproduction time: 0.16609
-----------------------------------------------------------
Generation: 55
Evaluation time: 0.79426
Reproduction time: 0.16215
-----------------------------------------------------------
Generation: 56
Evaluation time: 0.80667
Reproduction time: 0.16844
-----------------------------------------------------------
Generation: 57
Evaluation time: 0.8723
Reproduction time: 0.17113
-----------------------------------------------------------
Generation: 58
Evaluation time: 0.86442
Reproduction time: 0.13182
-----------------------------------------------------------
Generation: 59
Evaluation time: 0.8142
Reproduction time: 0.20275
-----------------------------------------------------------
Generation: 60
Evaluation time: 0.81509
Reproduction time: 0.19051
-----------------------------------------------------------
Generation: 61
Evaluation time: 0.82368
Reproduction time: 0.4844
-----------------------------------------------------------
Generation: 62
Evaluation time: 0.88058
Reproduction time: 0.16502
-----------------------------------------------------------
Generation: 63
Evaluation time: 0.81099
Reproduction time: 0.16873
-----------------------------------------------------------
Generation: 64
Evaluation time: 0.83846
Reproduction time: 0.1669
-----------------------------------------------------------
Generation: 65
Evaluation time: 0.82616
Reproduction time: 0.16484
-----------------------------------------------------------
Generation: 66
Evaluation time: 0.86953
Reproduction time: 0.14043
-----------------------------------------------------------
Generation: 67
Evaluation time: 0.80115
Reproduction time: 0.19306
-----------------------------------------------------------
Generation: 68
Evaluation time: 0.85862
Reproduction time: 0.18786
-----------------------------------------------------------
Generation: 69
Evaluation time: 0.86347
Reproduction time: 0.12426
-----------------------------------------------------------
Generation: 70
Evaluation time: 0.83856
Reproduction time: 0.20731
-----------------------------------------------------------
Generation: 71
Evaluation time: 0.83438
Reproduction time: 0.40254
-----------------------------------------------------------
Generation: 72
Evaluation time: 0.86412
Reproduction time: 0.15793
-----------------------------------------------------------
Generation: 73
Evaluation time: 0.85021
Reproduction time: 0.17032
-----------------------------------------------------------
Generation: 74
Evaluation time: 0.86355
Reproduction time: 0.16876
-----------------------------------------------------------
Generation: 75
Evaluation time: 0.82888
Reproduction time: 0.16141
-----------------------------------------------------------
Generation: 76
Evaluation time: 0.81222
Reproduction time: 0.15547
-----------------------------------------------------------
Generation: 77
Evaluation time: 0.83008
Reproduction time: 0.17267
-----------------------------------------------------------
Generation: 78
Evaluation time: 0.81549
Reproduction time: 0.17373
-----------------------------------------------------------
Generation: 79
Evaluation time: 0.86924
Reproduction time: 0.18147
-----------------------------------------------------------
Generation: 80
Evaluation time: 0.87235
Reproduction time: 0.141
-----------------------------------------------------------
Generation: 81
Evaluation time: 0.85254
Reproduction time: 0.49935
-----------------------------------------------------------
Generation: 82
Evaluation time: 0.83538
Reproduction time: 0.15671
-----------------------------------------------------------
Generation: 83
Evaluation time: 0.82613
Reproduction time: 0.16186
-----------------------------------------------------------
Generation: 84
Evaluation time: 0.81797
Reproduction time: 0.16609
-----------------------------------------------------------
Generation: 85
Evaluation time: 0.84097
Reproduction time: 0.16945
-----------------------------------------------------------
Generation: 86
Evaluation time: 0.81885
Reproduction time: 0.15689
-----------------------------------------------------------
Generation: 87
Evaluation time: 0.85102
Reproduction time: 0.13462
-----------------------------------------------------------
Generation: 88
Evaluation time: 0.86528
Reproduction time: 0.1938
-----------------------------------------------------------
Generation: 89
Evaluation time: 0.83953
Reproduction time: 0.13848
-----------------------------------------------------------
Generation: 90
Evaluation time: 0.86281
Reproduction time: 0.19044
-----------------------------------------------------------
Generation: 91
Evaluation time: 0.81894
Reproduction time: 0.38716
-----------------------------------------------------------
Generation: 92
Evaluation time: 0.80662
Reproduction time: 0.17481
-----------------------------------------------------------
Generation: 93
Evaluation time: 0.80742
Reproduction time: 0.18371
-----------------------------------------------------------
Generation: 94
Evaluation time: 0.84784
Reproduction time: 0.15605
-----------------------------------------------------------
Generation: 95
Evaluation time: 0.80982
Reproduction time: 0.16608
-----------------------------------------------------------
Generation: 96
Evaluation time: 0.77112
Reproduction time: 0.1594
-----------------------------------------------------------
Generation: 97
Evaluation time: 0.87262
Reproduction time: 0.1697
-----------------------------------------------------------
Generation: 98
Evaluation time: 0.91119
Reproduction time: 0.1368
-----------------------------------------------------------
Generation: 99
Evaluation time: 0.86338
Reproduction time: 0.17629
-----------------------------------------------------------
Generation: 100
Evaluation time: 0.83139
Reproduction time: 0.17473
