dc43e6b329e33066069be8493e19c2dbaea01d1d
-----------------------------------------------------------
Generation: 1
Evaluation time: 5.76494
Reproduction time: 0.0
-----------------------------------------------------------
Generation: 2
Evaluation time: 3.08589
Reproduction time: 5.45215
-----------------------------------------------------------
Generation: 3
Evaluation time: 2.77254
Reproduction time: 4.09338
-----------------------------------------------------------
Generation: 4
Evaluation time: 1.80061
Reproduction time: 4.34295
-----------------------------------------------------------
Generation: 5
Evaluation time: 2.6414
Reproduction time: 4.41883
-----------------------------------------------------------
Generation: 6
Evaluation time: 2.93441
Reproduction time: 4.09845
-----------------------------------------------------------
Generation: 7
Evaluation time: 1.78372
Reproduction time: 4.3711
-----------------------------------------------------------
Generation: 8
Evaluation time: 2.60918
Reproduction time: 4.49246
-----------------------------------------------------------
Generation: 9
Evaluation time: 1.83583
Reproduction time: 4.10541
-----------------------------------------------------------
Generation: 10
Evaluation time: 2.8046
Reproduction time: 4.4502
-----------------------------------------------------------
Generation: 11
Evaluation time: 2.98914
Reproduction time: 6.19275
-----------------------------------------------------------
Generation: 12
Evaluation time: 2.58192
Reproduction time: 4.94189
-----------------------------------------------------------
Generation: 13
Evaluation time: 2.68338
Reproduction time: 4.5438
-----------------------------------------------------------
Generation: 14
Evaluation time: 2.45382
Reproduction time: 4.28107
-----------------------------------------------------------
Generation: 15
Evaluation time: 2.54115
Reproduction time: 4.92424
-----------------------------------------------------------
Generation: 16
Evaluation time: 2.58395
Reproduction time: 4.38151
-----------------------------------------------------------
Generation: 17
Evaluation time: 2.77985
Reproduction time: 5.04995
-----------------------------------------------------------
Generation: 18
Evaluation time: 2.89562
Reproduction time: 4.39054
-----------------------------------------------------------
Generation: 19
Evaluation time: 3.09724
Reproduction time: 4.39484
-----------------------------------------------------------
Generation: 20
Evaluation time: 1.82418
Reproduction time: 4.43556
-----------------------------------------------------------
Generation: 21
Evaluation time: 3.00844
Reproduction time: 6.66825
-----------------------------------------------------------
Generation: 22
Evaluation time: 2.61181
Reproduction time: 4.74779
-----------------------------------------------------------
Generation: 23
Evaluation time: 2.63759
Reproduction time: 4.45013
-----------------------------------------------------------
Generation: 24
Evaluation time: 2.38704
Reproduction time: 4.3913
-----------------------------------------------------------
Generation: 25
Evaluation time: 2.55536
Reproduction time: 5.02724
-----------------------------------------------------------
Generation: 26
Evaluation time: 2.44444
Reproduction time: 4.47055
-----------------------------------------------------------
Generation: 27
Evaluation time: 1.71091
Reproduction time: 5.39851
-----------------------------------------------------------
Generation: 28
Evaluation time: 2.36861
Reproduction time: 4.38919
-----------------------------------------------------------
Generation: 29
Evaluation time: 2.43805
Reproduction time: 4.34097
-----------------------------------------------------------
Generation: 30
Evaluation time: 1.71403
Reproduction time: 5.13177
-----------------------------------------------------------
Generation: 31
Evaluation time: 2.91543
Reproduction time: 6.73245
-----------------------------------------------------------
Generation: 32
Evaluation time: 2.62898
Reproduction time: 4.83483
-----------------------------------------------------------
Generation: 33
Evaluation time: 2.65033
Reproduction time: 4.40528
-----------------------------------------------------------
Generation: 34
Evaluation time: 2.37267
Reproduction time: 4.32713
-----------------------------------------------------------
Generation: 35
Evaluation time: 2.5822
Reproduction time: 5.19004
-----------------------------------------------------------
Generation: 36
Evaluation time: 2.45619
Reproduction time: 4.39172
-----------------------------------------------------------
Generation: 37
Evaluation time: 1.69612
Reproduction time: 5.38043
-----------------------------------------------------------
Generation: 38
Evaluation time: 2.39972
Reproduction time: 4.31956
-----------------------------------------------------------
Generation: 39
Evaluation time: 2.54441
Reproduction time: 4.28799
-----------------------------------------------------------
Generation: 40
Evaluation time: 1.73011
Reproduction time: 5.31708
