1c90485afd1ba8c3eab46f1aabc344801b60eeda
-----------------------------------------------------------
Generation: 1
Evaluation time: 23.82829
Reproduction time: 0.0
-----------------------------------------------------------
Generation: 2
Evaluation time: 23.95418
Reproduction time: 6.67629
-----------------------------------------------------------
Generation: 3
Evaluation time: 21.67009
Reproduction time: 4.66086
-----------------------------------------------------------
Generation: 4
Evaluation time: 22.0821
Reproduction time: 4.90417
-----------------------------------------------------------
Generation: 5
Evaluation time: 21.11984
Reproduction time: 5.06214
-----------------------------------------------------------
Generation: 6
Evaluation time: 21.74413
Reproduction time: 5.1621
-----------------------------------------------------------
Generation: 7
Evaluation time: 20.04103
Reproduction time: 5.63991
-----------------------------------------------------------
Generation: 8
Evaluation time: 22.03166
Reproduction time: 4.9084
-----------------------------------------------------------
Generation: 9
Evaluation time: 21.02589
Reproduction time: 5.12955
-----------------------------------------------------------
Generation: 10
Evaluation time: 21.32077
Reproduction time: 3.91739
-----------------------------------------------------------
Generation: 11
Evaluation time: 20.75233
Reproduction time: 8.39853
-----------------------------------------------------------
Generation: 12
Evaluation time: 20.91178
Reproduction time: 6.38122
-----------------------------------------------------------
Generation: 13
Evaluation time: 24.45642
Reproduction time: 5.51861
