dc43e6b329e33066069be8493e19c2dbaea01d1d
-----------------------------------------------------------
Generation: 1
Evaluation time: 6.55247
Reproduction time: 0.0
-----------------------------------------------------------
Generation: 2
Evaluation time: 1.14068
Reproduction time: 2.3245
-----------------------------------------------------------
Generation: 3
Evaluation time: 1.04145
Reproduction time: 0.2194
-----------------------------------------------------------
Generation: 4
Evaluation time: 1.03589
Reproduction time: 0.19238
-----------------------------------------------------------
Generation: 5
Evaluation time: 1.10475
Reproduction time: 0.17436
-----------------------------------------------------------
Generation: 6
Evaluation time: 1.16605
Reproduction time: 0.17984
-----------------------------------------------------------
Generation: 7
Evaluation time: 1.19913
Reproduction time: 0.12979
-----------------------------------------------------------
Generation: 8
Evaluation time: 1.23337
Reproduction time: 0.1203
-----------------------------------------------------------
Generation: 9
Evaluation time: 1.12575
Reproduction time: 0.13356
-----------------------------------------------------------
Generation: 10
Evaluation time: 1.13805
Reproduction time: 0.11573
-----------------------------------------------------------
Generation: 11
Evaluation time: 1.12806
Reproduction time: 0.53383
-----------------------------------------------------------
Generation: 12
Evaluation time: 1.1543
Reproduction time: 0.17794
-----------------------------------------------------------
Generation: 13
Evaluation time: 1.17868
Reproduction time: 0.15895
-----------------------------------------------------------
Generation: 14
Evaluation time: 1.15988
Reproduction time: 0.176
-----------------------------------------------------------
Generation: 15
Evaluation time: 1.13673
Reproduction time: 0.16269
-----------------------------------------------------------
Generation: 16
Evaluation time: 1.11885
Reproduction time: 0.17
-----------------------------------------------------------
Generation: 17
Evaluation time: 1.09531
Reproduction time: 0.14898
-----------------------------------------------------------
Generation: 18
Evaluation time: 1.18376
Reproduction time: 0.18337
-----------------------------------------------------------
Generation: 19
Evaluation time: 1.18975
Reproduction time: 0.13908
-----------------------------------------------------------
Generation: 20
Evaluation time: 1.22462
Reproduction time: 0.20122
-----------------------------------------------------------
Generation: 21
Evaluation time: 1.12158
Reproduction time: 0.5075
-----------------------------------------------------------
Generation: 22
Evaluation time: 1.15771
Reproduction time: 0.20216
-----------------------------------------------------------
Generation: 23
Evaluation time: 1.13804
Reproduction time: 0.16781
-----------------------------------------------------------
Generation: 24
Evaluation time: 1.11801
Reproduction time: 0.17433
-----------------------------------------------------------
Generation: 25
Evaluation time: 1.13337
Reproduction time: 0.16666
-----------------------------------------------------------
Generation: 26
Evaluation time: 1.21251
Reproduction time: 0.1437
-----------------------------------------------------------
Generation: 27
Evaluation time: 1.15494
Reproduction time: 0.12666
-----------------------------------------------------------
Generation: 28
Evaluation time: 1.2179
Reproduction time: 0.1277
-----------------------------------------------------------
Generation: 29
Evaluation time: 1.15583
Reproduction time: 0.17493
-----------------------------------------------------------
Generation: 30
Evaluation time: 1.22418
Reproduction time: 0.1887
-----------------------------------------------------------
Generation: 31
Evaluation time: 1.18706
Reproduction time: 0.512
-----------------------------------------------------------
Generation: 32
Evaluation time: 1.247
Reproduction time: 0.16064
-----------------------------------------------------------
Generation: 33
Evaluation time: 1.21744
Reproduction time: 0.20234
-----------------------------------------------------------
Generation: 34
Evaluation time: 1.20583
Reproduction time: 0.16874
-----------------------------------------------------------
Generation: 35
Evaluation time: 1.24853
Reproduction time: 0.15977
-----------------------------------------------------------
Generation: 36
Evaluation time: 1.20001
Reproduction time: 0.15429
-----------------------------------------------------------
Generation: 37
Evaluation time: 1.2487
Reproduction time: 0.16612
-----------------------------------------------------------
Generation: 38
Evaluation time: 1.21697
Reproduction time: 0.18126
-----------------------------------------------------------
Generation: 39
Evaluation time: 1.18809
Reproduction time: 0.20311
-----------------------------------------------------------
Generation: 40
Evaluation time: 1.21055
Reproduction time: 0.18757
-----------------------------------------------------------
Generation: 41
Evaluation time: 1.26348
Reproduction time: 0.47969
-----------------------------------------------------------
Generation: 42
Evaluation time: 1.27916
Reproduction time: 0.12952
-----------------------------------------------------------
Generation: 43
Evaluation time: 1.1961
Reproduction time: 0.1312
-----------------------------------------------------------
Generation: 44
Evaluation time: 1.20648
Reproduction time: 0.18608
-----------------------------------------------------------
Generation: 45
Evaluation time: 1.20183
Reproduction time: 0.16338
-----------------------------------------------------------
Generation: 46
Evaluation time: 1.27133
Reproduction time: 0.19229
-----------------------------------------------------------
Generation: 47
Evaluation time: 1.2692
Reproduction time: 0.17146
-----------------------------------------------------------
Generation: 48
Evaluation time: 1.2348
Reproduction time: 0.16639
-----------------------------------------------------------
Generation: 49
Evaluation time: 1.21235
Reproduction time: 0.16915
-----------------------------------------------------------
Generation: 50
Evaluation time: 1.2826
Reproduction time: 0.17356
-----------------------------------------------------------
Generation: 51
Evaluation time: 1.25472
Reproduction time: 0.42113
-----------------------------------------------------------
Generation: 52
Evaluation time: 1.28578
Reproduction time: 0.17217
-----------------------------------------------------------
Generation: 53
Evaluation time: 1.18576
Reproduction time: 0.18117
-----------------------------------------------------------
Generation: 54
Evaluation time: 1.23385
Reproduction time: 0.15823
-----------------------------------------------------------
Generation: 55
Evaluation time: 1.2879
Reproduction time: 0.15926
-----------------------------------------------------------
Generation: 56
Evaluation time: 1.30119
Reproduction time: 0.15973
-----------------------------------------------------------
Generation: 57
Evaluation time: 1.30482
Reproduction time: 0.15322
-----------------------------------------------------------
Generation: 58
Evaluation time: 1.25238
Reproduction time: 0.10931
-----------------------------------------------------------
Generation: 59
Evaluation time: 1.28172
Reproduction time: 0.16883
-----------------------------------------------------------
Generation: 60
Evaluation time: 1.30909
Reproduction time: 0.16996
-----------------------------------------------------------
Generation: 61
Evaluation time: 1.2571
Reproduction time: 0.49077
-----------------------------------------------------------
Generation: 62
Evaluation time: 1.31275
Reproduction time: 0.11108
-----------------------------------------------------------
Generation: 63
Evaluation time: 1.2459
Reproduction time: 0.20998
-----------------------------------------------------------
Generation: 64
Evaluation time: 1.27805
Reproduction time: 0.182
-----------------------------------------------------------
Generation: 65
Evaluation time: 1.23896
Reproduction time: 0.19546
-----------------------------------------------------------
Generation: 66
Evaluation time: 1.27127
Reproduction time: 0.19004
-----------------------------------------------------------
Generation: 67
Evaluation time: 1.34255
Reproduction time: 0.16594
-----------------------------------------------------------
Generation: 68
Evaluation time: 1.28192
Reproduction time: 0.17169
-----------------------------------------------------------
Generation: 69
Evaluation time: 1.38364
Reproduction time: 0.18737
-----------------------------------------------------------
Generation: 70
Evaluation time: 1.34056
Reproduction time: 0.12802
-----------------------------------------------------------
Generation: 71
Evaluation time: 1.28013
Reproduction time: 0.46543
-----------------------------------------------------------
Generation: 72
Evaluation time: 1.36804
Reproduction time: 0.1658
-----------------------------------------------------------
Generation: 73
Evaluation time: 1.3319
Reproduction time: 0.162
-----------------------------------------------------------
Generation: 74
Evaluation time: 1.28875
Reproduction time: 0.16554
-----------------------------------------------------------
Generation: 75
Evaluation time: 1.30241
Reproduction time: 0.17239
-----------------------------------------------------------
Generation: 76
Evaluation time: 1.25725
Reproduction time: 0.17622
-----------------------------------------------------------
Generation: 77
Evaluation time: 1.29297
Reproduction time: 0.18086
-----------------------------------------------------------
Generation: 78
Evaluation time: 1.30058
Reproduction time: 0.13147
-----------------------------------------------------------
Generation: 79
Evaluation time: 1.3275
Reproduction time: 0.19701
-----------------------------------------------------------
Generation: 80
Evaluation time: 1.32464
Reproduction time: 0.18666
-----------------------------------------------------------
Generation: 81
Evaluation time: 1.20666
Reproduction time: 0.47684
-----------------------------------------------------------
Generation: 82
Evaluation time: 1.22186
Reproduction time: 0.17985
-----------------------------------------------------------
Generation: 83
Evaluation time: 1.30733
Reproduction time: 0.16744
-----------------------------------------------------------
Generation: 84
Evaluation time: 1.34856
Reproduction time: 0.15798
-----------------------------------------------------------
Generation: 85
Evaluation time: 1.29523
Reproduction time: 0.15216
-----------------------------------------------------------
Generation: 86
Evaluation time: 1.26935
Reproduction time: 0.17095
-----------------------------------------------------------
Generation: 87
Evaluation time: 1.25352
Reproduction time: 0.17077
-----------------------------------------------------------
Generation: 88
Evaluation time: 1.31295
Reproduction time: 0.12395
-----------------------------------------------------------
Generation: 89
Evaluation time: 1.28436
Reproduction time: 0.12612
-----------------------------------------------------------
Generation: 90
Evaluation time: 1.33007
Reproduction time: 0.17239
-----------------------------------------------------------
Generation: 91
Evaluation time: 1.31937
Reproduction time: 0.5109
-----------------------------------------------------------
Generation: 92
Evaluation time: 1.27282
Reproduction time: 0.17551
-----------------------------------------------------------
Generation: 93
Evaluation time: 1.27739
Reproduction time: 0.15815
-----------------------------------------------------------
Generation: 94
Evaluation time: 1.2999
Reproduction time: 0.17179
-----------------------------------------------------------
Generation: 95
Evaluation time: 1.31523
Reproduction time: 0.1644
-----------------------------------------------------------
Generation: 96
Evaluation time: 1.29054
Reproduction time: 0.16174
-----------------------------------------------------------
Generation: 97
Evaluation time: 1.32109
Reproduction time: 0.16207
-----------------------------------------------------------
Generation: 98
Evaluation time: 1.30522
Reproduction time: 0.18202
-----------------------------------------------------------
Generation: 99
Evaluation time: 1.33464
Reproduction time: 0.18915
-----------------------------------------------------------
Generation: 100
Evaluation time: 1.34458
Reproduction time: 0.12904
-----------------------------------------------------------
Generation: 101
Evaluation time: 1.28252
Reproduction time: 0.51882
-----------------------------------------------------------
Generation: 102
Evaluation time: 1.25361
Reproduction time: 0.16327
-----------------------------------------------------------
Generation: 103
Evaluation time: 1.27378
Reproduction time: 0.15644
-----------------------------------------------------------
Generation: 104
Evaluation time: 1.32378
Reproduction time: 0.16526
-----------------------------------------------------------
Generation: 105
Evaluation time: 1.34194
Reproduction time: 0.15509
-----------------------------------------------------------
Generation: 106
Evaluation time: 1.32279
Reproduction time: 0.16146
-----------------------------------------------------------
Generation: 107
Evaluation time: 1.36236
Reproduction time: 0.17089
-----------------------------------------------------------
Generation: 108
Evaluation time: 1.31173
Reproduction time: 0.13333
-----------------------------------------------------------
Generation: 109
Evaluation time: 1.28778
Reproduction time: 0.20308
-----------------------------------------------------------
Generation: 110
Evaluation time: 1.32758
Reproduction time: 0.20257
-----------------------------------------------------------
Generation: 111
Evaluation time: 1.30333
Reproduction time: 0.52542
-----------------------------------------------------------
Generation: 112
Evaluation time: 1.26756
Reproduction time: 0.20305
-----------------------------------------------------------
Generation: 113
Evaluation time: 1.30862
Reproduction time: 0.16631
