dc43e6b329e33066069be8493e19c2dbaea01d1d
-----------------------------------------------------------
Generation: 1
Evaluation time: 6.5937
Reproduction time: 0.0
-----------------------------------------------------------
Generation: 2
Evaluation time: 1.16606
Reproduction time: 2.35608
-----------------------------------------------------------
Generation: 3
Evaluation time: 0.98681
Reproduction time: 0.21653
-----------------------------------------------------------
Generation: 4
Evaluation time: 1.04372
Reproduction time: 0.19407
-----------------------------------------------------------
Generation: 5
Evaluation time: 1.04687
Reproduction time: 0.18575
-----------------------------------------------------------
Generation: 6
Evaluation time: 1.07776
Reproduction time: 0.17062
-----------------------------------------------------------
Generation: 7
Evaluation time: 1.15437
Reproduction time: 0.16296
-----------------------------------------------------------
Generation: 8
Evaluation time: 1.12866
Reproduction time: 0.11657
-----------------------------------------------------------
Generation: 9
Evaluation time: 1.16586
Reproduction time: 0.13752
-----------------------------------------------------------
Generation: 10
Evaluation time: 1.13398
Reproduction time: 0.14511
-----------------------------------------------------------
Generation: 11
Evaluation time: 1.10918
Reproduction time: 0.49613
-----------------------------------------------------------
Generation: 12
Evaluation time: 1.1197
Reproduction time: 0.1752
-----------------------------------------------------------
Generation: 13
Evaluation time: 1.15834
Reproduction time: 0.16328
-----------------------------------------------------------
Generation: 14
Evaluation time: 1.17356
Reproduction time: 0.17168
-----------------------------------------------------------
Generation: 15
Evaluation time: 1.1156
Reproduction time: 0.17527
-----------------------------------------------------------
Generation: 16
Evaluation time: 1.10818
Reproduction time: 0.17029
-----------------------------------------------------------
Generation: 17
Evaluation time: 1.11952
Reproduction time: 0.16292
-----------------------------------------------------------
Generation: 18
Evaluation time: 1.11536
Reproduction time: 0.18467
-----------------------------------------------------------
Generation: 19
Evaluation time: 1.11133
Reproduction time: 0.17041
-----------------------------------------------------------
Generation: 20
Evaluation time: 1.18021
Reproduction time: 0.14345
-----------------------------------------------------------
Generation: 21
Evaluation time: 1.11594
Reproduction time: 0.53427
-----------------------------------------------------------
Generation: 22
Evaluation time: 1.0919
Reproduction time: 0.21447
-----------------------------------------------------------
Generation: 23
Evaluation time: 1.16317
Reproduction time: 0.17325
-----------------------------------------------------------
Generation: 24
Evaluation time: 1.17919
Reproduction time: 0.1678
-----------------------------------------------------------
Generation: 25
Evaluation time: 1.1522
Reproduction time: 0.11928
-----------------------------------------------------------
Generation: 26
Evaluation time: 1.14293
Reproduction time: 0.17637
-----------------------------------------------------------
Generation: 27
Evaluation time: 1.19703
Reproduction time: 0.17612
-----------------------------------------------------------
Generation: 28
Evaluation time: 1.14192
Reproduction time: 0.1328
-----------------------------------------------------------
Generation: 29
Evaluation time: 1.20629
Reproduction time: 0.19864
-----------------------------------------------------------
Generation: 30
Evaluation time: 1.20898
Reproduction time: 0.17924
-----------------------------------------------------------
Generation: 31
Evaluation time: 1.18858
Reproduction time: 0.44459
-----------------------------------------------------------
Generation: 32
Evaluation time: 1.20297
Reproduction time: 0.21953
-----------------------------------------------------------
Generation: 33
Evaluation time: 1.23096
Reproduction time: 0.16868
-----------------------------------------------------------
Generation: 34
Evaluation time: 1.1523
Reproduction time: 0.16688
-----------------------------------------------------------
Generation: 35
Evaluation time: 1.15455
Reproduction time: 0.1584
-----------------------------------------------------------
Generation: 36
Evaluation time: 1.18737
Reproduction time: 0.16172
-----------------------------------------------------------
Generation: 37
Evaluation time: 1.1964
Reproduction time: 0.16988
-----------------------------------------------------------
Generation: 38
Evaluation time: 1.26653
Reproduction time: 0.13537
-----------------------------------------------------------
Generation: 39
Evaluation time: 1.21266
Reproduction time: 0.12339
-----------------------------------------------------------
Generation: 40
Evaluation time: 1.17358
Reproduction time: 0.18319
-----------------------------------------------------------
Generation: 41
Evaluation time: 1.19708
Reproduction time: 0.48135
-----------------------------------------------------------
Generation: 42
Evaluation time: 1.21887
Reproduction time: 0.16047
-----------------------------------------------------------
Generation: 43
Evaluation time: 1.20169
Reproduction time: 0.19772
-----------------------------------------------------------
Generation: 44
Evaluation time: 1.22137
Reproduction time: 0.17347
-----------------------------------------------------------
Generation: 45
Evaluation time: 1.1857
Reproduction time: 0.1709
-----------------------------------------------------------
Generation: 46
Evaluation time: 1.21295
Reproduction time: 0.17228
-----------------------------------------------------------
Generation: 47
Evaluation time: 1.28641
Reproduction time: 0.18103
-----------------------------------------------------------
Generation: 48
Evaluation time: 1.22394
Reproduction time: 0.13671
-----------------------------------------------------------
Generation: 49
Evaluation time: 1.17156
Reproduction time: 0.19619
-----------------------------------------------------------
Generation: 50
Evaluation time: 1.30443
Reproduction time: 0.18881
-----------------------------------------------------------
Generation: 51
Evaluation time: 1.20647
Reproduction time: 0.438
-----------------------------------------------------------
Generation: 52
Evaluation time: 1.18085
Reproduction time: 0.17844
-----------------------------------------------------------
Generation: 53
Evaluation time: 1.25771
Reproduction time: 0.17723
-----------------------------------------------------------
Generation: 54
Evaluation time: 1.21411
Reproduction time: 0.16746
-----------------------------------------------------------
Generation: 55
Evaluation time: 1.24823
Reproduction time: 0.14187
-----------------------------------------------------------
Generation: 56
Evaluation time: 1.32254
Reproduction time: 0.17309
-----------------------------------------------------------
Generation: 57
Evaluation time: 1.28581
Reproduction time: 0.16445
-----------------------------------------------------------
Generation: 58
Evaluation time: 1.2118
Reproduction time: 0.11476
-----------------------------------------------------------
Generation: 59
Evaluation time: 1.24007
Reproduction time: 0.18839
-----------------------------------------------------------
Generation: 60
Evaluation time: 1.20493
Reproduction time: 0.20407
-----------------------------------------------------------
Generation: 61
Evaluation time: 1.19526
Reproduction time: 0.52368
-----------------------------------------------------------
Generation: 62
Evaluation time: 1.23359
Reproduction time: 0.20376
-----------------------------------------------------------
Generation: 63
Evaluation time: 1.26662
Reproduction time: 0.17757
-----------------------------------------------------------
Generation: 64
Evaluation time: 1.27795
Reproduction time: 0.16917
-----------------------------------------------------------
Generation: 65
Evaluation time: 1.25964
Reproduction time: 0.16935
-----------------------------------------------------------
Generation: 66
Evaluation time: 1.26958
Reproduction time: 0.17216
-----------------------------------------------------------
Generation: 67
Evaluation time: 1.25606
Reproduction time: 0.17755
-----------------------------------------------------------
Generation: 68
Evaluation time: 1.25386
Reproduction time: 0.14514
-----------------------------------------------------------
Generation: 69
Evaluation time: 1.22139
Reproduction time: 0.16825
-----------------------------------------------------------
Generation: 70
Evaluation time: 1.24819
Reproduction time: 0.18939
-----------------------------------------------------------
Generation: 71
Evaluation time: 1.243
Reproduction time: 0.48604
-----------------------------------------------------------
Generation: 72
Evaluation time: 1.24811
Reproduction time: 0.19584
-----------------------------------------------------------
Generation: 73
Evaluation time: 1.27849
Reproduction time: 0.17747
-----------------------------------------------------------
Generation: 74
Evaluation time: 1.26832
Reproduction time: 0.16781
-----------------------------------------------------------
Generation: 75
Evaluation time: 1.20287
Reproduction time: 0.15065
-----------------------------------------------------------
Generation: 76
Evaluation time: 1.23468
Reproduction time: 0.16459
-----------------------------------------------------------
Generation: 77
Evaluation time: 1.19452
Reproduction time: 0.17207
-----------------------------------------------------------
Generation: 78
Evaluation time: 1.2432
Reproduction time: 0.17809
-----------------------------------------------------------
Generation: 79
Evaluation time: 1.29467
Reproduction time: 0.13513
-----------------------------------------------------------
Generation: 80
Evaluation time: 1.25533
Reproduction time: 0.20704
-----------------------------------------------------------
Generation: 81
Evaluation time: 1.18292
Reproduction time: 0.48911
-----------------------------------------------------------
Generation: 82
Evaluation time: 1.1858
Reproduction time: 0.19221
-----------------------------------------------------------
Generation: 83
Evaluation time: 1.21655
Reproduction time: 0.17206
-----------------------------------------------------------
Generation: 84
Evaluation time: 1.22903
Reproduction time: 0.14532
-----------------------------------------------------------
Generation: 85
Evaluation time: 1.19687
Reproduction time: 0.17206
-----------------------------------------------------------
Generation: 86
Evaluation time: 1.22959
Reproduction time: 0.16262
-----------------------------------------------------------
Generation: 87
Evaluation time: 1.28071
Reproduction time: 0.17925
-----------------------------------------------------------
Generation: 88
Evaluation time: 1.19634
Reproduction time: 0.13527
-----------------------------------------------------------
Generation: 89
Evaluation time: 1.19633
Reproduction time: 0.17928
-----------------------------------------------------------
Generation: 90
Evaluation time: 1.18809
Reproduction time: 0.1865
-----------------------------------------------------------
Generation: 91
Evaluation time: 1.19603
Reproduction time: 0.45776
-----------------------------------------------------------
Generation: 92
Evaluation time: 1.21934
Reproduction time: 0.18531
-----------------------------------------------------------
Generation: 93
Evaluation time: 1.30063
Reproduction time: 0.17376
-----------------------------------------------------------
Generation: 94
Evaluation time: 1.20571
Reproduction time: 0.17049
-----------------------------------------------------------
Generation: 95
Evaluation time: 1.24193
Reproduction time: 0.16779
-----------------------------------------------------------
Generation: 96
Evaluation time: 1.2228
Reproduction time: 0.1695
-----------------------------------------------------------
Generation: 97
Evaluation time: 1.26088
Reproduction time: 0.17424
-----------------------------------------------------------
Generation: 98
Evaluation time: 1.27867
Reproduction time: 0.11963
-----------------------------------------------------------
Generation: 99
Evaluation time: 1.24251
Reproduction time: 0.17707
-----------------------------------------------------------
Generation: 100
Evaluation time: 1.23518
Reproduction time: 0.18023
-----------------------------------------------------------
Generation: 101
Evaluation time: 1.28842
Reproduction time: 0.50471
-----------------------------------------------------------
Generation: 102
Evaluation time: 1.25261
Reproduction time: 0.20347
-----------------------------------------------------------
Generation: 103
Evaluation time: 1.22087
Reproduction time: 0.17714
-----------------------------------------------------------
Generation: 104
Evaluation time: 1.22938
Reproduction time: 0.16824
-----------------------------------------------------------
Generation: 105
Evaluation time: 1.18628
Reproduction time: 0.15969
-----------------------------------------------------------
Generation: 106
Evaluation time: 1.25783
Reproduction time: 0.15443
-----------------------------------------------------------
Generation: 107
Evaluation time: 1.27026
Reproduction time: 0.1193
-----------------------------------------------------------
Generation: 108
Evaluation time: 1.18853
Reproduction time: 0.15376
-----------------------------------------------------------
Generation: 109
Evaluation time: 1.22312
Reproduction time: 0.19531
-----------------------------------------------------------
Generation: 110
Evaluation time: 1.31451
Reproduction time: 0.16027
-----------------------------------------------------------
Generation: 111
Evaluation time: 1.27732
Reproduction time: 0.45341
-----------------------------------------------------------
Generation: 112
Evaluation time: 1.25778
Reproduction time: 0.15635
-----------------------------------------------------------
Generation: 113
Evaluation time: 1.31139
Reproduction time: 0.15405
-----------------------------------------------------------
Generation: 114
Evaluation time: 1.33496
Reproduction time: 0.14096
-----------------------------------------------------------
Generation: 115
Evaluation time: 1.25422
Reproduction time: 0.15773
-----------------------------------------------------------
Generation: 116
Evaluation time: 1.31216
Reproduction time: 0.16721
